ARM GAS  C:\Users\SAMEER~1.ALM\AppData\Local\Temp\cc6Kg5J0.s 			page 1


   1              		.cpu cortex-m3
   2              		.arch armv7-m
   3              		.fpu softvfp
   4              		.eabi_attribute 20, 1
   5              		.eabi_attribute 21, 1
   6              		.eabi_attribute 23, 3
   7              		.eabi_attribute 24, 1
   8              		.eabi_attribute 25, 1
   9              		.eabi_attribute 26, 1
  10              		.eabi_attribute 30, 6
  11              		.eabi_attribute 34, 1
  12              		.eabi_attribute 18, 4
  13              		.file	"array.c"
  14              		.text
  15              	.Ltext0:
  16              		.cfi_sections	.debug_frame
  17              		.section	.text.mem_indexOf,"ax",%progbits
  18              		.align	1
  19              		.global	mem_indexOf
  20              		.syntax unified
  21              		.thumb
  22              		.thumb_func
  24              	mem_indexOf:
  25              	.LFB33:
  26              		.file 1 "./basic/array.c"
   1:./basic/array.c **** /**
   2:./basic/array.c ****  * @brief array.c
   3:./basic/array.c ****  *
   4:./basic/array.c ****  * @param student: Sameer Almaldein
   5:./basic/array.c ****  * @param ID: 679699
   6:./basic/array.c ****  * @param University TU-Chemnitz
   7:./basic/array.c ****  * @param Master : ASE(Automotive Software Engineering )
   8:./basic/array.c ****  */ 
   9:./basic/array.c **** 
  10:./basic/array.c **** //********************************************************************************************
  11:./basic/array.c **** //
  12:./basic/array.c **** // include header files
  13:./basic/array.c **** //
  14:./basic/array.c **** //********************************************************************************************
  15:./basic/array.c **** #include "init.h"
  16:./basic/array.c **** 
  17:./basic/array.c **** //********************************************************************************************
  18:./basic/array.c **** //
  19:./basic/array.c **** // global variables' declarations 
  20:./basic/array.c **** //
  21:./basic/array.c **** //********************************************************************************************
  22:./basic/array.c **** //********************************************************************************************
  23:./basic/array.c **** //
  24:./basic/array.c **** // static variables' declarations 
  25:./basic/array.c **** //
  26:./basic/array.c **** //********************************************************************************************
  27:./basic/array.c **** 
  28:./basic/array.c **** //********************************************************************************************
  29:./basic/array.c **** //
  30:./basic/array.c **** //  static function ProtoType
  31:./basic/array.c **** //
  32:./basic/array.c **** //********************************************************************************************
ARM GAS  C:\Users\SAMEER~1.ALM\AppData\Local\Temp\cc6Kg5J0.s 			page 2


  33:./basic/array.c **** 
  34:./basic/array.c **** //********************************************************************************************
  35:./basic/array.c **** //
  36:./basic/array.c **** //  static  functions' definitions
  37:./basic/array.c **** //
  38:./basic/array.c **** //********************************************************************************************
  39:./basic/array.c **** //********************************************************************************************
  40:./basic/array.c **** //
  41:./basic/array.c **** //  geniric buffer methods
  42:./basic/array.c **** //
  43:./basic/array.c **** //********************************************************************************************
  44:./basic/array.c **** /**
  45:./basic/array.c ****  * @brief get the first occurance of a key value in a buffer
  46:./basic/array.c ****  *			
  47:./basic/array.c ****  * @details get the first occurance of a key value in a buffer starting from
  48:./basic/array.c ****  *			from a specific index 																		
  49:./basic/array.c ****  * 
  50:./basic/array.c ****  * @param buf 			the buffer to look for 
  51:./basic/array.c ****  * @param len  			the length of the data buffer
  52:./basic/array.c ****  * @param val 			the key value to check for it
  53:./basic/array.c ****  * @param fromIndex 	the index to start the search from
  54:./basic/array.c ****  * @return int 
  55:./basic/array.c ****  * @retval -1: not found the key value within the buffer
  56:./basic/array.c ****  * @retval others: the index of the first occurance
  57:./basic/array.c ****  */
  58:./basic/array.c **** int mem_indexOf(void * buf, size_t len, int val, unsigned int fromIndex)
  59:./basic/array.c **** {
  27              		.loc 1 59 1
  28              		.cfi_startproc
  29              		@ args = 0, pretend = 0, frame = 24
  30              		@ frame_needed = 1, uses_anonymous_args = 0
  31 0000 80B5     		push	{r7, lr}
  32              	.LCFI0:
  33              		.cfi_def_cfa_offset 8
  34              		.cfi_offset 7, -8
  35              		.cfi_offset 14, -4
  36 0002 86B0     		sub	sp, sp, #24
  37              	.LCFI1:
  38              		.cfi_def_cfa_offset 32
  39 0004 00AF     		add	r7, sp, #0
  40              	.LCFI2:
  41              		.cfi_def_cfa_register 7
  42 0006 F860     		str	r0, [r7, #12]
  43 0008 B960     		str	r1, [r7, #8]
  44 000a 7A60     		str	r2, [r7, #4]
  45 000c 3B60     		str	r3, [r7]
  60:./basic/array.c **** 	if (fromIndex >= len) 
  46              		.loc 1 60 5
  47 000e 3A68     		ldr	r2, [r7]
  48 0010 BB68     		ldr	r3, [r7, #8]
  49 0012 9A42     		cmp	r2, r3
  50 0014 02D3     		bcc	.L2
  61:./basic/array.c **** 	  return -1;
  51              		.loc 1 61 11
  52 0016 4FF0FF33 		mov	r3, #-1
  53 001a 11E0     		b	.L3
  54              	.L2:
ARM GAS  C:\Users\SAMEER~1.ALM\AppData\Local\Temp\cc6Kg5J0.s 			page 3


  62:./basic/array.c **** 	  
  63:./basic/array.c **** //	const char* temp =(const char*) memchr(buf + fromIndex,val,len);
  64:./basic/array.c **** 	uint8_t* temp =(uint8_t*) memchr(buf + fromIndex,val,len);
  55              		.loc 1 64 39
  56 001c FA68     		ldr	r2, [r7, #12]
  57 001e 3B68     		ldr	r3, [r7]
  58 0020 1344     		add	r3, r3, r2
  59              		.loc 1 64 28
  60 0022 BA68     		ldr	r2, [r7, #8]
  61 0024 7968     		ldr	r1, [r7, #4]
  62 0026 1846     		mov	r0, r3
  63 0028 FFF7FEFF 		bl	memchr
  64 002c 7861     		str	r0, [r7, #20]
  65:./basic/array.c **** 
  66:./basic/array.c **** 	if (temp == NULL) 
  65              		.loc 1 66 5
  66 002e 7B69     		ldr	r3, [r7, #20]
  67 0030 002B     		cmp	r3, #0
  68 0032 02D1     		bne	.L4
  67:./basic/array.c **** 	  return -1;
  69              		.loc 1 67 11
  70 0034 4FF0FF33 		mov	r3, #-1
  71 0038 02E0     		b	.L3
  72              	.L4:
  68:./basic/array.c **** 	return temp - (uint8_t*)buf;	   
  73              		.loc 1 68 14
  74 003a 7A69     		ldr	r2, [r7, #20]
  75 003c FB68     		ldr	r3, [r7, #12]
  76 003e D31A     		subs	r3, r2, r3
  77              	.L3:
  69:./basic/array.c **** }
  78              		.loc 1 69 1
  79 0040 1846     		mov	r0, r3
  80 0042 1837     		adds	r7, r7, #24
  81              	.LCFI3:
  82              		.cfi_def_cfa_offset 8
  83 0044 BD46     		mov	sp, r7
  84              	.LCFI4:
  85              		.cfi_def_cfa_register 13
  86              		@ sp needed
  87 0046 80BD     		pop	{r7, pc}
  88              		.cfi_endproc
  89              	.LFE33:
  91              		.section	.text.mem_lastindexOf,"ax",%progbits
  92              		.align	1
  93              		.global	mem_lastindexOf
  94              		.syntax unified
  95              		.thumb
  96              		.thumb_func
  98              	mem_lastindexOf:
  99              	.LFB34:
  70:./basic/array.c **** //--------------------------------------------------------------------------------------------
  71:./basic/array.c **** /**
  72:./basic/array.c ****  * @brief 	get the last occurance of a key value in a buffer
  73:./basic/array.c ****  * 														
  74:./basic/array.c ****  * @details get the last occurance of a key value in a buffer starting from
  75:./basic/array.c ****  *			from a specific index 																		
ARM GAS  C:\Users\SAMEER~1.ALM\AppData\Local\Temp\cc6Kg5J0.s 			page 4


  76:./basic/array.c **** 
  77:./basic/array.c ****  * @param buf 			the buffer to look for 
  78:./basic/array.c ****  * @param len  			the length of the data buffer
  79:./basic/array.c ****  * @param val 			the key value to check for it
  80:./basic/array.c ****  * @param fromIndex 	the index to start the search from
  81:./basic/array.c ****  * @return int 
  82:./basic/array.c ****  * @retval -1: not found the key value within the buffer
  83:./basic/array.c ****  * @retval others: the index of the first occurance
  84:./basic/array.c ****  */
  85:./basic/array.c **** int mem_lastindexOf(void * buf, size_t len, int val, unsigned int fromIndex)
  86:./basic/array.c **** {
 100              		.loc 1 86 1
 101              		.cfi_startproc
 102              		@ args = 0, pretend = 0, frame = 24
 103              		@ frame_needed = 1, uses_anonymous_args = 0
 104 0000 80B5     		push	{r7, lr}
 105              	.LCFI5:
 106              		.cfi_def_cfa_offset 8
 107              		.cfi_offset 7, -8
 108              		.cfi_offset 14, -4
 109 0002 86B0     		sub	sp, sp, #24
 110              	.LCFI6:
 111              		.cfi_def_cfa_offset 32
 112 0004 00AF     		add	r7, sp, #0
 113              	.LCFI7:
 114              		.cfi_def_cfa_register 7
 115 0006 F860     		str	r0, [r7, #12]
 116 0008 B960     		str	r1, [r7, #8]
 117 000a 7A60     		str	r2, [r7, #4]
 118 000c 3B60     		str	r3, [r7]
  87:./basic/array.c **** 	if (fromIndex >= len) 
 119              		.loc 1 87 5
 120 000e 3A68     		ldr	r2, [r7]
 121 0010 BB68     		ldr	r3, [r7, #8]
 122 0012 9A42     		cmp	r2, r3
 123 0014 02D3     		bcc	.L6
  88:./basic/array.c **** 	  return -1;
 124              		.loc 1 88 11
 125 0016 4FF0FF33 		mov	r3, #-1
 126 001a 11E0     		b	.L7
 127              	.L6:
  89:./basic/array.c **** 	  
  90:./basic/array.c **** 	uint8_t* temp =(uint8_t*) memchr(buf + fromIndex,val,len);
 128              		.loc 1 90 39
 129 001c FA68     		ldr	r2, [r7, #12]
 130 001e 3B68     		ldr	r3, [r7]
 131 0020 1344     		add	r3, r3, r2
 132              		.loc 1 90 28
 133 0022 BA68     		ldr	r2, [r7, #8]
 134 0024 7968     		ldr	r1, [r7, #4]
 135 0026 1846     		mov	r0, r3
 136 0028 FFF7FEFF 		bl	memchr
 137 002c 7861     		str	r0, [r7, #20]
  91:./basic/array.c **** 	if (temp == NULL) 
 138              		.loc 1 91 5
 139 002e 7B69     		ldr	r3, [r7, #20]
 140 0030 002B     		cmp	r3, #0
ARM GAS  C:\Users\SAMEER~1.ALM\AppData\Local\Temp\cc6Kg5J0.s 			page 5


 141 0032 02D1     		bne	.L8
  92:./basic/array.c **** 	  return -1;
 142              		.loc 1 92 11
 143 0034 4FF0FF33 		mov	r3, #-1
 144 0038 02E0     		b	.L7
 145              	.L8:
  93:./basic/array.c **** 	return temp - (uint8_t*)buf;	  
 146              		.loc 1 93 14
 147 003a 7A69     		ldr	r2, [r7, #20]
 148 003c FB68     		ldr	r3, [r7, #12]
 149 003e D31A     		subs	r3, r2, r3
 150              	.L7:
  94:./basic/array.c **** }
 151              		.loc 1 94 1
 152 0040 1846     		mov	r0, r3
 153 0042 1837     		adds	r7, r7, #24
 154              	.LCFI8:
 155              		.cfi_def_cfa_offset 8
 156 0044 BD46     		mov	sp, r7
 157              	.LCFI9:
 158              		.cfi_def_cfa_register 13
 159              		@ sp needed
 160 0046 80BD     		pop	{r7, pc}
 161              		.cfi_endproc
 162              	.LFE34:
 164              		.section	.text.mem_find_aslist,"ax",%progbits
 165              		.align	1
 166              		.global	mem_find_aslist
 167              		.syntax unified
 168              		.thumb
 169              		.thumb_func
 171              	mem_find_aslist:
 172              	.LFB35:
  95:./basic/array.c **** //--------------------------------------------------------------------------------------------
  96:./basic/array.c **** /**
  97:./basic/array.c ****  * @brief  find a list of indecies of the key-value occurance in the buffer
  98:./basic/array.c ****  * 
  99:./basic/array.c ****  * @param buf 			the buffer to look for 
 100:./basic/array.c ****  * @param len  			the length of the data buffer
 101:./basic/array.c ****  * @param val 			the key value to check for it
 102:./basic/array.c ****  * @param ptr_list      indecies list for elements that match the key value 
 103:./basic/array.c ****  * @returns int         the length of the 
 104:./basic/array.c ****  * @retval the length of the 
 105:./basic/array.c ****  */
 106:./basic/array.c **** int mem_find_aslist(void * buf, size_t len, int val,uint8_t* ptr_list)//_aslist
 107:./basic/array.c **** {
 173              		.loc 1 107 1
 174              		.cfi_startproc
 175              		@ args = 0, pretend = 0, frame = 24
 176              		@ frame_needed = 1, uses_anonymous_args = 0
 177 0000 80B5     		push	{r7, lr}
 178              	.LCFI10:
 179              		.cfi_def_cfa_offset 8
 180              		.cfi_offset 7, -8
 181              		.cfi_offset 14, -4
 182 0002 86B0     		sub	sp, sp, #24
 183              	.LCFI11:
ARM GAS  C:\Users\SAMEER~1.ALM\AppData\Local\Temp\cc6Kg5J0.s 			page 6


 184              		.cfi_def_cfa_offset 32
 185 0004 00AF     		add	r7, sp, #0
 186              	.LCFI12:
 187              		.cfi_def_cfa_register 7
 188 0006 F860     		str	r0, [r7, #12]
 189 0008 B960     		str	r1, [r7, #8]
 190 000a 7A60     		str	r2, [r7, #4]
 191 000c 3B60     		str	r3, [r7]
 108:./basic/array.c ****    int fromindex=0;
 192              		.loc 1 108 8
 193 000e 0023     		movs	r3, #0
 194 0010 7B61     		str	r3, [r7, #20]
 109:./basic/array.c ****    uint8_t i=0;
 195              		.loc 1 109 12
 196 0012 0023     		movs	r3, #0
 197 0014 FB74     		strb	r3, [r7, #19]
 110:./basic/array.c ****    while(fromindex!=-1) 
 198              		.loc 1 110 9
 199 0016 16E0     		b	.L10
 200              	.L11:
 111:./basic/array.c ****    {
 112:./basic/array.c **** 	  fromindex=mem_indexOf(buf,len,val,fromindex);
 201              		.loc 1 112 14
 202 0018 7B69     		ldr	r3, [r7, #20]
 203 001a 7A68     		ldr	r2, [r7, #4]
 204 001c B968     		ldr	r1, [r7, #8]
 205 001e F868     		ldr	r0, [r7, #12]
 206 0020 FFF7FEFF 		bl	mem_indexOf
 207 0024 7861     		str	r0, [r7, #20]
 113:./basic/array.c **** 	  if(fromindex!=-1)
 208              		.loc 1 113 6
 209 0026 7B69     		ldr	r3, [r7, #20]
 210 0028 B3F1FF3F 		cmp	r3, #-1
 211 002c 0BD0     		beq	.L10
 114:./basic/array.c **** 	  {
 115:./basic/array.c **** 	     ptr_list[i]=fromindex;
 212              		.loc 1 115 15
 213 002e FB7C     		ldrb	r3, [r7, #19]	@ zero_extendqisi2
 214 0030 3A68     		ldr	r2, [r7]
 215 0032 1344     		add	r3, r3, r2
 216              		.loc 1 115 18
 217 0034 7A69     		ldr	r2, [r7, #20]
 218 0036 D2B2     		uxtb	r2, r2
 219 0038 1A70     		strb	r2, [r3]
 116:./basic/array.c **** 		 fromindex++;
 220              		.loc 1 116 13
 221 003a 7B69     		ldr	r3, [r7, #20]
 222 003c 0133     		adds	r3, r3, #1
 223 003e 7B61     		str	r3, [r7, #20]
 117:./basic/array.c **** 		 i++;
 224              		.loc 1 117 5
 225 0040 FB7C     		ldrb	r3, [r7, #19]	@ zero_extendqisi2
 226 0042 0133     		adds	r3, r3, #1
 227 0044 FB74     		strb	r3, [r7, #19]
 228              	.L10:
 110:./basic/array.c ****    {
 229              		.loc 1 110 9
ARM GAS  C:\Users\SAMEER~1.ALM\AppData\Local\Temp\cc6Kg5J0.s 			page 7


 230 0046 7B69     		ldr	r3, [r7, #20]
 231 0048 B3F1FF3F 		cmp	r3, #-1
 232 004c E4D1     		bne	.L11
 118:./basic/array.c **** 	  }
 119:./basic/array.c ****    }
 120:./basic/array.c ****     return i;     	
 233              		.loc 1 120 12
 234 004e FB7C     		ldrb	r3, [r7, #19]	@ zero_extendqisi2
 121:./basic/array.c **** }
 235              		.loc 1 121 1
 236 0050 1846     		mov	r0, r3
 237 0052 1837     		adds	r7, r7, #24
 238              	.LCFI13:
 239              		.cfi_def_cfa_offset 8
 240 0054 BD46     		mov	sp, r7
 241              	.LCFI14:
 242              		.cfi_def_cfa_register 13
 243              		@ sp needed
 244 0056 80BD     		pop	{r7, pc}
 245              		.cfi_endproc
 246              	.LFE35:
 248              		.section	.text.mem_find_asArray,"ax",%progbits
 249              		.align	1
 250              		.global	mem_find_asArray
 251              		.syntax unified
 252              		.thumb
 253              		.thumb_func
 255              	mem_find_asArray:
 256              	.LFB36:
 122:./basic/array.c **** //--------------------------------------------------------------------------------------------
 123:./basic/array.c **** /**
 124:./basic/array.c ****  * @brief 
 125:./basic/array.c ****  * 
 126:./basic/array.c ****  * @param buf 			the buffer to look for 
 127:./basic/array.c ****  * @param len  			the length of the data buffer
 128:./basic/array.c ****  * @param val 			the key value to check for it
 129:./basic/array.c ****  * @param ptr_list 
 130:./basic/array.c ****  * @return int 
 131:./basic/array.c ****  */
 132:./basic/array.c **** int mem_find_asArray(void * buf, size_t len, int val,array_t* ptr_list)//_asArray
 133:./basic/array.c **** {
 257              		.loc 1 133 1
 258              		.cfi_startproc
 259              		@ args = 0, pretend = 0, frame = 32
 260              		@ frame_needed = 1, uses_anonymous_args = 0
 261 0000 80B5     		push	{r7, lr}
 262              	.LCFI15:
 263              		.cfi_def_cfa_offset 8
 264              		.cfi_offset 7, -8
 265              		.cfi_offset 14, -4
 266 0002 88B0     		sub	sp, sp, #32
 267              	.LCFI16:
 268              		.cfi_def_cfa_offset 40
 269 0004 00AF     		add	r7, sp, #0
 270              	.LCFI17:
 271              		.cfi_def_cfa_register 7
 272 0006 F860     		str	r0, [r7, #12]
ARM GAS  C:\Users\SAMEER~1.ALM\AppData\Local\Temp\cc6Kg5J0.s 			page 8


 273 0008 B960     		str	r1, [r7, #8]
 274 000a 7A60     		str	r2, [r7, #4]
 275 000c 3B60     		str	r3, [r7]
 134:./basic/array.c ****    int fromindex=0,previndex=0;
 276              		.loc 1 134 8
 277 000e 0023     		movs	r3, #0
 278 0010 FB61     		str	r3, [r7, #28]
 279              		.loc 1 134 20
 280 0012 0023     		movs	r3, #0
 281 0014 BB61     		str	r3, [r7, #24]
 135:./basic/array.c ****    uint8_t i=0,start=0,end=0;
 282              		.loc 1 135 12
 283 0016 0023     		movs	r3, #0
 284 0018 FB75     		strb	r3, [r7, #23]
 285              		.loc 1 135 16
 286 001a 0023     		movs	r3, #0
 287 001c BB75     		strb	r3, [r7, #22]
 288              		.loc 1 135 24
 289 001e 0023     		movs	r3, #0
 290 0020 7B75     		strb	r3, [r7, #21]
 136:./basic/array.c ****    while(fromindex!=-1) 
 291              		.loc 1 136 9
 292 0022 2BE0     		b	.L14
 293              	.L16:
 137:./basic/array.c ****    {
 138:./basic/array.c **** 	  fromindex=mem_indexOf(buf,len,val,fromindex);
 294              		.loc 1 138 14
 295 0024 FB69     		ldr	r3, [r7, #28]
 296 0026 7A68     		ldr	r2, [r7, #4]
 297 0028 B968     		ldr	r1, [r7, #8]
 298 002a F868     		ldr	r0, [r7, #12]
 299 002c FFF7FEFF 		bl	mem_indexOf
 300 0030 F861     		str	r0, [r7, #28]
 139:./basic/array.c **** 	  if(fromindex!=-1)
 301              		.loc 1 139 6
 302 0032 FB69     		ldr	r3, [r7, #28]
 303 0034 B3F1FF3F 		cmp	r3, #-1
 304 0038 20D0     		beq	.L14
 140:./basic/array.c **** 	  {
 141:./basic/array.c **** 		if(i>0) ptr_list[i-1].len=fromindex-previndex; 
 305              		.loc 1 141 5
 306 003a FB7D     		ldrb	r3, [r7, #23]	@ zero_extendqisi2
 307 003c 002B     		cmp	r3, #0
 308 003e 0DD0     		beq	.L15
 309              		.loc 1 141 38 discriminator 1
 310 0040 FB69     		ldr	r3, [r7, #28]
 311 0042 D9B2     		uxtb	r1, r3
 312 0044 BB69     		ldr	r3, [r7, #24]
 313 0046 DAB2     		uxtb	r2, r3
 314              		.loc 1 141 19 discriminator 1
 315 0048 FB7D     		ldrb	r3, [r7, #23]	@ zero_extendqisi2
 316 004a 03F10053 		add	r3, r3, #536870912
 317 004e 013B     		subs	r3, r3, #1
 318 0050 DB00     		lsls	r3, r3, #3
 319 0052 3868     		ldr	r0, [r7]
 320 0054 0344     		add	r3, r3, r0
 321              		.loc 1 141 38 discriminator 1
ARM GAS  C:\Users\SAMEER~1.ALM\AppData\Local\Temp\cc6Kg5J0.s 			page 9


 322 0056 8A1A     		subs	r2, r1, r2
 323 0058 D2B2     		uxtb	r2, r2
 324              		.loc 1 141 28 discriminator 1
 325 005a 1A71     		strb	r2, [r3, #4]
 326              	.L15:
 142:./basic/array.c **** 	     ptr_list[i].ptr=(uint8_t *)(buf+fromindex);
 327              		.loc 1 142 38
 328 005c FA69     		ldr	r2, [r7, #28]
 329              		.loc 1 142 15
 330 005e FB7D     		ldrb	r3, [r7, #23]	@ zero_extendqisi2
 331 0060 DB00     		lsls	r3, r3, #3
 332 0062 3968     		ldr	r1, [r7]
 333 0064 0B44     		add	r3, r3, r1
 334              		.loc 1 142 38
 335 0066 F968     		ldr	r1, [r7, #12]
 336 0068 0A44     		add	r2, r2, r1
 337              		.loc 1 142 22
 338 006a 1A60     		str	r2, [r3]
 143:./basic/array.c **** 		 previndex=fromindex;
 339              		.loc 1 143 13
 340 006c FB69     		ldr	r3, [r7, #28]
 341 006e BB61     		str	r3, [r7, #24]
 144:./basic/array.c **** 		 fromindex++;
 342              		.loc 1 144 13
 343 0070 FB69     		ldr	r3, [r7, #28]
 344 0072 0133     		adds	r3, r3, #1
 345 0074 FB61     		str	r3, [r7, #28]
 145:./basic/array.c **** 		 i++;
 346              		.loc 1 145 5
 347 0076 FB7D     		ldrb	r3, [r7, #23]	@ zero_extendqisi2
 348 0078 0133     		adds	r3, r3, #1
 349 007a FB75     		strb	r3, [r7, #23]
 350              	.L14:
 136:./basic/array.c ****    {
 351              		.loc 1 136 9
 352 007c FB69     		ldr	r3, [r7, #28]
 353 007e B3F1FF3F 		cmp	r3, #-1
 354 0082 CFD1     		bne	.L16
 146:./basic/array.c **** 	  }
 147:./basic/array.c ****    }
 148:./basic/array.c ****    if(i>0)
 355              		.loc 1 148 6
 356 0084 FB7D     		ldrb	r3, [r7, #23]	@ zero_extendqisi2
 357 0086 002B     		cmp	r3, #0
 358 0088 32D0     		beq	.L17
 149:./basic/array.c ****    {
 150:./basic/array.c **** 	 ptr_list[i-1].len=0;
 359              		.loc 1 150 11
 360 008a FB7D     		ldrb	r3, [r7, #23]	@ zero_extendqisi2
 361 008c 03F10053 		add	r3, r3, #536870912
 362 0090 013B     		subs	r3, r3, #1
 363 0092 DB00     		lsls	r3, r3, #3
 364 0094 3A68     		ldr	r2, [r7]
 365 0096 1344     		add	r3, r3, r2
 366              		.loc 1 150 20
 367 0098 0022     		movs	r2, #0
 368 009a 1A71     		strb	r2, [r3, #4]
ARM GAS  C:\Users\SAMEER~1.ALM\AppData\Local\Temp\cc6Kg5J0.s 			page 10


 151:./basic/array.c ****      start=(uint8_t*)ptr_list[i-1].ptr-(uint8_t*)buf;
 369              		.loc 1 151 30
 370 009c FB7D     		ldrb	r3, [r7, #23]	@ zero_extendqisi2
 371 009e 03F10053 		add	r3, r3, #536870912
 372 00a2 013B     		subs	r3, r3, #1
 373 00a4 DB00     		lsls	r3, r3, #3
 374 00a6 3A68     		ldr	r2, [r7]
 375 00a8 1344     		add	r3, r3, r2
 376              		.loc 1 151 35
 377 00aa 1A68     		ldr	r2, [r3]
 378              		.loc 1 151 39
 379 00ac FB68     		ldr	r3, [r7, #12]
 380 00ae D31A     		subs	r3, r2, r3
 381              		.loc 1 151 11
 382 00b0 BB75     		strb	r3, [r7, #22]
 152:./basic/array.c ****      end=mem_indexOf(buf,len,' ',start);
 383              		.loc 1 152 10
 384 00b2 BB7D     		ldrb	r3, [r7, #22]	@ zero_extendqisi2
 385 00b4 2022     		movs	r2, #32
 386 00b6 B968     		ldr	r1, [r7, #8]
 387 00b8 F868     		ldr	r0, [r7, #12]
 388 00ba FFF7FEFF 		bl	mem_indexOf
 389 00be 0346     		mov	r3, r0
 390              		.loc 1 152 9
 391 00c0 7B75     		strb	r3, [r7, #21]
 153:./basic/array.c **** 	 if(end !=-1)
 154:./basic/array.c **** 	 {
 155:./basic/array.c ****        end=mem_indexOf(buf,len,' ',end+1);
 392              		.loc 1 155 39
 393 00c2 7B7D     		ldrb	r3, [r7, #21]	@ zero_extendqisi2
 394 00c4 0133     		adds	r3, r3, #1
 395              		.loc 1 155 12
 396 00c6 2022     		movs	r2, #32
 397 00c8 B968     		ldr	r1, [r7, #8]
 398 00ca F868     		ldr	r0, [r7, #12]
 399 00cc FFF7FEFF 		bl	mem_indexOf
 400 00d0 0346     		mov	r3, r0
 401              		.loc 1 155 11
 402 00d2 7B75     		strb	r3, [r7, #21]
 156:./basic/array.c **** 	   if(end!=-1)
 157:./basic/array.c ****        {	
 158:./basic/array.c **** 		len=end-start;	
 403              		.loc 1 158 10
 404 00d4 7A7D     		ldrb	r2, [r7, #21]	@ zero_extendqisi2
 405 00d6 BB7D     		ldrb	r3, [r7, #22]	@ zero_extendqisi2
 406 00d8 D31A     		subs	r3, r2, r3
 407              		.loc 1 158 6
 408 00da BB60     		str	r3, [r7, #8]
 159:./basic/array.c **** 	 	 ptr_list[i-1].len=len;
 409              		.loc 1 159 13
 410 00dc FB7D     		ldrb	r3, [r7, #23]	@ zero_extendqisi2
 411 00de 03F10053 		add	r3, r3, #536870912
 412 00e2 013B     		subs	r3, r3, #1
 413 00e4 DB00     		lsls	r3, r3, #3
 414 00e6 3A68     		ldr	r2, [r7]
 415 00e8 1344     		add	r3, r3, r2
 416              		.loc 1 159 22
ARM GAS  C:\Users\SAMEER~1.ALM\AppData\Local\Temp\cc6Kg5J0.s 			page 11


 417 00ea BA68     		ldr	r2, [r7, #8]
 418 00ec D2B2     		uxtb	r2, r2
 419 00ee 1A71     		strb	r2, [r3, #4]
 420              	.L17:
 160:./basic/array.c **** 	   }
 161:./basic/array.c **** 	 }
 162:./basic/array.c ****    }
 163:./basic/array.c ****    return i;     	
 421              		.loc 1 163 11
 422 00f0 FB7D     		ldrb	r3, [r7, #23]	@ zero_extendqisi2
 164:./basic/array.c **** }
 423              		.loc 1 164 1
 424 00f2 1846     		mov	r0, r3
 425 00f4 2037     		adds	r7, r7, #32
 426              	.LCFI18:
 427              		.cfi_def_cfa_offset 8
 428 00f6 BD46     		mov	sp, r7
 429              	.LCFI19:
 430              		.cfi_def_cfa_register 13
 431              		@ sp needed
 432 00f8 80BD     		pop	{r7, pc}
 433              		.cfi_endproc
 434              	.LFE36:
 436              		.section	.text.cmd_split,"ax",%progbits
 437              		.align	1
 438              		.global	cmd_split
 439              		.syntax unified
 440              		.thumb
 441              		.thumb_func
 443              	cmd_split:
 444              	.LFB37:
 165:./basic/array.c **** //---------------------------------------------------------------------------------------------
 166:./basic/array.c **** /**
 167:./basic/array.c ****  * @brief split the received command string to its parts 
 168:./basic/array.c ****  * 
 169:./basic/array.c ****  * @details split the command string from the whole message
 170:./basic/array.c ****  * 		    and builds up the different parts of the command struct
 171:./basic/array.c ****  * 			i.e. the command , parameters , and the values
 172:./basic/array.c ****  * 			as separated pointers to these strings.
 173:./basic/array.c ****  *  			
 174:./basic/array.c ****  * @param buf 	a pointer to the whole received message on the uart
 175:./basic/array.c ****  * @param len  	defines the length of the received message on the uart
 176:./basic/array.c ****  * @param val	check the searched key to split the message based on it
 177:./basic/array.c ****  * @param cmd 	a pointer to a command struct that builds the different part of the command
 178:./basic/array.c ****  * @return int 
 179:./basic/array.c ****  * @returns a parameter string length 
 180:./basic/array.c ****  */
 181:./basic/array.c **** int cmd_split(void * buf, size_t len, int val,cmd_t* cmd)
 182:./basic/array.c **** {
 445              		.loc 1 182 1
 446              		.cfi_startproc
 447              		@ args = 0, pretend = 0, frame = 24
 448              		@ frame_needed = 1, uses_anonymous_args = 0
 449 0000 80B5     		push	{r7, lr}
 450              	.LCFI20:
 451              		.cfi_def_cfa_offset 8
 452              		.cfi_offset 7, -8
ARM GAS  C:\Users\SAMEER~1.ALM\AppData\Local\Temp\cc6Kg5J0.s 			page 12


 453              		.cfi_offset 14, -4
 454 0002 86B0     		sub	sp, sp, #24
 455              	.LCFI21:
 456              		.cfi_def_cfa_offset 32
 457 0004 00AF     		add	r7, sp, #0
 458              	.LCFI22:
 459              		.cfi_def_cfa_register 7
 460 0006 F860     		str	r0, [r7, #12]
 461 0008 B960     		str	r1, [r7, #8]
 462 000a 7A60     		str	r2, [r7, #4]
 463 000c 3B60     		str	r3, [r7]
 183:./basic/array.c ****  unsigned int start=0,end=0;
 464              		.loc 1 183 15
 465 000e 0023     		movs	r3, #0
 466 0010 7B61     		str	r3, [r7, #20]
 467              		.loc 1 183 23
 468 0012 0023     		movs	r3, #0
 469 0014 3B61     		str	r3, [r7, #16]
 184:./basic/array.c ****  cmd->param_len=mem_find_asArray(buf,len,val,cmd->parameters);
 470              		.loc 1 184 49
 471 0016 3B68     		ldr	r3, [r7]
 472 0018 0433     		adds	r3, r3, #4
 473              		.loc 1 184 17
 474 001a 7A68     		ldr	r2, [r7, #4]
 475 001c B968     		ldr	r1, [r7, #8]
 476 001e F868     		ldr	r0, [r7, #12]
 477 0020 FFF7FEFF 		bl	mem_find_asArray
 478 0024 0346     		mov	r3, r0
 479              		.loc 1 184 16
 480 0026 DAB2     		uxtb	r2, r3
 481 0028 3B68     		ldr	r3, [r7]
 482 002a 5A70     		strb	r2, [r3, #1]
 185:./basic/array.c ****  cmd->msg.ptr=0;
 483              		.loc 1 185 14
 484 002c 3B68     		ldr	r3, [r7]
 485 002e 0022     		movs	r2, #0
 486 0030 5A63     		str	r2, [r3, #52]
 186:./basic/array.c ****  cmd->msg.len=0;
 487              		.loc 1 186 14
 488 0032 3B68     		ldr	r3, [r7]
 489 0034 0022     		movs	r2, #0
 490 0036 83F83820 		strb	r2, [r3, #56]
 187:./basic/array.c **** 
 188:./basic/array.c ****  if(cmd->param_len>0)
 491              		.loc 1 188 8
 492 003a 3B68     		ldr	r3, [r7]
 493 003c 5B78     		ldrb	r3, [r3, #1]	@ zero_extendqisi2
 494              		.loc 1 188 4
 495 003e 002B     		cmp	r3, #0
 496 0040 15D0     		beq	.L20
 189:./basic/array.c ****  {	 
 190:./basic/array.c ****     start= cmd->parameters[cmd->param_len-1].ptr- (uint8_t*)buf;
 497              		.loc 1 190 31
 498 0042 3B68     		ldr	r3, [r7]
 499 0044 5B78     		ldrb	r3, [r3, #1]	@ zero_extendqisi2
 500              		.loc 1 190 42
 501 0046 013B     		subs	r3, r3, #1
ARM GAS  C:\Users\SAMEER~1.ALM\AppData\Local\Temp\cc6Kg5J0.s 			page 13


 502              		.loc 1 190 45
 503 0048 3A68     		ldr	r2, [r7]
 504 004a DB00     		lsls	r3, r3, #3
 505 004c 1344     		add	r3, r3, r2
 506 004e 5A68     		ldr	r2, [r3, #4]
 507              		.loc 1 190 49
 508 0050 FB68     		ldr	r3, [r7, #12]
 509 0052 D31A     		subs	r3, r2, r3
 510              		.loc 1 190 10
 511 0054 7B61     		str	r3, [r7, #20]
 191:./basic/array.c **** 	start+= cmd->parameters[cmd->param_len-1].len+1;
 512              		.loc 1 191 29
 513 0056 3B68     		ldr	r3, [r7]
 514 0058 5B78     		ldrb	r3, [r3, #1]	@ zero_extendqisi2
 515              		.loc 1 191 40
 516 005a 013B     		subs	r3, r3, #1
 517              		.loc 1 191 43
 518 005c 3A68     		ldr	r2, [r7]
 519 005e DB00     		lsls	r3, r3, #3
 520 0060 1344     		add	r3, r3, r2
 521 0062 1B7A     		ldrb	r3, [r3, #8]	@ zero_extendqisi2
 522              		.loc 1 191 7
 523 0064 1A46     		mov	r2, r3
 524 0066 7B69     		ldr	r3, [r7, #20]
 525 0068 1344     		add	r3, r3, r2
 526 006a 0133     		adds	r3, r3, #1
 527 006c 7B61     		str	r3, [r7, #20]
 528              	.L20:
 192:./basic/array.c ****  }
 193:./basic/array.c ****  end=mem_indexOf(buf,len,' ',start);
 529              		.loc 1 193 6
 530 006e 7B69     		ldr	r3, [r7, #20]
 531 0070 2022     		movs	r2, #32
 532 0072 B968     		ldr	r1, [r7, #8]
 533 0074 F868     		ldr	r0, [r7, #12]
 534 0076 FFF7FEFF 		bl	mem_indexOf
 535 007a 0346     		mov	r3, r0
 536              		.loc 1 193 5
 537 007c 3B61     		str	r3, [r7, #16]
 194:./basic/array.c ****  if(end!=-1)
 538              		.loc 1 194 4
 539 007e 3B69     		ldr	r3, [r7, #16]
 540 0080 B3F1FF3F 		cmp	r3, #-1
 541 0084 0DD0     		beq	.L21
 195:./basic/array.c ****  {
 196:./basic/array.c ****    cmd->msg.len=end-start;
 542              		.loc 1 196 20
 543 0086 3B69     		ldr	r3, [r7, #16]
 544 0088 DAB2     		uxtb	r2, r3
 545 008a 7B69     		ldr	r3, [r7, #20]
 546 008c DBB2     		uxtb	r3, r3
 547 008e D31A     		subs	r3, r2, r3
 548 0090 DAB2     		uxtb	r2, r3
 549              		.loc 1 196 16
 550 0092 3B68     		ldr	r3, [r7]
 551 0094 83F83820 		strb	r2, [r3, #56]
 197:./basic/array.c ****    cmd->msg.ptr=(uint8_t*)(buf+start);  
ARM GAS  C:\Users\SAMEER~1.ALM\AppData\Local\Temp\cc6Kg5J0.s 			page 14


 552              		.loc 1 197 31
 553 0098 FA68     		ldr	r2, [r7, #12]
 554 009a 7B69     		ldr	r3, [r7, #20]
 555 009c 1A44     		add	r2, r2, r3
 556              		.loc 1 197 16
 557 009e 3B68     		ldr	r3, [r7]
 558 00a0 5A63     		str	r2, [r3, #52]
 559              	.L21:
 198:./basic/array.c ****  }
 199:./basic/array.c **** 
 200:./basic/array.c ****  return cmd->param_len;
 560              		.loc 1 200 12
 561 00a2 3B68     		ldr	r3, [r7]
 562 00a4 5B78     		ldrb	r3, [r3, #1]	@ zero_extendqisi2
 201:./basic/array.c **** }
 563              		.loc 1 201 1
 564 00a6 1846     		mov	r0, r3
 565 00a8 1837     		adds	r7, r7, #24
 566              	.LCFI23:
 567              		.cfi_def_cfa_offset 8
 568 00aa BD46     		mov	sp, r7
 569              	.LCFI24:
 570              		.cfi_def_cfa_register 13
 571              		@ sp needed
 572 00ac 80BD     		pop	{r7, pc}
 573              		.cfi_endproc
 574              	.LFE37:
 576              		.section	.text.param_split,"ax",%progbits
 577              		.align	1
 578              		.global	param_split
 579              		.syntax unified
 580              		.thumb
 581              		.thumb_func
 583              	param_split:
 584              	.LFB38:
 202:./basic/array.c **** //---------------------------------------------------------------------------------------------
 203:./basic/array.c **** /**
 204:./basic/array.c ****  * @brief splits the parameter string to parameter-value pairs
 205:./basic/array.c ****  * 
 206:./basic/array.c ****  * @details splits the parameter string to parameter-value pairs
 207:./basic/array.c ****  * 
 208:./basic/array.c ****  * @param parameter  it is the parameter-value string array
 209:./basic/array.c ****  * @param ptr_param  it a struct the spilt the paratmeter string to param-value pairs 
 210:./basic/array.c ****  * @return int 
 211:./basic/array.c ****  */
 212:./basic/array.c **** int param_split(array_t parameter,  param_t * ptr_param)
 213:./basic/array.c **** {
 585              		.loc 1 213 1
 586              		.cfi_startproc
 587              		@ args = 0, pretend = 0, frame = 40
 588              		@ frame_needed = 1, uses_anonymous_args = 0
 589 0000 80B5     		push	{r7, lr}
 590              	.LCFI25:
 591              		.cfi_def_cfa_offset 8
 592              		.cfi_offset 7, -8
 593              		.cfi_offset 14, -4
 594 0002 8AB0     		sub	sp, sp, #40
ARM GAS  C:\Users\SAMEER~1.ALM\AppData\Local\Temp\cc6Kg5J0.s 			page 15


 595              	.LCFI26:
 596              		.cfi_def_cfa_offset 48
 597 0004 00AF     		add	r7, sp, #0
 598              	.LCFI27:
 599              		.cfi_def_cfa_register 7
 600 0006 07F10803 		add	r3, r7, #8
 601 000a 83E80300 		stm	r3, {r0, r1}
 602 000e 7A60     		str	r2, [r7, #4]
 214:./basic/array.c **** 
 215:./basic/array.c ****  int par_start=0,par_end=0,data_end=0;
 603              		.loc 1 215 6
 604 0010 0023     		movs	r3, #0
 605 0012 3B62     		str	r3, [r7, #32]
 606              		.loc 1 215 18
 607 0014 0023     		movs	r3, #0
 608 0016 FB61     		str	r3, [r7, #28]
 609              		.loc 1 215 28
 610 0018 0023     		movs	r3, #0
 611 001a BB61     		str	r3, [r7, #24]
 216:./basic/array.c ****  uint8_t par_len=0,data_len=0;
 612              		.loc 1 216 10
 613 001c 0023     		movs	r3, #0
 614 001e 87F82730 		strb	r3, [r7, #39]
 615              		.loc 1 216 20
 616 0022 0023     		movs	r3, #0
 617 0024 FB75     		strb	r3, [r7, #23]
 217:./basic/array.c ****  ptr_param->param=0;
 618              		.loc 1 217 18
 619 0026 7B68     		ldr	r3, [r7, #4]
 620 0028 0022     		movs	r2, #0
 621 002a 1A60     		str	r2, [r3]
 218:./basic/array.c ****  ptr_param->param_len=0;
 622              		.loc 1 218 22
 623 002c 7B68     		ldr	r3, [r7, #4]
 624 002e 0022     		movs	r2, #0
 625 0030 1A71     		strb	r2, [r3, #4]
 219:./basic/array.c ****  ptr_param->data=0;
 626              		.loc 1 219 17
 627 0032 7B68     		ldr	r3, [r7, #4]
 628 0034 0022     		movs	r2, #0
 629 0036 9A60     		str	r2, [r3, #8]
 220:./basic/array.c ****  ptr_param->data_len=0;
 630              		.loc 1 220 21
 631 0038 7B68     		ldr	r3, [r7, #4]
 632 003a 0022     		movs	r2, #0
 633 003c 1A73     		strb	r2, [r3, #12]
 221:./basic/array.c **** 
 222:./basic/array.c ****  par_start=mem_indexOf(parameter.ptr,parameter.len,'-',0); 
 634              		.loc 1 222 33
 635 003e B868     		ldr	r0, [r7, #8]
 636              		.loc 1 222 47
 637 0040 3B7B     		ldrb	r3, [r7, #12]	@ zero_extendqisi2
 638              		.loc 1 222 12
 639 0042 1946     		mov	r1, r3
 640 0044 0023     		movs	r3, #0
 641 0046 2D22     		movs	r2, #45
 642 0048 FFF7FEFF 		bl	mem_indexOf
ARM GAS  C:\Users\SAMEER~1.ALM\AppData\Local\Temp\cc6Kg5J0.s 			page 16


 643 004c 3862     		str	r0, [r7, #32]
 223:./basic/array.c ****  par_end=  mem_indexOf(parameter.ptr,parameter.len,' ',0);
 644              		.loc 1 223 33
 645 004e B868     		ldr	r0, [r7, #8]
 646              		.loc 1 223 47
 647 0050 3B7B     		ldrb	r3, [r7, #12]	@ zero_extendqisi2
 648              		.loc 1 223 12
 649 0052 1946     		mov	r1, r3
 650 0054 0023     		movs	r3, #0
 651 0056 2022     		movs	r2, #32
 652 0058 FFF7FEFF 		bl	mem_indexOf
 653 005c F861     		str	r0, [r7, #28]
 224:./basic/array.c **** 
 225:./basic/array.c ****  if(par_start !=-1 && par_end!=-1)
 654              		.loc 1 225 4
 655 005e 3B6A     		ldr	r3, [r7, #32]
 656 0060 B3F1FF3F 		cmp	r3, #-1
 657 0064 28D0     		beq	.L24
 658              		.loc 1 225 20 discriminator 1
 659 0066 FB69     		ldr	r3, [r7, #28]
 660 0068 B3F1FF3F 		cmp	r3, #-1
 661 006c 24D0     		beq	.L24
 226:./basic/array.c ****  {
 227:./basic/array.c **** 	par_len=par_end-par_start;
 662              		.loc 1 227 17
 663 006e FB69     		ldr	r3, [r7, #28]
 664 0070 DAB2     		uxtb	r2, r3
 665 0072 3B6A     		ldr	r3, [r7, #32]
 666 0074 DBB2     		uxtb	r3, r3
 667              		.loc 1 227 9
 668 0076 D31A     		subs	r3, r2, r3
 669 0078 87F82730 		strb	r3, [r7, #39]
 228:./basic/array.c **** 	
 229:./basic/array.c **** 	ptr_param->param=(uint8_t*)(parameter.ptr+par_start);
 670              		.loc 1 229 39
 671 007c BA68     		ldr	r2, [r7, #8]
 672              		.loc 1 229 19
 673 007e 3B6A     		ldr	r3, [r7, #32]
 674 0080 1A44     		add	r2, r2, r3
 675              		.loc 1 229 18
 676 0082 7B68     		ldr	r3, [r7, #4]
 677 0084 1A60     		str	r2, [r3]
 230:./basic/array.c **** 	ptr_param->param_len=par_len;
 678              		.loc 1 230 22
 679 0086 7B68     		ldr	r3, [r7, #4]
 680 0088 97F82720 		ldrb	r2, [r7, #39]
 681 008c 1A71     		strb	r2, [r3, #4]
 231:./basic/array.c ****   if(parameter.len>par_end)
 682              		.loc 1 231 15
 683 008e 3B7B     		ldrb	r3, [r7, #12]	@ zero_extendqisi2
 684 0090 1A46     		mov	r2, r3
 685              		.loc 1 231 5
 686 0092 FB69     		ldr	r3, [r7, #28]
 687 0094 9342     		cmp	r3, r2
 688 0096 0FDA     		bge	.L24
 232:./basic/array.c ****    {
 233:./basic/array.c **** 	data_len=parameter.len-par_end-1;
ARM GAS  C:\Users\SAMEER~1.ALM\AppData\Local\Temp\cc6Kg5J0.s 			page 17


 689              		.loc 1 233 20
 690 0098 3A7B     		ldrb	r2, [r7, #12]	@ zero_extendqisi2
 691              		.loc 1 233 24
 692 009a FB69     		ldr	r3, [r7, #28]
 693 009c DBB2     		uxtb	r3, r3
 694 009e D31A     		subs	r3, r2, r3
 695 00a0 DBB2     		uxtb	r3, r3
 696              		.loc 1 233 10
 697 00a2 013B     		subs	r3, r3, #1
 698 00a4 FB75     		strb	r3, [r7, #23]
 234:./basic/array.c **** 	ptr_param->data=(uint8_t*)(parameter.ptr+par_end+1);
 699              		.loc 1 234 38
 700 00a6 BA68     		ldr	r2, [r7, #8]
 701              		.loc 1 234 50
 702 00a8 FB69     		ldr	r3, [r7, #28]
 703 00aa 0133     		adds	r3, r3, #1
 704              		.loc 1 234 18
 705 00ac 1A44     		add	r2, r2, r3
 706              		.loc 1 234 17
 707 00ae 7B68     		ldr	r3, [r7, #4]
 708 00b0 9A60     		str	r2, [r3, #8]
 235:./basic/array.c **** 	ptr_param->data_len=data_len;
 709              		.loc 1 235 21
 710 00b2 7B68     		ldr	r3, [r7, #4]
 711 00b4 FA7D     		ldrb	r2, [r7, #23]
 712 00b6 1A73     		strb	r2, [r3, #12]
 713              	.L24:
 236:./basic/array.c ****    }
 237:./basic/array.c ****  }
 238:./basic/array.c ****  return par_len ;//data_len;
 714              		.loc 1 238 9
 715 00b8 97F82730 		ldrb	r3, [r7, #39]	@ zero_extendqisi2
 239:./basic/array.c **** }
 716              		.loc 1 239 1
 717 00bc 1846     		mov	r0, r3
 718 00be 2837     		adds	r7, r7, #40
 719              	.LCFI28:
 720              		.cfi_def_cfa_offset 8
 721 00c0 BD46     		mov	sp, r7
 722              	.LCFI29:
 723              		.cfi_def_cfa_register 13
 724              		@ sp needed
 725 00c2 80BD     		pop	{r7, pc}
 726              		.cfi_endproc
 727              	.LFE38:
 729              		.text
 730              	.Letext0:
 731              		.file 2 "c:\\arm-tool\\gcc-arm-none-eabi-10.3-2021.10\\arm-none-eabi\\include\\machine\\_default_t
 732              		.file 3 "c:\\arm-tool\\gcc-arm-none-eabi-10.3-2021.10\\arm-none-eabi\\include\\sys\\_stdint.h"
 733              		.file 4 "c:\\arm-tool\\gcc-arm-none-eabi-10.3-2021.10\\lib\\gcc\\arm-none-eabi\\10.3.1\\include\\s
 734              		.file 5 "./basic/array.h"
ARM GAS  C:\Users\SAMEER~1.ALM\AppData\Local\Temp\cc6Kg5J0.s 			page 18


DEFINED SYMBOLS
                            *ABS*:00000000 array.c
C:\Users\SAMEER~1.ALM\AppData\Local\Temp\cc6Kg5J0.s:18     .text.mem_indexOf:00000000 $t
C:\Users\SAMEER~1.ALM\AppData\Local\Temp\cc6Kg5J0.s:24     .text.mem_indexOf:00000000 mem_indexOf
C:\Users\SAMEER~1.ALM\AppData\Local\Temp\cc6Kg5J0.s:92     .text.mem_lastindexOf:00000000 $t
C:\Users\SAMEER~1.ALM\AppData\Local\Temp\cc6Kg5J0.s:98     .text.mem_lastindexOf:00000000 mem_lastindexOf
C:\Users\SAMEER~1.ALM\AppData\Local\Temp\cc6Kg5J0.s:165    .text.mem_find_aslist:00000000 $t
C:\Users\SAMEER~1.ALM\AppData\Local\Temp\cc6Kg5J0.s:171    .text.mem_find_aslist:00000000 mem_find_aslist
C:\Users\SAMEER~1.ALM\AppData\Local\Temp\cc6Kg5J0.s:249    .text.mem_find_asArray:00000000 $t
C:\Users\SAMEER~1.ALM\AppData\Local\Temp\cc6Kg5J0.s:255    .text.mem_find_asArray:00000000 mem_find_asArray
C:\Users\SAMEER~1.ALM\AppData\Local\Temp\cc6Kg5J0.s:437    .text.cmd_split:00000000 $t
C:\Users\SAMEER~1.ALM\AppData\Local\Temp\cc6Kg5J0.s:443    .text.cmd_split:00000000 cmd_split
C:\Users\SAMEER~1.ALM\AppData\Local\Temp\cc6Kg5J0.s:577    .text.param_split:00000000 $t
C:\Users\SAMEER~1.ALM\AppData\Local\Temp\cc6Kg5J0.s:583    .text.param_split:00000000 param_split
                           .group:00000000 wm4.0.f4779009c199947b70d43074c2c41c8e
                           .group:00000000 wm4.stm32f10x.h.50.d4f13d34ecdc4ac490487d4d35cb5131
                           .group:00000000 wm4.core_cm3.h.25.d35e9a9b04ec4aaebae9bf79fff061f9
                           .group:00000000 wm4._newlib_version.h.4.bfdf54b0af045d4a71376ae00f63a22c
                           .group:00000000 wm4.features.h.33.318b64d71e0957639cfb30f1db1f7ec8
                           .group:00000000 wm4._default_types.h.15.247e5cd201eca3442cbf5404108c4935
                           .group:00000000 wm4._intsup.h.10.48bafbb683905c4daa4565a85aeeb264
                           .group:00000000 wm4._stdint.h.10.c24fa3af3bc1706662bb5593a907e841
                           .group:00000000 wm4.stdint.h.23.d53047a68f4a85177f80b422d52785ed
                           .group:00000000 wm4.core_cm3.h.113.b286929a54d33b4c8909a7132437b244
                           .group:00000000 wm4.stm32f10x.h.525.b40cb5ee4fd40825ea8ccc10ea6f4722
                           .group:00000000 wm4.stm32f10x_adc.h.82.085dab8bb2bdf6609e97ee2fc7a88347
                           .group:00000000 wm4.stm32f10x_bkp.h.24.9f1bb2b1135ba72667dd3fcde11cf4b7
                           .group:00000000 wm4.stm32f10x_can.h.24.b871c380ea975c71825bf46cccde3c7a
                           .group:00000000 wm4.stm32f10x_cec.h.24.a1ee61cba6b8120b5bab40528e933770
                           .group:00000000 wm4.stm32f10x_dac.h.24.39482d0fe30ddea181f0c79f49fb629e
                           .group:00000000 wm4.stm32f10x_dbgmcu.h.24.f73145056e79bc5a93dd6677b2b33d54
                           .group:00000000 wm4.stm32f10x_dma.h.24.a48d4478db5b2956954d84bc5fd35ae1
                           .group:00000000 wm4.stm32f10x_exti.h.24.377f48157d7e463bb3841cf6c97a1c93
                           .group:00000000 wm4.stm32f10x_flash.h.24.877157533caf7ce4331c44a3d0ea5612
                           .group:00000000 wm4.stm32f10x_fsmc.h.24.0518485f192fab09dd5cfc912ded3186
                           .group:00000000 wm4.stm32f10x_gpio.h.24.b627ee324fedf5e3b8730fa015ea30de
                           .group:00000000 wm4.stm32f10x_i2c.h.24.8bc26b82f9e7563ca7234eabea47534c
                           .group:00000000 wm4.stm32f10x_iwdg.h.24.129c4cff233d2076aefd5fc4fbf5956b
                           .group:00000000 wm4.stm32f10x_pwr.h.24.98a178bf0c8fa18634174f1c1123c7bc
                           .group:00000000 wm4.stm32f10x_rcc.h.24.43948985157a0da383ddce718b66f782
                           .group:00000000 wm4.stm32f10x_rtc.h.24.496e77df0282a7f4dc79c6de18da3ecc
                           .group:00000000 wm4.stm32f10x_sdio.h.24.646055cc54873a75158b5d1015b409e6
                           .group:00000000 wm4.stm32f10x_spi.h.24.e7b2623920274a1745e534a7a7156e76
                           .group:00000000 wm4.stm32f10x_tim.h.24.24ac72f04686046a18ee9117ff7bba1f
                           .group:00000000 wm4.stm32f10x_usart.h.24.cf5f8d8e971fad2927ee799886f23b78
                           .group:00000000 wm4.stm32f10x_wwdg.h.24.7f7037b09db3a78d5a9de97b2cba748a
                           .group:00000000 wm4.misc.h.24.c54738789d48fd25c957e9d7c7349497
                           .group:00000000 wm4.stm32f10x.h.8349.9a0c7ea810a74ad6d06203f1a551aebb
                           .group:00000000 wm4.ieeefp.h.77.25247dc27dbe3b23bfe98c2dc18f6ac5
                           .group:00000000 wm4.newlib.h.8.4679f89e52c9f69cd44f3a27cd28c759
                           .group:00000000 wm4.config.h.224.79362c3cdb280fe0b8d95bd0bc4d5c54
                           .group:00000000 wm4._ansi.h.31.de524f58584151836e90d8620a16f8e8
                           .group:00000000 wm4.stdlib.h.13.4ed386f5c1a80d71e72172885d946ef2
                           .group:00000000 wm4.stddef.h.181.13772e73e5434e8cc4fafaaddad2b5da
                           .group:00000000 wm4.stddef.h.39.cf3ebec0bc8c9e3d2f276a64e0fe5e7a
                           .group:00000000 wm4._types.h.20.dd0d04dca3800a0d2a6129b87f3adbb2
                           .group:00000000 wm4.stddef.h.155.3588ebfdd1e8c7ede80509bb9c3b8009
ARM GAS  C:\Users\SAMEER~1.ALM\AppData\Local\Temp\cc6Kg5J0.s 			page 19


                           .group:00000000 wm4._types.h.127.34941de1b2539d59d5cac00e0dd27a45
                           .group:00000000 wm4.reent.h.17.e292bf8b0bec6c96e131a54347145a30
                           .group:00000000 wm4.lock.h.2.1461d1fff82dffe8bfddc23307f6484f
                           .group:00000000 wm4.reent.h.77.32fd7d280fc2a40b0797abce5beaf6e3
                           .group:00000000 wm4.assert.h.11.db24e541f16414db224bf986d21017e2
                           .group:00000000 wm4.reent.h.504.40d20ade344680fbcb6a0178bf7ae09e
                           .group:00000000 wm4.cdefs.h.49.39045112216f6a021dbdffe3bf5accce
                           .group:00000000 wm4.alloca.h.8.dfc0c703c47ec3e69746825b17d9e66d
                           .group:00000000 wm4.stdlib.h.56.f4862cfbf4363a1db01842d5bdf72c18
                           .group:00000000 wm4.stdio.h.27.3fc80220048df77954e38daec3bb9670
                           .group:00000000 wm4.stddef.h.155.ba788add86a0e365f264484f110c3c29
                           .group:00000000 wm4.stdarg.h.34.3a23a216c0c293b3d2ea2e89281481e6
                           .group:00000000 wm4.types.h.40.8b6acba56cefbb11746718204edc8f5e
                           .group:00000000 wm4._endian.h.31.65a10590763c3dde1ac4a7f66d7d4891
                           .group:00000000 wm4.endian.h.9.49f3a4695c1b61e8a0808de3c4a106cb
                           .group:00000000 wm4._timeval.h.32.bec3221fa7a9bb0bdde696c9c57e47d2
                           .group:00000000 wm4.timespec.h.41.d855182eb0e690443ab8651bcedca6e1
                           .group:00000000 wm4.select.h.19.40cd3f2bfc456b193b790c2754690ebf
                           .group:00000000 wm4.types.h.51.5571ec98f267d17d3c670b7a3ba33afa
                           .group:00000000 wm4.sched.h.22.c60982713a5c428609783c78f9c78d95
                           .group:00000000 wm4._pthreadtypes.h.36.fcee9961c35163dde6267ef772ad1972
                           .group:00000000 wm4.stdio.h.2.4aa87247282eca6c8f36f9de33d8df1a
                           .group:00000000 wm4.stdio.h.81.60a2ded7dae310b81f9d6907fe5e3dbf
                           .group:00000000 wm4.stdarg.h.31.3fa7b8f6daaa31edd1696c08c77f2a73
                           .group:00000000 wm4.stdalign.h.27.0aad28df4d66a8553430227d1bac48aa
                           .group:00000000 wm4.ctype.h.34.80f174baaec468e2eb1c07380b0b3287
                           .group:00000000 wm4.inttypes.h.14.b28deb26920e51e0da310220ef0f9003
                           .group:00000000 wm4.inttypes.h.28.c3e61b48c6ae3a7cb62609add2dd53d1
                           .group:00000000 wm4.math.h.13.4f4c30988c5d76b6bf30dd7e2791b7c6
                           .group:00000000 wm4.syslimits.h.34.de5cbd310098bc5895998b6bde577ed2
                           .group:00000000 wm4.limits.h.9.70fb0ada6f71b16202a66baaa6d8ea70
                           .group:00000000 wm4.limits.h.60.56a1ae353e2028a24298ec6463b8b593
                           .group:00000000 wm4.string.h.8.c4b8571ce60dff2817f43fec8b86aecd
                           .group:00000000 wm4.basic.h.43.2d669d0e281f2a7583ad0da99046413d
                           .group:00000000 wm4.phy.h.43.a806668fd6b193a83e00fcf9e3814821
                           .group:00000000 wm4.structs.h.12.142e94c12fffe9b2bba6755d00a8ad91
                           .group:00000000 wm4.time.h.12.ca6eecf26198e1bc6166f71fd8292735
                           .group:00000000 wm4.initmacro.h.4.2927af5a543f65dade9f92f80a04dc35
                           .group:00000000 wm4.i2ccom.h.10.147b279fb90e839345ab35ddb589e0ce
                           .group:00000000 wm4.i2cstd.h.10.d432c3988f9748933a79fb991e070438
                           .group:00000000 wm4.i2c.h.24.666d2983f106290f51d8fe2e4e0034bc
                           .group:00000000 wm4.mpu6050.h.10.38cdb8b04d26be567bd69a6269d225c3
                           .group:00000000 wm4.uart.h.10.038a6d9ab9b8d6aefd66f3a92e73c3f1
                           .group:00000000 wm4.lcd.h.11.3a2e2f95e46d234fe99d1d3e8f20de18
                           .group:00000000 wm4.systemtask.h.12.296b6a27be8b79a110bf5281d2fc993a

UNDEFINED SYMBOLS
memchr
