ARM GAS  C:\Users\SAMEER~1.ALM\AppData\Local\Temp\cctgAltj.s 			page 1


   1              		.cpu cortex-m3
   2              		.arch armv7-m
   3              		.fpu softvfp
   4              		.eabi_attribute 20, 1
   5              		.eabi_attribute 21, 1
   6              		.eabi_attribute 23, 3
   7              		.eabi_attribute 24, 1
   8              		.eabi_attribute 25, 1
   9              		.eabi_attribute 26, 1
  10              		.eabi_attribute 30, 6
  11              		.eabi_attribute 34, 1
  12              		.eabi_attribute 18, 4
  13              		.file	"main.c"
  14              		.text
  15              	.Ltext0:
  16              		.cfi_sections	.debug_frame
  17              		.section	.text.main,"ax",%progbits
  18              		.align	1
  19              		.global	main
  20              		.syntax unified
  21              		.thumb
  22              		.thumb_func
  24              	main:
  25              	.LFB33:
  26              		.file 1 "main.c"
   1:main.c        **** /**
   2:main.c        ****  * @brief main.c
   3:main.c        ****  *
   4:main.c        ****  * @param student: Sameer Almaldein
   5:main.c        ****  * @param ID: 679699
   6:main.c        ****  * @param University TU-Chemnitz
   7:main.c        ****  * @param Master : ASE(Automotive Software Engineering )
   8:main.c        ****  */ 
   9:main.c        **** 
  10:main.c        **** //********************************************************************************************
  11:main.c        **** //
  12:main.c        **** // including header  files
  13:main.c        **** //
  14:main.c        **** //********************************************************************************************
  15:main.c        ****  #include "init.h"
  16:main.c        **** //********************************************************************************************
  17:main.c        **** //
  18:main.c        **** // Global variables 
  19:main.c        **** //
  20:main.c        **** //********************************************************************************************
  21:main.c        **** //system_t my_gnc;
  22:main.c        **** 
  23:main.c        **** //********************************************************************************************
  24:main.c        **** //
  25:main.c        **** // Method protoypes
  26:main.c        **** //
  27:main.c        **** //********************************************************************************************
  28:main.c        **** //point_t p;
  29:main.c        **** //********************************************************************************************
  30:main.c        **** //
  31:main.c        **** // main method
  32:main.c        **** //
ARM GAS  C:\Users\SAMEER~1.ALM\AppData\Local\Temp\cctgAltj.s 			page 2


  33:main.c        **** //********************************************************************************************
  34:main.c        **** 
  35:main.c        **** int main (void)
  36:main.c        **** {
  27              		.loc 1 36 1
  28              		.cfi_startproc
  29              		@ args = 0, pretend = 0, frame = 0
  30              		@ frame_needed = 1, uses_anonymous_args = 0
  31 0000 80B5     		push	{r7, lr}
  32              	.LCFI0:
  33              		.cfi_def_cfa_offset 8
  34              		.cfi_offset 7, -8
  35              		.cfi_offset 14, -4
  36 0002 00AF     		add	r7, sp, #0
  37              	.LCFI1:
  38              		.cfi_def_cfa_register 7
  37:main.c        **** 
  38:main.c        ****    system_init();
  39              		.loc 1 38 4
  40 0004 FFF7FEFF 		bl	system_init
  41              	.L2:
  39:main.c        ****    //BlinkTimingDelay= SystemCoreClock/1000;
  40:main.c        ****  
  41:main.c        ****    while(1)
  42:main.c        ****     { 
  43:main.c        ****       system_run();
  42              		.loc 1 43 7 discriminator 1
  43 0008 FFF7FEFF 		bl	system_run
  44 000c FCE7     		b	.L2
  45              		.cfi_endproc
  46              	.LFE33:
  48              		.text
  49              	.Letext0:
ARM GAS  C:\Users\SAMEER~1.ALM\AppData\Local\Temp\cctgAltj.s 			page 3


DEFINED SYMBOLS
                            *ABS*:00000000 main.c
C:\Users\SAMEER~1.ALM\AppData\Local\Temp\cctgAltj.s:18     .text.main:00000000 $t
C:\Users\SAMEER~1.ALM\AppData\Local\Temp\cctgAltj.s:24     .text.main:00000000 main
                           .group:00000000 wm4.0.f4779009c199947b70d43074c2c41c8e
                           .group:00000000 wm4.stm32f10x.h.50.d4f13d34ecdc4ac490487d4d35cb5131
                           .group:00000000 wm4.core_cm3.h.25.d35e9a9b04ec4aaebae9bf79fff061f9
                           .group:00000000 wm4._newlib_version.h.4.bfdf54b0af045d4a71376ae00f63a22c
                           .group:00000000 wm4.features.h.33.318b64d71e0957639cfb30f1db1f7ec8
                           .group:00000000 wm4._default_types.h.15.247e5cd201eca3442cbf5404108c4935
                           .group:00000000 wm4._intsup.h.10.48bafbb683905c4daa4565a85aeeb264
                           .group:00000000 wm4._stdint.h.10.c24fa3af3bc1706662bb5593a907e841
                           .group:00000000 wm4.stdint.h.23.d53047a68f4a85177f80b422d52785ed
                           .group:00000000 wm4.core_cm3.h.113.b286929a54d33b4c8909a7132437b244
                           .group:00000000 wm4.stm32f10x.h.525.b40cb5ee4fd40825ea8ccc10ea6f4722
                           .group:00000000 wm4.stm32f10x_adc.h.82.085dab8bb2bdf6609e97ee2fc7a88347
                           .group:00000000 wm4.stm32f10x_bkp.h.24.9f1bb2b1135ba72667dd3fcde11cf4b7
                           .group:00000000 wm4.stm32f10x_can.h.24.b871c380ea975c71825bf46cccde3c7a
                           .group:00000000 wm4.stm32f10x_cec.h.24.a1ee61cba6b8120b5bab40528e933770
                           .group:00000000 wm4.stm32f10x_dac.h.24.39482d0fe30ddea181f0c79f49fb629e
                           .group:00000000 wm4.stm32f10x_dbgmcu.h.24.f73145056e79bc5a93dd6677b2b33d54
                           .group:00000000 wm4.stm32f10x_dma.h.24.a48d4478db5b2956954d84bc5fd35ae1
                           .group:00000000 wm4.stm32f10x_exti.h.24.377f48157d7e463bb3841cf6c97a1c93
                           .group:00000000 wm4.stm32f10x_flash.h.24.877157533caf7ce4331c44a3d0ea5612
                           .group:00000000 wm4.stm32f10x_fsmc.h.24.0518485f192fab09dd5cfc912ded3186
                           .group:00000000 wm4.stm32f10x_gpio.h.24.b627ee324fedf5e3b8730fa015ea30de
                           .group:00000000 wm4.stm32f10x_i2c.h.24.8bc26b82f9e7563ca7234eabea47534c
                           .group:00000000 wm4.stm32f10x_iwdg.h.24.129c4cff233d2076aefd5fc4fbf5956b
                           .group:00000000 wm4.stm32f10x_pwr.h.24.98a178bf0c8fa18634174f1c1123c7bc
                           .group:00000000 wm4.stm32f10x_rcc.h.24.43948985157a0da383ddce718b66f782
                           .group:00000000 wm4.stm32f10x_rtc.h.24.496e77df0282a7f4dc79c6de18da3ecc
                           .group:00000000 wm4.stm32f10x_sdio.h.24.646055cc54873a75158b5d1015b409e6
                           .group:00000000 wm4.stm32f10x_spi.h.24.e7b2623920274a1745e534a7a7156e76
                           .group:00000000 wm4.stm32f10x_tim.h.24.24ac72f04686046a18ee9117ff7bba1f
                           .group:00000000 wm4.stm32f10x_usart.h.24.cf5f8d8e971fad2927ee799886f23b78
                           .group:00000000 wm4.stm32f10x_wwdg.h.24.7f7037b09db3a78d5a9de97b2cba748a
                           .group:00000000 wm4.misc.h.24.c54738789d48fd25c957e9d7c7349497
                           .group:00000000 wm4.stm32f10x.h.8349.9a0c7ea810a74ad6d06203f1a551aebb
                           .group:00000000 wm4.ieeefp.h.77.25247dc27dbe3b23bfe98c2dc18f6ac5
                           .group:00000000 wm4.newlib.h.8.4679f89e52c9f69cd44f3a27cd28c759
                           .group:00000000 wm4.config.h.224.79362c3cdb280fe0b8d95bd0bc4d5c54
                           .group:00000000 wm4._ansi.h.31.de524f58584151836e90d8620a16f8e8
                           .group:00000000 wm4.stdlib.h.13.4ed386f5c1a80d71e72172885d946ef2
                           .group:00000000 wm4.stddef.h.181.13772e73e5434e8cc4fafaaddad2b5da
                           .group:00000000 wm4.stddef.h.39.cf3ebec0bc8c9e3d2f276a64e0fe5e7a
                           .group:00000000 wm4._types.h.20.dd0d04dca3800a0d2a6129b87f3adbb2
                           .group:00000000 wm4.stddef.h.155.3588ebfdd1e8c7ede80509bb9c3b8009
                           .group:00000000 wm4._types.h.127.34941de1b2539d59d5cac00e0dd27a45
                           .group:00000000 wm4.reent.h.17.e292bf8b0bec6c96e131a54347145a30
                           .group:00000000 wm4.lock.h.2.1461d1fff82dffe8bfddc23307f6484f
                           .group:00000000 wm4.reent.h.77.32fd7d280fc2a40b0797abce5beaf6e3
                           .group:00000000 wm4.assert.h.11.db24e541f16414db224bf986d21017e2
                           .group:00000000 wm4.reent.h.504.40d20ade344680fbcb6a0178bf7ae09e
                           .group:00000000 wm4.cdefs.h.49.39045112216f6a021dbdffe3bf5accce
                           .group:00000000 wm4.alloca.h.8.dfc0c703c47ec3e69746825b17d9e66d
                           .group:00000000 wm4.stdlib.h.56.f4862cfbf4363a1db01842d5bdf72c18
                           .group:00000000 wm4.stdio.h.27.3fc80220048df77954e38daec3bb9670
ARM GAS  C:\Users\SAMEER~1.ALM\AppData\Local\Temp\cctgAltj.s 			page 4


                           .group:00000000 wm4.stddef.h.155.ba788add86a0e365f264484f110c3c29
                           .group:00000000 wm4.stdarg.h.34.3a23a216c0c293b3d2ea2e89281481e6
                           .group:00000000 wm4.types.h.40.8b6acba56cefbb11746718204edc8f5e
                           .group:00000000 wm4._endian.h.31.65a10590763c3dde1ac4a7f66d7d4891
                           .group:00000000 wm4.endian.h.9.49f3a4695c1b61e8a0808de3c4a106cb
                           .group:00000000 wm4._timeval.h.32.bec3221fa7a9bb0bdde696c9c57e47d2
                           .group:00000000 wm4.timespec.h.41.d855182eb0e690443ab8651bcedca6e1
                           .group:00000000 wm4.select.h.19.40cd3f2bfc456b193b790c2754690ebf
                           .group:00000000 wm4.types.h.51.5571ec98f267d17d3c670b7a3ba33afa
                           .group:00000000 wm4.sched.h.22.c60982713a5c428609783c78f9c78d95
                           .group:00000000 wm4._pthreadtypes.h.36.fcee9961c35163dde6267ef772ad1972
                           .group:00000000 wm4.stdio.h.2.4aa87247282eca6c8f36f9de33d8df1a
                           .group:00000000 wm4.stdio.h.81.60a2ded7dae310b81f9d6907fe5e3dbf
                           .group:00000000 wm4.stdarg.h.31.3fa7b8f6daaa31edd1696c08c77f2a73
                           .group:00000000 wm4.ctype.h.34.80f174baaec468e2eb1c07380b0b3287
                           .group:00000000 wm4.inttypes.h.14.b28deb26920e51e0da310220ef0f9003
                           .group:00000000 wm4.inttypes.h.28.c3e61b48c6ae3a7cb62609add2dd53d1
                           .group:00000000 wm4.stdalign.h.27.0aad28df4d66a8553430227d1bac48aa
                           .group:00000000 wm4.syslimits.h.34.de5cbd310098bc5895998b6bde577ed2
                           .group:00000000 wm4.limits.h.9.70fb0ada6f71b16202a66baaa6d8ea70
                           .group:00000000 wm4.limits.h.60.56a1ae353e2028a24298ec6463b8b593
                           .group:00000000 wm4.math.h.13.4f4c30988c5d76b6bf30dd7e2791b7c6
                           .group:00000000 wm4.string.h.8.c4b8571ce60dff2817f43fec8b86aecd
                           .group:00000000 wm4.basic.h.41.94a451f5fb0fa08d75d6da09336bd2f4
                           .group:00000000 wm4.structs.h.12.142e94c12fffe9b2bba6755d00a8ad91
                           .group:00000000 wm4.time.h.12.ca6eecf26198e1bc6166f71fd8292735
                           .group:00000000 wm4.initmacro.h.4.2927af5a543f65dade9f92f80a04dc35
                           .group:00000000 wm4.uart.h.10.7fda6319aa568019dcdbb67d33f81700
                           .group:00000000 wm4.i2ccom.h.10.147b279fb90e839345ab35ddb589e0ce
                           .group:00000000 wm4.i2cstd.h.10.97f20a95300a6b7d08ecafad2c6b5572
                           .group:00000000 wm4.i2c.h.24.666d2983f106290f51d8fe2e4e0034bc
                           .group:00000000 wm4.mpu6050.h.10.2241e5539305f80e00470fd45fbe7041
                           .group:00000000 wm4.lcd.h.11.3a2e2f95e46d234fe99d1d3e8f20de18
                           .group:00000000 wm4.systemtask.h.12.0c4e135a1a57011ea295f9384c4769e6

UNDEFINED SYMBOLS
system_init
system_run
