ARM GAS  C:\Users\SAMEER~1.ALM\AppData\Local\Temp\ccos85sB.s 			page 1


   1              		.cpu cortex-m3
   2              		.arch armv7-m
   3              		.fpu softvfp
   4              		.eabi_attribute 20, 1
   5              		.eabi_attribute 21, 1
   6              		.eabi_attribute 23, 3
   7              		.eabi_attribute 24, 1
   8              		.eabi_attribute 25, 1
   9              		.eabi_attribute 26, 1
  10              		.eabi_attribute 30, 6
  11              		.eabi_attribute 34, 1
  12              		.eabi_attribute 18, 4
  13              		.file	"stm32f10x_rtc.c"
  14              		.text
  15              	.Ltext0:
  16              		.cfi_sections	.debug_frame
  17              		.section	.text.RTC_ITConfig,"ax",%progbits
  18              		.align	1
  19              		.global	RTC_ITConfig
  20              		.syntax unified
  21              		.thumb
  22              		.thumb_func
  24              	RTC_ITConfig:
  25              	.LFB29:
  26              		.file 1 "./.driver/STM32F10x_StdPeriph_Driver/src/stm32f10x_rtc.c"
   1:./.driver/STM32F10x_StdPeriph_Driver/src/stm32f10x_rtc.c **** /**
   2:./.driver/STM32F10x_StdPeriph_Driver/src/stm32f10x_rtc.c ****   ******************************************************************************
   3:./.driver/STM32F10x_StdPeriph_Driver/src/stm32f10x_rtc.c ****   * @file    stm32f10x_rtc.c
   4:./.driver/STM32F10x_StdPeriph_Driver/src/stm32f10x_rtc.c ****   * @author  MCD Application Team
   5:./.driver/STM32F10x_StdPeriph_Driver/src/stm32f10x_rtc.c ****   * @version V3.6.2
   6:./.driver/STM32F10x_StdPeriph_Driver/src/stm32f10x_rtc.c ****   * @date    17-September-2021
   7:./.driver/STM32F10x_StdPeriph_Driver/src/stm32f10x_rtc.c ****   * @brief   This file provides all the RTC firmware functions.
   8:./.driver/STM32F10x_StdPeriph_Driver/src/stm32f10x_rtc.c ****   ******************************************************************************
   9:./.driver/STM32F10x_StdPeriph_Driver/src/stm32f10x_rtc.c ****   * @attention
  10:./.driver/STM32F10x_StdPeriph_Driver/src/stm32f10x_rtc.c ****   *
  11:./.driver/STM32F10x_StdPeriph_Driver/src/stm32f10x_rtc.c ****   * Copyright (c) 2012 STMicroelectronics.
  12:./.driver/STM32F10x_StdPeriph_Driver/src/stm32f10x_rtc.c ****   * All rights reserved.
  13:./.driver/STM32F10x_StdPeriph_Driver/src/stm32f10x_rtc.c ****   *
  14:./.driver/STM32F10x_StdPeriph_Driver/src/stm32f10x_rtc.c ****   * This software is licensed under terms that can be found in the LICENSE file
  15:./.driver/STM32F10x_StdPeriph_Driver/src/stm32f10x_rtc.c ****   * in the root directory of this software component.
  16:./.driver/STM32F10x_StdPeriph_Driver/src/stm32f10x_rtc.c ****   * If no LICENSE file comes with this software, it is provided AS-IS.
  17:./.driver/STM32F10x_StdPeriph_Driver/src/stm32f10x_rtc.c ****   *
  18:./.driver/STM32F10x_StdPeriph_Driver/src/stm32f10x_rtc.c ****   ******************************************************************************
  19:./.driver/STM32F10x_StdPeriph_Driver/src/stm32f10x_rtc.c ****   */
  20:./.driver/STM32F10x_StdPeriph_Driver/src/stm32f10x_rtc.c **** 
  21:./.driver/STM32F10x_StdPeriph_Driver/src/stm32f10x_rtc.c **** /* Includes ------------------------------------------------------------------*/
  22:./.driver/STM32F10x_StdPeriph_Driver/src/stm32f10x_rtc.c **** #include "stm32f10x_rtc.h"
  23:./.driver/STM32F10x_StdPeriph_Driver/src/stm32f10x_rtc.c **** 
  24:./.driver/STM32F10x_StdPeriph_Driver/src/stm32f10x_rtc.c **** /** @addtogroup STM32F10x_StdPeriph_Driver
  25:./.driver/STM32F10x_StdPeriph_Driver/src/stm32f10x_rtc.c ****   * @{
  26:./.driver/STM32F10x_StdPeriph_Driver/src/stm32f10x_rtc.c ****   */
  27:./.driver/STM32F10x_StdPeriph_Driver/src/stm32f10x_rtc.c **** 
  28:./.driver/STM32F10x_StdPeriph_Driver/src/stm32f10x_rtc.c **** /** @defgroup RTC 
  29:./.driver/STM32F10x_StdPeriph_Driver/src/stm32f10x_rtc.c ****   * @brief RTC driver modules
  30:./.driver/STM32F10x_StdPeriph_Driver/src/stm32f10x_rtc.c ****   * @{
  31:./.driver/STM32F10x_StdPeriph_Driver/src/stm32f10x_rtc.c ****   */
  32:./.driver/STM32F10x_StdPeriph_Driver/src/stm32f10x_rtc.c **** 
ARM GAS  C:\Users\SAMEER~1.ALM\AppData\Local\Temp\ccos85sB.s 			page 2


  33:./.driver/STM32F10x_StdPeriph_Driver/src/stm32f10x_rtc.c **** /** @defgroup RTC_Private_TypesDefinitions
  34:./.driver/STM32F10x_StdPeriph_Driver/src/stm32f10x_rtc.c ****   * @{
  35:./.driver/STM32F10x_StdPeriph_Driver/src/stm32f10x_rtc.c ****   */ 
  36:./.driver/STM32F10x_StdPeriph_Driver/src/stm32f10x_rtc.c **** /**
  37:./.driver/STM32F10x_StdPeriph_Driver/src/stm32f10x_rtc.c ****   * @}
  38:./.driver/STM32F10x_StdPeriph_Driver/src/stm32f10x_rtc.c ****   */
  39:./.driver/STM32F10x_StdPeriph_Driver/src/stm32f10x_rtc.c **** 
  40:./.driver/STM32F10x_StdPeriph_Driver/src/stm32f10x_rtc.c **** /** @defgroup RTC_Private_Defines
  41:./.driver/STM32F10x_StdPeriph_Driver/src/stm32f10x_rtc.c ****   * @{
  42:./.driver/STM32F10x_StdPeriph_Driver/src/stm32f10x_rtc.c ****   */
  43:./.driver/STM32F10x_StdPeriph_Driver/src/stm32f10x_rtc.c **** #define RTC_LSB_MASK     ((uint32_t)0x0000FFFF)  /*!< RTC LSB Mask */
  44:./.driver/STM32F10x_StdPeriph_Driver/src/stm32f10x_rtc.c **** #define PRLH_MSB_MASK    ((uint32_t)0x000F0000)  /*!< RTC Prescaler MSB Mask */
  45:./.driver/STM32F10x_StdPeriph_Driver/src/stm32f10x_rtc.c **** 
  46:./.driver/STM32F10x_StdPeriph_Driver/src/stm32f10x_rtc.c **** /**
  47:./.driver/STM32F10x_StdPeriph_Driver/src/stm32f10x_rtc.c ****   * @}
  48:./.driver/STM32F10x_StdPeriph_Driver/src/stm32f10x_rtc.c ****   */
  49:./.driver/STM32F10x_StdPeriph_Driver/src/stm32f10x_rtc.c **** 
  50:./.driver/STM32F10x_StdPeriph_Driver/src/stm32f10x_rtc.c **** /** @defgroup RTC_Private_Macros
  51:./.driver/STM32F10x_StdPeriph_Driver/src/stm32f10x_rtc.c ****   * @{
  52:./.driver/STM32F10x_StdPeriph_Driver/src/stm32f10x_rtc.c ****   */
  53:./.driver/STM32F10x_StdPeriph_Driver/src/stm32f10x_rtc.c **** 
  54:./.driver/STM32F10x_StdPeriph_Driver/src/stm32f10x_rtc.c **** /**
  55:./.driver/STM32F10x_StdPeriph_Driver/src/stm32f10x_rtc.c ****   * @}
  56:./.driver/STM32F10x_StdPeriph_Driver/src/stm32f10x_rtc.c ****   */
  57:./.driver/STM32F10x_StdPeriph_Driver/src/stm32f10x_rtc.c **** 
  58:./.driver/STM32F10x_StdPeriph_Driver/src/stm32f10x_rtc.c **** /** @defgroup RTC_Private_Variables
  59:./.driver/STM32F10x_StdPeriph_Driver/src/stm32f10x_rtc.c ****   * @{
  60:./.driver/STM32F10x_StdPeriph_Driver/src/stm32f10x_rtc.c ****   */
  61:./.driver/STM32F10x_StdPeriph_Driver/src/stm32f10x_rtc.c **** 
  62:./.driver/STM32F10x_StdPeriph_Driver/src/stm32f10x_rtc.c **** /**
  63:./.driver/STM32F10x_StdPeriph_Driver/src/stm32f10x_rtc.c ****   * @}
  64:./.driver/STM32F10x_StdPeriph_Driver/src/stm32f10x_rtc.c ****   */
  65:./.driver/STM32F10x_StdPeriph_Driver/src/stm32f10x_rtc.c **** 
  66:./.driver/STM32F10x_StdPeriph_Driver/src/stm32f10x_rtc.c **** /** @defgroup RTC_Private_FunctionPrototypes
  67:./.driver/STM32F10x_StdPeriph_Driver/src/stm32f10x_rtc.c ****   * @{
  68:./.driver/STM32F10x_StdPeriph_Driver/src/stm32f10x_rtc.c ****   */
  69:./.driver/STM32F10x_StdPeriph_Driver/src/stm32f10x_rtc.c **** 
  70:./.driver/STM32F10x_StdPeriph_Driver/src/stm32f10x_rtc.c **** /**
  71:./.driver/STM32F10x_StdPeriph_Driver/src/stm32f10x_rtc.c ****   * @}
  72:./.driver/STM32F10x_StdPeriph_Driver/src/stm32f10x_rtc.c ****   */
  73:./.driver/STM32F10x_StdPeriph_Driver/src/stm32f10x_rtc.c **** 
  74:./.driver/STM32F10x_StdPeriph_Driver/src/stm32f10x_rtc.c **** /** @defgroup RTC_Private_Functions
  75:./.driver/STM32F10x_StdPeriph_Driver/src/stm32f10x_rtc.c ****   * @{
  76:./.driver/STM32F10x_StdPeriph_Driver/src/stm32f10x_rtc.c ****   */
  77:./.driver/STM32F10x_StdPeriph_Driver/src/stm32f10x_rtc.c **** 
  78:./.driver/STM32F10x_StdPeriph_Driver/src/stm32f10x_rtc.c **** /**
  79:./.driver/STM32F10x_StdPeriph_Driver/src/stm32f10x_rtc.c ****   * @brief  Enables or disables the specified RTC interrupts.
  80:./.driver/STM32F10x_StdPeriph_Driver/src/stm32f10x_rtc.c ****   * @param  RTC_IT: specifies the RTC interrupts sources to be enabled or disabled.
  81:./.driver/STM32F10x_StdPeriph_Driver/src/stm32f10x_rtc.c ****   *   This parameter can be any combination of the following values:
  82:./.driver/STM32F10x_StdPeriph_Driver/src/stm32f10x_rtc.c ****   *     @arg RTC_IT_OW: Overflow interrupt
  83:./.driver/STM32F10x_StdPeriph_Driver/src/stm32f10x_rtc.c ****   *     @arg RTC_IT_ALR: Alarm interrupt
  84:./.driver/STM32F10x_StdPeriph_Driver/src/stm32f10x_rtc.c ****   *     @arg RTC_IT_SEC: Second interrupt
  85:./.driver/STM32F10x_StdPeriph_Driver/src/stm32f10x_rtc.c ****   * @param  NewState: new state of the specified RTC interrupts.
  86:./.driver/STM32F10x_StdPeriph_Driver/src/stm32f10x_rtc.c ****   *   This parameter can be: ENABLE or DISABLE.
  87:./.driver/STM32F10x_StdPeriph_Driver/src/stm32f10x_rtc.c ****   * @retval None
  88:./.driver/STM32F10x_StdPeriph_Driver/src/stm32f10x_rtc.c ****   */
  89:./.driver/STM32F10x_StdPeriph_Driver/src/stm32f10x_rtc.c **** void RTC_ITConfig(uint16_t RTC_IT, FunctionalState NewState)
ARM GAS  C:\Users\SAMEER~1.ALM\AppData\Local\Temp\ccos85sB.s 			page 3


  90:./.driver/STM32F10x_StdPeriph_Driver/src/stm32f10x_rtc.c **** {
  27              		.loc 1 90 1
  28              		.cfi_startproc
  29              		@ args = 0, pretend = 0, frame = 8
  30              		@ frame_needed = 1, uses_anonymous_args = 0
  31              		@ link register save eliminated.
  32 0000 80B4     		push	{r7}
  33              	.LCFI0:
  34              		.cfi_def_cfa_offset 4
  35              		.cfi_offset 7, -4
  36 0002 83B0     		sub	sp, sp, #12
  37              	.LCFI1:
  38              		.cfi_def_cfa_offset 16
  39 0004 00AF     		add	r7, sp, #0
  40              	.LCFI2:
  41              		.cfi_def_cfa_register 7
  42 0006 0346     		mov	r3, r0
  43 0008 0A46     		mov	r2, r1
  44 000a FB80     		strh	r3, [r7, #6]	@ movhi
  45 000c 1346     		mov	r3, r2
  46 000e 7B71     		strb	r3, [r7, #5]
  91:./.driver/STM32F10x_StdPeriph_Driver/src/stm32f10x_rtc.c ****   /* Check the parameters */
  92:./.driver/STM32F10x_StdPeriph_Driver/src/stm32f10x_rtc.c ****   assert_param(IS_RTC_IT(RTC_IT));  
  93:./.driver/STM32F10x_StdPeriph_Driver/src/stm32f10x_rtc.c ****   assert_param(IS_FUNCTIONAL_STATE(NewState));
  94:./.driver/STM32F10x_StdPeriph_Driver/src/stm32f10x_rtc.c ****   
  95:./.driver/STM32F10x_StdPeriph_Driver/src/stm32f10x_rtc.c ****   if (NewState != DISABLE)
  47              		.loc 1 95 6
  48 0010 7B79     		ldrb	r3, [r7, #5]	@ zero_extendqisi2
  49 0012 002B     		cmp	r3, #0
  50 0014 08D0     		beq	.L2
  96:./.driver/STM32F10x_StdPeriph_Driver/src/stm32f10x_rtc.c ****   {
  97:./.driver/STM32F10x_StdPeriph_Driver/src/stm32f10x_rtc.c ****     RTC->CRH |= RTC_IT;
  51              		.loc 1 97 14
  52 0016 0C4B     		ldr	r3, .L5
  53 0018 1B88     		ldrh	r3, [r3]	@ movhi
  54 001a 9AB2     		uxth	r2, r3
  55 001c 0A49     		ldr	r1, .L5
  56 001e FB88     		ldrh	r3, [r7, #6]	@ movhi
  57 0020 1343     		orrs	r3, r3, r2
  58 0022 9BB2     		uxth	r3, r3
  59 0024 0B80     		strh	r3, [r1]	@ movhi
  98:./.driver/STM32F10x_StdPeriph_Driver/src/stm32f10x_rtc.c ****   }
  99:./.driver/STM32F10x_StdPeriph_Driver/src/stm32f10x_rtc.c ****   else
 100:./.driver/STM32F10x_StdPeriph_Driver/src/stm32f10x_rtc.c ****   {
 101:./.driver/STM32F10x_StdPeriph_Driver/src/stm32f10x_rtc.c ****     RTC->CRH &= (uint16_t)~RTC_IT;
 102:./.driver/STM32F10x_StdPeriph_Driver/src/stm32f10x_rtc.c ****   }
 103:./.driver/STM32F10x_StdPeriph_Driver/src/stm32f10x_rtc.c **** }
  60              		.loc 1 103 1
  61 0026 09E0     		b	.L4
  62              	.L2:
 101:./.driver/STM32F10x_StdPeriph_Driver/src/stm32f10x_rtc.c ****   }
  63              		.loc 1 101 14
  64 0028 074B     		ldr	r3, .L5
  65 002a 1B88     		ldrh	r3, [r3]	@ movhi
  66 002c 9AB2     		uxth	r2, r3
 101:./.driver/STM32F10x_StdPeriph_Driver/src/stm32f10x_rtc.c ****   }
  67              		.loc 1 101 17
ARM GAS  C:\Users\SAMEER~1.ALM\AppData\Local\Temp\ccos85sB.s 			page 4


  68 002e FB88     		ldrh	r3, [r7, #6]	@ movhi
  69 0030 DB43     		mvns	r3, r3
  70 0032 9BB2     		uxth	r3, r3
 101:./.driver/STM32F10x_StdPeriph_Driver/src/stm32f10x_rtc.c ****   }
  71              		.loc 1 101 14
  72 0034 0449     		ldr	r1, .L5
  73 0036 1340     		ands	r3, r3, r2
  74 0038 9BB2     		uxth	r3, r3
  75 003a 0B80     		strh	r3, [r1]	@ movhi
  76              	.L4:
  77              		.loc 1 103 1
  78 003c 00BF     		nop
  79 003e 0C37     		adds	r7, r7, #12
  80              	.LCFI3:
  81              		.cfi_def_cfa_offset 4
  82 0040 BD46     		mov	sp, r7
  83              	.LCFI4:
  84              		.cfi_def_cfa_register 13
  85              		@ sp needed
  86 0042 80BC     		pop	{r7}
  87              	.LCFI5:
  88              		.cfi_restore 7
  89              		.cfi_def_cfa_offset 0
  90 0044 7047     		bx	lr
  91              	.L6:
  92 0046 00BF     		.align	2
  93              	.L5:
  94 0048 00280040 		.word	1073752064
  95              		.cfi_endproc
  96              	.LFE29:
  98              		.section	.text.RTC_EnterConfigMode,"ax",%progbits
  99              		.align	1
 100              		.global	RTC_EnterConfigMode
 101              		.syntax unified
 102              		.thumb
 103              		.thumb_func
 105              	RTC_EnterConfigMode:
 106              	.LFB30:
 104:./.driver/STM32F10x_StdPeriph_Driver/src/stm32f10x_rtc.c **** 
 105:./.driver/STM32F10x_StdPeriph_Driver/src/stm32f10x_rtc.c **** /**
 106:./.driver/STM32F10x_StdPeriph_Driver/src/stm32f10x_rtc.c ****   * @brief  Enters the RTC configuration mode.
 107:./.driver/STM32F10x_StdPeriph_Driver/src/stm32f10x_rtc.c ****   * @param  None
 108:./.driver/STM32F10x_StdPeriph_Driver/src/stm32f10x_rtc.c ****   * @retval None
 109:./.driver/STM32F10x_StdPeriph_Driver/src/stm32f10x_rtc.c ****   */
 110:./.driver/STM32F10x_StdPeriph_Driver/src/stm32f10x_rtc.c **** void RTC_EnterConfigMode(void)
 111:./.driver/STM32F10x_StdPeriph_Driver/src/stm32f10x_rtc.c **** {
 107              		.loc 1 111 1
 108              		.cfi_startproc
 109              		@ args = 0, pretend = 0, frame = 0
 110              		@ frame_needed = 1, uses_anonymous_args = 0
 111              		@ link register save eliminated.
 112 0000 80B4     		push	{r7}
 113              	.LCFI6:
 114              		.cfi_def_cfa_offset 4
 115              		.cfi_offset 7, -4
 116 0002 00AF     		add	r7, sp, #0
 117              	.LCFI7:
ARM GAS  C:\Users\SAMEER~1.ALM\AppData\Local\Temp\ccos85sB.s 			page 5


 118              		.cfi_def_cfa_register 7
 112:./.driver/STM32F10x_StdPeriph_Driver/src/stm32f10x_rtc.c ****   /* Set the CNF flag to enter in the Configuration Mode */
 113:./.driver/STM32F10x_StdPeriph_Driver/src/stm32f10x_rtc.c ****   RTC->CRL |= RTC_CRL_CNF;
 119              		.loc 1 113 12
 120 0004 054B     		ldr	r3, .L8
 121 0006 9B88     		ldrh	r3, [r3, #4]	@ movhi
 122 0008 9BB2     		uxth	r3, r3
 123 000a 044A     		ldr	r2, .L8
 124 000c 43F01003 		orr	r3, r3, #16
 125 0010 9BB2     		uxth	r3, r3
 126 0012 9380     		strh	r3, [r2, #4]	@ movhi
 114:./.driver/STM32F10x_StdPeriph_Driver/src/stm32f10x_rtc.c **** }
 127              		.loc 1 114 1
 128 0014 00BF     		nop
 129 0016 BD46     		mov	sp, r7
 130              	.LCFI8:
 131              		.cfi_def_cfa_register 13
 132              		@ sp needed
 133 0018 80BC     		pop	{r7}
 134              	.LCFI9:
 135              		.cfi_restore 7
 136              		.cfi_def_cfa_offset 0
 137 001a 7047     		bx	lr
 138              	.L9:
 139              		.align	2
 140              	.L8:
 141 001c 00280040 		.word	1073752064
 142              		.cfi_endproc
 143              	.LFE30:
 145              		.section	.text.RTC_ExitConfigMode,"ax",%progbits
 146              		.align	1
 147              		.global	RTC_ExitConfigMode
 148              		.syntax unified
 149              		.thumb
 150              		.thumb_func
 152              	RTC_ExitConfigMode:
 153              	.LFB31:
 115:./.driver/STM32F10x_StdPeriph_Driver/src/stm32f10x_rtc.c **** 
 116:./.driver/STM32F10x_StdPeriph_Driver/src/stm32f10x_rtc.c **** /**
 117:./.driver/STM32F10x_StdPeriph_Driver/src/stm32f10x_rtc.c ****   * @brief  Exits from the RTC configuration mode.
 118:./.driver/STM32F10x_StdPeriph_Driver/src/stm32f10x_rtc.c ****   * @param  None
 119:./.driver/STM32F10x_StdPeriph_Driver/src/stm32f10x_rtc.c ****   * @retval None
 120:./.driver/STM32F10x_StdPeriph_Driver/src/stm32f10x_rtc.c ****   */
 121:./.driver/STM32F10x_StdPeriph_Driver/src/stm32f10x_rtc.c **** void RTC_ExitConfigMode(void)
 122:./.driver/STM32F10x_StdPeriph_Driver/src/stm32f10x_rtc.c **** {
 154              		.loc 1 122 1
 155              		.cfi_startproc
 156              		@ args = 0, pretend = 0, frame = 0
 157              		@ frame_needed = 1, uses_anonymous_args = 0
 158              		@ link register save eliminated.
 159 0000 80B4     		push	{r7}
 160              	.LCFI10:
 161              		.cfi_def_cfa_offset 4
 162              		.cfi_offset 7, -4
 163 0002 00AF     		add	r7, sp, #0
 164              	.LCFI11:
 165              		.cfi_def_cfa_register 7
ARM GAS  C:\Users\SAMEER~1.ALM\AppData\Local\Temp\ccos85sB.s 			page 6


 123:./.driver/STM32F10x_StdPeriph_Driver/src/stm32f10x_rtc.c ****   /* Reset the CNF flag to exit from the Configuration Mode */
 124:./.driver/STM32F10x_StdPeriph_Driver/src/stm32f10x_rtc.c ****   RTC->CRL &= (uint16_t)~((uint16_t)RTC_CRL_CNF); 
 166              		.loc 1 124 12
 167 0004 054B     		ldr	r3, .L11
 168 0006 9B88     		ldrh	r3, [r3, #4]	@ movhi
 169 0008 9BB2     		uxth	r3, r3
 170 000a 044A     		ldr	r2, .L11
 171 000c 23F01003 		bic	r3, r3, #16
 172 0010 9BB2     		uxth	r3, r3
 173 0012 9380     		strh	r3, [r2, #4]	@ movhi
 125:./.driver/STM32F10x_StdPeriph_Driver/src/stm32f10x_rtc.c **** }
 174              		.loc 1 125 1
 175 0014 00BF     		nop
 176 0016 BD46     		mov	sp, r7
 177              	.LCFI12:
 178              		.cfi_def_cfa_register 13
 179              		@ sp needed
 180 0018 80BC     		pop	{r7}
 181              	.LCFI13:
 182              		.cfi_restore 7
 183              		.cfi_def_cfa_offset 0
 184 001a 7047     		bx	lr
 185              	.L12:
 186              		.align	2
 187              	.L11:
 188 001c 00280040 		.word	1073752064
 189              		.cfi_endproc
 190              	.LFE31:
 192              		.section	.text.RTC_GetCounter,"ax",%progbits
 193              		.align	1
 194              		.global	RTC_GetCounter
 195              		.syntax unified
 196              		.thumb
 197              		.thumb_func
 199              	RTC_GetCounter:
 200              	.LFB32:
 126:./.driver/STM32F10x_StdPeriph_Driver/src/stm32f10x_rtc.c **** 
 127:./.driver/STM32F10x_StdPeriph_Driver/src/stm32f10x_rtc.c **** /**
 128:./.driver/STM32F10x_StdPeriph_Driver/src/stm32f10x_rtc.c ****   * @brief  Gets the RTC counter value.
 129:./.driver/STM32F10x_StdPeriph_Driver/src/stm32f10x_rtc.c ****   * @param  None
 130:./.driver/STM32F10x_StdPeriph_Driver/src/stm32f10x_rtc.c ****   * @retval RTC counter value.
 131:./.driver/STM32F10x_StdPeriph_Driver/src/stm32f10x_rtc.c ****   */
 132:./.driver/STM32F10x_StdPeriph_Driver/src/stm32f10x_rtc.c **** uint32_t RTC_GetCounter(void)
 133:./.driver/STM32F10x_StdPeriph_Driver/src/stm32f10x_rtc.c **** {
 201              		.loc 1 133 1
 202              		.cfi_startproc
 203              		@ args = 0, pretend = 0, frame = 8
 204              		@ frame_needed = 1, uses_anonymous_args = 0
 205              		@ link register save eliminated.
 206 0000 80B4     		push	{r7}
 207              	.LCFI14:
 208              		.cfi_def_cfa_offset 4
 209              		.cfi_offset 7, -4
 210 0002 83B0     		sub	sp, sp, #12
 211              	.LCFI15:
 212              		.cfi_def_cfa_offset 16
 213 0004 00AF     		add	r7, sp, #0
ARM GAS  C:\Users\SAMEER~1.ALM\AppData\Local\Temp\ccos85sB.s 			page 7


 214              	.LCFI16:
 215              		.cfi_def_cfa_register 7
 134:./.driver/STM32F10x_StdPeriph_Driver/src/stm32f10x_rtc.c ****   uint16_t high1 = 0, high2 = 0, low = 0;
 216              		.loc 1 134 12
 217 0006 0023     		movs	r3, #0
 218 0008 FB80     		strh	r3, [r7, #6]	@ movhi
 219              		.loc 1 134 23
 220 000a 0023     		movs	r3, #0
 221 000c BB80     		strh	r3, [r7, #4]	@ movhi
 222              		.loc 1 134 34
 223 000e 0023     		movs	r3, #0
 224 0010 7B80     		strh	r3, [r7, #2]	@ movhi
 135:./.driver/STM32F10x_StdPeriph_Driver/src/stm32f10x_rtc.c **** 
 136:./.driver/STM32F10x_StdPeriph_Driver/src/stm32f10x_rtc.c ****   high1 = RTC->CNTH;
 225              		.loc 1 136 14
 226 0012 0E4B     		ldr	r3, .L16
 227              		.loc 1 136 9
 228 0014 1B8B     		ldrh	r3, [r3, #24]	@ movhi
 229 0016 FB80     		strh	r3, [r7, #6]	@ movhi
 137:./.driver/STM32F10x_StdPeriph_Driver/src/stm32f10x_rtc.c ****   low   = RTC->CNTL;
 230              		.loc 1 137 14
 231 0018 0C4B     		ldr	r3, .L16
 232              		.loc 1 137 9
 233 001a 9B8B     		ldrh	r3, [r3, #28]	@ movhi
 234 001c 7B80     		strh	r3, [r7, #2]	@ movhi
 138:./.driver/STM32F10x_StdPeriph_Driver/src/stm32f10x_rtc.c ****   high2 = RTC->CNTH;
 235              		.loc 1 138 14
 236 001e 0B4B     		ldr	r3, .L16
 237              		.loc 1 138 9
 238 0020 1B8B     		ldrh	r3, [r3, #24]	@ movhi
 239 0022 BB80     		strh	r3, [r7, #4]	@ movhi
 139:./.driver/STM32F10x_StdPeriph_Driver/src/stm32f10x_rtc.c **** 
 140:./.driver/STM32F10x_StdPeriph_Driver/src/stm32f10x_rtc.c ****   if (high1 != high2)
 240              		.loc 1 140 6
 241 0024 FA88     		ldrh	r2, [r7, #6]
 242 0026 BB88     		ldrh	r3, [r7, #4]
 243 0028 9A42     		cmp	r2, r3
 244 002a 06D0     		beq	.L14
 141:./.driver/STM32F10x_StdPeriph_Driver/src/stm32f10x_rtc.c ****   { /* In this case the counter roll over during reading of CNTL and CNTH registers, 
 142:./.driver/STM32F10x_StdPeriph_Driver/src/stm32f10x_rtc.c ****        read again CNTL register then return the counter value */
 143:./.driver/STM32F10x_StdPeriph_Driver/src/stm32f10x_rtc.c ****     return (((uint32_t) high2 << 16 ) | RTC->CNTL);
 245              		.loc 1 143 14
 246 002c BB88     		ldrh	r3, [r7, #4]
 247              		.loc 1 143 31
 248 002e 1B04     		lsls	r3, r3, #16
 249              		.loc 1 143 44
 250 0030 064A     		ldr	r2, .L16
 251 0032 928B     		ldrh	r2, [r2, #28]	@ movhi
 252 0034 92B2     		uxth	r2, r2
 253              		.loc 1 143 39
 254 0036 1343     		orrs	r3, r3, r2
 255 0038 03E0     		b	.L15
 256              	.L14:
 144:./.driver/STM32F10x_StdPeriph_Driver/src/stm32f10x_rtc.c ****   }
 145:./.driver/STM32F10x_StdPeriph_Driver/src/stm32f10x_rtc.c ****   else
 146:./.driver/STM32F10x_StdPeriph_Driver/src/stm32f10x_rtc.c ****   { /* No counter roll over during reading of CNTL and CNTH registers, counter 
 147:./.driver/STM32F10x_StdPeriph_Driver/src/stm32f10x_rtc.c ****        value is equal to first value of CNTL and CNTH */
ARM GAS  C:\Users\SAMEER~1.ALM\AppData\Local\Temp\ccos85sB.s 			page 8


 148:./.driver/STM32F10x_StdPeriph_Driver/src/stm32f10x_rtc.c ****     return (((uint32_t) high1 << 16 ) | low);
 257              		.loc 1 148 14
 258 003a FB88     		ldrh	r3, [r7, #6]
 259              		.loc 1 148 31
 260 003c 1A04     		lsls	r2, r3, #16
 261              		.loc 1 148 39
 262 003e 7B88     		ldrh	r3, [r7, #2]
 263 0040 1343     		orrs	r3, r3, r2
 264              	.L15:
 149:./.driver/STM32F10x_StdPeriph_Driver/src/stm32f10x_rtc.c ****   }
 150:./.driver/STM32F10x_StdPeriph_Driver/src/stm32f10x_rtc.c **** }
 265              		.loc 1 150 1
 266 0042 1846     		mov	r0, r3
 267 0044 0C37     		adds	r7, r7, #12
 268              	.LCFI17:
 269              		.cfi_def_cfa_offset 4
 270 0046 BD46     		mov	sp, r7
 271              	.LCFI18:
 272              		.cfi_def_cfa_register 13
 273              		@ sp needed
 274 0048 80BC     		pop	{r7}
 275              	.LCFI19:
 276              		.cfi_restore 7
 277              		.cfi_def_cfa_offset 0
 278 004a 7047     		bx	lr
 279              	.L17:
 280              		.align	2
 281              	.L16:
 282 004c 00280040 		.word	1073752064
 283              		.cfi_endproc
 284              	.LFE32:
 286              		.section	.text.RTC_SetCounter,"ax",%progbits
 287              		.align	1
 288              		.global	RTC_SetCounter
 289              		.syntax unified
 290              		.thumb
 291              		.thumb_func
 293              	RTC_SetCounter:
 294              	.LFB33:
 151:./.driver/STM32F10x_StdPeriph_Driver/src/stm32f10x_rtc.c **** 
 152:./.driver/STM32F10x_StdPeriph_Driver/src/stm32f10x_rtc.c **** /**
 153:./.driver/STM32F10x_StdPeriph_Driver/src/stm32f10x_rtc.c ****   * @brief  Sets the RTC counter value.
 154:./.driver/STM32F10x_StdPeriph_Driver/src/stm32f10x_rtc.c ****   * @param  CounterValue: RTC counter new value.
 155:./.driver/STM32F10x_StdPeriph_Driver/src/stm32f10x_rtc.c ****   * @retval None
 156:./.driver/STM32F10x_StdPeriph_Driver/src/stm32f10x_rtc.c ****   */
 157:./.driver/STM32F10x_StdPeriph_Driver/src/stm32f10x_rtc.c **** void RTC_SetCounter(uint32_t CounterValue)
 158:./.driver/STM32F10x_StdPeriph_Driver/src/stm32f10x_rtc.c **** { 
 295              		.loc 1 158 1
 296              		.cfi_startproc
 297              		@ args = 0, pretend = 0, frame = 8
 298              		@ frame_needed = 1, uses_anonymous_args = 0
 299 0000 80B5     		push	{r7, lr}
 300              	.LCFI20:
 301              		.cfi_def_cfa_offset 8
 302              		.cfi_offset 7, -8
 303              		.cfi_offset 14, -4
 304 0002 82B0     		sub	sp, sp, #8
ARM GAS  C:\Users\SAMEER~1.ALM\AppData\Local\Temp\ccos85sB.s 			page 9


 305              	.LCFI21:
 306              		.cfi_def_cfa_offset 16
 307 0004 00AF     		add	r7, sp, #0
 308              	.LCFI22:
 309              		.cfi_def_cfa_register 7
 310 0006 7860     		str	r0, [r7, #4]
 159:./.driver/STM32F10x_StdPeriph_Driver/src/stm32f10x_rtc.c ****   RTC_EnterConfigMode();
 311              		.loc 1 159 3
 312 0008 FFF7FEFF 		bl	RTC_EnterConfigMode
 160:./.driver/STM32F10x_StdPeriph_Driver/src/stm32f10x_rtc.c ****   /* Set RTC COUNTER MSB word */
 161:./.driver/STM32F10x_StdPeriph_Driver/src/stm32f10x_rtc.c ****   RTC->CNTH = CounterValue >> 16;
 313              		.loc 1 161 28
 314 000c 7B68     		ldr	r3, [r7, #4]
 315 000e 1A0C     		lsrs	r2, r3, #16
 316              		.loc 1 161 6
 317 0010 064B     		ldr	r3, .L19
 318              		.loc 1 161 13
 319 0012 92B2     		uxth	r2, r2
 320 0014 1A83     		strh	r2, [r3, #24]	@ movhi
 162:./.driver/STM32F10x_StdPeriph_Driver/src/stm32f10x_rtc.c ****   /* Set RTC COUNTER LSB word */
 163:./.driver/STM32F10x_StdPeriph_Driver/src/stm32f10x_rtc.c ****   RTC->CNTL = (CounterValue & RTC_LSB_MASK);
 321              		.loc 1 163 6
 322 0016 054B     		ldr	r3, .L19
 323              		.loc 1 163 13
 324 0018 7A68     		ldr	r2, [r7, #4]
 325 001a 92B2     		uxth	r2, r2
 326 001c 9A83     		strh	r2, [r3, #28]	@ movhi
 164:./.driver/STM32F10x_StdPeriph_Driver/src/stm32f10x_rtc.c ****   RTC_ExitConfigMode();
 327              		.loc 1 164 3
 328 001e FFF7FEFF 		bl	RTC_ExitConfigMode
 165:./.driver/STM32F10x_StdPeriph_Driver/src/stm32f10x_rtc.c **** }
 329              		.loc 1 165 1
 330 0022 00BF     		nop
 331 0024 0837     		adds	r7, r7, #8
 332              	.LCFI23:
 333              		.cfi_def_cfa_offset 8
 334 0026 BD46     		mov	sp, r7
 335              	.LCFI24:
 336              		.cfi_def_cfa_register 13
 337              		@ sp needed
 338 0028 80BD     		pop	{r7, pc}
 339              	.L20:
 340 002a 00BF     		.align	2
 341              	.L19:
 342 002c 00280040 		.word	1073752064
 343              		.cfi_endproc
 344              	.LFE33:
 346              		.section	.text.RTC_SetPrescaler,"ax",%progbits
 347              		.align	1
 348              		.global	RTC_SetPrescaler
 349              		.syntax unified
 350              		.thumb
 351              		.thumb_func
 353              	RTC_SetPrescaler:
 354              	.LFB34:
 166:./.driver/STM32F10x_StdPeriph_Driver/src/stm32f10x_rtc.c **** 
 167:./.driver/STM32F10x_StdPeriph_Driver/src/stm32f10x_rtc.c **** /**
ARM GAS  C:\Users\SAMEER~1.ALM\AppData\Local\Temp\ccos85sB.s 			page 10


 168:./.driver/STM32F10x_StdPeriph_Driver/src/stm32f10x_rtc.c ****   * @brief  Sets the RTC prescaler value.
 169:./.driver/STM32F10x_StdPeriph_Driver/src/stm32f10x_rtc.c ****   * @param  PrescalerValue: RTC prescaler new value.
 170:./.driver/STM32F10x_StdPeriph_Driver/src/stm32f10x_rtc.c ****   * @retval None
 171:./.driver/STM32F10x_StdPeriph_Driver/src/stm32f10x_rtc.c ****   */
 172:./.driver/STM32F10x_StdPeriph_Driver/src/stm32f10x_rtc.c **** void RTC_SetPrescaler(uint32_t PrescalerValue)
 173:./.driver/STM32F10x_StdPeriph_Driver/src/stm32f10x_rtc.c **** {
 355              		.loc 1 173 1
 356              		.cfi_startproc
 357              		@ args = 0, pretend = 0, frame = 8
 358              		@ frame_needed = 1, uses_anonymous_args = 0
 359 0000 80B5     		push	{r7, lr}
 360              	.LCFI25:
 361              		.cfi_def_cfa_offset 8
 362              		.cfi_offset 7, -8
 363              		.cfi_offset 14, -4
 364 0002 82B0     		sub	sp, sp, #8
 365              	.LCFI26:
 366              		.cfi_def_cfa_offset 16
 367 0004 00AF     		add	r7, sp, #0
 368              	.LCFI27:
 369              		.cfi_def_cfa_register 7
 370 0006 7860     		str	r0, [r7, #4]
 174:./.driver/STM32F10x_StdPeriph_Driver/src/stm32f10x_rtc.c ****   /* Check the parameters */
 175:./.driver/STM32F10x_StdPeriph_Driver/src/stm32f10x_rtc.c ****   assert_param(IS_RTC_PRESCALER(PrescalerValue));
 176:./.driver/STM32F10x_StdPeriph_Driver/src/stm32f10x_rtc.c ****   
 177:./.driver/STM32F10x_StdPeriph_Driver/src/stm32f10x_rtc.c ****   RTC_EnterConfigMode();
 371              		.loc 1 177 3
 372 0008 FFF7FEFF 		bl	RTC_EnterConfigMode
 178:./.driver/STM32F10x_StdPeriph_Driver/src/stm32f10x_rtc.c ****   /* Set RTC PRESCALER MSB word */
 179:./.driver/STM32F10x_StdPeriph_Driver/src/stm32f10x_rtc.c ****   RTC->PRLH = (PrescalerValue & PRLH_MSB_MASK) >> 16;
 373              		.loc 1 179 48
 374 000c 7B68     		ldr	r3, [r7, #4]
 375 000e 1B0C     		lsrs	r3, r3, #16
 376 0010 9BB2     		uxth	r3, r3
 377              		.loc 1 179 6
 378 0012 074A     		ldr	r2, .L22
 379              		.loc 1 179 48
 380 0014 03F00F03 		and	r3, r3, #15
 381 0018 9BB2     		uxth	r3, r3
 382              		.loc 1 179 13
 383 001a 1381     		strh	r3, [r2, #8]	@ movhi
 180:./.driver/STM32F10x_StdPeriph_Driver/src/stm32f10x_rtc.c ****   /* Set RTC PRESCALER LSB word */
 181:./.driver/STM32F10x_StdPeriph_Driver/src/stm32f10x_rtc.c ****   RTC->PRLL = (PrescalerValue & RTC_LSB_MASK);
 384              		.loc 1 181 6
 385 001c 044B     		ldr	r3, .L22
 386              		.loc 1 181 13
 387 001e 7A68     		ldr	r2, [r7, #4]
 388 0020 92B2     		uxth	r2, r2
 389 0022 9A81     		strh	r2, [r3, #12]	@ movhi
 182:./.driver/STM32F10x_StdPeriph_Driver/src/stm32f10x_rtc.c ****   RTC_ExitConfigMode();
 390              		.loc 1 182 3
 391 0024 FFF7FEFF 		bl	RTC_ExitConfigMode
 183:./.driver/STM32F10x_StdPeriph_Driver/src/stm32f10x_rtc.c **** }
 392              		.loc 1 183 1
 393 0028 00BF     		nop
 394 002a 0837     		adds	r7, r7, #8
 395              	.LCFI28:
ARM GAS  C:\Users\SAMEER~1.ALM\AppData\Local\Temp\ccos85sB.s 			page 11


 396              		.cfi_def_cfa_offset 8
 397 002c BD46     		mov	sp, r7
 398              	.LCFI29:
 399              		.cfi_def_cfa_register 13
 400              		@ sp needed
 401 002e 80BD     		pop	{r7, pc}
 402              	.L23:
 403              		.align	2
 404              	.L22:
 405 0030 00280040 		.word	1073752064
 406              		.cfi_endproc
 407              	.LFE34:
 409              		.section	.text.RTC_SetAlarm,"ax",%progbits
 410              		.align	1
 411              		.global	RTC_SetAlarm
 412              		.syntax unified
 413              		.thumb
 414              		.thumb_func
 416              	RTC_SetAlarm:
 417              	.LFB35:
 184:./.driver/STM32F10x_StdPeriph_Driver/src/stm32f10x_rtc.c **** 
 185:./.driver/STM32F10x_StdPeriph_Driver/src/stm32f10x_rtc.c **** /**
 186:./.driver/STM32F10x_StdPeriph_Driver/src/stm32f10x_rtc.c ****   * @brief  Sets the RTC alarm value.
 187:./.driver/STM32F10x_StdPeriph_Driver/src/stm32f10x_rtc.c ****   * @param  AlarmValue: RTC alarm new value.
 188:./.driver/STM32F10x_StdPeriph_Driver/src/stm32f10x_rtc.c ****   * @retval None
 189:./.driver/STM32F10x_StdPeriph_Driver/src/stm32f10x_rtc.c ****   */
 190:./.driver/STM32F10x_StdPeriph_Driver/src/stm32f10x_rtc.c **** void RTC_SetAlarm(uint32_t AlarmValue)
 191:./.driver/STM32F10x_StdPeriph_Driver/src/stm32f10x_rtc.c **** {  
 418              		.loc 1 191 1
 419              		.cfi_startproc
 420              		@ args = 0, pretend = 0, frame = 8
 421              		@ frame_needed = 1, uses_anonymous_args = 0
 422 0000 80B5     		push	{r7, lr}
 423              	.LCFI30:
 424              		.cfi_def_cfa_offset 8
 425              		.cfi_offset 7, -8
 426              		.cfi_offset 14, -4
 427 0002 82B0     		sub	sp, sp, #8
 428              	.LCFI31:
 429              		.cfi_def_cfa_offset 16
 430 0004 00AF     		add	r7, sp, #0
 431              	.LCFI32:
 432              		.cfi_def_cfa_register 7
 433 0006 7860     		str	r0, [r7, #4]
 192:./.driver/STM32F10x_StdPeriph_Driver/src/stm32f10x_rtc.c ****   RTC_EnterConfigMode();
 434              		.loc 1 192 3
 435 0008 FFF7FEFF 		bl	RTC_EnterConfigMode
 193:./.driver/STM32F10x_StdPeriph_Driver/src/stm32f10x_rtc.c ****   /* Set the ALARM MSB word */
 194:./.driver/STM32F10x_StdPeriph_Driver/src/stm32f10x_rtc.c ****   RTC->ALRH = AlarmValue >> 16;
 436              		.loc 1 194 26
 437 000c 7B68     		ldr	r3, [r7, #4]
 438 000e 1A0C     		lsrs	r2, r3, #16
 439              		.loc 1 194 6
 440 0010 064B     		ldr	r3, .L25
 441              		.loc 1 194 13
 442 0012 92B2     		uxth	r2, r2
 443 0014 1A84     		strh	r2, [r3, #32]	@ movhi
ARM GAS  C:\Users\SAMEER~1.ALM\AppData\Local\Temp\ccos85sB.s 			page 12


 195:./.driver/STM32F10x_StdPeriph_Driver/src/stm32f10x_rtc.c ****   /* Set the ALARM LSB word */
 196:./.driver/STM32F10x_StdPeriph_Driver/src/stm32f10x_rtc.c ****   RTC->ALRL = (AlarmValue & RTC_LSB_MASK);
 444              		.loc 1 196 6
 445 0016 054B     		ldr	r3, .L25
 446              		.loc 1 196 13
 447 0018 7A68     		ldr	r2, [r7, #4]
 448 001a 92B2     		uxth	r2, r2
 449 001c 9A84     		strh	r2, [r3, #36]	@ movhi
 197:./.driver/STM32F10x_StdPeriph_Driver/src/stm32f10x_rtc.c ****   RTC_ExitConfigMode();
 450              		.loc 1 197 3
 451 001e FFF7FEFF 		bl	RTC_ExitConfigMode
 198:./.driver/STM32F10x_StdPeriph_Driver/src/stm32f10x_rtc.c **** }
 452              		.loc 1 198 1
 453 0022 00BF     		nop
 454 0024 0837     		adds	r7, r7, #8
 455              	.LCFI33:
 456              		.cfi_def_cfa_offset 8
 457 0026 BD46     		mov	sp, r7
 458              	.LCFI34:
 459              		.cfi_def_cfa_register 13
 460              		@ sp needed
 461 0028 80BD     		pop	{r7, pc}
 462              	.L26:
 463 002a 00BF     		.align	2
 464              	.L25:
 465 002c 00280040 		.word	1073752064
 466              		.cfi_endproc
 467              	.LFE35:
 469              		.section	.text.RTC_GetDivider,"ax",%progbits
 470              		.align	1
 471              		.global	RTC_GetDivider
 472              		.syntax unified
 473              		.thumb
 474              		.thumb_func
 476              	RTC_GetDivider:
 477              	.LFB36:
 199:./.driver/STM32F10x_StdPeriph_Driver/src/stm32f10x_rtc.c **** 
 200:./.driver/STM32F10x_StdPeriph_Driver/src/stm32f10x_rtc.c **** /**
 201:./.driver/STM32F10x_StdPeriph_Driver/src/stm32f10x_rtc.c ****   * @brief  Gets the RTC divider value.
 202:./.driver/STM32F10x_StdPeriph_Driver/src/stm32f10x_rtc.c ****   * @param  None
 203:./.driver/STM32F10x_StdPeriph_Driver/src/stm32f10x_rtc.c ****   * @retval RTC Divider value.
 204:./.driver/STM32F10x_StdPeriph_Driver/src/stm32f10x_rtc.c ****   */
 205:./.driver/STM32F10x_StdPeriph_Driver/src/stm32f10x_rtc.c **** uint32_t RTC_GetDivider(void)
 206:./.driver/STM32F10x_StdPeriph_Driver/src/stm32f10x_rtc.c **** {
 478              		.loc 1 206 1
 479              		.cfi_startproc
 480              		@ args = 0, pretend = 0, frame = 8
 481              		@ frame_needed = 1, uses_anonymous_args = 0
 482              		@ link register save eliminated.
 483 0000 80B4     		push	{r7}
 484              	.LCFI35:
 485              		.cfi_def_cfa_offset 4
 486              		.cfi_offset 7, -4
 487 0002 83B0     		sub	sp, sp, #12
 488              	.LCFI36:
 489              		.cfi_def_cfa_offset 16
 490 0004 00AF     		add	r7, sp, #0
ARM GAS  C:\Users\SAMEER~1.ALM\AppData\Local\Temp\ccos85sB.s 			page 13


 491              	.LCFI37:
 492              		.cfi_def_cfa_register 7
 207:./.driver/STM32F10x_StdPeriph_Driver/src/stm32f10x_rtc.c ****   uint32_t tmp = 0x00;
 493              		.loc 1 207 12
 494 0006 0023     		movs	r3, #0
 495 0008 7B60     		str	r3, [r7, #4]
 208:./.driver/STM32F10x_StdPeriph_Driver/src/stm32f10x_rtc.c ****   tmp = ((uint32_t)RTC->DIVH & (uint32_t)0x000F) << 16;
 496              		.loc 1 208 23
 497 000a 0A4B     		ldr	r3, .L29
 498 000c 1B8A     		ldrh	r3, [r3, #16]	@ movhi
 499 000e 9BB2     		uxth	r3, r3
 500              		.loc 1 208 50
 501 0010 1B04     		lsls	r3, r3, #16
 502              		.loc 1 208 7
 503 0012 03F47023 		and	r3, r3, #983040
 504 0016 7B60     		str	r3, [r7, #4]
 209:./.driver/STM32F10x_StdPeriph_Driver/src/stm32f10x_rtc.c ****   tmp |= RTC->DIVL;
 505              		.loc 1 209 13
 506 0018 064B     		ldr	r3, .L29
 507 001a 9B8A     		ldrh	r3, [r3, #20]	@ movhi
 508 001c 9BB2     		uxth	r3, r3
 509 001e 1A46     		mov	r2, r3
 510              		.loc 1 209 7
 511 0020 7B68     		ldr	r3, [r7, #4]
 512 0022 1343     		orrs	r3, r3, r2
 513 0024 7B60     		str	r3, [r7, #4]
 210:./.driver/STM32F10x_StdPeriph_Driver/src/stm32f10x_rtc.c ****   return tmp;
 514              		.loc 1 210 10
 515 0026 7B68     		ldr	r3, [r7, #4]
 211:./.driver/STM32F10x_StdPeriph_Driver/src/stm32f10x_rtc.c **** }
 516              		.loc 1 211 1
 517 0028 1846     		mov	r0, r3
 518 002a 0C37     		adds	r7, r7, #12
 519              	.LCFI38:
 520              		.cfi_def_cfa_offset 4
 521 002c BD46     		mov	sp, r7
 522              	.LCFI39:
 523              		.cfi_def_cfa_register 13
 524              		@ sp needed
 525 002e 80BC     		pop	{r7}
 526              	.LCFI40:
 527              		.cfi_restore 7
 528              		.cfi_def_cfa_offset 0
 529 0030 7047     		bx	lr
 530              	.L30:
 531 0032 00BF     		.align	2
 532              	.L29:
 533 0034 00280040 		.word	1073752064
 534              		.cfi_endproc
 535              	.LFE36:
 537              		.section	.text.RTC_WaitForLastTask,"ax",%progbits
 538              		.align	1
 539              		.global	RTC_WaitForLastTask
 540              		.syntax unified
 541              		.thumb
 542              		.thumb_func
 544              	RTC_WaitForLastTask:
ARM GAS  C:\Users\SAMEER~1.ALM\AppData\Local\Temp\ccos85sB.s 			page 14


 545              	.LFB37:
 212:./.driver/STM32F10x_StdPeriph_Driver/src/stm32f10x_rtc.c **** 
 213:./.driver/STM32F10x_StdPeriph_Driver/src/stm32f10x_rtc.c **** /**
 214:./.driver/STM32F10x_StdPeriph_Driver/src/stm32f10x_rtc.c ****   * @brief  Waits until last write operation on RTC registers has finished.
 215:./.driver/STM32F10x_StdPeriph_Driver/src/stm32f10x_rtc.c ****   * @note   This function must be called before any write to RTC registers.
 216:./.driver/STM32F10x_StdPeriph_Driver/src/stm32f10x_rtc.c ****   * @param  None
 217:./.driver/STM32F10x_StdPeriph_Driver/src/stm32f10x_rtc.c ****   * @retval None
 218:./.driver/STM32F10x_StdPeriph_Driver/src/stm32f10x_rtc.c ****   */
 219:./.driver/STM32F10x_StdPeriph_Driver/src/stm32f10x_rtc.c **** void RTC_WaitForLastTask(void)
 220:./.driver/STM32F10x_StdPeriph_Driver/src/stm32f10x_rtc.c **** {
 546              		.loc 1 220 1
 547              		.cfi_startproc
 548              		@ args = 0, pretend = 0, frame = 0
 549              		@ frame_needed = 1, uses_anonymous_args = 0
 550              		@ link register save eliminated.
 551 0000 80B4     		push	{r7}
 552              	.LCFI41:
 553              		.cfi_def_cfa_offset 4
 554              		.cfi_offset 7, -4
 555 0002 00AF     		add	r7, sp, #0
 556              	.LCFI42:
 557              		.cfi_def_cfa_register 7
 221:./.driver/STM32F10x_StdPeriph_Driver/src/stm32f10x_rtc.c ****   /* Loop until RTOFF flag is set */
 222:./.driver/STM32F10x_StdPeriph_Driver/src/stm32f10x_rtc.c ****   while ((RTC->CRL & RTC_FLAG_RTOFF) == (uint16_t)RESET)
 558              		.loc 1 222 9
 559 0004 00BF     		nop
 560              	.L32:
 561              		.loc 1 222 14 discriminator 1
 562 0006 064B     		ldr	r3, .L33
 563 0008 9B88     		ldrh	r3, [r3, #4]	@ movhi
 564 000a 9BB2     		uxth	r3, r3
 565              		.loc 1 222 20 discriminator 1
 566 000c 03F02003 		and	r3, r3, #32
 567              		.loc 1 222 9 discriminator 1
 568 0010 002B     		cmp	r3, #0
 569 0012 F8D0     		beq	.L32
 223:./.driver/STM32F10x_StdPeriph_Driver/src/stm32f10x_rtc.c ****   {
 224:./.driver/STM32F10x_StdPeriph_Driver/src/stm32f10x_rtc.c ****   }
 225:./.driver/STM32F10x_StdPeriph_Driver/src/stm32f10x_rtc.c **** }
 570              		.loc 1 225 1
 571 0014 00BF     		nop
 572 0016 00BF     		nop
 573 0018 BD46     		mov	sp, r7
 574              	.LCFI43:
 575              		.cfi_def_cfa_register 13
 576              		@ sp needed
 577 001a 80BC     		pop	{r7}
 578              	.LCFI44:
 579              		.cfi_restore 7
 580              		.cfi_def_cfa_offset 0
 581 001c 7047     		bx	lr
 582              	.L34:
 583 001e 00BF     		.align	2
 584              	.L33:
 585 0020 00280040 		.word	1073752064
 586              		.cfi_endproc
 587              	.LFE37:
ARM GAS  C:\Users\SAMEER~1.ALM\AppData\Local\Temp\ccos85sB.s 			page 15


 589              		.section	.text.RTC_WaitForSynchro,"ax",%progbits
 590              		.align	1
 591              		.global	RTC_WaitForSynchro
 592              		.syntax unified
 593              		.thumb
 594              		.thumb_func
 596              	RTC_WaitForSynchro:
 597              	.LFB38:
 226:./.driver/STM32F10x_StdPeriph_Driver/src/stm32f10x_rtc.c **** 
 227:./.driver/STM32F10x_StdPeriph_Driver/src/stm32f10x_rtc.c **** /**
 228:./.driver/STM32F10x_StdPeriph_Driver/src/stm32f10x_rtc.c ****   * @brief  Waits until the RTC registers (RTC_CNT, RTC_ALR and RTC_PRL)
 229:./.driver/STM32F10x_StdPeriph_Driver/src/stm32f10x_rtc.c ****   *   are synchronized with RTC APB clock.
 230:./.driver/STM32F10x_StdPeriph_Driver/src/stm32f10x_rtc.c ****   * @note   This function must be called before any read operation after an APB reset
 231:./.driver/STM32F10x_StdPeriph_Driver/src/stm32f10x_rtc.c ****   *   or an APB clock stop.
 232:./.driver/STM32F10x_StdPeriph_Driver/src/stm32f10x_rtc.c ****   * @param  None
 233:./.driver/STM32F10x_StdPeriph_Driver/src/stm32f10x_rtc.c ****   * @retval None
 234:./.driver/STM32F10x_StdPeriph_Driver/src/stm32f10x_rtc.c ****   */
 235:./.driver/STM32F10x_StdPeriph_Driver/src/stm32f10x_rtc.c **** void RTC_WaitForSynchro(void)
 236:./.driver/STM32F10x_StdPeriph_Driver/src/stm32f10x_rtc.c **** {
 598              		.loc 1 236 1
 599              		.cfi_startproc
 600              		@ args = 0, pretend = 0, frame = 0
 601              		@ frame_needed = 1, uses_anonymous_args = 0
 602              		@ link register save eliminated.
 603 0000 80B4     		push	{r7}
 604              	.LCFI45:
 605              		.cfi_def_cfa_offset 4
 606              		.cfi_offset 7, -4
 607 0002 00AF     		add	r7, sp, #0
 608              	.LCFI46:
 609              		.cfi_def_cfa_register 7
 237:./.driver/STM32F10x_StdPeriph_Driver/src/stm32f10x_rtc.c ****   /* Clear RSF flag */
 238:./.driver/STM32F10x_StdPeriph_Driver/src/stm32f10x_rtc.c ****   RTC->CRL &= (uint16_t)~RTC_FLAG_RSF;
 610              		.loc 1 238 12
 611 0004 0A4B     		ldr	r3, .L37
 612 0006 9B88     		ldrh	r3, [r3, #4]	@ movhi
 613 0008 9BB2     		uxth	r3, r3
 614 000a 094A     		ldr	r2, .L37
 615 000c 23F00803 		bic	r3, r3, #8
 616 0010 9BB2     		uxth	r3, r3
 617 0012 9380     		strh	r3, [r2, #4]	@ movhi
 239:./.driver/STM32F10x_StdPeriph_Driver/src/stm32f10x_rtc.c ****   /* Loop until RSF flag is set */
 240:./.driver/STM32F10x_StdPeriph_Driver/src/stm32f10x_rtc.c ****   while ((RTC->CRL & RTC_FLAG_RSF) == (uint16_t)RESET)
 618              		.loc 1 240 9
 619 0014 00BF     		nop
 620              	.L36:
 621              		.loc 1 240 14 discriminator 1
 622 0016 064B     		ldr	r3, .L37
 623 0018 9B88     		ldrh	r3, [r3, #4]	@ movhi
 624 001a 9BB2     		uxth	r3, r3
 625              		.loc 1 240 20 discriminator 1
 626 001c 03F00803 		and	r3, r3, #8
 627              		.loc 1 240 9 discriminator 1
 628 0020 002B     		cmp	r3, #0
 629 0022 F8D0     		beq	.L36
 241:./.driver/STM32F10x_StdPeriph_Driver/src/stm32f10x_rtc.c ****   {
 242:./.driver/STM32F10x_StdPeriph_Driver/src/stm32f10x_rtc.c ****   }
ARM GAS  C:\Users\SAMEER~1.ALM\AppData\Local\Temp\ccos85sB.s 			page 16


 243:./.driver/STM32F10x_StdPeriph_Driver/src/stm32f10x_rtc.c **** }
 630              		.loc 1 243 1
 631 0024 00BF     		nop
 632 0026 00BF     		nop
 633 0028 BD46     		mov	sp, r7
 634              	.LCFI47:
 635              		.cfi_def_cfa_register 13
 636              		@ sp needed
 637 002a 80BC     		pop	{r7}
 638              	.LCFI48:
 639              		.cfi_restore 7
 640              		.cfi_def_cfa_offset 0
 641 002c 7047     		bx	lr
 642              	.L38:
 643 002e 00BF     		.align	2
 644              	.L37:
 645 0030 00280040 		.word	1073752064
 646              		.cfi_endproc
 647              	.LFE38:
 649              		.section	.text.RTC_GetFlagStatus,"ax",%progbits
 650              		.align	1
 651              		.global	RTC_GetFlagStatus
 652              		.syntax unified
 653              		.thumb
 654              		.thumb_func
 656              	RTC_GetFlagStatus:
 657              	.LFB39:
 244:./.driver/STM32F10x_StdPeriph_Driver/src/stm32f10x_rtc.c **** 
 245:./.driver/STM32F10x_StdPeriph_Driver/src/stm32f10x_rtc.c **** /**
 246:./.driver/STM32F10x_StdPeriph_Driver/src/stm32f10x_rtc.c ****   * @brief  Checks whether the specified RTC flag is set or not.
 247:./.driver/STM32F10x_StdPeriph_Driver/src/stm32f10x_rtc.c ****   * @param  RTC_FLAG: specifies the flag to check.
 248:./.driver/STM32F10x_StdPeriph_Driver/src/stm32f10x_rtc.c ****   *   This parameter can be one the following values:
 249:./.driver/STM32F10x_StdPeriph_Driver/src/stm32f10x_rtc.c ****   *     @arg RTC_FLAG_RTOFF: RTC Operation OFF flag
 250:./.driver/STM32F10x_StdPeriph_Driver/src/stm32f10x_rtc.c ****   *     @arg RTC_FLAG_RSF: Registers Synchronized flag
 251:./.driver/STM32F10x_StdPeriph_Driver/src/stm32f10x_rtc.c ****   *     @arg RTC_FLAG_OW: Overflow flag
 252:./.driver/STM32F10x_StdPeriph_Driver/src/stm32f10x_rtc.c ****   *     @arg RTC_FLAG_ALR: Alarm flag
 253:./.driver/STM32F10x_StdPeriph_Driver/src/stm32f10x_rtc.c ****   *     @arg RTC_FLAG_SEC: Second flag
 254:./.driver/STM32F10x_StdPeriph_Driver/src/stm32f10x_rtc.c ****   * @retval The new state of RTC_FLAG (SET or RESET).
 255:./.driver/STM32F10x_StdPeriph_Driver/src/stm32f10x_rtc.c ****   */
 256:./.driver/STM32F10x_StdPeriph_Driver/src/stm32f10x_rtc.c **** FlagStatus RTC_GetFlagStatus(uint16_t RTC_FLAG)
 257:./.driver/STM32F10x_StdPeriph_Driver/src/stm32f10x_rtc.c **** {
 658              		.loc 1 257 1
 659              		.cfi_startproc
 660              		@ args = 0, pretend = 0, frame = 16
 661              		@ frame_needed = 1, uses_anonymous_args = 0
 662              		@ link register save eliminated.
 663 0000 80B4     		push	{r7}
 664              	.LCFI49:
 665              		.cfi_def_cfa_offset 4
 666              		.cfi_offset 7, -4
 667 0002 85B0     		sub	sp, sp, #20
 668              	.LCFI50:
 669              		.cfi_def_cfa_offset 24
 670 0004 00AF     		add	r7, sp, #0
 671              	.LCFI51:
 672              		.cfi_def_cfa_register 7
 673 0006 0346     		mov	r3, r0
ARM GAS  C:\Users\SAMEER~1.ALM\AppData\Local\Temp\ccos85sB.s 			page 17


 674 0008 FB80     		strh	r3, [r7, #6]	@ movhi
 258:./.driver/STM32F10x_StdPeriph_Driver/src/stm32f10x_rtc.c ****   FlagStatus bitstatus = RESET;
 675              		.loc 1 258 14
 676 000a 0023     		movs	r3, #0
 677 000c FB73     		strb	r3, [r7, #15]
 259:./.driver/STM32F10x_StdPeriph_Driver/src/stm32f10x_rtc.c ****   
 260:./.driver/STM32F10x_StdPeriph_Driver/src/stm32f10x_rtc.c ****   /* Check the parameters */
 261:./.driver/STM32F10x_StdPeriph_Driver/src/stm32f10x_rtc.c ****   assert_param(IS_RTC_GET_FLAG(RTC_FLAG)); 
 262:./.driver/STM32F10x_StdPeriph_Driver/src/stm32f10x_rtc.c ****   
 263:./.driver/STM32F10x_StdPeriph_Driver/src/stm32f10x_rtc.c ****   if ((RTC->CRL & RTC_FLAG) != (uint16_t)RESET)
 678              		.loc 1 263 11
 679 000e 094B     		ldr	r3, .L43
 680 0010 9B88     		ldrh	r3, [r3, #4]	@ movhi
 681 0012 9AB2     		uxth	r2, r3
 682              		.loc 1 263 29
 683 0014 FB88     		ldrh	r3, [r7, #6]	@ movhi
 684 0016 1340     		ands	r3, r3, r2
 685 0018 9BB2     		uxth	r3, r3
 686              		.loc 1 263 6
 687 001a 002B     		cmp	r3, #0
 688 001c 02D0     		beq	.L40
 264:./.driver/STM32F10x_StdPeriph_Driver/src/stm32f10x_rtc.c ****   {
 265:./.driver/STM32F10x_StdPeriph_Driver/src/stm32f10x_rtc.c ****     bitstatus = SET;
 689              		.loc 1 265 15
 690 001e 0123     		movs	r3, #1
 691 0020 FB73     		strb	r3, [r7, #15]
 692 0022 01E0     		b	.L41
 693              	.L40:
 266:./.driver/STM32F10x_StdPeriph_Driver/src/stm32f10x_rtc.c ****   }
 267:./.driver/STM32F10x_StdPeriph_Driver/src/stm32f10x_rtc.c ****   else
 268:./.driver/STM32F10x_StdPeriph_Driver/src/stm32f10x_rtc.c ****   {
 269:./.driver/STM32F10x_StdPeriph_Driver/src/stm32f10x_rtc.c ****     bitstatus = RESET;
 694              		.loc 1 269 15
 695 0024 0023     		movs	r3, #0
 696 0026 FB73     		strb	r3, [r7, #15]
 697              	.L41:
 270:./.driver/STM32F10x_StdPeriph_Driver/src/stm32f10x_rtc.c ****   }
 271:./.driver/STM32F10x_StdPeriph_Driver/src/stm32f10x_rtc.c ****   return bitstatus;
 698              		.loc 1 271 10
 699 0028 FB7B     		ldrb	r3, [r7, #15]	@ zero_extendqisi2
 272:./.driver/STM32F10x_StdPeriph_Driver/src/stm32f10x_rtc.c **** }
 700              		.loc 1 272 1
 701 002a 1846     		mov	r0, r3
 702 002c 1437     		adds	r7, r7, #20
 703              	.LCFI52:
 704              		.cfi_def_cfa_offset 4
 705 002e BD46     		mov	sp, r7
 706              	.LCFI53:
 707              		.cfi_def_cfa_register 13
 708              		@ sp needed
 709 0030 80BC     		pop	{r7}
 710              	.LCFI54:
 711              		.cfi_restore 7
 712              		.cfi_def_cfa_offset 0
 713 0032 7047     		bx	lr
 714              	.L44:
 715              		.align	2
ARM GAS  C:\Users\SAMEER~1.ALM\AppData\Local\Temp\ccos85sB.s 			page 18


 716              	.L43:
 717 0034 00280040 		.word	1073752064
 718              		.cfi_endproc
 719              	.LFE39:
 721              		.section	.text.RTC_ClearFlag,"ax",%progbits
 722              		.align	1
 723              		.global	RTC_ClearFlag
 724              		.syntax unified
 725              		.thumb
 726              		.thumb_func
 728              	RTC_ClearFlag:
 729              	.LFB40:
 273:./.driver/STM32F10x_StdPeriph_Driver/src/stm32f10x_rtc.c **** 
 274:./.driver/STM32F10x_StdPeriph_Driver/src/stm32f10x_rtc.c **** /**
 275:./.driver/STM32F10x_StdPeriph_Driver/src/stm32f10x_rtc.c ****   * @brief  Clears the RTC's pending flags.
 276:./.driver/STM32F10x_StdPeriph_Driver/src/stm32f10x_rtc.c ****   * @param  RTC_FLAG: specifies the flag to clear.
 277:./.driver/STM32F10x_StdPeriph_Driver/src/stm32f10x_rtc.c ****   *   This parameter can be any combination of the following values:
 278:./.driver/STM32F10x_StdPeriph_Driver/src/stm32f10x_rtc.c ****   *     @arg RTC_FLAG_RSF: Registers Synchronized flag. This flag is cleared only after
 279:./.driver/STM32F10x_StdPeriph_Driver/src/stm32f10x_rtc.c ****   *                        an APB reset or an APB Clock stop.
 280:./.driver/STM32F10x_StdPeriph_Driver/src/stm32f10x_rtc.c ****   *     @arg RTC_FLAG_OW: Overflow flag
 281:./.driver/STM32F10x_StdPeriph_Driver/src/stm32f10x_rtc.c ****   *     @arg RTC_FLAG_ALR: Alarm flag
 282:./.driver/STM32F10x_StdPeriph_Driver/src/stm32f10x_rtc.c ****   *     @arg RTC_FLAG_SEC: Second flag
 283:./.driver/STM32F10x_StdPeriph_Driver/src/stm32f10x_rtc.c ****   * @retval None
 284:./.driver/STM32F10x_StdPeriph_Driver/src/stm32f10x_rtc.c ****   */
 285:./.driver/STM32F10x_StdPeriph_Driver/src/stm32f10x_rtc.c **** void RTC_ClearFlag(uint16_t RTC_FLAG)
 286:./.driver/STM32F10x_StdPeriph_Driver/src/stm32f10x_rtc.c **** {
 730              		.loc 1 286 1
 731              		.cfi_startproc
 732              		@ args = 0, pretend = 0, frame = 8
 733              		@ frame_needed = 1, uses_anonymous_args = 0
 734              		@ link register save eliminated.
 735 0000 80B4     		push	{r7}
 736              	.LCFI55:
 737              		.cfi_def_cfa_offset 4
 738              		.cfi_offset 7, -4
 739 0002 83B0     		sub	sp, sp, #12
 740              	.LCFI56:
 741              		.cfi_def_cfa_offset 16
 742 0004 00AF     		add	r7, sp, #0
 743              	.LCFI57:
 744              		.cfi_def_cfa_register 7
 745 0006 0346     		mov	r3, r0
 746 0008 FB80     		strh	r3, [r7, #6]	@ movhi
 287:./.driver/STM32F10x_StdPeriph_Driver/src/stm32f10x_rtc.c ****   /* Check the parameters */
 288:./.driver/STM32F10x_StdPeriph_Driver/src/stm32f10x_rtc.c ****   assert_param(IS_RTC_CLEAR_FLAG(RTC_FLAG)); 
 289:./.driver/STM32F10x_StdPeriph_Driver/src/stm32f10x_rtc.c ****     
 290:./.driver/STM32F10x_StdPeriph_Driver/src/stm32f10x_rtc.c ****   /* Clear the corresponding RTC flag */
 291:./.driver/STM32F10x_StdPeriph_Driver/src/stm32f10x_rtc.c ****   RTC->CRL &= (uint16_t)~RTC_FLAG;
 747              		.loc 1 291 12
 748 000a 074B     		ldr	r3, .L46
 749 000c 9B88     		ldrh	r3, [r3, #4]	@ movhi
 750 000e 9AB2     		uxth	r2, r3
 751              		.loc 1 291 15
 752 0010 FB88     		ldrh	r3, [r7, #6]	@ movhi
 753 0012 DB43     		mvns	r3, r3
 754 0014 9BB2     		uxth	r3, r3
 755              		.loc 1 291 12
ARM GAS  C:\Users\SAMEER~1.ALM\AppData\Local\Temp\ccos85sB.s 			page 19


 756 0016 0449     		ldr	r1, .L46
 757 0018 1340     		ands	r3, r3, r2
 758 001a 9BB2     		uxth	r3, r3
 759 001c 8B80     		strh	r3, [r1, #4]	@ movhi
 292:./.driver/STM32F10x_StdPeriph_Driver/src/stm32f10x_rtc.c **** }
 760              		.loc 1 292 1
 761 001e 00BF     		nop
 762 0020 0C37     		adds	r7, r7, #12
 763              	.LCFI58:
 764              		.cfi_def_cfa_offset 4
 765 0022 BD46     		mov	sp, r7
 766              	.LCFI59:
 767              		.cfi_def_cfa_register 13
 768              		@ sp needed
 769 0024 80BC     		pop	{r7}
 770              	.LCFI60:
 771              		.cfi_restore 7
 772              		.cfi_def_cfa_offset 0
 773 0026 7047     		bx	lr
 774              	.L47:
 775              		.align	2
 776              	.L46:
 777 0028 00280040 		.word	1073752064
 778              		.cfi_endproc
 779              	.LFE40:
 781              		.section	.text.RTC_GetITStatus,"ax",%progbits
 782              		.align	1
 783              		.global	RTC_GetITStatus
 784              		.syntax unified
 785              		.thumb
 786              		.thumb_func
 788              	RTC_GetITStatus:
 789              	.LFB41:
 293:./.driver/STM32F10x_StdPeriph_Driver/src/stm32f10x_rtc.c **** 
 294:./.driver/STM32F10x_StdPeriph_Driver/src/stm32f10x_rtc.c **** /**
 295:./.driver/STM32F10x_StdPeriph_Driver/src/stm32f10x_rtc.c ****   * @brief  Checks whether the specified RTC interrupt has occurred or not.
 296:./.driver/STM32F10x_StdPeriph_Driver/src/stm32f10x_rtc.c ****   * @param  RTC_IT: specifies the RTC interrupts sources to check.
 297:./.driver/STM32F10x_StdPeriph_Driver/src/stm32f10x_rtc.c ****   *   This parameter can be one of the following values:
 298:./.driver/STM32F10x_StdPeriph_Driver/src/stm32f10x_rtc.c ****   *     @arg RTC_IT_OW: Overflow interrupt
 299:./.driver/STM32F10x_StdPeriph_Driver/src/stm32f10x_rtc.c ****   *     @arg RTC_IT_ALR: Alarm interrupt
 300:./.driver/STM32F10x_StdPeriph_Driver/src/stm32f10x_rtc.c ****   *     @arg RTC_IT_SEC: Second interrupt
 301:./.driver/STM32F10x_StdPeriph_Driver/src/stm32f10x_rtc.c ****   * @retval The new state of the RTC_IT (SET or RESET).
 302:./.driver/STM32F10x_StdPeriph_Driver/src/stm32f10x_rtc.c ****   */
 303:./.driver/STM32F10x_StdPeriph_Driver/src/stm32f10x_rtc.c **** ITStatus RTC_GetITStatus(uint16_t RTC_IT)
 304:./.driver/STM32F10x_StdPeriph_Driver/src/stm32f10x_rtc.c **** {
 790              		.loc 1 304 1
 791              		.cfi_startproc
 792              		@ args = 0, pretend = 0, frame = 16
 793              		@ frame_needed = 1, uses_anonymous_args = 0
 794              		@ link register save eliminated.
 795 0000 80B4     		push	{r7}
 796              	.LCFI61:
 797              		.cfi_def_cfa_offset 4
 798              		.cfi_offset 7, -4
 799 0002 85B0     		sub	sp, sp, #20
 800              	.LCFI62:
 801              		.cfi_def_cfa_offset 24
ARM GAS  C:\Users\SAMEER~1.ALM\AppData\Local\Temp\ccos85sB.s 			page 20


 802 0004 00AF     		add	r7, sp, #0
 803              	.LCFI63:
 804              		.cfi_def_cfa_register 7
 805 0006 0346     		mov	r3, r0
 806 0008 FB80     		strh	r3, [r7, #6]	@ movhi
 305:./.driver/STM32F10x_StdPeriph_Driver/src/stm32f10x_rtc.c ****   ITStatus bitstatus = RESET;
 807              		.loc 1 305 12
 808 000a 0023     		movs	r3, #0
 809 000c FB73     		strb	r3, [r7, #15]
 306:./.driver/STM32F10x_StdPeriph_Driver/src/stm32f10x_rtc.c ****   /* Check the parameters */
 307:./.driver/STM32F10x_StdPeriph_Driver/src/stm32f10x_rtc.c ****   assert_param(IS_RTC_GET_IT(RTC_IT)); 
 308:./.driver/STM32F10x_StdPeriph_Driver/src/stm32f10x_rtc.c ****   
 309:./.driver/STM32F10x_StdPeriph_Driver/src/stm32f10x_rtc.c ****   bitstatus = (ITStatus)(RTC->CRL & RTC_IT);
 810              		.loc 1 309 29
 811 000e 0F4B     		ldr	r3, .L52
 812 0010 9B88     		ldrh	r3, [r3, #4]	@ movhi
 813 0012 9BB2     		uxth	r3, r3
 814              		.loc 1 309 15
 815 0014 DAB2     		uxtb	r2, r3
 816 0016 FB88     		ldrh	r3, [r7, #6]	@ movhi
 817 0018 DBB2     		uxtb	r3, r3
 818              		.loc 1 309 13
 819 001a 1340     		ands	r3, r3, r2
 820 001c FB73     		strb	r3, [r7, #15]
 310:./.driver/STM32F10x_StdPeriph_Driver/src/stm32f10x_rtc.c ****   if (((RTC->CRH & RTC_IT) != (uint16_t)RESET) && (bitstatus != (uint16_t)RESET))
 821              		.loc 1 310 12
 822 001e 0B4B     		ldr	r3, .L52
 823 0020 1B88     		ldrh	r3, [r3]	@ movhi
 824 0022 9AB2     		uxth	r2, r3
 825              		.loc 1 310 28
 826 0024 FB88     		ldrh	r3, [r7, #6]	@ movhi
 827 0026 1340     		ands	r3, r3, r2
 828 0028 9BB2     		uxth	r3, r3
 829              		.loc 1 310 6
 830 002a 002B     		cmp	r3, #0
 831 002c 05D0     		beq	.L49
 832              		.loc 1 310 48 discriminator 1
 833 002e FB7B     		ldrb	r3, [r7, #15]	@ zero_extendqisi2
 834 0030 002B     		cmp	r3, #0
 835 0032 02D0     		beq	.L49
 311:./.driver/STM32F10x_StdPeriph_Driver/src/stm32f10x_rtc.c ****   {
 312:./.driver/STM32F10x_StdPeriph_Driver/src/stm32f10x_rtc.c ****     bitstatus = SET;
 836              		.loc 1 312 15
 837 0034 0123     		movs	r3, #1
 838 0036 FB73     		strb	r3, [r7, #15]
 839 0038 01E0     		b	.L50
 840              	.L49:
 313:./.driver/STM32F10x_StdPeriph_Driver/src/stm32f10x_rtc.c ****   }
 314:./.driver/STM32F10x_StdPeriph_Driver/src/stm32f10x_rtc.c ****   else
 315:./.driver/STM32F10x_StdPeriph_Driver/src/stm32f10x_rtc.c ****   {
 316:./.driver/STM32F10x_StdPeriph_Driver/src/stm32f10x_rtc.c ****     bitstatus = RESET;
 841              		.loc 1 316 15
 842 003a 0023     		movs	r3, #0
 843 003c FB73     		strb	r3, [r7, #15]
 844              	.L50:
 317:./.driver/STM32F10x_StdPeriph_Driver/src/stm32f10x_rtc.c ****   }
 318:./.driver/STM32F10x_StdPeriph_Driver/src/stm32f10x_rtc.c ****   return bitstatus;
ARM GAS  C:\Users\SAMEER~1.ALM\AppData\Local\Temp\ccos85sB.s 			page 21


 845              		.loc 1 318 10
 846 003e FB7B     		ldrb	r3, [r7, #15]	@ zero_extendqisi2
 319:./.driver/STM32F10x_StdPeriph_Driver/src/stm32f10x_rtc.c **** }
 847              		.loc 1 319 1
 848 0040 1846     		mov	r0, r3
 849 0042 1437     		adds	r7, r7, #20
 850              	.LCFI64:
 851              		.cfi_def_cfa_offset 4
 852 0044 BD46     		mov	sp, r7
 853              	.LCFI65:
 854              		.cfi_def_cfa_register 13
 855              		@ sp needed
 856 0046 80BC     		pop	{r7}
 857              	.LCFI66:
 858              		.cfi_restore 7
 859              		.cfi_def_cfa_offset 0
 860 0048 7047     		bx	lr
 861              	.L53:
 862 004a 00BF     		.align	2
 863              	.L52:
 864 004c 00280040 		.word	1073752064
 865              		.cfi_endproc
 866              	.LFE41:
 868              		.section	.text.RTC_ClearITPendingBit,"ax",%progbits
 869              		.align	1
 870              		.global	RTC_ClearITPendingBit
 871              		.syntax unified
 872              		.thumb
 873              		.thumb_func
 875              	RTC_ClearITPendingBit:
 876              	.LFB42:
 320:./.driver/STM32F10x_StdPeriph_Driver/src/stm32f10x_rtc.c **** 
 321:./.driver/STM32F10x_StdPeriph_Driver/src/stm32f10x_rtc.c **** /**
 322:./.driver/STM32F10x_StdPeriph_Driver/src/stm32f10x_rtc.c ****   * @brief  Clears the RTC's interrupt pending bits.
 323:./.driver/STM32F10x_StdPeriph_Driver/src/stm32f10x_rtc.c ****   * @param  RTC_IT: specifies the interrupt pending bit to clear.
 324:./.driver/STM32F10x_StdPeriph_Driver/src/stm32f10x_rtc.c ****   *   This parameter can be any combination of the following values:
 325:./.driver/STM32F10x_StdPeriph_Driver/src/stm32f10x_rtc.c ****   *     @arg RTC_IT_OW: Overflow interrupt
 326:./.driver/STM32F10x_StdPeriph_Driver/src/stm32f10x_rtc.c ****   *     @arg RTC_IT_ALR: Alarm interrupt
 327:./.driver/STM32F10x_StdPeriph_Driver/src/stm32f10x_rtc.c ****   *     @arg RTC_IT_SEC: Second interrupt
 328:./.driver/STM32F10x_StdPeriph_Driver/src/stm32f10x_rtc.c ****   * @retval None
 329:./.driver/STM32F10x_StdPeriph_Driver/src/stm32f10x_rtc.c ****   */
 330:./.driver/STM32F10x_StdPeriph_Driver/src/stm32f10x_rtc.c **** void RTC_ClearITPendingBit(uint16_t RTC_IT)
 331:./.driver/STM32F10x_StdPeriph_Driver/src/stm32f10x_rtc.c **** {
 877              		.loc 1 331 1
 878              		.cfi_startproc
 879              		@ args = 0, pretend = 0, frame = 8
 880              		@ frame_needed = 1, uses_anonymous_args = 0
 881              		@ link register save eliminated.
 882 0000 80B4     		push	{r7}
 883              	.LCFI67:
 884              		.cfi_def_cfa_offset 4
 885              		.cfi_offset 7, -4
 886 0002 83B0     		sub	sp, sp, #12
 887              	.LCFI68:
 888              		.cfi_def_cfa_offset 16
 889 0004 00AF     		add	r7, sp, #0
 890              	.LCFI69:
ARM GAS  C:\Users\SAMEER~1.ALM\AppData\Local\Temp\ccos85sB.s 			page 22


 891              		.cfi_def_cfa_register 7
 892 0006 0346     		mov	r3, r0
 893 0008 FB80     		strh	r3, [r7, #6]	@ movhi
 332:./.driver/STM32F10x_StdPeriph_Driver/src/stm32f10x_rtc.c ****   /* Check the parameters */
 333:./.driver/STM32F10x_StdPeriph_Driver/src/stm32f10x_rtc.c ****   assert_param(IS_RTC_IT(RTC_IT));  
 334:./.driver/STM32F10x_StdPeriph_Driver/src/stm32f10x_rtc.c ****   
 335:./.driver/STM32F10x_StdPeriph_Driver/src/stm32f10x_rtc.c ****   /* Clear the corresponding RTC pending bit */
 336:./.driver/STM32F10x_StdPeriph_Driver/src/stm32f10x_rtc.c ****   RTC->CRL &= (uint16_t)~RTC_IT;
 894              		.loc 1 336 12
 895 000a 074B     		ldr	r3, .L55
 896 000c 9B88     		ldrh	r3, [r3, #4]	@ movhi
 897 000e 9AB2     		uxth	r2, r3
 898              		.loc 1 336 15
 899 0010 FB88     		ldrh	r3, [r7, #6]	@ movhi
 900 0012 DB43     		mvns	r3, r3
 901 0014 9BB2     		uxth	r3, r3
 902              		.loc 1 336 12
 903 0016 0449     		ldr	r1, .L55
 904 0018 1340     		ands	r3, r3, r2
 905 001a 9BB2     		uxth	r3, r3
 906 001c 8B80     		strh	r3, [r1, #4]	@ movhi
 337:./.driver/STM32F10x_StdPeriph_Driver/src/stm32f10x_rtc.c **** }
 907              		.loc 1 337 1
 908 001e 00BF     		nop
 909 0020 0C37     		adds	r7, r7, #12
 910              	.LCFI70:
 911              		.cfi_def_cfa_offset 4
 912 0022 BD46     		mov	sp, r7
 913              	.LCFI71:
 914              		.cfi_def_cfa_register 13
 915              		@ sp needed
 916 0024 80BC     		pop	{r7}
 917              	.LCFI72:
 918              		.cfi_restore 7
 919              		.cfi_def_cfa_offset 0
 920 0026 7047     		bx	lr
 921              	.L56:
 922              		.align	2
 923              	.L55:
 924 0028 00280040 		.word	1073752064
 925              		.cfi_endproc
 926              	.LFE42:
 928              		.text
 929              	.Letext0:
 930              		.file 2 "c:\\arm-tool\\gcc-arm-none-eabi-10.3-2021.10\\arm-none-eabi\\include\\machine\\_default_t
 931              		.file 3 "c:\\arm-tool\\gcc-arm-none-eabi-10.3-2021.10\\arm-none-eabi\\include\\sys\\_stdint.h"
 932              		.file 4 "./.driver/CMSIS/Device/STM32F10x/stm32f10x.h"
ARM GAS  C:\Users\SAMEER~1.ALM\AppData\Local\Temp\ccos85sB.s 			page 23


DEFINED SYMBOLS
                            *ABS*:00000000 stm32f10x_rtc.c
C:\Users\SAMEER~1.ALM\AppData\Local\Temp\ccos85sB.s:18     .text.RTC_ITConfig:00000000 $t
C:\Users\SAMEER~1.ALM\AppData\Local\Temp\ccos85sB.s:24     .text.RTC_ITConfig:00000000 RTC_ITConfig
C:\Users\SAMEER~1.ALM\AppData\Local\Temp\ccos85sB.s:94     .text.RTC_ITConfig:00000048 $d
C:\Users\SAMEER~1.ALM\AppData\Local\Temp\ccos85sB.s:99     .text.RTC_EnterConfigMode:00000000 $t
C:\Users\SAMEER~1.ALM\AppData\Local\Temp\ccos85sB.s:105    .text.RTC_EnterConfigMode:00000000 RTC_EnterConfigMode
C:\Users\SAMEER~1.ALM\AppData\Local\Temp\ccos85sB.s:141    .text.RTC_EnterConfigMode:0000001c $d
C:\Users\SAMEER~1.ALM\AppData\Local\Temp\ccos85sB.s:146    .text.RTC_ExitConfigMode:00000000 $t
C:\Users\SAMEER~1.ALM\AppData\Local\Temp\ccos85sB.s:152    .text.RTC_ExitConfigMode:00000000 RTC_ExitConfigMode
C:\Users\SAMEER~1.ALM\AppData\Local\Temp\ccos85sB.s:188    .text.RTC_ExitConfigMode:0000001c $d
C:\Users\SAMEER~1.ALM\AppData\Local\Temp\ccos85sB.s:193    .text.RTC_GetCounter:00000000 $t
C:\Users\SAMEER~1.ALM\AppData\Local\Temp\ccos85sB.s:199    .text.RTC_GetCounter:00000000 RTC_GetCounter
C:\Users\SAMEER~1.ALM\AppData\Local\Temp\ccos85sB.s:282    .text.RTC_GetCounter:0000004c $d
C:\Users\SAMEER~1.ALM\AppData\Local\Temp\ccos85sB.s:287    .text.RTC_SetCounter:00000000 $t
C:\Users\SAMEER~1.ALM\AppData\Local\Temp\ccos85sB.s:293    .text.RTC_SetCounter:00000000 RTC_SetCounter
C:\Users\SAMEER~1.ALM\AppData\Local\Temp\ccos85sB.s:342    .text.RTC_SetCounter:0000002c $d
C:\Users\SAMEER~1.ALM\AppData\Local\Temp\ccos85sB.s:347    .text.RTC_SetPrescaler:00000000 $t
C:\Users\SAMEER~1.ALM\AppData\Local\Temp\ccos85sB.s:353    .text.RTC_SetPrescaler:00000000 RTC_SetPrescaler
C:\Users\SAMEER~1.ALM\AppData\Local\Temp\ccos85sB.s:405    .text.RTC_SetPrescaler:00000030 $d
C:\Users\SAMEER~1.ALM\AppData\Local\Temp\ccos85sB.s:410    .text.RTC_SetAlarm:00000000 $t
C:\Users\SAMEER~1.ALM\AppData\Local\Temp\ccos85sB.s:416    .text.RTC_SetAlarm:00000000 RTC_SetAlarm
C:\Users\SAMEER~1.ALM\AppData\Local\Temp\ccos85sB.s:465    .text.RTC_SetAlarm:0000002c $d
C:\Users\SAMEER~1.ALM\AppData\Local\Temp\ccos85sB.s:470    .text.RTC_GetDivider:00000000 $t
C:\Users\SAMEER~1.ALM\AppData\Local\Temp\ccos85sB.s:476    .text.RTC_GetDivider:00000000 RTC_GetDivider
C:\Users\SAMEER~1.ALM\AppData\Local\Temp\ccos85sB.s:533    .text.RTC_GetDivider:00000034 $d
C:\Users\SAMEER~1.ALM\AppData\Local\Temp\ccos85sB.s:538    .text.RTC_WaitForLastTask:00000000 $t
C:\Users\SAMEER~1.ALM\AppData\Local\Temp\ccos85sB.s:544    .text.RTC_WaitForLastTask:00000000 RTC_WaitForLastTask
C:\Users\SAMEER~1.ALM\AppData\Local\Temp\ccos85sB.s:585    .text.RTC_WaitForLastTask:00000020 $d
C:\Users\SAMEER~1.ALM\AppData\Local\Temp\ccos85sB.s:590    .text.RTC_WaitForSynchro:00000000 $t
C:\Users\SAMEER~1.ALM\AppData\Local\Temp\ccos85sB.s:596    .text.RTC_WaitForSynchro:00000000 RTC_WaitForSynchro
C:\Users\SAMEER~1.ALM\AppData\Local\Temp\ccos85sB.s:645    .text.RTC_WaitForSynchro:00000030 $d
C:\Users\SAMEER~1.ALM\AppData\Local\Temp\ccos85sB.s:650    .text.RTC_GetFlagStatus:00000000 $t
C:\Users\SAMEER~1.ALM\AppData\Local\Temp\ccos85sB.s:656    .text.RTC_GetFlagStatus:00000000 RTC_GetFlagStatus
C:\Users\SAMEER~1.ALM\AppData\Local\Temp\ccos85sB.s:717    .text.RTC_GetFlagStatus:00000034 $d
C:\Users\SAMEER~1.ALM\AppData\Local\Temp\ccos85sB.s:722    .text.RTC_ClearFlag:00000000 $t
C:\Users\SAMEER~1.ALM\AppData\Local\Temp\ccos85sB.s:728    .text.RTC_ClearFlag:00000000 RTC_ClearFlag
C:\Users\SAMEER~1.ALM\AppData\Local\Temp\ccos85sB.s:777    .text.RTC_ClearFlag:00000028 $d
C:\Users\SAMEER~1.ALM\AppData\Local\Temp\ccos85sB.s:782    .text.RTC_GetITStatus:00000000 $t
C:\Users\SAMEER~1.ALM\AppData\Local\Temp\ccos85sB.s:788    .text.RTC_GetITStatus:00000000 RTC_GetITStatus
C:\Users\SAMEER~1.ALM\AppData\Local\Temp\ccos85sB.s:864    .text.RTC_GetITStatus:0000004c $d
C:\Users\SAMEER~1.ALM\AppData\Local\Temp\ccos85sB.s:869    .text.RTC_ClearITPendingBit:00000000 $t
C:\Users\SAMEER~1.ALM\AppData\Local\Temp\ccos85sB.s:875    .text.RTC_ClearITPendingBit:00000000 RTC_ClearITPendingBit
C:\Users\SAMEER~1.ALM\AppData\Local\Temp\ccos85sB.s:924    .text.RTC_ClearITPendingBit:00000028 $d
                           .group:00000000 wm4.0.f4779009c199947b70d43074c2c41c8e
                           .group:00000000 wm4.stm32f10x.h.50.d4f13d34ecdc4ac490487d4d35cb5131
                           .group:00000000 wm4.core_cm3.h.25.d35e9a9b04ec4aaebae9bf79fff061f9
                           .group:00000000 wm4._newlib_version.h.4.bfdf54b0af045d4a71376ae00f63a22c
                           .group:00000000 wm4.features.h.33.318b64d71e0957639cfb30f1db1f7ec8
                           .group:00000000 wm4._default_types.h.15.247e5cd201eca3442cbf5404108c4935
                           .group:00000000 wm4._intsup.h.10.48bafbb683905c4daa4565a85aeeb264
                           .group:00000000 wm4._stdint.h.10.c24fa3af3bc1706662bb5593a907e841
                           .group:00000000 wm4.stdint.h.23.d53047a68f4a85177f80b422d52785ed
                           .group:00000000 wm4.core_cm3.h.113.b286929a54d33b4c8909a7132437b244
                           .group:00000000 wm4.stm32f10x.h.525.b40cb5ee4fd40825ea8ccc10ea6f4722
                           .group:00000000 wm4.stm32f10x_adc.h.82.085dab8bb2bdf6609e97ee2fc7a88347
                           .group:00000000 wm4.stm32f10x_bkp.h.24.9f1bb2b1135ba72667dd3fcde11cf4b7
ARM GAS  C:\Users\SAMEER~1.ALM\AppData\Local\Temp\ccos85sB.s 			page 24


                           .group:00000000 wm4.stm32f10x_can.h.24.b871c380ea975c71825bf46cccde3c7a
                           .group:00000000 wm4.stm32f10x_cec.h.24.a1ee61cba6b8120b5bab40528e933770
                           .group:00000000 wm4.stm32f10x_dac.h.24.39482d0fe30ddea181f0c79f49fb629e
                           .group:00000000 wm4.stm32f10x_dbgmcu.h.24.f73145056e79bc5a93dd6677b2b33d54
                           .group:00000000 wm4.stm32f10x_dma.h.24.a48d4478db5b2956954d84bc5fd35ae1
                           .group:00000000 wm4.stm32f10x_exti.h.24.377f48157d7e463bb3841cf6c97a1c93
                           .group:00000000 wm4.stm32f10x_flash.h.24.877157533caf7ce4331c44a3d0ea5612
                           .group:00000000 wm4.stm32f10x_fsmc.h.24.0518485f192fab09dd5cfc912ded3186
                           .group:00000000 wm4.stm32f10x_gpio.h.24.b627ee324fedf5e3b8730fa015ea30de
                           .group:00000000 wm4.stm32f10x_i2c.h.24.8bc26b82f9e7563ca7234eabea47534c
                           .group:00000000 wm4.stm32f10x_iwdg.h.24.129c4cff233d2076aefd5fc4fbf5956b
                           .group:00000000 wm4.stm32f10x_pwr.h.24.98a178bf0c8fa18634174f1c1123c7bc
                           .group:00000000 wm4.stm32f10x_rcc.h.24.43948985157a0da383ddce718b66f782
                           .group:00000000 wm4.stm32f10x_sdio.h.24.646055cc54873a75158b5d1015b409e6
                           .group:00000000 wm4.stm32f10x_spi.h.24.e7b2623920274a1745e534a7a7156e76
                           .group:00000000 wm4.stm32f10x_tim.h.24.24ac72f04686046a18ee9117ff7bba1f
                           .group:00000000 wm4.stm32f10x_usart.h.24.cf5f8d8e971fad2927ee799886f23b78
                           .group:00000000 wm4.stm32f10x_wwdg.h.24.7f7037b09db3a78d5a9de97b2cba748a
                           .group:00000000 wm4.misc.h.24.c54738789d48fd25c957e9d7c7349497
                           .group:00000000 wm4.stm32f10x.h.8349.9a0c7ea810a74ad6d06203f1a551aebb
                           .group:00000000 wm4.stm32f10x_rtc.h.57.be539e5d09664ae468526ef2bfa559ed

NO UNDEFINED SYMBOLS
