ARM GAS  C:\Users\SAMEER~1.ALM\AppData\Local\Temp\ccH6BuXw.s 			page 1


   1              		.cpu cortex-m3
   2              		.arch armv7-m
   3              		.fpu softvfp
   4              		.eabi_attribute 20, 1
   5              		.eabi_attribute 21, 1
   6              		.eabi_attribute 23, 3
   7              		.eabi_attribute 24, 1
   8              		.eabi_attribute 25, 1
   9              		.eabi_attribute 26, 1
  10              		.eabi_attribute 30, 6
  11              		.eabi_attribute 34, 1
  12              		.eabi_attribute 18, 4
  13              		.file	"stm32f10x_wwdg.c"
  14              		.text
  15              	.Ltext0:
  16              		.cfi_sections	.debug_frame
  17              		.section	.text.WWDG_DeInit,"ax",%progbits
  18              		.align	1
  19              		.global	WWDG_DeInit
  20              		.syntax unified
  21              		.thumb
  22              		.thumb_func
  24              	WWDG_DeInit:
  25              	.LFB29:
  26              		.file 1 "./.driver/STM32F10x_StdPeriph_Driver/src/stm32f10x_wwdg.c"
   1:./.driver/STM32F10x_StdPeriph_Driver/src/stm32f10x_wwdg.c **** /**
   2:./.driver/STM32F10x_StdPeriph_Driver/src/stm32f10x_wwdg.c ****   ******************************************************************************
   3:./.driver/STM32F10x_StdPeriph_Driver/src/stm32f10x_wwdg.c ****   * @file    stm32f10x_wwdg.c
   4:./.driver/STM32F10x_StdPeriph_Driver/src/stm32f10x_wwdg.c ****   * @author  MCD Application Team
   5:./.driver/STM32F10x_StdPeriph_Driver/src/stm32f10x_wwdg.c ****   * @version V3.6.2
   6:./.driver/STM32F10x_StdPeriph_Driver/src/stm32f10x_wwdg.c ****   * @date    17-September-2021
   7:./.driver/STM32F10x_StdPeriph_Driver/src/stm32f10x_wwdg.c ****   * @brief   This file provides all the WWDG firmware functions.
   8:./.driver/STM32F10x_StdPeriph_Driver/src/stm32f10x_wwdg.c ****   ******************************************************************************
   9:./.driver/STM32F10x_StdPeriph_Driver/src/stm32f10x_wwdg.c ****   * @attention
  10:./.driver/STM32F10x_StdPeriph_Driver/src/stm32f10x_wwdg.c ****   *
  11:./.driver/STM32F10x_StdPeriph_Driver/src/stm32f10x_wwdg.c ****   * Copyright (c) 2012 STMicroelectronics.
  12:./.driver/STM32F10x_StdPeriph_Driver/src/stm32f10x_wwdg.c ****   * All rights reserved.
  13:./.driver/STM32F10x_StdPeriph_Driver/src/stm32f10x_wwdg.c ****   *
  14:./.driver/STM32F10x_StdPeriph_Driver/src/stm32f10x_wwdg.c ****   * This software is licensed under terms that can be found in the LICENSE file
  15:./.driver/STM32F10x_StdPeriph_Driver/src/stm32f10x_wwdg.c ****   * in the root directory of this software component.
  16:./.driver/STM32F10x_StdPeriph_Driver/src/stm32f10x_wwdg.c ****   * If no LICENSE file comes with this software, it is provided AS-IS.
  17:./.driver/STM32F10x_StdPeriph_Driver/src/stm32f10x_wwdg.c ****   *
  18:./.driver/STM32F10x_StdPeriph_Driver/src/stm32f10x_wwdg.c ****   ******************************************************************************
  19:./.driver/STM32F10x_StdPeriph_Driver/src/stm32f10x_wwdg.c ****   */
  20:./.driver/STM32F10x_StdPeriph_Driver/src/stm32f10x_wwdg.c **** 
  21:./.driver/STM32F10x_StdPeriph_Driver/src/stm32f10x_wwdg.c **** /* Includes ------------------------------------------------------------------*/
  22:./.driver/STM32F10x_StdPeriph_Driver/src/stm32f10x_wwdg.c **** #include "stm32f10x_wwdg.h"
  23:./.driver/STM32F10x_StdPeriph_Driver/src/stm32f10x_wwdg.c **** #include "stm32f10x_rcc.h"
  24:./.driver/STM32F10x_StdPeriph_Driver/src/stm32f10x_wwdg.c **** 
  25:./.driver/STM32F10x_StdPeriph_Driver/src/stm32f10x_wwdg.c **** /** @addtogroup STM32F10x_StdPeriph_Driver
  26:./.driver/STM32F10x_StdPeriph_Driver/src/stm32f10x_wwdg.c ****   * @{
  27:./.driver/STM32F10x_StdPeriph_Driver/src/stm32f10x_wwdg.c ****   */
  28:./.driver/STM32F10x_StdPeriph_Driver/src/stm32f10x_wwdg.c **** 
  29:./.driver/STM32F10x_StdPeriph_Driver/src/stm32f10x_wwdg.c **** /** @defgroup WWDG 
  30:./.driver/STM32F10x_StdPeriph_Driver/src/stm32f10x_wwdg.c ****   * @brief WWDG driver modules
  31:./.driver/STM32F10x_StdPeriph_Driver/src/stm32f10x_wwdg.c ****   * @{
  32:./.driver/STM32F10x_StdPeriph_Driver/src/stm32f10x_wwdg.c ****   */
ARM GAS  C:\Users\SAMEER~1.ALM\AppData\Local\Temp\ccH6BuXw.s 			page 2


  33:./.driver/STM32F10x_StdPeriph_Driver/src/stm32f10x_wwdg.c **** 
  34:./.driver/STM32F10x_StdPeriph_Driver/src/stm32f10x_wwdg.c **** /** @defgroup WWDG_Private_TypesDefinitions
  35:./.driver/STM32F10x_StdPeriph_Driver/src/stm32f10x_wwdg.c ****   * @{
  36:./.driver/STM32F10x_StdPeriph_Driver/src/stm32f10x_wwdg.c ****   */
  37:./.driver/STM32F10x_StdPeriph_Driver/src/stm32f10x_wwdg.c **** 
  38:./.driver/STM32F10x_StdPeriph_Driver/src/stm32f10x_wwdg.c **** /**
  39:./.driver/STM32F10x_StdPeriph_Driver/src/stm32f10x_wwdg.c ****   * @}
  40:./.driver/STM32F10x_StdPeriph_Driver/src/stm32f10x_wwdg.c ****   */
  41:./.driver/STM32F10x_StdPeriph_Driver/src/stm32f10x_wwdg.c **** 
  42:./.driver/STM32F10x_StdPeriph_Driver/src/stm32f10x_wwdg.c **** /** @defgroup WWDG_Private_Defines
  43:./.driver/STM32F10x_StdPeriph_Driver/src/stm32f10x_wwdg.c ****   * @{
  44:./.driver/STM32F10x_StdPeriph_Driver/src/stm32f10x_wwdg.c ****   */
  45:./.driver/STM32F10x_StdPeriph_Driver/src/stm32f10x_wwdg.c **** 
  46:./.driver/STM32F10x_StdPeriph_Driver/src/stm32f10x_wwdg.c **** /* ----------- WWDG registers bit address in the alias region ----------- */
  47:./.driver/STM32F10x_StdPeriph_Driver/src/stm32f10x_wwdg.c **** #define WWDG_OFFSET       (WWDG_BASE - PERIPH_BASE)
  48:./.driver/STM32F10x_StdPeriph_Driver/src/stm32f10x_wwdg.c **** 
  49:./.driver/STM32F10x_StdPeriph_Driver/src/stm32f10x_wwdg.c **** /* Alias word address of EWI bit */
  50:./.driver/STM32F10x_StdPeriph_Driver/src/stm32f10x_wwdg.c **** #define CFR_OFFSET        (WWDG_OFFSET + 0x04)
  51:./.driver/STM32F10x_StdPeriph_Driver/src/stm32f10x_wwdg.c **** #define EWI_BitNumber     0x09
  52:./.driver/STM32F10x_StdPeriph_Driver/src/stm32f10x_wwdg.c **** #define CFR_EWI_BB        (PERIPH_BB_BASE + (CFR_OFFSET * 32) + (EWI_BitNumber * 4))
  53:./.driver/STM32F10x_StdPeriph_Driver/src/stm32f10x_wwdg.c **** 
  54:./.driver/STM32F10x_StdPeriph_Driver/src/stm32f10x_wwdg.c **** /* --------------------- WWDG registers bit mask ------------------------ */
  55:./.driver/STM32F10x_StdPeriph_Driver/src/stm32f10x_wwdg.c **** 
  56:./.driver/STM32F10x_StdPeriph_Driver/src/stm32f10x_wwdg.c **** /* CR register bit mask */
  57:./.driver/STM32F10x_StdPeriph_Driver/src/stm32f10x_wwdg.c **** #define CR_WDGA_Set       ((uint32_t)0x00000080)
  58:./.driver/STM32F10x_StdPeriph_Driver/src/stm32f10x_wwdg.c **** 
  59:./.driver/STM32F10x_StdPeriph_Driver/src/stm32f10x_wwdg.c **** /* CFR register bit mask */
  60:./.driver/STM32F10x_StdPeriph_Driver/src/stm32f10x_wwdg.c **** #define CFR_WDGTB_Mask    ((uint32_t)0xFFFFFE7F)
  61:./.driver/STM32F10x_StdPeriph_Driver/src/stm32f10x_wwdg.c **** #define CFR_W_Mask        ((uint32_t)0xFFFFFF80)
  62:./.driver/STM32F10x_StdPeriph_Driver/src/stm32f10x_wwdg.c **** #define BIT_Mask          ((uint8_t)0x7F)
  63:./.driver/STM32F10x_StdPeriph_Driver/src/stm32f10x_wwdg.c **** 
  64:./.driver/STM32F10x_StdPeriph_Driver/src/stm32f10x_wwdg.c **** /**
  65:./.driver/STM32F10x_StdPeriph_Driver/src/stm32f10x_wwdg.c ****   * @}
  66:./.driver/STM32F10x_StdPeriph_Driver/src/stm32f10x_wwdg.c ****   */
  67:./.driver/STM32F10x_StdPeriph_Driver/src/stm32f10x_wwdg.c **** 
  68:./.driver/STM32F10x_StdPeriph_Driver/src/stm32f10x_wwdg.c **** /** @defgroup WWDG_Private_Macros
  69:./.driver/STM32F10x_StdPeriph_Driver/src/stm32f10x_wwdg.c ****   * @{
  70:./.driver/STM32F10x_StdPeriph_Driver/src/stm32f10x_wwdg.c ****   */
  71:./.driver/STM32F10x_StdPeriph_Driver/src/stm32f10x_wwdg.c **** 
  72:./.driver/STM32F10x_StdPeriph_Driver/src/stm32f10x_wwdg.c **** /**
  73:./.driver/STM32F10x_StdPeriph_Driver/src/stm32f10x_wwdg.c ****   * @}
  74:./.driver/STM32F10x_StdPeriph_Driver/src/stm32f10x_wwdg.c ****   */
  75:./.driver/STM32F10x_StdPeriph_Driver/src/stm32f10x_wwdg.c **** 
  76:./.driver/STM32F10x_StdPeriph_Driver/src/stm32f10x_wwdg.c **** /** @defgroup WWDG_Private_Variables
  77:./.driver/STM32F10x_StdPeriph_Driver/src/stm32f10x_wwdg.c ****   * @{
  78:./.driver/STM32F10x_StdPeriph_Driver/src/stm32f10x_wwdg.c ****   */
  79:./.driver/STM32F10x_StdPeriph_Driver/src/stm32f10x_wwdg.c **** 
  80:./.driver/STM32F10x_StdPeriph_Driver/src/stm32f10x_wwdg.c **** /**
  81:./.driver/STM32F10x_StdPeriph_Driver/src/stm32f10x_wwdg.c ****   * @}
  82:./.driver/STM32F10x_StdPeriph_Driver/src/stm32f10x_wwdg.c ****   */
  83:./.driver/STM32F10x_StdPeriph_Driver/src/stm32f10x_wwdg.c **** 
  84:./.driver/STM32F10x_StdPeriph_Driver/src/stm32f10x_wwdg.c **** /** @defgroup WWDG_Private_FunctionPrototypes
  85:./.driver/STM32F10x_StdPeriph_Driver/src/stm32f10x_wwdg.c ****   * @{
  86:./.driver/STM32F10x_StdPeriph_Driver/src/stm32f10x_wwdg.c ****   */
  87:./.driver/STM32F10x_StdPeriph_Driver/src/stm32f10x_wwdg.c **** 
  88:./.driver/STM32F10x_StdPeriph_Driver/src/stm32f10x_wwdg.c **** /**
  89:./.driver/STM32F10x_StdPeriph_Driver/src/stm32f10x_wwdg.c ****   * @}
ARM GAS  C:\Users\SAMEER~1.ALM\AppData\Local\Temp\ccH6BuXw.s 			page 3


  90:./.driver/STM32F10x_StdPeriph_Driver/src/stm32f10x_wwdg.c ****   */
  91:./.driver/STM32F10x_StdPeriph_Driver/src/stm32f10x_wwdg.c **** 
  92:./.driver/STM32F10x_StdPeriph_Driver/src/stm32f10x_wwdg.c **** /** @defgroup WWDG_Private_Functions
  93:./.driver/STM32F10x_StdPeriph_Driver/src/stm32f10x_wwdg.c ****   * @{
  94:./.driver/STM32F10x_StdPeriph_Driver/src/stm32f10x_wwdg.c ****   */
  95:./.driver/STM32F10x_StdPeriph_Driver/src/stm32f10x_wwdg.c **** 
  96:./.driver/STM32F10x_StdPeriph_Driver/src/stm32f10x_wwdg.c **** /**
  97:./.driver/STM32F10x_StdPeriph_Driver/src/stm32f10x_wwdg.c ****   * @brief  Deinitializes the WWDG peripheral registers to their default reset values.
  98:./.driver/STM32F10x_StdPeriph_Driver/src/stm32f10x_wwdg.c ****   * @param  None
  99:./.driver/STM32F10x_StdPeriph_Driver/src/stm32f10x_wwdg.c ****   * @retval None
 100:./.driver/STM32F10x_StdPeriph_Driver/src/stm32f10x_wwdg.c ****   */
 101:./.driver/STM32F10x_StdPeriph_Driver/src/stm32f10x_wwdg.c **** void WWDG_DeInit(void)
 102:./.driver/STM32F10x_StdPeriph_Driver/src/stm32f10x_wwdg.c **** {
  27              		.loc 1 102 1
  28              		.cfi_startproc
  29              		@ args = 0, pretend = 0, frame = 0
  30              		@ frame_needed = 1, uses_anonymous_args = 0
  31 0000 80B5     		push	{r7, lr}
  32              	.LCFI0:
  33              		.cfi_def_cfa_offset 8
  34              		.cfi_offset 7, -8
  35              		.cfi_offset 14, -4
  36 0002 00AF     		add	r7, sp, #0
  37              	.LCFI1:
  38              		.cfi_def_cfa_register 7
 103:./.driver/STM32F10x_StdPeriph_Driver/src/stm32f10x_wwdg.c ****   RCC_APB1PeriphResetCmd(RCC_APB1Periph_WWDG, ENABLE);
  39              		.loc 1 103 3
  40 0004 0121     		movs	r1, #1
  41 0006 4FF40060 		mov	r0, #2048
  42 000a FFF7FEFF 		bl	RCC_APB1PeriphResetCmd
 104:./.driver/STM32F10x_StdPeriph_Driver/src/stm32f10x_wwdg.c ****   RCC_APB1PeriphResetCmd(RCC_APB1Periph_WWDG, DISABLE);
  43              		.loc 1 104 3
  44 000e 0021     		movs	r1, #0
  45 0010 4FF40060 		mov	r0, #2048
  46 0014 FFF7FEFF 		bl	RCC_APB1PeriphResetCmd
 105:./.driver/STM32F10x_StdPeriph_Driver/src/stm32f10x_wwdg.c **** }
  47              		.loc 1 105 1
  48 0018 00BF     		nop
  49 001a 80BD     		pop	{r7, pc}
  50              		.cfi_endproc
  51              	.LFE29:
  53              		.section	.text.WWDG_SetPrescaler,"ax",%progbits
  54              		.align	1
  55              		.global	WWDG_SetPrescaler
  56              		.syntax unified
  57              		.thumb
  58              		.thumb_func
  60              	WWDG_SetPrescaler:
  61              	.LFB30:
 106:./.driver/STM32F10x_StdPeriph_Driver/src/stm32f10x_wwdg.c **** 
 107:./.driver/STM32F10x_StdPeriph_Driver/src/stm32f10x_wwdg.c **** /**
 108:./.driver/STM32F10x_StdPeriph_Driver/src/stm32f10x_wwdg.c ****   * @brief  Sets the WWDG Prescaler.
 109:./.driver/STM32F10x_StdPeriph_Driver/src/stm32f10x_wwdg.c ****   * @param  WWDG_Prescaler: specifies the WWDG Prescaler.
 110:./.driver/STM32F10x_StdPeriph_Driver/src/stm32f10x_wwdg.c ****   *   This parameter can be one of the following values:
 111:./.driver/STM32F10x_StdPeriph_Driver/src/stm32f10x_wwdg.c ****   *     @arg WWDG_Prescaler_1: WWDG counter clock = (PCLK1/4096)/1
 112:./.driver/STM32F10x_StdPeriph_Driver/src/stm32f10x_wwdg.c ****   *     @arg WWDG_Prescaler_2: WWDG counter clock = (PCLK1/4096)/2
 113:./.driver/STM32F10x_StdPeriph_Driver/src/stm32f10x_wwdg.c ****   *     @arg WWDG_Prescaler_4: WWDG counter clock = (PCLK1/4096)/4
ARM GAS  C:\Users\SAMEER~1.ALM\AppData\Local\Temp\ccH6BuXw.s 			page 4


 114:./.driver/STM32F10x_StdPeriph_Driver/src/stm32f10x_wwdg.c ****   *     @arg WWDG_Prescaler_8: WWDG counter clock = (PCLK1/4096)/8
 115:./.driver/STM32F10x_StdPeriph_Driver/src/stm32f10x_wwdg.c ****   * @retval None
 116:./.driver/STM32F10x_StdPeriph_Driver/src/stm32f10x_wwdg.c ****   */
 117:./.driver/STM32F10x_StdPeriph_Driver/src/stm32f10x_wwdg.c **** void WWDG_SetPrescaler(uint32_t WWDG_Prescaler)
 118:./.driver/STM32F10x_StdPeriph_Driver/src/stm32f10x_wwdg.c **** {
  62              		.loc 1 118 1
  63              		.cfi_startproc
  64              		@ args = 0, pretend = 0, frame = 16
  65              		@ frame_needed = 1, uses_anonymous_args = 0
  66              		@ link register save eliminated.
  67 0000 80B4     		push	{r7}
  68              	.LCFI2:
  69              		.cfi_def_cfa_offset 4
  70              		.cfi_offset 7, -4
  71 0002 85B0     		sub	sp, sp, #20
  72              	.LCFI3:
  73              		.cfi_def_cfa_offset 24
  74 0004 00AF     		add	r7, sp, #0
  75              	.LCFI4:
  76              		.cfi_def_cfa_register 7
  77 0006 7860     		str	r0, [r7, #4]
 119:./.driver/STM32F10x_StdPeriph_Driver/src/stm32f10x_wwdg.c ****   uint32_t tmpreg = 0;
  78              		.loc 1 119 12
  79 0008 0023     		movs	r3, #0
  80 000a FB60     		str	r3, [r7, #12]
 120:./.driver/STM32F10x_StdPeriph_Driver/src/stm32f10x_wwdg.c ****   /* Check the parameters */
 121:./.driver/STM32F10x_StdPeriph_Driver/src/stm32f10x_wwdg.c ****   assert_param(IS_WWDG_PRESCALER(WWDG_Prescaler));
 122:./.driver/STM32F10x_StdPeriph_Driver/src/stm32f10x_wwdg.c ****   /* Clear WDGTB[1:0] bits */
 123:./.driver/STM32F10x_StdPeriph_Driver/src/stm32f10x_wwdg.c ****   tmpreg = WWDG->CFR & CFR_WDGTB_Mask;
  81              		.loc 1 123 16
  82 000c 084B     		ldr	r3, .L3
  83 000e 5B68     		ldr	r3, [r3, #4]
  84              		.loc 1 123 10
  85 0010 23F4C073 		bic	r3, r3, #384
  86 0014 FB60     		str	r3, [r7, #12]
 124:./.driver/STM32F10x_StdPeriph_Driver/src/stm32f10x_wwdg.c ****   /* Set WDGTB[1:0] bits according to WWDG_Prescaler value */
 125:./.driver/STM32F10x_StdPeriph_Driver/src/stm32f10x_wwdg.c ****   tmpreg |= WWDG_Prescaler;
  87              		.loc 1 125 10
  88 0016 FA68     		ldr	r2, [r7, #12]
  89 0018 7B68     		ldr	r3, [r7, #4]
  90 001a 1343     		orrs	r3, r3, r2
  91 001c FB60     		str	r3, [r7, #12]
 126:./.driver/STM32F10x_StdPeriph_Driver/src/stm32f10x_wwdg.c ****   /* Store the new value */
 127:./.driver/STM32F10x_StdPeriph_Driver/src/stm32f10x_wwdg.c ****   WWDG->CFR = tmpreg;
  92              		.loc 1 127 7
  93 001e 044A     		ldr	r2, .L3
  94              		.loc 1 127 13
  95 0020 FB68     		ldr	r3, [r7, #12]
  96 0022 5360     		str	r3, [r2, #4]
 128:./.driver/STM32F10x_StdPeriph_Driver/src/stm32f10x_wwdg.c **** }
  97              		.loc 1 128 1
  98 0024 00BF     		nop
  99 0026 1437     		adds	r7, r7, #20
 100              	.LCFI5:
 101              		.cfi_def_cfa_offset 4
 102 0028 BD46     		mov	sp, r7
 103              	.LCFI6:
ARM GAS  C:\Users\SAMEER~1.ALM\AppData\Local\Temp\ccH6BuXw.s 			page 5


 104              		.cfi_def_cfa_register 13
 105              		@ sp needed
 106 002a 80BC     		pop	{r7}
 107              	.LCFI7:
 108              		.cfi_restore 7
 109              		.cfi_def_cfa_offset 0
 110 002c 7047     		bx	lr
 111              	.L4:
 112 002e 00BF     		.align	2
 113              	.L3:
 114 0030 002C0040 		.word	1073753088
 115              		.cfi_endproc
 116              	.LFE30:
 118              		.section	.text.WWDG_SetWindowValue,"ax",%progbits
 119              		.align	1
 120              		.global	WWDG_SetWindowValue
 121              		.syntax unified
 122              		.thumb
 123              		.thumb_func
 125              	WWDG_SetWindowValue:
 126              	.LFB31:
 129:./.driver/STM32F10x_StdPeriph_Driver/src/stm32f10x_wwdg.c **** 
 130:./.driver/STM32F10x_StdPeriph_Driver/src/stm32f10x_wwdg.c **** /**
 131:./.driver/STM32F10x_StdPeriph_Driver/src/stm32f10x_wwdg.c ****   * @brief  Sets the WWDG window value.
 132:./.driver/STM32F10x_StdPeriph_Driver/src/stm32f10x_wwdg.c ****   * @param  WindowValue: specifies the window value to be compared to the downcounter.
 133:./.driver/STM32F10x_StdPeriph_Driver/src/stm32f10x_wwdg.c ****   *   This parameter value must be lower than 0x80.
 134:./.driver/STM32F10x_StdPeriph_Driver/src/stm32f10x_wwdg.c ****   * @retval None
 135:./.driver/STM32F10x_StdPeriph_Driver/src/stm32f10x_wwdg.c ****   */
 136:./.driver/STM32F10x_StdPeriph_Driver/src/stm32f10x_wwdg.c **** void WWDG_SetWindowValue(uint8_t WindowValue)
 137:./.driver/STM32F10x_StdPeriph_Driver/src/stm32f10x_wwdg.c **** {
 127              		.loc 1 137 1
 128              		.cfi_startproc
 129              		@ args = 0, pretend = 0, frame = 16
 130              		@ frame_needed = 1, uses_anonymous_args = 0
 131              		@ link register save eliminated.
 132 0000 80B4     		push	{r7}
 133              	.LCFI8:
 134              		.cfi_def_cfa_offset 4
 135              		.cfi_offset 7, -4
 136 0002 85B0     		sub	sp, sp, #20
 137              	.LCFI9:
 138              		.cfi_def_cfa_offset 24
 139 0004 00AF     		add	r7, sp, #0
 140              	.LCFI10:
 141              		.cfi_def_cfa_register 7
 142 0006 0346     		mov	r3, r0
 143 0008 FB71     		strb	r3, [r7, #7]
 138:./.driver/STM32F10x_StdPeriph_Driver/src/stm32f10x_wwdg.c ****   __IO uint32_t tmpreg = 0;
 144              		.loc 1 138 17
 145 000a 0023     		movs	r3, #0
 146 000c FB60     		str	r3, [r7, #12]
 139:./.driver/STM32F10x_StdPeriph_Driver/src/stm32f10x_wwdg.c **** 
 140:./.driver/STM32F10x_StdPeriph_Driver/src/stm32f10x_wwdg.c ****   /* Check the parameters */
 141:./.driver/STM32F10x_StdPeriph_Driver/src/stm32f10x_wwdg.c ****   assert_param(IS_WWDG_WINDOW_VALUE(WindowValue));
 142:./.driver/STM32F10x_StdPeriph_Driver/src/stm32f10x_wwdg.c ****   /* Clear W[6:0] bits */
 143:./.driver/STM32F10x_StdPeriph_Driver/src/stm32f10x_wwdg.c **** 
 144:./.driver/STM32F10x_StdPeriph_Driver/src/stm32f10x_wwdg.c ****   tmpreg = WWDG->CFR & CFR_W_Mask;
ARM GAS  C:\Users\SAMEER~1.ALM\AppData\Local\Temp\ccH6BuXw.s 			page 6


 147              		.loc 1 144 16
 148 000e 094B     		ldr	r3, .L6
 149 0010 5B68     		ldr	r3, [r3, #4]
 150              		.loc 1 144 22
 151 0012 23F07F03 		bic	r3, r3, #127
 152              		.loc 1 144 10
 153 0016 FB60     		str	r3, [r7, #12]
 145:./.driver/STM32F10x_StdPeriph_Driver/src/stm32f10x_wwdg.c **** 
 146:./.driver/STM32F10x_StdPeriph_Driver/src/stm32f10x_wwdg.c ****   /* Set W[6:0] bits according to WindowValue value */
 147:./.driver/STM32F10x_StdPeriph_Driver/src/stm32f10x_wwdg.c ****   tmpreg |= WindowValue & (uint32_t) BIT_Mask;
 154              		.loc 1 147 25
 155 0018 FB79     		ldrb	r3, [r7, #7]	@ zero_extendqisi2
 156 001a 03F07F02 		and	r2, r3, #127
 157              		.loc 1 147 10
 158 001e FB68     		ldr	r3, [r7, #12]
 159 0020 1343     		orrs	r3, r3, r2
 160 0022 FB60     		str	r3, [r7, #12]
 148:./.driver/STM32F10x_StdPeriph_Driver/src/stm32f10x_wwdg.c **** 
 149:./.driver/STM32F10x_StdPeriph_Driver/src/stm32f10x_wwdg.c ****   /* Store the new value */
 150:./.driver/STM32F10x_StdPeriph_Driver/src/stm32f10x_wwdg.c ****   WWDG->CFR = tmpreg;
 161              		.loc 1 150 7
 162 0024 034A     		ldr	r2, .L6
 163              		.loc 1 150 13
 164 0026 FB68     		ldr	r3, [r7, #12]
 165 0028 5360     		str	r3, [r2, #4]
 151:./.driver/STM32F10x_StdPeriph_Driver/src/stm32f10x_wwdg.c **** }
 166              		.loc 1 151 1
 167 002a 00BF     		nop
 168 002c 1437     		adds	r7, r7, #20
 169              	.LCFI11:
 170              		.cfi_def_cfa_offset 4
 171 002e BD46     		mov	sp, r7
 172              	.LCFI12:
 173              		.cfi_def_cfa_register 13
 174              		@ sp needed
 175 0030 80BC     		pop	{r7}
 176              	.LCFI13:
 177              		.cfi_restore 7
 178              		.cfi_def_cfa_offset 0
 179 0032 7047     		bx	lr
 180              	.L7:
 181              		.align	2
 182              	.L6:
 183 0034 002C0040 		.word	1073753088
 184              		.cfi_endproc
 185              	.LFE31:
 187              		.section	.text.WWDG_EnableIT,"ax",%progbits
 188              		.align	1
 189              		.global	WWDG_EnableIT
 190              		.syntax unified
 191              		.thumb
 192              		.thumb_func
 194              	WWDG_EnableIT:
 195              	.LFB32:
 152:./.driver/STM32F10x_StdPeriph_Driver/src/stm32f10x_wwdg.c **** 
 153:./.driver/STM32F10x_StdPeriph_Driver/src/stm32f10x_wwdg.c **** /**
 154:./.driver/STM32F10x_StdPeriph_Driver/src/stm32f10x_wwdg.c ****   * @brief  Enables the WWDG Early Wakeup interrupt(EWI).
ARM GAS  C:\Users\SAMEER~1.ALM\AppData\Local\Temp\ccH6BuXw.s 			page 7


 155:./.driver/STM32F10x_StdPeriph_Driver/src/stm32f10x_wwdg.c ****   * @param  None
 156:./.driver/STM32F10x_StdPeriph_Driver/src/stm32f10x_wwdg.c ****   * @retval None
 157:./.driver/STM32F10x_StdPeriph_Driver/src/stm32f10x_wwdg.c ****   */
 158:./.driver/STM32F10x_StdPeriph_Driver/src/stm32f10x_wwdg.c **** void WWDG_EnableIT(void)
 159:./.driver/STM32F10x_StdPeriph_Driver/src/stm32f10x_wwdg.c **** {
 196              		.loc 1 159 1
 197              		.cfi_startproc
 198              		@ args = 0, pretend = 0, frame = 0
 199              		@ frame_needed = 1, uses_anonymous_args = 0
 200              		@ link register save eliminated.
 201 0000 80B4     		push	{r7}
 202              	.LCFI14:
 203              		.cfi_def_cfa_offset 4
 204              		.cfi_offset 7, -4
 205 0002 00AF     		add	r7, sp, #0
 206              	.LCFI15:
 207              		.cfi_def_cfa_register 7
 160:./.driver/STM32F10x_StdPeriph_Driver/src/stm32f10x_wwdg.c ****   *(__IO uint32_t *) CFR_EWI_BB = (uint32_t)ENABLE;
 208              		.loc 1 160 3
 209 0004 034B     		ldr	r3, .L9
 210              		.loc 1 160 33
 211 0006 0122     		movs	r2, #1
 212 0008 1A60     		str	r2, [r3]
 161:./.driver/STM32F10x_StdPeriph_Driver/src/stm32f10x_wwdg.c **** }
 213              		.loc 1 161 1
 214 000a 00BF     		nop
 215 000c BD46     		mov	sp, r7
 216              	.LCFI16:
 217              		.cfi_def_cfa_register 13
 218              		@ sp needed
 219 000e 80BC     		pop	{r7}
 220              	.LCFI17:
 221              		.cfi_restore 7
 222              		.cfi_def_cfa_offset 0
 223 0010 7047     		bx	lr
 224              	.L10:
 225 0012 00BF     		.align	2
 226              	.L9:
 227 0014 A4800542 		.word	1107656868
 228              		.cfi_endproc
 229              	.LFE32:
 231              		.section	.text.WWDG_SetCounter,"ax",%progbits
 232              		.align	1
 233              		.global	WWDG_SetCounter
 234              		.syntax unified
 235              		.thumb
 236              		.thumb_func
 238              	WWDG_SetCounter:
 239              	.LFB33:
 162:./.driver/STM32F10x_StdPeriph_Driver/src/stm32f10x_wwdg.c **** 
 163:./.driver/STM32F10x_StdPeriph_Driver/src/stm32f10x_wwdg.c **** /**
 164:./.driver/STM32F10x_StdPeriph_Driver/src/stm32f10x_wwdg.c ****   * @brief  Sets the WWDG counter value.
 165:./.driver/STM32F10x_StdPeriph_Driver/src/stm32f10x_wwdg.c ****   * @param  Counter: specifies the watchdog counter value.
 166:./.driver/STM32F10x_StdPeriph_Driver/src/stm32f10x_wwdg.c ****   *   This parameter must be a number between 0x40 and 0x7F.
 167:./.driver/STM32F10x_StdPeriph_Driver/src/stm32f10x_wwdg.c ****   * @retval None
 168:./.driver/STM32F10x_StdPeriph_Driver/src/stm32f10x_wwdg.c ****   */
 169:./.driver/STM32F10x_StdPeriph_Driver/src/stm32f10x_wwdg.c **** void WWDG_SetCounter(uint8_t Counter)
ARM GAS  C:\Users\SAMEER~1.ALM\AppData\Local\Temp\ccH6BuXw.s 			page 8


 170:./.driver/STM32F10x_StdPeriph_Driver/src/stm32f10x_wwdg.c **** {
 240              		.loc 1 170 1
 241              		.cfi_startproc
 242              		@ args = 0, pretend = 0, frame = 8
 243              		@ frame_needed = 1, uses_anonymous_args = 0
 244              		@ link register save eliminated.
 245 0000 80B4     		push	{r7}
 246              	.LCFI18:
 247              		.cfi_def_cfa_offset 4
 248              		.cfi_offset 7, -4
 249 0002 83B0     		sub	sp, sp, #12
 250              	.LCFI19:
 251              		.cfi_def_cfa_offset 16
 252 0004 00AF     		add	r7, sp, #0
 253              	.LCFI20:
 254              		.cfi_def_cfa_register 7
 255 0006 0346     		mov	r3, r0
 256 0008 FB71     		strb	r3, [r7, #7]
 171:./.driver/STM32F10x_StdPeriph_Driver/src/stm32f10x_wwdg.c ****   /* Check the parameters */
 172:./.driver/STM32F10x_StdPeriph_Driver/src/stm32f10x_wwdg.c ****   assert_param(IS_WWDG_COUNTER(Counter));
 173:./.driver/STM32F10x_StdPeriph_Driver/src/stm32f10x_wwdg.c ****   /* Write to T[6:0] bits to configure the counter value, no need to do
 174:./.driver/STM32F10x_StdPeriph_Driver/src/stm32f10x_wwdg.c ****      a read-modify-write; writing a 0 to WDGA bit does nothing */
 175:./.driver/STM32F10x_StdPeriph_Driver/src/stm32f10x_wwdg.c ****   WWDG->CR = Counter & BIT_Mask;
 257              		.loc 1 175 22
 258 000a FB79     		ldrb	r3, [r7, #7]	@ zero_extendqisi2
 259              		.loc 1 175 7
 260 000c 044A     		ldr	r2, .L12
 261              		.loc 1 175 22
 262 000e 03F07F03 		and	r3, r3, #127
 263              		.loc 1 175 12
 264 0012 1360     		str	r3, [r2]
 176:./.driver/STM32F10x_StdPeriph_Driver/src/stm32f10x_wwdg.c **** }
 265              		.loc 1 176 1
 266 0014 00BF     		nop
 267 0016 0C37     		adds	r7, r7, #12
 268              	.LCFI21:
 269              		.cfi_def_cfa_offset 4
 270 0018 BD46     		mov	sp, r7
 271              	.LCFI22:
 272              		.cfi_def_cfa_register 13
 273              		@ sp needed
 274 001a 80BC     		pop	{r7}
 275              	.LCFI23:
 276              		.cfi_restore 7
 277              		.cfi_def_cfa_offset 0
 278 001c 7047     		bx	lr
 279              	.L13:
 280 001e 00BF     		.align	2
 281              	.L12:
 282 0020 002C0040 		.word	1073753088
 283              		.cfi_endproc
 284              	.LFE33:
 286              		.section	.text.WWDG_Enable,"ax",%progbits
 287              		.align	1
 288              		.global	WWDG_Enable
 289              		.syntax unified
 290              		.thumb
ARM GAS  C:\Users\SAMEER~1.ALM\AppData\Local\Temp\ccH6BuXw.s 			page 9


 291              		.thumb_func
 293              	WWDG_Enable:
 294              	.LFB34:
 177:./.driver/STM32F10x_StdPeriph_Driver/src/stm32f10x_wwdg.c **** 
 178:./.driver/STM32F10x_StdPeriph_Driver/src/stm32f10x_wwdg.c **** /**
 179:./.driver/STM32F10x_StdPeriph_Driver/src/stm32f10x_wwdg.c ****   * @brief  Enables WWDG and load the counter value.                  
 180:./.driver/STM32F10x_StdPeriph_Driver/src/stm32f10x_wwdg.c ****   * @param  Counter: specifies the watchdog counter value.
 181:./.driver/STM32F10x_StdPeriph_Driver/src/stm32f10x_wwdg.c ****   *   This parameter must be a number between 0x40 and 0x7F.
 182:./.driver/STM32F10x_StdPeriph_Driver/src/stm32f10x_wwdg.c ****   * @retval None
 183:./.driver/STM32F10x_StdPeriph_Driver/src/stm32f10x_wwdg.c ****   */
 184:./.driver/STM32F10x_StdPeriph_Driver/src/stm32f10x_wwdg.c **** void WWDG_Enable(uint8_t Counter)
 185:./.driver/STM32F10x_StdPeriph_Driver/src/stm32f10x_wwdg.c **** {
 295              		.loc 1 185 1
 296              		.cfi_startproc
 297              		@ args = 0, pretend = 0, frame = 8
 298              		@ frame_needed = 1, uses_anonymous_args = 0
 299              		@ link register save eliminated.
 300 0000 80B4     		push	{r7}
 301              	.LCFI24:
 302              		.cfi_def_cfa_offset 4
 303              		.cfi_offset 7, -4
 304 0002 83B0     		sub	sp, sp, #12
 305              	.LCFI25:
 306              		.cfi_def_cfa_offset 16
 307 0004 00AF     		add	r7, sp, #0
 308              	.LCFI26:
 309              		.cfi_def_cfa_register 7
 310 0006 0346     		mov	r3, r0
 311 0008 FB71     		strb	r3, [r7, #7]
 186:./.driver/STM32F10x_StdPeriph_Driver/src/stm32f10x_wwdg.c ****   /* Check the parameters */
 187:./.driver/STM32F10x_StdPeriph_Driver/src/stm32f10x_wwdg.c ****   assert_param(IS_WWDG_COUNTER(Counter));
 188:./.driver/STM32F10x_StdPeriph_Driver/src/stm32f10x_wwdg.c ****   WWDG->CR = CR_WDGA_Set | Counter;
 312              		.loc 1 188 26
 313 000a FB79     		ldrb	r3, [r7, #7]
 314 000c 63F07F03 		orn	r3, r3, #127
 315 0010 DAB2     		uxtb	r2, r3
 316              		.loc 1 188 7
 317 0012 034B     		ldr	r3, .L15
 318              		.loc 1 188 12
 319 0014 1A60     		str	r2, [r3]
 189:./.driver/STM32F10x_StdPeriph_Driver/src/stm32f10x_wwdg.c **** }
 320              		.loc 1 189 1
 321 0016 00BF     		nop
 322 0018 0C37     		adds	r7, r7, #12
 323              	.LCFI27:
 324              		.cfi_def_cfa_offset 4
 325 001a BD46     		mov	sp, r7
 326              	.LCFI28:
 327              		.cfi_def_cfa_register 13
 328              		@ sp needed
 329 001c 80BC     		pop	{r7}
 330              	.LCFI29:
 331              		.cfi_restore 7
 332              		.cfi_def_cfa_offset 0
 333 001e 7047     		bx	lr
 334              	.L16:
 335              		.align	2
ARM GAS  C:\Users\SAMEER~1.ALM\AppData\Local\Temp\ccH6BuXw.s 			page 10


 336              	.L15:
 337 0020 002C0040 		.word	1073753088
 338              		.cfi_endproc
 339              	.LFE34:
 341              		.section	.text.WWDG_GetFlagStatus,"ax",%progbits
 342              		.align	1
 343              		.global	WWDG_GetFlagStatus
 344              		.syntax unified
 345              		.thumb
 346              		.thumb_func
 348              	WWDG_GetFlagStatus:
 349              	.LFB35:
 190:./.driver/STM32F10x_StdPeriph_Driver/src/stm32f10x_wwdg.c **** 
 191:./.driver/STM32F10x_StdPeriph_Driver/src/stm32f10x_wwdg.c **** /**
 192:./.driver/STM32F10x_StdPeriph_Driver/src/stm32f10x_wwdg.c ****   * @brief  Checks whether the Early Wakeup interrupt flag is set or not.
 193:./.driver/STM32F10x_StdPeriph_Driver/src/stm32f10x_wwdg.c ****   * @param  None
 194:./.driver/STM32F10x_StdPeriph_Driver/src/stm32f10x_wwdg.c ****   * @retval The new state of the Early Wakeup interrupt flag (SET or RESET)
 195:./.driver/STM32F10x_StdPeriph_Driver/src/stm32f10x_wwdg.c ****   */
 196:./.driver/STM32F10x_StdPeriph_Driver/src/stm32f10x_wwdg.c **** FlagStatus WWDG_GetFlagStatus(void)
 197:./.driver/STM32F10x_StdPeriph_Driver/src/stm32f10x_wwdg.c **** {
 350              		.loc 1 197 1
 351              		.cfi_startproc
 352              		@ args = 0, pretend = 0, frame = 0
 353              		@ frame_needed = 1, uses_anonymous_args = 0
 354              		@ link register save eliminated.
 355 0000 80B4     		push	{r7}
 356              	.LCFI30:
 357              		.cfi_def_cfa_offset 4
 358              		.cfi_offset 7, -4
 359 0002 00AF     		add	r7, sp, #0
 360              	.LCFI31:
 361              		.cfi_def_cfa_register 7
 198:./.driver/STM32F10x_StdPeriph_Driver/src/stm32f10x_wwdg.c ****   return (FlagStatus)(WWDG->SR);
 362              		.loc 1 198 27
 363 0004 034B     		ldr	r3, .L19
 364 0006 9B68     		ldr	r3, [r3, #8]
 365              		.loc 1 198 10
 366 0008 DBB2     		uxtb	r3, r3
 199:./.driver/STM32F10x_StdPeriph_Driver/src/stm32f10x_wwdg.c **** }
 367              		.loc 1 199 1
 368 000a 1846     		mov	r0, r3
 369 000c BD46     		mov	sp, r7
 370              	.LCFI32:
 371              		.cfi_def_cfa_register 13
 372              		@ sp needed
 373 000e 80BC     		pop	{r7}
 374              	.LCFI33:
 375              		.cfi_restore 7
 376              		.cfi_def_cfa_offset 0
 377 0010 7047     		bx	lr
 378              	.L20:
 379 0012 00BF     		.align	2
 380              	.L19:
 381 0014 002C0040 		.word	1073753088
 382              		.cfi_endproc
 383              	.LFE35:
 385              		.section	.text.WWDG_ClearFlag,"ax",%progbits
ARM GAS  C:\Users\SAMEER~1.ALM\AppData\Local\Temp\ccH6BuXw.s 			page 11


 386              		.align	1
 387              		.global	WWDG_ClearFlag
 388              		.syntax unified
 389              		.thumb
 390              		.thumb_func
 392              	WWDG_ClearFlag:
 393              	.LFB36:
 200:./.driver/STM32F10x_StdPeriph_Driver/src/stm32f10x_wwdg.c **** 
 201:./.driver/STM32F10x_StdPeriph_Driver/src/stm32f10x_wwdg.c **** /**
 202:./.driver/STM32F10x_StdPeriph_Driver/src/stm32f10x_wwdg.c ****   * @brief  Clears Early Wakeup interrupt flag.
 203:./.driver/STM32F10x_StdPeriph_Driver/src/stm32f10x_wwdg.c ****   * @param  None
 204:./.driver/STM32F10x_StdPeriph_Driver/src/stm32f10x_wwdg.c ****   * @retval None
 205:./.driver/STM32F10x_StdPeriph_Driver/src/stm32f10x_wwdg.c ****   */
 206:./.driver/STM32F10x_StdPeriph_Driver/src/stm32f10x_wwdg.c **** void WWDG_ClearFlag(void)
 207:./.driver/STM32F10x_StdPeriph_Driver/src/stm32f10x_wwdg.c **** {
 394              		.loc 1 207 1
 395              		.cfi_startproc
 396              		@ args = 0, pretend = 0, frame = 0
 397              		@ frame_needed = 1, uses_anonymous_args = 0
 398              		@ link register save eliminated.
 399 0000 80B4     		push	{r7}
 400              	.LCFI34:
 401              		.cfi_def_cfa_offset 4
 402              		.cfi_offset 7, -4
 403 0002 00AF     		add	r7, sp, #0
 404              	.LCFI35:
 405              		.cfi_def_cfa_register 7
 208:./.driver/STM32F10x_StdPeriph_Driver/src/stm32f10x_wwdg.c ****   WWDG->SR = (uint32_t)RESET;
 406              		.loc 1 208 7
 407 0004 034B     		ldr	r3, .L22
 408              		.loc 1 208 12
 409 0006 0022     		movs	r2, #0
 410 0008 9A60     		str	r2, [r3, #8]
 209:./.driver/STM32F10x_StdPeriph_Driver/src/stm32f10x_wwdg.c **** }
 411              		.loc 1 209 1
 412 000a 00BF     		nop
 413 000c BD46     		mov	sp, r7
 414              	.LCFI36:
 415              		.cfi_def_cfa_register 13
 416              		@ sp needed
 417 000e 80BC     		pop	{r7}
 418              	.LCFI37:
 419              		.cfi_restore 7
 420              		.cfi_def_cfa_offset 0
 421 0010 7047     		bx	lr
 422              	.L23:
 423 0012 00BF     		.align	2
 424              	.L22:
 425 0014 002C0040 		.word	1073753088
 426              		.cfi_endproc
 427              	.LFE36:
 429              		.text
 430              	.Letext0:
 431              		.file 2 "c:\\arm-tool\\gcc-arm-none-eabi-10.3-2021.10\\arm-none-eabi\\include\\machine\\_default_t
 432              		.file 3 "c:\\arm-tool\\gcc-arm-none-eabi-10.3-2021.10\\arm-none-eabi\\include\\sys\\_stdint.h"
 433              		.file 4 "./.driver/CMSIS/Device/STM32F10x/stm32f10x.h"
ARM GAS  C:\Users\SAMEER~1.ALM\AppData\Local\Temp\ccH6BuXw.s 			page 12


DEFINED SYMBOLS
                            *ABS*:00000000 stm32f10x_wwdg.c
C:\Users\SAMEER~1.ALM\AppData\Local\Temp\ccH6BuXw.s:18     .text.WWDG_DeInit:00000000 $t
C:\Users\SAMEER~1.ALM\AppData\Local\Temp\ccH6BuXw.s:24     .text.WWDG_DeInit:00000000 WWDG_DeInit
C:\Users\SAMEER~1.ALM\AppData\Local\Temp\ccH6BuXw.s:54     .text.WWDG_SetPrescaler:00000000 $t
C:\Users\SAMEER~1.ALM\AppData\Local\Temp\ccH6BuXw.s:60     .text.WWDG_SetPrescaler:00000000 WWDG_SetPrescaler
C:\Users\SAMEER~1.ALM\AppData\Local\Temp\ccH6BuXw.s:114    .text.WWDG_SetPrescaler:00000030 $d
C:\Users\SAMEER~1.ALM\AppData\Local\Temp\ccH6BuXw.s:119    .text.WWDG_SetWindowValue:00000000 $t
C:\Users\SAMEER~1.ALM\AppData\Local\Temp\ccH6BuXw.s:125    .text.WWDG_SetWindowValue:00000000 WWDG_SetWindowValue
C:\Users\SAMEER~1.ALM\AppData\Local\Temp\ccH6BuXw.s:183    .text.WWDG_SetWindowValue:00000034 $d
C:\Users\SAMEER~1.ALM\AppData\Local\Temp\ccH6BuXw.s:188    .text.WWDG_EnableIT:00000000 $t
C:\Users\SAMEER~1.ALM\AppData\Local\Temp\ccH6BuXw.s:194    .text.WWDG_EnableIT:00000000 WWDG_EnableIT
C:\Users\SAMEER~1.ALM\AppData\Local\Temp\ccH6BuXw.s:227    .text.WWDG_EnableIT:00000014 $d
C:\Users\SAMEER~1.ALM\AppData\Local\Temp\ccH6BuXw.s:232    .text.WWDG_SetCounter:00000000 $t
C:\Users\SAMEER~1.ALM\AppData\Local\Temp\ccH6BuXw.s:238    .text.WWDG_SetCounter:00000000 WWDG_SetCounter
C:\Users\SAMEER~1.ALM\AppData\Local\Temp\ccH6BuXw.s:282    .text.WWDG_SetCounter:00000020 $d
C:\Users\SAMEER~1.ALM\AppData\Local\Temp\ccH6BuXw.s:287    .text.WWDG_Enable:00000000 $t
C:\Users\SAMEER~1.ALM\AppData\Local\Temp\ccH6BuXw.s:293    .text.WWDG_Enable:00000000 WWDG_Enable
C:\Users\SAMEER~1.ALM\AppData\Local\Temp\ccH6BuXw.s:337    .text.WWDG_Enable:00000020 $d
C:\Users\SAMEER~1.ALM\AppData\Local\Temp\ccH6BuXw.s:342    .text.WWDG_GetFlagStatus:00000000 $t
C:\Users\SAMEER~1.ALM\AppData\Local\Temp\ccH6BuXw.s:348    .text.WWDG_GetFlagStatus:00000000 WWDG_GetFlagStatus
C:\Users\SAMEER~1.ALM\AppData\Local\Temp\ccH6BuXw.s:381    .text.WWDG_GetFlagStatus:00000014 $d
C:\Users\SAMEER~1.ALM\AppData\Local\Temp\ccH6BuXw.s:386    .text.WWDG_ClearFlag:00000000 $t
C:\Users\SAMEER~1.ALM\AppData\Local\Temp\ccH6BuXw.s:392    .text.WWDG_ClearFlag:00000000 WWDG_ClearFlag
C:\Users\SAMEER~1.ALM\AppData\Local\Temp\ccH6BuXw.s:425    .text.WWDG_ClearFlag:00000014 $d
                           .group:00000000 wm4.0.f4779009c199947b70d43074c2c41c8e
                           .group:00000000 wm4.stm32f10x.h.50.d4f13d34ecdc4ac490487d4d35cb5131
                           .group:00000000 wm4.core_cm3.h.25.d35e9a9b04ec4aaebae9bf79fff061f9
                           .group:00000000 wm4._newlib_version.h.4.bfdf54b0af045d4a71376ae00f63a22c
                           .group:00000000 wm4.features.h.33.318b64d71e0957639cfb30f1db1f7ec8
                           .group:00000000 wm4._default_types.h.15.247e5cd201eca3442cbf5404108c4935
                           .group:00000000 wm4._intsup.h.10.48bafbb683905c4daa4565a85aeeb264
                           .group:00000000 wm4._stdint.h.10.c24fa3af3bc1706662bb5593a907e841
                           .group:00000000 wm4.stdint.h.23.d53047a68f4a85177f80b422d52785ed
                           .group:00000000 wm4.core_cm3.h.113.b286929a54d33b4c8909a7132437b244
                           .group:00000000 wm4.stm32f10x.h.525.b40cb5ee4fd40825ea8ccc10ea6f4722
                           .group:00000000 wm4.stm32f10x_adc.h.82.085dab8bb2bdf6609e97ee2fc7a88347
                           .group:00000000 wm4.stm32f10x_bkp.h.24.9f1bb2b1135ba72667dd3fcde11cf4b7
                           .group:00000000 wm4.stm32f10x_can.h.24.b871c380ea975c71825bf46cccde3c7a
                           .group:00000000 wm4.stm32f10x_cec.h.24.a1ee61cba6b8120b5bab40528e933770
                           .group:00000000 wm4.stm32f10x_dac.h.24.39482d0fe30ddea181f0c79f49fb629e
                           .group:00000000 wm4.stm32f10x_dbgmcu.h.24.f73145056e79bc5a93dd6677b2b33d54
                           .group:00000000 wm4.stm32f10x_dma.h.24.a48d4478db5b2956954d84bc5fd35ae1
                           .group:00000000 wm4.stm32f10x_exti.h.24.377f48157d7e463bb3841cf6c97a1c93
                           .group:00000000 wm4.stm32f10x_flash.h.24.877157533caf7ce4331c44a3d0ea5612
                           .group:00000000 wm4.stm32f10x_fsmc.h.24.0518485f192fab09dd5cfc912ded3186
                           .group:00000000 wm4.stm32f10x_gpio.h.24.b627ee324fedf5e3b8730fa015ea30de
                           .group:00000000 wm4.stm32f10x_i2c.h.24.8bc26b82f9e7563ca7234eabea47534c
                           .group:00000000 wm4.stm32f10x_iwdg.h.24.129c4cff233d2076aefd5fc4fbf5956b
                           .group:00000000 wm4.stm32f10x_pwr.h.24.98a178bf0c8fa18634174f1c1123c7bc
                           .group:00000000 wm4.stm32f10x_rcc.h.24.43948985157a0da383ddce718b66f782
                           .group:00000000 wm4.stm32f10x_rtc.h.24.496e77df0282a7f4dc79c6de18da3ecc
                           .group:00000000 wm4.stm32f10x_sdio.h.24.646055cc54873a75158b5d1015b409e6
                           .group:00000000 wm4.stm32f10x_spi.h.24.e7b2623920274a1745e534a7a7156e76
                           .group:00000000 wm4.stm32f10x_tim.h.24.24ac72f04686046a18ee9117ff7bba1f
                           .group:00000000 wm4.stm32f10x_usart.h.24.cf5f8d8e971fad2927ee799886f23b78
                           .group:00000000 wm4.misc.h.24.c54738789d48fd25c957e9d7c7349497
ARM GAS  C:\Users\SAMEER~1.ALM\AppData\Local\Temp\ccH6BuXw.s 			page 13


                           .group:00000000 wm4.stm32f10x.h.8349.9a0c7ea810a74ad6d06203f1a551aebb
                           .group:00000000 wm4.stm32f10x_wwdg.h.57.c988470b01910fe3e9c1692a259a17df

UNDEFINED SYMBOLS
RCC_APB1PeriphResetCmd
