ARM GAS  C:\Users\SAMEER~1.ALM\AppData\Local\Temp\ccztRb6a.s 			page 1


   1              		.cpu cortex-m3
   2              		.arch armv7-m
   3              		.fpu softvfp
   4              		.eabi_attribute 20, 1
   5              		.eabi_attribute 21, 1
   6              		.eabi_attribute 23, 3
   7              		.eabi_attribute 24, 1
   8              		.eabi_attribute 25, 1
   9              		.eabi_attribute 26, 1
  10              		.eabi_attribute 30, 6
  11              		.eabi_attribute 34, 1
  12              		.eabi_attribute 18, 4
  13              		.file	"stm32f10x_cec.c"
  14              		.text
  15              	.Ltext0:
  16              		.cfi_sections	.debug_frame
  17              		.section	.text.CEC_DeInit,"ax",%progbits
  18              		.align	1
  19              		.global	CEC_DeInit
  20              		.syntax unified
  21              		.thumb
  22              		.thumb_func
  24              	CEC_DeInit:
  25              	.LFB29:
  26              		.file 1 "./.driver/STM32F10x_StdPeriph_Driver/src/stm32f10x_cec.c"
   1:./.driver/STM32F10x_StdPeriph_Driver/src/stm32f10x_cec.c **** /**
   2:./.driver/STM32F10x_StdPeriph_Driver/src/stm32f10x_cec.c ****   ******************************************************************************
   3:./.driver/STM32F10x_StdPeriph_Driver/src/stm32f10x_cec.c ****   * @file    stm32f10x_cec.c
   4:./.driver/STM32F10x_StdPeriph_Driver/src/stm32f10x_cec.c ****   * @author  MCD Application Team
   5:./.driver/STM32F10x_StdPeriph_Driver/src/stm32f10x_cec.c ****   * @version V3.6.2
   6:./.driver/STM32F10x_StdPeriph_Driver/src/stm32f10x_cec.c ****   * @date    17-September-2021
   7:./.driver/STM32F10x_StdPeriph_Driver/src/stm32f10x_cec.c ****   * @brief   This file provides all the CEC firmware functions.
   8:./.driver/STM32F10x_StdPeriph_Driver/src/stm32f10x_cec.c ****   ******************************************************************************
   9:./.driver/STM32F10x_StdPeriph_Driver/src/stm32f10x_cec.c ****   * @attention
  10:./.driver/STM32F10x_StdPeriph_Driver/src/stm32f10x_cec.c ****   *
  11:./.driver/STM32F10x_StdPeriph_Driver/src/stm32f10x_cec.c ****   * Copyright (c) 2012 STMicroelectronics.
  12:./.driver/STM32F10x_StdPeriph_Driver/src/stm32f10x_cec.c ****   * All rights reserved.
  13:./.driver/STM32F10x_StdPeriph_Driver/src/stm32f10x_cec.c ****   *
  14:./.driver/STM32F10x_StdPeriph_Driver/src/stm32f10x_cec.c ****   * This software is licensed under terms that can be found in the LICENSE file
  15:./.driver/STM32F10x_StdPeriph_Driver/src/stm32f10x_cec.c ****   * in the root directory of this software component.
  16:./.driver/STM32F10x_StdPeriph_Driver/src/stm32f10x_cec.c ****   * If no LICENSE file comes with this software, it is provided AS-IS.
  17:./.driver/STM32F10x_StdPeriph_Driver/src/stm32f10x_cec.c ****   *
  18:./.driver/STM32F10x_StdPeriph_Driver/src/stm32f10x_cec.c ****   ******************************************************************************
  19:./.driver/STM32F10x_StdPeriph_Driver/src/stm32f10x_cec.c ****   */
  20:./.driver/STM32F10x_StdPeriph_Driver/src/stm32f10x_cec.c **** 
  21:./.driver/STM32F10x_StdPeriph_Driver/src/stm32f10x_cec.c **** /* Includes ------------------------------------------------------------------*/
  22:./.driver/STM32F10x_StdPeriph_Driver/src/stm32f10x_cec.c **** #include "stm32f10x_cec.h"
  23:./.driver/STM32F10x_StdPeriph_Driver/src/stm32f10x_cec.c **** #include "stm32f10x_rcc.h"
  24:./.driver/STM32F10x_StdPeriph_Driver/src/stm32f10x_cec.c **** 
  25:./.driver/STM32F10x_StdPeriph_Driver/src/stm32f10x_cec.c **** /** @addtogroup STM32F10x_StdPeriph_Driver
  26:./.driver/STM32F10x_StdPeriph_Driver/src/stm32f10x_cec.c ****   * @{
  27:./.driver/STM32F10x_StdPeriph_Driver/src/stm32f10x_cec.c ****   */
  28:./.driver/STM32F10x_StdPeriph_Driver/src/stm32f10x_cec.c **** 
  29:./.driver/STM32F10x_StdPeriph_Driver/src/stm32f10x_cec.c **** /** @defgroup CEC 
  30:./.driver/STM32F10x_StdPeriph_Driver/src/stm32f10x_cec.c ****   * @brief CEC driver modules
  31:./.driver/STM32F10x_StdPeriph_Driver/src/stm32f10x_cec.c ****   * @{
  32:./.driver/STM32F10x_StdPeriph_Driver/src/stm32f10x_cec.c ****   */
ARM GAS  C:\Users\SAMEER~1.ALM\AppData\Local\Temp\ccztRb6a.s 			page 2


  33:./.driver/STM32F10x_StdPeriph_Driver/src/stm32f10x_cec.c **** 
  34:./.driver/STM32F10x_StdPeriph_Driver/src/stm32f10x_cec.c **** /** @defgroup CEC_Private_TypesDefinitions
  35:./.driver/STM32F10x_StdPeriph_Driver/src/stm32f10x_cec.c ****   * @{
  36:./.driver/STM32F10x_StdPeriph_Driver/src/stm32f10x_cec.c ****   */
  37:./.driver/STM32F10x_StdPeriph_Driver/src/stm32f10x_cec.c **** 
  38:./.driver/STM32F10x_StdPeriph_Driver/src/stm32f10x_cec.c **** /**
  39:./.driver/STM32F10x_StdPeriph_Driver/src/stm32f10x_cec.c ****   * @}
  40:./.driver/STM32F10x_StdPeriph_Driver/src/stm32f10x_cec.c ****   */
  41:./.driver/STM32F10x_StdPeriph_Driver/src/stm32f10x_cec.c **** 
  42:./.driver/STM32F10x_StdPeriph_Driver/src/stm32f10x_cec.c **** 
  43:./.driver/STM32F10x_StdPeriph_Driver/src/stm32f10x_cec.c **** /** @defgroup CEC_Private_Defines
  44:./.driver/STM32F10x_StdPeriph_Driver/src/stm32f10x_cec.c ****   * @{
  45:./.driver/STM32F10x_StdPeriph_Driver/src/stm32f10x_cec.c ****   */ 
  46:./.driver/STM32F10x_StdPeriph_Driver/src/stm32f10x_cec.c **** 
  47:./.driver/STM32F10x_StdPeriph_Driver/src/stm32f10x_cec.c **** /* ------------ CEC registers bit address in the alias region ----------- */
  48:./.driver/STM32F10x_StdPeriph_Driver/src/stm32f10x_cec.c **** #define CEC_OFFSET                (CEC_BASE - PERIPH_BASE)
  49:./.driver/STM32F10x_StdPeriph_Driver/src/stm32f10x_cec.c **** 
  50:./.driver/STM32F10x_StdPeriph_Driver/src/stm32f10x_cec.c **** /* --- CFGR Register ---*/
  51:./.driver/STM32F10x_StdPeriph_Driver/src/stm32f10x_cec.c **** 
  52:./.driver/STM32F10x_StdPeriph_Driver/src/stm32f10x_cec.c **** /* Alias word address of PE bit */
  53:./.driver/STM32F10x_StdPeriph_Driver/src/stm32f10x_cec.c **** #define CFGR_OFFSET                 (CEC_OFFSET + 0x00)
  54:./.driver/STM32F10x_StdPeriph_Driver/src/stm32f10x_cec.c **** #define PE_BitNumber                0x00
  55:./.driver/STM32F10x_StdPeriph_Driver/src/stm32f10x_cec.c **** #define CFGR_PE_BB                  (PERIPH_BB_BASE + (CFGR_OFFSET * 32) + (PE_BitNumber * 4))
  56:./.driver/STM32F10x_StdPeriph_Driver/src/stm32f10x_cec.c **** 
  57:./.driver/STM32F10x_StdPeriph_Driver/src/stm32f10x_cec.c **** /* Alias word address of IE bit */
  58:./.driver/STM32F10x_StdPeriph_Driver/src/stm32f10x_cec.c **** #define IE_BitNumber                0x01
  59:./.driver/STM32F10x_StdPeriph_Driver/src/stm32f10x_cec.c **** #define CFGR_IE_BB                  (PERIPH_BB_BASE + (CFGR_OFFSET * 32) + (IE_BitNumber * 4))
  60:./.driver/STM32F10x_StdPeriph_Driver/src/stm32f10x_cec.c **** 
  61:./.driver/STM32F10x_StdPeriph_Driver/src/stm32f10x_cec.c **** /* --- CSR Register ---*/
  62:./.driver/STM32F10x_StdPeriph_Driver/src/stm32f10x_cec.c **** 
  63:./.driver/STM32F10x_StdPeriph_Driver/src/stm32f10x_cec.c **** /* Alias word address of TSOM bit */
  64:./.driver/STM32F10x_StdPeriph_Driver/src/stm32f10x_cec.c **** #define CSR_OFFSET                  (CEC_OFFSET + 0x10)
  65:./.driver/STM32F10x_StdPeriph_Driver/src/stm32f10x_cec.c **** #define TSOM_BitNumber              0x00
  66:./.driver/STM32F10x_StdPeriph_Driver/src/stm32f10x_cec.c **** #define CSR_TSOM_BB                 (PERIPH_BB_BASE + (CSR_OFFSET * 32) + (TSOM_BitNumber * 4))
  67:./.driver/STM32F10x_StdPeriph_Driver/src/stm32f10x_cec.c **** 
  68:./.driver/STM32F10x_StdPeriph_Driver/src/stm32f10x_cec.c **** /* Alias word address of TEOM bit */
  69:./.driver/STM32F10x_StdPeriph_Driver/src/stm32f10x_cec.c **** #define TEOM_BitNumber              0x01
  70:./.driver/STM32F10x_StdPeriph_Driver/src/stm32f10x_cec.c **** #define CSR_TEOM_BB                 (PERIPH_BB_BASE + (CSR_OFFSET * 32) + (TEOM_BitNumber * 4))
  71:./.driver/STM32F10x_StdPeriph_Driver/src/stm32f10x_cec.c ****   
  72:./.driver/STM32F10x_StdPeriph_Driver/src/stm32f10x_cec.c **** #define CFGR_CLEAR_Mask            (uint8_t)(0xF3)        /* CFGR register Mask */
  73:./.driver/STM32F10x_StdPeriph_Driver/src/stm32f10x_cec.c **** #define FLAG_Mask                  ((uint32_t)0x00FFFFFF) /* CEC FLAG mask */
  74:./.driver/STM32F10x_StdPeriph_Driver/src/stm32f10x_cec.c ****  
  75:./.driver/STM32F10x_StdPeriph_Driver/src/stm32f10x_cec.c **** /**
  76:./.driver/STM32F10x_StdPeriph_Driver/src/stm32f10x_cec.c ****   * @}
  77:./.driver/STM32F10x_StdPeriph_Driver/src/stm32f10x_cec.c ****   */ 
  78:./.driver/STM32F10x_StdPeriph_Driver/src/stm32f10x_cec.c **** 
  79:./.driver/STM32F10x_StdPeriph_Driver/src/stm32f10x_cec.c **** 
  80:./.driver/STM32F10x_StdPeriph_Driver/src/stm32f10x_cec.c **** /** @defgroup CEC_Private_Macros
  81:./.driver/STM32F10x_StdPeriph_Driver/src/stm32f10x_cec.c ****   * @{
  82:./.driver/STM32F10x_StdPeriph_Driver/src/stm32f10x_cec.c ****   */ 
  83:./.driver/STM32F10x_StdPeriph_Driver/src/stm32f10x_cec.c **** 
  84:./.driver/STM32F10x_StdPeriph_Driver/src/stm32f10x_cec.c **** /**
  85:./.driver/STM32F10x_StdPeriph_Driver/src/stm32f10x_cec.c ****   * @}
  86:./.driver/STM32F10x_StdPeriph_Driver/src/stm32f10x_cec.c ****   */ 
  87:./.driver/STM32F10x_StdPeriph_Driver/src/stm32f10x_cec.c **** 
  88:./.driver/STM32F10x_StdPeriph_Driver/src/stm32f10x_cec.c **** 
  89:./.driver/STM32F10x_StdPeriph_Driver/src/stm32f10x_cec.c **** /** @defgroup CEC_Private_Variables
ARM GAS  C:\Users\SAMEER~1.ALM\AppData\Local\Temp\ccztRb6a.s 			page 3


  90:./.driver/STM32F10x_StdPeriph_Driver/src/stm32f10x_cec.c ****   * @{
  91:./.driver/STM32F10x_StdPeriph_Driver/src/stm32f10x_cec.c ****   */ 
  92:./.driver/STM32F10x_StdPeriph_Driver/src/stm32f10x_cec.c **** 
  93:./.driver/STM32F10x_StdPeriph_Driver/src/stm32f10x_cec.c **** /**
  94:./.driver/STM32F10x_StdPeriph_Driver/src/stm32f10x_cec.c ****   * @}
  95:./.driver/STM32F10x_StdPeriph_Driver/src/stm32f10x_cec.c ****   */ 
  96:./.driver/STM32F10x_StdPeriph_Driver/src/stm32f10x_cec.c **** 
  97:./.driver/STM32F10x_StdPeriph_Driver/src/stm32f10x_cec.c **** 
  98:./.driver/STM32F10x_StdPeriph_Driver/src/stm32f10x_cec.c **** /** @defgroup CEC_Private_FunctionPrototypes
  99:./.driver/STM32F10x_StdPeriph_Driver/src/stm32f10x_cec.c ****   * @{
 100:./.driver/STM32F10x_StdPeriph_Driver/src/stm32f10x_cec.c ****   */
 101:./.driver/STM32F10x_StdPeriph_Driver/src/stm32f10x_cec.c ****  
 102:./.driver/STM32F10x_StdPeriph_Driver/src/stm32f10x_cec.c **** /**
 103:./.driver/STM32F10x_StdPeriph_Driver/src/stm32f10x_cec.c ****   * @}
 104:./.driver/STM32F10x_StdPeriph_Driver/src/stm32f10x_cec.c ****   */ 
 105:./.driver/STM32F10x_StdPeriph_Driver/src/stm32f10x_cec.c **** 
 106:./.driver/STM32F10x_StdPeriph_Driver/src/stm32f10x_cec.c **** 
 107:./.driver/STM32F10x_StdPeriph_Driver/src/stm32f10x_cec.c **** /** @defgroup CEC_Private_Functions
 108:./.driver/STM32F10x_StdPeriph_Driver/src/stm32f10x_cec.c ****   * @{
 109:./.driver/STM32F10x_StdPeriph_Driver/src/stm32f10x_cec.c ****   */ 
 110:./.driver/STM32F10x_StdPeriph_Driver/src/stm32f10x_cec.c **** 
 111:./.driver/STM32F10x_StdPeriph_Driver/src/stm32f10x_cec.c **** /**
 112:./.driver/STM32F10x_StdPeriph_Driver/src/stm32f10x_cec.c ****   * @brief  Deinitializes the CEC peripheral registers to their default reset 
 113:./.driver/STM32F10x_StdPeriph_Driver/src/stm32f10x_cec.c ****   *         values.
 114:./.driver/STM32F10x_StdPeriph_Driver/src/stm32f10x_cec.c ****   * @param  None
 115:./.driver/STM32F10x_StdPeriph_Driver/src/stm32f10x_cec.c ****   * @retval None
 116:./.driver/STM32F10x_StdPeriph_Driver/src/stm32f10x_cec.c ****   */
 117:./.driver/STM32F10x_StdPeriph_Driver/src/stm32f10x_cec.c **** void CEC_DeInit(void)
 118:./.driver/STM32F10x_StdPeriph_Driver/src/stm32f10x_cec.c **** {
  27              		.loc 1 118 1
  28              		.cfi_startproc
  29              		@ args = 0, pretend = 0, frame = 0
  30              		@ frame_needed = 1, uses_anonymous_args = 0
  31 0000 80B5     		push	{r7, lr}
  32              	.LCFI0:
  33              		.cfi_def_cfa_offset 8
  34              		.cfi_offset 7, -8
  35              		.cfi_offset 14, -4
  36 0002 00AF     		add	r7, sp, #0
  37              	.LCFI1:
  38              		.cfi_def_cfa_register 7
 119:./.driver/STM32F10x_StdPeriph_Driver/src/stm32f10x_cec.c ****   /* Enable CEC reset state */
 120:./.driver/STM32F10x_StdPeriph_Driver/src/stm32f10x_cec.c ****   RCC_APB1PeriphResetCmd(RCC_APB1Periph_CEC, ENABLE);  
  39              		.loc 1 120 3
  40 0004 0121     		movs	r1, #1
  41 0006 4FF08040 		mov	r0, #1073741824
  42 000a FFF7FEFF 		bl	RCC_APB1PeriphResetCmd
 121:./.driver/STM32F10x_StdPeriph_Driver/src/stm32f10x_cec.c ****   /* Release CEC from reset state */
 122:./.driver/STM32F10x_StdPeriph_Driver/src/stm32f10x_cec.c ****   RCC_APB1PeriphResetCmd(RCC_APB1Periph_CEC, DISABLE); 
  43              		.loc 1 122 3
  44 000e 0021     		movs	r1, #0
  45 0010 4FF08040 		mov	r0, #1073741824
  46 0014 FFF7FEFF 		bl	RCC_APB1PeriphResetCmd
 123:./.driver/STM32F10x_StdPeriph_Driver/src/stm32f10x_cec.c **** }
  47              		.loc 1 123 1
  48 0018 00BF     		nop
  49 001a 80BD     		pop	{r7, pc}
ARM GAS  C:\Users\SAMEER~1.ALM\AppData\Local\Temp\ccztRb6a.s 			page 4


  50              		.cfi_endproc
  51              	.LFE29:
  53              		.section	.text.CEC_Init,"ax",%progbits
  54              		.align	1
  55              		.global	CEC_Init
  56              		.syntax unified
  57              		.thumb
  58              		.thumb_func
  60              	CEC_Init:
  61              	.LFB30:
 124:./.driver/STM32F10x_StdPeriph_Driver/src/stm32f10x_cec.c **** 
 125:./.driver/STM32F10x_StdPeriph_Driver/src/stm32f10x_cec.c **** 
 126:./.driver/STM32F10x_StdPeriph_Driver/src/stm32f10x_cec.c **** /**
 127:./.driver/STM32F10x_StdPeriph_Driver/src/stm32f10x_cec.c ****   * @brief  Initializes the CEC peripheral according to the specified 
 128:./.driver/STM32F10x_StdPeriph_Driver/src/stm32f10x_cec.c ****   *         parameters in the CEC_InitStruct.
 129:./.driver/STM32F10x_StdPeriph_Driver/src/stm32f10x_cec.c ****   * @param  CEC_InitStruct: pointer to an CEC_InitTypeDef structure that
 130:./.driver/STM32F10x_StdPeriph_Driver/src/stm32f10x_cec.c ****   *         contains the configuration information for the specified
 131:./.driver/STM32F10x_StdPeriph_Driver/src/stm32f10x_cec.c ****   *         CEC peripheral.
 132:./.driver/STM32F10x_StdPeriph_Driver/src/stm32f10x_cec.c ****   * @retval None
 133:./.driver/STM32F10x_StdPeriph_Driver/src/stm32f10x_cec.c ****   */
 134:./.driver/STM32F10x_StdPeriph_Driver/src/stm32f10x_cec.c **** void CEC_Init(CEC_InitTypeDef* CEC_InitStruct)
 135:./.driver/STM32F10x_StdPeriph_Driver/src/stm32f10x_cec.c **** {
  62              		.loc 1 135 1
  63              		.cfi_startproc
  64              		@ args = 0, pretend = 0, frame = 16
  65              		@ frame_needed = 1, uses_anonymous_args = 0
  66              		@ link register save eliminated.
  67 0000 80B4     		push	{r7}
  68              	.LCFI2:
  69              		.cfi_def_cfa_offset 4
  70              		.cfi_offset 7, -4
  71 0002 85B0     		sub	sp, sp, #20
  72              	.LCFI3:
  73              		.cfi_def_cfa_offset 24
  74 0004 00AF     		add	r7, sp, #0
  75              	.LCFI4:
  76              		.cfi_def_cfa_register 7
  77 0006 7860     		str	r0, [r7, #4]
 136:./.driver/STM32F10x_StdPeriph_Driver/src/stm32f10x_cec.c ****   uint16_t tmpreg = 0;
  78              		.loc 1 136 12
  79 0008 0023     		movs	r3, #0
  80 000a FB81     		strh	r3, [r7, #14]	@ movhi
 137:./.driver/STM32F10x_StdPeriph_Driver/src/stm32f10x_cec.c ****  
 138:./.driver/STM32F10x_StdPeriph_Driver/src/stm32f10x_cec.c ****   /* Check the parameters */
 139:./.driver/STM32F10x_StdPeriph_Driver/src/stm32f10x_cec.c ****   assert_param(IS_CEC_BIT_TIMING_ERROR_MODE(CEC_InitStruct->CEC_BitTimingMode)); 
 140:./.driver/STM32F10x_StdPeriph_Driver/src/stm32f10x_cec.c ****   assert_param(IS_CEC_BIT_PERIOD_ERROR_MODE(CEC_InitStruct->CEC_BitPeriodMode));
 141:./.driver/STM32F10x_StdPeriph_Driver/src/stm32f10x_cec.c ****      
 142:./.driver/STM32F10x_StdPeriph_Driver/src/stm32f10x_cec.c ****   /*---------------------------- CEC CFGR Configuration -----------------*/
 143:./.driver/STM32F10x_StdPeriph_Driver/src/stm32f10x_cec.c ****   /* Get the CEC CFGR value */
 144:./.driver/STM32F10x_StdPeriph_Driver/src/stm32f10x_cec.c ****   tmpreg = CEC->CFGR;
  81              		.loc 1 144 15
  82 000c 0B4B     		ldr	r3, .L3
  83 000e 1B68     		ldr	r3, [r3]
  84              		.loc 1 144 10
  85 0010 FB81     		strh	r3, [r7, #14]	@ movhi
 145:./.driver/STM32F10x_StdPeriph_Driver/src/stm32f10x_cec.c ****   
 146:./.driver/STM32F10x_StdPeriph_Driver/src/stm32f10x_cec.c ****   /* Clear BTEM and BPEM bits */
ARM GAS  C:\Users\SAMEER~1.ALM\AppData\Local\Temp\ccztRb6a.s 			page 5


 147:./.driver/STM32F10x_StdPeriph_Driver/src/stm32f10x_cec.c ****   tmpreg &= CFGR_CLEAR_Mask;
  86              		.loc 1 147 10
  87 0012 FB89     		ldrh	r3, [r7, #14]	@ movhi
  88 0014 03F0F303 		and	r3, r3, #243
  89 0018 FB81     		strh	r3, [r7, #14]	@ movhi
 148:./.driver/STM32F10x_StdPeriph_Driver/src/stm32f10x_cec.c ****   
 149:./.driver/STM32F10x_StdPeriph_Driver/src/stm32f10x_cec.c ****   /* Configure CEC: Bit Timing Error and Bit Period Error */
 150:./.driver/STM32F10x_StdPeriph_Driver/src/stm32f10x_cec.c ****   tmpreg |= (uint16_t)(CEC_InitStruct->CEC_BitTimingMode | CEC_InitStruct->CEC_BitPeriodMode);
  90              		.loc 1 150 38
  91 001a 7B68     		ldr	r3, [r7, #4]
  92 001c 1A88     		ldrh	r2, [r3]
  93              		.loc 1 150 74
  94 001e 7B68     		ldr	r3, [r7, #4]
  95 0020 5B88     		ldrh	r3, [r3, #2]
  96              		.loc 1 150 13
  97 0022 1343     		orrs	r3, r3, r2
  98 0024 9AB2     		uxth	r2, r3
  99              		.loc 1 150 10
 100 0026 FB89     		ldrh	r3, [r7, #14]	@ movhi
 101 0028 1343     		orrs	r3, r3, r2
 102 002a FB81     		strh	r3, [r7, #14]	@ movhi
 151:./.driver/STM32F10x_StdPeriph_Driver/src/stm32f10x_cec.c **** 
 152:./.driver/STM32F10x_StdPeriph_Driver/src/stm32f10x_cec.c ****   /* Write to CEC CFGR  register*/
 153:./.driver/STM32F10x_StdPeriph_Driver/src/stm32f10x_cec.c ****   CEC->CFGR = tmpreg;
 103              		.loc 1 153 6
 104 002c 034A     		ldr	r2, .L3
 105              		.loc 1 153 13
 106 002e FB89     		ldrh	r3, [r7, #14]
 107 0030 1360     		str	r3, [r2]
 154:./.driver/STM32F10x_StdPeriph_Driver/src/stm32f10x_cec.c ****   
 155:./.driver/STM32F10x_StdPeriph_Driver/src/stm32f10x_cec.c **** }
 108              		.loc 1 155 1
 109 0032 00BF     		nop
 110 0034 1437     		adds	r7, r7, #20
 111              	.LCFI5:
 112              		.cfi_def_cfa_offset 4
 113 0036 BD46     		mov	sp, r7
 114              	.LCFI6:
 115              		.cfi_def_cfa_register 13
 116              		@ sp needed
 117 0038 80BC     		pop	{r7}
 118              	.LCFI7:
 119              		.cfi_restore 7
 120              		.cfi_def_cfa_offset 0
 121 003a 7047     		bx	lr
 122              	.L4:
 123              		.align	2
 124              	.L3:
 125 003c 00780040 		.word	1073772544
 126              		.cfi_endproc
 127              	.LFE30:
 129              		.section	.text.CEC_Cmd,"ax",%progbits
 130              		.align	1
 131              		.global	CEC_Cmd
 132              		.syntax unified
 133              		.thumb
 134              		.thumb_func
ARM GAS  C:\Users\SAMEER~1.ALM\AppData\Local\Temp\ccztRb6a.s 			page 6


 136              	CEC_Cmd:
 137              	.LFB31:
 156:./.driver/STM32F10x_StdPeriph_Driver/src/stm32f10x_cec.c **** 
 157:./.driver/STM32F10x_StdPeriph_Driver/src/stm32f10x_cec.c **** /**
 158:./.driver/STM32F10x_StdPeriph_Driver/src/stm32f10x_cec.c ****   * @brief  Enables or disables the specified CEC peripheral.
 159:./.driver/STM32F10x_StdPeriph_Driver/src/stm32f10x_cec.c ****   * @param  NewState: new state of the CEC peripheral. 
 160:./.driver/STM32F10x_StdPeriph_Driver/src/stm32f10x_cec.c ****   *     This parameter can be: ENABLE or DISABLE.
 161:./.driver/STM32F10x_StdPeriph_Driver/src/stm32f10x_cec.c ****   * @retval None
 162:./.driver/STM32F10x_StdPeriph_Driver/src/stm32f10x_cec.c ****   */
 163:./.driver/STM32F10x_StdPeriph_Driver/src/stm32f10x_cec.c **** void CEC_Cmd(FunctionalState NewState)
 164:./.driver/STM32F10x_StdPeriph_Driver/src/stm32f10x_cec.c **** {
 138              		.loc 1 164 1
 139              		.cfi_startproc
 140              		@ args = 0, pretend = 0, frame = 8
 141              		@ frame_needed = 1, uses_anonymous_args = 0
 142              		@ link register save eliminated.
 143 0000 80B4     		push	{r7}
 144              	.LCFI8:
 145              		.cfi_def_cfa_offset 4
 146              		.cfi_offset 7, -4
 147 0002 83B0     		sub	sp, sp, #12
 148              	.LCFI9:
 149              		.cfi_def_cfa_offset 16
 150 0004 00AF     		add	r7, sp, #0
 151              	.LCFI10:
 152              		.cfi_def_cfa_register 7
 153 0006 0346     		mov	r3, r0
 154 0008 FB71     		strb	r3, [r7, #7]
 165:./.driver/STM32F10x_StdPeriph_Driver/src/stm32f10x_cec.c ****   /* Check the parameters */
 166:./.driver/STM32F10x_StdPeriph_Driver/src/stm32f10x_cec.c ****   assert_param(IS_FUNCTIONAL_STATE(NewState));
 167:./.driver/STM32F10x_StdPeriph_Driver/src/stm32f10x_cec.c **** 
 168:./.driver/STM32F10x_StdPeriph_Driver/src/stm32f10x_cec.c ****   *(__IO uint32_t *) CFGR_PE_BB = (uint32_t)NewState;
 155              		.loc 1 168 3
 156 000a 094A     		ldr	r2, .L9
 157              		.loc 1 168 35
 158 000c FB79     		ldrb	r3, [r7, #7]	@ zero_extendqisi2
 159              		.loc 1 168 33
 160 000e 1360     		str	r3, [r2]
 169:./.driver/STM32F10x_StdPeriph_Driver/src/stm32f10x_cec.c **** 
 170:./.driver/STM32F10x_StdPeriph_Driver/src/stm32f10x_cec.c ****   if(NewState == DISABLE)
 161              		.loc 1 170 5
 162 0010 FB79     		ldrb	r3, [r7, #7]	@ zero_extendqisi2
 163 0012 002B     		cmp	r3, #0
 164 0014 06D1     		bne	.L8
 171:./.driver/STM32F10x_StdPeriph_Driver/src/stm32f10x_cec.c ****   {
 172:./.driver/STM32F10x_StdPeriph_Driver/src/stm32f10x_cec.c ****     /* Wait until the PE bit is cleared by hardware (Idle Line detected) */
 173:./.driver/STM32F10x_StdPeriph_Driver/src/stm32f10x_cec.c ****     while((CEC->CFGR & CEC_CFGR_PE) != (uint32_t)RESET)
 165              		.loc 1 173 10
 166 0016 00BF     		nop
 167              	.L7:
 168              		.loc 1 173 15 discriminator 1
 169 0018 064B     		ldr	r3, .L9+4
 170 001a 1B68     		ldr	r3, [r3]
 171              		.loc 1 173 22 discriminator 1
 172 001c 03F00103 		and	r3, r3, #1
 173              		.loc 1 173 10 discriminator 1
 174 0020 002B     		cmp	r3, #0
ARM GAS  C:\Users\SAMEER~1.ALM\AppData\Local\Temp\ccztRb6a.s 			page 7


 175 0022 F9D1     		bne	.L7
 176              	.L8:
 174:./.driver/STM32F10x_StdPeriph_Driver/src/stm32f10x_cec.c ****     {
 175:./.driver/STM32F10x_StdPeriph_Driver/src/stm32f10x_cec.c ****     }  
 176:./.driver/STM32F10x_StdPeriph_Driver/src/stm32f10x_cec.c ****   }  
 177:./.driver/STM32F10x_StdPeriph_Driver/src/stm32f10x_cec.c **** }
 177              		.loc 1 177 1
 178 0024 00BF     		nop
 179 0026 0C37     		adds	r7, r7, #12
 180              	.LCFI11:
 181              		.cfi_def_cfa_offset 4
 182 0028 BD46     		mov	sp, r7
 183              	.LCFI12:
 184              		.cfi_def_cfa_register 13
 185              		@ sp needed
 186 002a 80BC     		pop	{r7}
 187              	.LCFI13:
 188              		.cfi_restore 7
 189              		.cfi_def_cfa_offset 0
 190 002c 7047     		bx	lr
 191              	.L10:
 192 002e 00BF     		.align	2
 193              	.L9:
 194 0030 00000F42 		.word	1108279296
 195 0034 00780040 		.word	1073772544
 196              		.cfi_endproc
 197              	.LFE31:
 199              		.section	.text.CEC_ITConfig,"ax",%progbits
 200              		.align	1
 201              		.global	CEC_ITConfig
 202              		.syntax unified
 203              		.thumb
 204              		.thumb_func
 206              	CEC_ITConfig:
 207              	.LFB32:
 178:./.driver/STM32F10x_StdPeriph_Driver/src/stm32f10x_cec.c **** 
 179:./.driver/STM32F10x_StdPeriph_Driver/src/stm32f10x_cec.c **** /**
 180:./.driver/STM32F10x_StdPeriph_Driver/src/stm32f10x_cec.c ****   * @brief  Enables or disables the CEC interrupt.
 181:./.driver/STM32F10x_StdPeriph_Driver/src/stm32f10x_cec.c ****   * @param  NewState: new state of the CEC interrupt.
 182:./.driver/STM32F10x_StdPeriph_Driver/src/stm32f10x_cec.c ****   *   This parameter can be: ENABLE or DISABLE.
 183:./.driver/STM32F10x_StdPeriph_Driver/src/stm32f10x_cec.c ****   * @retval None
 184:./.driver/STM32F10x_StdPeriph_Driver/src/stm32f10x_cec.c ****   */
 185:./.driver/STM32F10x_StdPeriph_Driver/src/stm32f10x_cec.c **** void CEC_ITConfig(FunctionalState NewState)
 186:./.driver/STM32F10x_StdPeriph_Driver/src/stm32f10x_cec.c **** {
 208              		.loc 1 186 1
 209              		.cfi_startproc
 210              		@ args = 0, pretend = 0, frame = 8
 211              		@ frame_needed = 1, uses_anonymous_args = 0
 212              		@ link register save eliminated.
 213 0000 80B4     		push	{r7}
 214              	.LCFI14:
 215              		.cfi_def_cfa_offset 4
 216              		.cfi_offset 7, -4
 217 0002 83B0     		sub	sp, sp, #12
 218              	.LCFI15:
 219              		.cfi_def_cfa_offset 16
 220 0004 00AF     		add	r7, sp, #0
ARM GAS  C:\Users\SAMEER~1.ALM\AppData\Local\Temp\ccztRb6a.s 			page 8


 221              	.LCFI16:
 222              		.cfi_def_cfa_register 7
 223 0006 0346     		mov	r3, r0
 224 0008 FB71     		strb	r3, [r7, #7]
 187:./.driver/STM32F10x_StdPeriph_Driver/src/stm32f10x_cec.c ****   /* Check the parameters */
 188:./.driver/STM32F10x_StdPeriph_Driver/src/stm32f10x_cec.c ****   assert_param(IS_FUNCTIONAL_STATE(NewState));
 189:./.driver/STM32F10x_StdPeriph_Driver/src/stm32f10x_cec.c **** 
 190:./.driver/STM32F10x_StdPeriph_Driver/src/stm32f10x_cec.c ****   *(__IO uint32_t *) CFGR_IE_BB = (uint32_t)NewState;
 225              		.loc 1 190 3
 226 000a 044A     		ldr	r2, .L12
 227              		.loc 1 190 35
 228 000c FB79     		ldrb	r3, [r7, #7]	@ zero_extendqisi2
 229              		.loc 1 190 33
 230 000e 1360     		str	r3, [r2]
 191:./.driver/STM32F10x_StdPeriph_Driver/src/stm32f10x_cec.c **** }
 231              		.loc 1 191 1
 232 0010 00BF     		nop
 233 0012 0C37     		adds	r7, r7, #12
 234              	.LCFI17:
 235              		.cfi_def_cfa_offset 4
 236 0014 BD46     		mov	sp, r7
 237              	.LCFI18:
 238              		.cfi_def_cfa_register 13
 239              		@ sp needed
 240 0016 80BC     		pop	{r7}
 241              	.LCFI19:
 242              		.cfi_restore 7
 243              		.cfi_def_cfa_offset 0
 244 0018 7047     		bx	lr
 245              	.L13:
 246 001a 00BF     		.align	2
 247              	.L12:
 248 001c 04000F42 		.word	1108279300
 249              		.cfi_endproc
 250              	.LFE32:
 252              		.section	.text.CEC_OwnAddressConfig,"ax",%progbits
 253              		.align	1
 254              		.global	CEC_OwnAddressConfig
 255              		.syntax unified
 256              		.thumb
 257              		.thumb_func
 259              	CEC_OwnAddressConfig:
 260              	.LFB33:
 192:./.driver/STM32F10x_StdPeriph_Driver/src/stm32f10x_cec.c **** 
 193:./.driver/STM32F10x_StdPeriph_Driver/src/stm32f10x_cec.c **** /**
 194:./.driver/STM32F10x_StdPeriph_Driver/src/stm32f10x_cec.c ****   * @brief  Defines the Own Address of the CEC device.
 195:./.driver/STM32F10x_StdPeriph_Driver/src/stm32f10x_cec.c ****   * @param  CEC_OwnAddress: The CEC own address
 196:./.driver/STM32F10x_StdPeriph_Driver/src/stm32f10x_cec.c ****   * @retval None
 197:./.driver/STM32F10x_StdPeriph_Driver/src/stm32f10x_cec.c ****   */
 198:./.driver/STM32F10x_StdPeriph_Driver/src/stm32f10x_cec.c **** void CEC_OwnAddressConfig(uint8_t CEC_OwnAddress)
 199:./.driver/STM32F10x_StdPeriph_Driver/src/stm32f10x_cec.c **** {
 261              		.loc 1 199 1
 262              		.cfi_startproc
 263              		@ args = 0, pretend = 0, frame = 8
 264              		@ frame_needed = 1, uses_anonymous_args = 0
 265              		@ link register save eliminated.
 266 0000 80B4     		push	{r7}
ARM GAS  C:\Users\SAMEER~1.ALM\AppData\Local\Temp\ccztRb6a.s 			page 9


 267              	.LCFI20:
 268              		.cfi_def_cfa_offset 4
 269              		.cfi_offset 7, -4
 270 0002 83B0     		sub	sp, sp, #12
 271              	.LCFI21:
 272              		.cfi_def_cfa_offset 16
 273 0004 00AF     		add	r7, sp, #0
 274              	.LCFI22:
 275              		.cfi_def_cfa_register 7
 276 0006 0346     		mov	r3, r0
 277 0008 FB71     		strb	r3, [r7, #7]
 200:./.driver/STM32F10x_StdPeriph_Driver/src/stm32f10x_cec.c ****   /* Check the parameters */
 201:./.driver/STM32F10x_StdPeriph_Driver/src/stm32f10x_cec.c ****   assert_param(IS_CEC_ADDRESS(CEC_OwnAddress));
 202:./.driver/STM32F10x_StdPeriph_Driver/src/stm32f10x_cec.c **** 
 203:./.driver/STM32F10x_StdPeriph_Driver/src/stm32f10x_cec.c ****   /* Set the CEC own address */
 204:./.driver/STM32F10x_StdPeriph_Driver/src/stm32f10x_cec.c ****   CEC->OAR = CEC_OwnAddress;
 278              		.loc 1 204 6
 279 000a 044A     		ldr	r2, .L15
 280              		.loc 1 204 12
 281 000c FB79     		ldrb	r3, [r7, #7]	@ zero_extendqisi2
 282 000e 5360     		str	r3, [r2, #4]
 205:./.driver/STM32F10x_StdPeriph_Driver/src/stm32f10x_cec.c **** }
 283              		.loc 1 205 1
 284 0010 00BF     		nop
 285 0012 0C37     		adds	r7, r7, #12
 286              	.LCFI23:
 287              		.cfi_def_cfa_offset 4
 288 0014 BD46     		mov	sp, r7
 289              	.LCFI24:
 290              		.cfi_def_cfa_register 13
 291              		@ sp needed
 292 0016 80BC     		pop	{r7}
 293              	.LCFI25:
 294              		.cfi_restore 7
 295              		.cfi_def_cfa_offset 0
 296 0018 7047     		bx	lr
 297              	.L16:
 298 001a 00BF     		.align	2
 299              	.L15:
 300 001c 00780040 		.word	1073772544
 301              		.cfi_endproc
 302              	.LFE33:
 304              		.section	.text.CEC_SetPrescaler,"ax",%progbits
 305              		.align	1
 306              		.global	CEC_SetPrescaler
 307              		.syntax unified
 308              		.thumb
 309              		.thumb_func
 311              	CEC_SetPrescaler:
 312              	.LFB34:
 206:./.driver/STM32F10x_StdPeriph_Driver/src/stm32f10x_cec.c **** 
 207:./.driver/STM32F10x_StdPeriph_Driver/src/stm32f10x_cec.c **** /**
 208:./.driver/STM32F10x_StdPeriph_Driver/src/stm32f10x_cec.c ****   * @brief  Sets the CEC prescaler value.
 209:./.driver/STM32F10x_StdPeriph_Driver/src/stm32f10x_cec.c ****   * @param  CEC_Prescaler: CEC prescaler new value
 210:./.driver/STM32F10x_StdPeriph_Driver/src/stm32f10x_cec.c ****   * @retval None
 211:./.driver/STM32F10x_StdPeriph_Driver/src/stm32f10x_cec.c ****   */
 212:./.driver/STM32F10x_StdPeriph_Driver/src/stm32f10x_cec.c **** void CEC_SetPrescaler(uint16_t CEC_Prescaler)
ARM GAS  C:\Users\SAMEER~1.ALM\AppData\Local\Temp\ccztRb6a.s 			page 10


 213:./.driver/STM32F10x_StdPeriph_Driver/src/stm32f10x_cec.c **** {
 313              		.loc 1 213 1
 314              		.cfi_startproc
 315              		@ args = 0, pretend = 0, frame = 8
 316              		@ frame_needed = 1, uses_anonymous_args = 0
 317              		@ link register save eliminated.
 318 0000 80B4     		push	{r7}
 319              	.LCFI26:
 320              		.cfi_def_cfa_offset 4
 321              		.cfi_offset 7, -4
 322 0002 83B0     		sub	sp, sp, #12
 323              	.LCFI27:
 324              		.cfi_def_cfa_offset 16
 325 0004 00AF     		add	r7, sp, #0
 326              	.LCFI28:
 327              		.cfi_def_cfa_register 7
 328 0006 0346     		mov	r3, r0
 329 0008 FB80     		strh	r3, [r7, #6]	@ movhi
 214:./.driver/STM32F10x_StdPeriph_Driver/src/stm32f10x_cec.c ****   /* Check the parameters */
 215:./.driver/STM32F10x_StdPeriph_Driver/src/stm32f10x_cec.c ****   assert_param(IS_CEC_PRESCALER(CEC_Prescaler));
 216:./.driver/STM32F10x_StdPeriph_Driver/src/stm32f10x_cec.c **** 
 217:./.driver/STM32F10x_StdPeriph_Driver/src/stm32f10x_cec.c ****   /* Set the  Prescaler value*/
 218:./.driver/STM32F10x_StdPeriph_Driver/src/stm32f10x_cec.c ****   CEC->PRES = CEC_Prescaler;
 330              		.loc 1 218 6
 331 000a 044A     		ldr	r2, .L18
 332              		.loc 1 218 13
 333 000c FB88     		ldrh	r3, [r7, #6]
 334 000e 9360     		str	r3, [r2, #8]
 219:./.driver/STM32F10x_StdPeriph_Driver/src/stm32f10x_cec.c **** }
 335              		.loc 1 219 1
 336 0010 00BF     		nop
 337 0012 0C37     		adds	r7, r7, #12
 338              	.LCFI29:
 339              		.cfi_def_cfa_offset 4
 340 0014 BD46     		mov	sp, r7
 341              	.LCFI30:
 342              		.cfi_def_cfa_register 13
 343              		@ sp needed
 344 0016 80BC     		pop	{r7}
 345              	.LCFI31:
 346              		.cfi_restore 7
 347              		.cfi_def_cfa_offset 0
 348 0018 7047     		bx	lr
 349              	.L19:
 350 001a 00BF     		.align	2
 351              	.L18:
 352 001c 00780040 		.word	1073772544
 353              		.cfi_endproc
 354              	.LFE34:
 356              		.section	.text.CEC_SendDataByte,"ax",%progbits
 357              		.align	1
 358              		.global	CEC_SendDataByte
 359              		.syntax unified
 360              		.thumb
 361              		.thumb_func
 363              	CEC_SendDataByte:
 364              	.LFB35:
ARM GAS  C:\Users\SAMEER~1.ALM\AppData\Local\Temp\ccztRb6a.s 			page 11


 220:./.driver/STM32F10x_StdPeriph_Driver/src/stm32f10x_cec.c **** 
 221:./.driver/STM32F10x_StdPeriph_Driver/src/stm32f10x_cec.c **** /**
 222:./.driver/STM32F10x_StdPeriph_Driver/src/stm32f10x_cec.c ****   * @brief  Transmits single data through the CEC peripheral.
 223:./.driver/STM32F10x_StdPeriph_Driver/src/stm32f10x_cec.c ****   * @param  Data: the data to transmit.
 224:./.driver/STM32F10x_StdPeriph_Driver/src/stm32f10x_cec.c ****   * @retval None
 225:./.driver/STM32F10x_StdPeriph_Driver/src/stm32f10x_cec.c ****   */
 226:./.driver/STM32F10x_StdPeriph_Driver/src/stm32f10x_cec.c **** void CEC_SendDataByte(uint8_t Data)
 227:./.driver/STM32F10x_StdPeriph_Driver/src/stm32f10x_cec.c **** {  
 365              		.loc 1 227 1
 366              		.cfi_startproc
 367              		@ args = 0, pretend = 0, frame = 8
 368              		@ frame_needed = 1, uses_anonymous_args = 0
 369              		@ link register save eliminated.
 370 0000 80B4     		push	{r7}
 371              	.LCFI32:
 372              		.cfi_def_cfa_offset 4
 373              		.cfi_offset 7, -4
 374 0002 83B0     		sub	sp, sp, #12
 375              	.LCFI33:
 376              		.cfi_def_cfa_offset 16
 377 0004 00AF     		add	r7, sp, #0
 378              	.LCFI34:
 379              		.cfi_def_cfa_register 7
 380 0006 0346     		mov	r3, r0
 381 0008 FB71     		strb	r3, [r7, #7]
 228:./.driver/STM32F10x_StdPeriph_Driver/src/stm32f10x_cec.c ****   /* Transmit Data */
 229:./.driver/STM32F10x_StdPeriph_Driver/src/stm32f10x_cec.c ****   CEC->TXD = Data ;
 382              		.loc 1 229 6
 383 000a 044A     		ldr	r2, .L21
 384              		.loc 1 229 12
 385 000c FB79     		ldrb	r3, [r7, #7]	@ zero_extendqisi2
 386 000e 5361     		str	r3, [r2, #20]
 230:./.driver/STM32F10x_StdPeriph_Driver/src/stm32f10x_cec.c **** }
 387              		.loc 1 230 1
 388 0010 00BF     		nop
 389 0012 0C37     		adds	r7, r7, #12
 390              	.LCFI35:
 391              		.cfi_def_cfa_offset 4
 392 0014 BD46     		mov	sp, r7
 393              	.LCFI36:
 394              		.cfi_def_cfa_register 13
 395              		@ sp needed
 396 0016 80BC     		pop	{r7}
 397              	.LCFI37:
 398              		.cfi_restore 7
 399              		.cfi_def_cfa_offset 0
 400 0018 7047     		bx	lr
 401              	.L22:
 402 001a 00BF     		.align	2
 403              	.L21:
 404 001c 00780040 		.word	1073772544
 405              		.cfi_endproc
 406              	.LFE35:
 408              		.section	.text.CEC_ReceiveDataByte,"ax",%progbits
 409              		.align	1
 410              		.global	CEC_ReceiveDataByte
 411              		.syntax unified
ARM GAS  C:\Users\SAMEER~1.ALM\AppData\Local\Temp\ccztRb6a.s 			page 12


 412              		.thumb
 413              		.thumb_func
 415              	CEC_ReceiveDataByte:
 416              	.LFB36:
 231:./.driver/STM32F10x_StdPeriph_Driver/src/stm32f10x_cec.c **** 
 232:./.driver/STM32F10x_StdPeriph_Driver/src/stm32f10x_cec.c **** 
 233:./.driver/STM32F10x_StdPeriph_Driver/src/stm32f10x_cec.c **** /**
 234:./.driver/STM32F10x_StdPeriph_Driver/src/stm32f10x_cec.c ****   * @brief  Returns the most recent received data by the CEC peripheral.
 235:./.driver/STM32F10x_StdPeriph_Driver/src/stm32f10x_cec.c ****   * @param  None
 236:./.driver/STM32F10x_StdPeriph_Driver/src/stm32f10x_cec.c ****   * @retval The received data.
 237:./.driver/STM32F10x_StdPeriph_Driver/src/stm32f10x_cec.c ****   */
 238:./.driver/STM32F10x_StdPeriph_Driver/src/stm32f10x_cec.c **** uint8_t CEC_ReceiveDataByte(void)
 239:./.driver/STM32F10x_StdPeriph_Driver/src/stm32f10x_cec.c **** {
 417              		.loc 1 239 1
 418              		.cfi_startproc
 419              		@ args = 0, pretend = 0, frame = 0
 420              		@ frame_needed = 1, uses_anonymous_args = 0
 421              		@ link register save eliminated.
 422 0000 80B4     		push	{r7}
 423              	.LCFI38:
 424              		.cfi_def_cfa_offset 4
 425              		.cfi_offset 7, -4
 426 0002 00AF     		add	r7, sp, #0
 427              	.LCFI39:
 428              		.cfi_def_cfa_register 7
 240:./.driver/STM32F10x_StdPeriph_Driver/src/stm32f10x_cec.c ****   /* Receive Data */
 241:./.driver/STM32F10x_StdPeriph_Driver/src/stm32f10x_cec.c ****   return (uint8_t)(CEC->RXD);
 429              		.loc 1 241 23
 430 0004 034B     		ldr	r3, .L25
 431 0006 9B69     		ldr	r3, [r3, #24]
 432              		.loc 1 241 10
 433 0008 DBB2     		uxtb	r3, r3
 242:./.driver/STM32F10x_StdPeriph_Driver/src/stm32f10x_cec.c **** }
 434              		.loc 1 242 1
 435 000a 1846     		mov	r0, r3
 436 000c BD46     		mov	sp, r7
 437              	.LCFI40:
 438              		.cfi_def_cfa_register 13
 439              		@ sp needed
 440 000e 80BC     		pop	{r7}
 441              	.LCFI41:
 442              		.cfi_restore 7
 443              		.cfi_def_cfa_offset 0
 444 0010 7047     		bx	lr
 445              	.L26:
 446 0012 00BF     		.align	2
 447              	.L25:
 448 0014 00780040 		.word	1073772544
 449              		.cfi_endproc
 450              	.LFE36:
 452              		.section	.text.CEC_StartOfMessage,"ax",%progbits
 453              		.align	1
 454              		.global	CEC_StartOfMessage
 455              		.syntax unified
 456              		.thumb
 457              		.thumb_func
 459              	CEC_StartOfMessage:
ARM GAS  C:\Users\SAMEER~1.ALM\AppData\Local\Temp\ccztRb6a.s 			page 13


 460              	.LFB37:
 243:./.driver/STM32F10x_StdPeriph_Driver/src/stm32f10x_cec.c **** 
 244:./.driver/STM32F10x_StdPeriph_Driver/src/stm32f10x_cec.c **** /**
 245:./.driver/STM32F10x_StdPeriph_Driver/src/stm32f10x_cec.c ****   * @brief  Starts a new message.
 246:./.driver/STM32F10x_StdPeriph_Driver/src/stm32f10x_cec.c ****   * @param  None
 247:./.driver/STM32F10x_StdPeriph_Driver/src/stm32f10x_cec.c ****   * @retval None
 248:./.driver/STM32F10x_StdPeriph_Driver/src/stm32f10x_cec.c ****   */
 249:./.driver/STM32F10x_StdPeriph_Driver/src/stm32f10x_cec.c **** void CEC_StartOfMessage(void)
 250:./.driver/STM32F10x_StdPeriph_Driver/src/stm32f10x_cec.c **** {  
 461              		.loc 1 250 1
 462              		.cfi_startproc
 463              		@ args = 0, pretend = 0, frame = 0
 464              		@ frame_needed = 1, uses_anonymous_args = 0
 465              		@ link register save eliminated.
 466 0000 80B4     		push	{r7}
 467              	.LCFI42:
 468              		.cfi_def_cfa_offset 4
 469              		.cfi_offset 7, -4
 470 0002 00AF     		add	r7, sp, #0
 471              	.LCFI43:
 472              		.cfi_def_cfa_register 7
 251:./.driver/STM32F10x_StdPeriph_Driver/src/stm32f10x_cec.c ****   /* Starts of new message */
 252:./.driver/STM32F10x_StdPeriph_Driver/src/stm32f10x_cec.c ****   *(__IO uint32_t *) CSR_TSOM_BB = (uint32_t)0x1;
 473              		.loc 1 252 3
 474 0004 034B     		ldr	r3, .L28
 475              		.loc 1 252 34
 476 0006 0122     		movs	r2, #1
 477 0008 1A60     		str	r2, [r3]
 253:./.driver/STM32F10x_StdPeriph_Driver/src/stm32f10x_cec.c **** }
 478              		.loc 1 253 1
 479 000a 00BF     		nop
 480 000c BD46     		mov	sp, r7
 481              	.LCFI44:
 482              		.cfi_def_cfa_register 13
 483              		@ sp needed
 484 000e 80BC     		pop	{r7}
 485              	.LCFI45:
 486              		.cfi_restore 7
 487              		.cfi_def_cfa_offset 0
 488 0010 7047     		bx	lr
 489              	.L29:
 490 0012 00BF     		.align	2
 491              	.L28:
 492 0014 00020F42 		.word	1108279808
 493              		.cfi_endproc
 494              	.LFE37:
 496              		.section	.text.CEC_EndOfMessageCmd,"ax",%progbits
 497              		.align	1
 498              		.global	CEC_EndOfMessageCmd
 499              		.syntax unified
 500              		.thumb
 501              		.thumb_func
 503              	CEC_EndOfMessageCmd:
 504              	.LFB38:
 254:./.driver/STM32F10x_StdPeriph_Driver/src/stm32f10x_cec.c **** 
 255:./.driver/STM32F10x_StdPeriph_Driver/src/stm32f10x_cec.c **** /**
 256:./.driver/STM32F10x_StdPeriph_Driver/src/stm32f10x_cec.c ****   * @brief  Transmits message with or without an EOM bit.
ARM GAS  C:\Users\SAMEER~1.ALM\AppData\Local\Temp\ccztRb6a.s 			page 14


 257:./.driver/STM32F10x_StdPeriph_Driver/src/stm32f10x_cec.c ****   * @param  NewState: new state of the CEC Tx End Of Message. 
 258:./.driver/STM32F10x_StdPeriph_Driver/src/stm32f10x_cec.c ****   *     This parameter can be: ENABLE or DISABLE.
 259:./.driver/STM32F10x_StdPeriph_Driver/src/stm32f10x_cec.c ****   * @retval None
 260:./.driver/STM32F10x_StdPeriph_Driver/src/stm32f10x_cec.c ****   */
 261:./.driver/STM32F10x_StdPeriph_Driver/src/stm32f10x_cec.c **** void CEC_EndOfMessageCmd(FunctionalState NewState)
 262:./.driver/STM32F10x_StdPeriph_Driver/src/stm32f10x_cec.c **** {   
 505              		.loc 1 262 1
 506              		.cfi_startproc
 507              		@ args = 0, pretend = 0, frame = 8
 508              		@ frame_needed = 1, uses_anonymous_args = 0
 509              		@ link register save eliminated.
 510 0000 80B4     		push	{r7}
 511              	.LCFI46:
 512              		.cfi_def_cfa_offset 4
 513              		.cfi_offset 7, -4
 514 0002 83B0     		sub	sp, sp, #12
 515              	.LCFI47:
 516              		.cfi_def_cfa_offset 16
 517 0004 00AF     		add	r7, sp, #0
 518              	.LCFI48:
 519              		.cfi_def_cfa_register 7
 520 0006 0346     		mov	r3, r0
 521 0008 FB71     		strb	r3, [r7, #7]
 263:./.driver/STM32F10x_StdPeriph_Driver/src/stm32f10x_cec.c ****   /* Check the parameters */
 264:./.driver/STM32F10x_StdPeriph_Driver/src/stm32f10x_cec.c ****   assert_param(IS_FUNCTIONAL_STATE(NewState));
 265:./.driver/STM32F10x_StdPeriph_Driver/src/stm32f10x_cec.c ****   
 266:./.driver/STM32F10x_StdPeriph_Driver/src/stm32f10x_cec.c ****   /* The data byte will be transmitted with or without an EOM bit*/
 267:./.driver/STM32F10x_StdPeriph_Driver/src/stm32f10x_cec.c ****   *(__IO uint32_t *) CSR_TEOM_BB = (uint32_t)NewState;
 522              		.loc 1 267 3
 523 000a 044A     		ldr	r2, .L31
 524              		.loc 1 267 36
 525 000c FB79     		ldrb	r3, [r7, #7]	@ zero_extendqisi2
 526              		.loc 1 267 34
 527 000e 1360     		str	r3, [r2]
 268:./.driver/STM32F10x_StdPeriph_Driver/src/stm32f10x_cec.c **** }
 528              		.loc 1 268 1
 529 0010 00BF     		nop
 530 0012 0C37     		adds	r7, r7, #12
 531              	.LCFI49:
 532              		.cfi_def_cfa_offset 4
 533 0014 BD46     		mov	sp, r7
 534              	.LCFI50:
 535              		.cfi_def_cfa_register 13
 536              		@ sp needed
 537 0016 80BC     		pop	{r7}
 538              	.LCFI51:
 539              		.cfi_restore 7
 540              		.cfi_def_cfa_offset 0
 541 0018 7047     		bx	lr
 542              	.L32:
 543 001a 00BF     		.align	2
 544              	.L31:
 545 001c 04020F42 		.word	1108279812
 546              		.cfi_endproc
 547              	.LFE38:
 549              		.section	.text.CEC_GetFlagStatus,"ax",%progbits
 550              		.align	1
ARM GAS  C:\Users\SAMEER~1.ALM\AppData\Local\Temp\ccztRb6a.s 			page 15


 551              		.global	CEC_GetFlagStatus
 552              		.syntax unified
 553              		.thumb
 554              		.thumb_func
 556              	CEC_GetFlagStatus:
 557              	.LFB39:
 269:./.driver/STM32F10x_StdPeriph_Driver/src/stm32f10x_cec.c **** 
 270:./.driver/STM32F10x_StdPeriph_Driver/src/stm32f10x_cec.c **** /**
 271:./.driver/STM32F10x_StdPeriph_Driver/src/stm32f10x_cec.c ****   * @brief  Gets the CEC flag status
 272:./.driver/STM32F10x_StdPeriph_Driver/src/stm32f10x_cec.c ****   * @param  CEC_FLAG: specifies the CEC flag to check. 
 273:./.driver/STM32F10x_StdPeriph_Driver/src/stm32f10x_cec.c ****   *   This parameter can be one of the following values:
 274:./.driver/STM32F10x_StdPeriph_Driver/src/stm32f10x_cec.c ****   *     @arg CEC_FLAG_BTE: Bit Timing Error
 275:./.driver/STM32F10x_StdPeriph_Driver/src/stm32f10x_cec.c ****   *     @arg CEC_FLAG_BPE: Bit Period Error
 276:./.driver/STM32F10x_StdPeriph_Driver/src/stm32f10x_cec.c ****   *     @arg CEC_FLAG_RBTFE: Rx Block Transfer Finished Error
 277:./.driver/STM32F10x_StdPeriph_Driver/src/stm32f10x_cec.c ****   *     @arg CEC_FLAG_SBE: Start Bit Error
 278:./.driver/STM32F10x_StdPeriph_Driver/src/stm32f10x_cec.c ****   *     @arg CEC_FLAG_ACKE: Block Acknowledge Error
 279:./.driver/STM32F10x_StdPeriph_Driver/src/stm32f10x_cec.c ****   *     @arg CEC_FLAG_LINE: Line Error
 280:./.driver/STM32F10x_StdPeriph_Driver/src/stm32f10x_cec.c ****   *     @arg CEC_FLAG_TBTFE: Tx Block Transfer Finished Error
 281:./.driver/STM32F10x_StdPeriph_Driver/src/stm32f10x_cec.c ****   *     @arg CEC_FLAG_TEOM: Tx End Of Message 
 282:./.driver/STM32F10x_StdPeriph_Driver/src/stm32f10x_cec.c ****   *     @arg CEC_FLAG_TERR: Tx Error
 283:./.driver/STM32F10x_StdPeriph_Driver/src/stm32f10x_cec.c ****   *     @arg CEC_FLAG_TBTRF: Tx Byte Transfer Request or Block Transfer Finished
 284:./.driver/STM32F10x_StdPeriph_Driver/src/stm32f10x_cec.c ****   *     @arg CEC_FLAG_RSOM: Rx Start Of Message
 285:./.driver/STM32F10x_StdPeriph_Driver/src/stm32f10x_cec.c ****   *     @arg CEC_FLAG_REOM: Rx End Of Message
 286:./.driver/STM32F10x_StdPeriph_Driver/src/stm32f10x_cec.c ****   *     @arg CEC_FLAG_RERR: Rx Error
 287:./.driver/STM32F10x_StdPeriph_Driver/src/stm32f10x_cec.c ****   *     @arg CEC_FLAG_RBTF: Rx Byte/Block Transfer Finished
 288:./.driver/STM32F10x_StdPeriph_Driver/src/stm32f10x_cec.c ****   * @retval The new state of CEC_FLAG (SET or RESET)
 289:./.driver/STM32F10x_StdPeriph_Driver/src/stm32f10x_cec.c ****   */
 290:./.driver/STM32F10x_StdPeriph_Driver/src/stm32f10x_cec.c **** FlagStatus CEC_GetFlagStatus(uint32_t CEC_FLAG) 
 291:./.driver/STM32F10x_StdPeriph_Driver/src/stm32f10x_cec.c **** {
 558              		.loc 1 291 1
 559              		.cfi_startproc
 560              		@ args = 0, pretend = 0, frame = 24
 561              		@ frame_needed = 1, uses_anonymous_args = 0
 562              		@ link register save eliminated.
 563 0000 80B4     		push	{r7}
 564              	.LCFI52:
 565              		.cfi_def_cfa_offset 4
 566              		.cfi_offset 7, -4
 567 0002 87B0     		sub	sp, sp, #28
 568              	.LCFI53:
 569              		.cfi_def_cfa_offset 32
 570 0004 00AF     		add	r7, sp, #0
 571              	.LCFI54:
 572              		.cfi_def_cfa_register 7
 573 0006 7860     		str	r0, [r7, #4]
 292:./.driver/STM32F10x_StdPeriph_Driver/src/stm32f10x_cec.c ****   FlagStatus bitstatus = RESET;
 574              		.loc 1 292 14
 575 0008 0023     		movs	r3, #0
 576 000a FB75     		strb	r3, [r7, #23]
 293:./.driver/STM32F10x_StdPeriph_Driver/src/stm32f10x_cec.c ****   uint32_t cecreg = 0, cecbase = 0;
 577              		.loc 1 293 12
 578 000c 0023     		movs	r3, #0
 579 000e FB60     		str	r3, [r7, #12]
 580              		.loc 1 293 24
 581 0010 0023     		movs	r3, #0
 582 0012 3B61     		str	r3, [r7, #16]
 294:./.driver/STM32F10x_StdPeriph_Driver/src/stm32f10x_cec.c ****   
ARM GAS  C:\Users\SAMEER~1.ALM\AppData\Local\Temp\ccztRb6a.s 			page 16


 295:./.driver/STM32F10x_StdPeriph_Driver/src/stm32f10x_cec.c ****   /* Check the parameters */
 296:./.driver/STM32F10x_StdPeriph_Driver/src/stm32f10x_cec.c ****   assert_param(IS_CEC_GET_FLAG(CEC_FLAG));
 297:./.driver/STM32F10x_StdPeriph_Driver/src/stm32f10x_cec.c ****  
 298:./.driver/STM32F10x_StdPeriph_Driver/src/stm32f10x_cec.c ****   /* Get the CEC peripheral base address */
 299:./.driver/STM32F10x_StdPeriph_Driver/src/stm32f10x_cec.c ****   cecbase = (uint32_t)(CEC_BASE);
 583              		.loc 1 299 11
 584 0014 134B     		ldr	r3, .L39
 585 0016 3B61     		str	r3, [r7, #16]
 300:./.driver/STM32F10x_StdPeriph_Driver/src/stm32f10x_cec.c ****   
 301:./.driver/STM32F10x_StdPeriph_Driver/src/stm32f10x_cec.c ****   /* Read flag register index */
 302:./.driver/STM32F10x_StdPeriph_Driver/src/stm32f10x_cec.c ****   cecreg = CEC_FLAG >> 28;
 586              		.loc 1 302 10
 587 0018 7B68     		ldr	r3, [r7, #4]
 588 001a 1B0F     		lsrs	r3, r3, #28
 589 001c FB60     		str	r3, [r7, #12]
 303:./.driver/STM32F10x_StdPeriph_Driver/src/stm32f10x_cec.c ****   
 304:./.driver/STM32F10x_StdPeriph_Driver/src/stm32f10x_cec.c ****   /* Get bit[23:0] of the flag */
 305:./.driver/STM32F10x_StdPeriph_Driver/src/stm32f10x_cec.c ****   CEC_FLAG &= FLAG_Mask;
 590              		.loc 1 305 12
 591 001e 7B68     		ldr	r3, [r7, #4]
 592 0020 23F07F43 		bic	r3, r3, #-16777216
 593 0024 7B60     		str	r3, [r7, #4]
 306:./.driver/STM32F10x_StdPeriph_Driver/src/stm32f10x_cec.c ****   
 307:./.driver/STM32F10x_StdPeriph_Driver/src/stm32f10x_cec.c ****   if(cecreg != 0)
 594              		.loc 1 307 5
 595 0026 FB68     		ldr	r3, [r7, #12]
 596 0028 002B     		cmp	r3, #0
 597 002a 06D0     		beq	.L34
 308:./.driver/STM32F10x_StdPeriph_Driver/src/stm32f10x_cec.c ****   {
 309:./.driver/STM32F10x_StdPeriph_Driver/src/stm32f10x_cec.c ****     /* Flag in CEC ESR Register */
 310:./.driver/STM32F10x_StdPeriph_Driver/src/stm32f10x_cec.c ****     CEC_FLAG = (uint32_t)(CEC_FLAG >> 16);
 598              		.loc 1 310 14
 599 002c 7B68     		ldr	r3, [r7, #4]
 600 002e 1B0C     		lsrs	r3, r3, #16
 601 0030 7B60     		str	r3, [r7, #4]
 311:./.driver/STM32F10x_StdPeriph_Driver/src/stm32f10x_cec.c ****     
 312:./.driver/STM32F10x_StdPeriph_Driver/src/stm32f10x_cec.c ****     /* Get the CEC ESR register address */
 313:./.driver/STM32F10x_StdPeriph_Driver/src/stm32f10x_cec.c ****     cecbase += 0xC;
 602              		.loc 1 313 13
 603 0032 3B69     		ldr	r3, [r7, #16]
 604 0034 0C33     		adds	r3, r3, #12
 605 0036 3B61     		str	r3, [r7, #16]
 606 0038 02E0     		b	.L35
 607              	.L34:
 314:./.driver/STM32F10x_StdPeriph_Driver/src/stm32f10x_cec.c ****   }
 315:./.driver/STM32F10x_StdPeriph_Driver/src/stm32f10x_cec.c ****   else
 316:./.driver/STM32F10x_StdPeriph_Driver/src/stm32f10x_cec.c ****   {
 317:./.driver/STM32F10x_StdPeriph_Driver/src/stm32f10x_cec.c ****     /* Get the CEC CSR register address */
 318:./.driver/STM32F10x_StdPeriph_Driver/src/stm32f10x_cec.c ****     cecbase += 0x10;
 608              		.loc 1 318 13
 609 003a 3B69     		ldr	r3, [r7, #16]
 610 003c 1033     		adds	r3, r3, #16
 611 003e 3B61     		str	r3, [r7, #16]
 612              	.L35:
 319:./.driver/STM32F10x_StdPeriph_Driver/src/stm32f10x_cec.c ****   }
 320:./.driver/STM32F10x_StdPeriph_Driver/src/stm32f10x_cec.c ****   
 321:./.driver/STM32F10x_StdPeriph_Driver/src/stm32f10x_cec.c ****   if(((*(__IO uint32_t *)cecbase) & CEC_FLAG) != (uint32_t)RESET)
ARM GAS  C:\Users\SAMEER~1.ALM\AppData\Local\Temp\ccztRb6a.s 			page 17


 613              		.loc 1 321 9
 614 0040 3B69     		ldr	r3, [r7, #16]
 615              		.loc 1 321 8
 616 0042 1A68     		ldr	r2, [r3]
 617              		.loc 1 321 35
 618 0044 7B68     		ldr	r3, [r7, #4]
 619 0046 1340     		ands	r3, r3, r2
 620              		.loc 1 321 5
 621 0048 002B     		cmp	r3, #0
 622 004a 02D0     		beq	.L36
 322:./.driver/STM32F10x_StdPeriph_Driver/src/stm32f10x_cec.c ****   {
 323:./.driver/STM32F10x_StdPeriph_Driver/src/stm32f10x_cec.c ****     /* CEC_FLAG is set */
 324:./.driver/STM32F10x_StdPeriph_Driver/src/stm32f10x_cec.c ****     bitstatus = SET;
 623              		.loc 1 324 15
 624 004c 0123     		movs	r3, #1
 625 004e FB75     		strb	r3, [r7, #23]
 626 0050 01E0     		b	.L37
 627              	.L36:
 325:./.driver/STM32F10x_StdPeriph_Driver/src/stm32f10x_cec.c ****   }
 326:./.driver/STM32F10x_StdPeriph_Driver/src/stm32f10x_cec.c ****   else
 327:./.driver/STM32F10x_StdPeriph_Driver/src/stm32f10x_cec.c ****   {
 328:./.driver/STM32F10x_StdPeriph_Driver/src/stm32f10x_cec.c ****     /* CEC_FLAG is reset */
 329:./.driver/STM32F10x_StdPeriph_Driver/src/stm32f10x_cec.c ****     bitstatus = RESET;
 628              		.loc 1 329 15
 629 0052 0023     		movs	r3, #0
 630 0054 FB75     		strb	r3, [r7, #23]
 631              	.L37:
 330:./.driver/STM32F10x_StdPeriph_Driver/src/stm32f10x_cec.c ****   }
 331:./.driver/STM32F10x_StdPeriph_Driver/src/stm32f10x_cec.c ****   
 332:./.driver/STM32F10x_StdPeriph_Driver/src/stm32f10x_cec.c ****   /* Return the CEC_FLAG status */
 333:./.driver/STM32F10x_StdPeriph_Driver/src/stm32f10x_cec.c ****   return  bitstatus;
 632              		.loc 1 333 11
 633 0056 FB7D     		ldrb	r3, [r7, #23]	@ zero_extendqisi2
 334:./.driver/STM32F10x_StdPeriph_Driver/src/stm32f10x_cec.c **** }
 634              		.loc 1 334 1
 635 0058 1846     		mov	r0, r3
 636 005a 1C37     		adds	r7, r7, #28
 637              	.LCFI55:
 638              		.cfi_def_cfa_offset 4
 639 005c BD46     		mov	sp, r7
 640              	.LCFI56:
 641              		.cfi_def_cfa_register 13
 642              		@ sp needed
 643 005e 80BC     		pop	{r7}
 644              	.LCFI57:
 645              		.cfi_restore 7
 646              		.cfi_def_cfa_offset 0
 647 0060 7047     		bx	lr
 648              	.L40:
 649 0062 00BF     		.align	2
 650              	.L39:
 651 0064 00780040 		.word	1073772544
 652              		.cfi_endproc
 653              	.LFE39:
 655              		.section	.text.CEC_ClearFlag,"ax",%progbits
 656              		.align	1
 657              		.global	CEC_ClearFlag
ARM GAS  C:\Users\SAMEER~1.ALM\AppData\Local\Temp\ccztRb6a.s 			page 18


 658              		.syntax unified
 659              		.thumb
 660              		.thumb_func
 662              	CEC_ClearFlag:
 663              	.LFB40:
 335:./.driver/STM32F10x_StdPeriph_Driver/src/stm32f10x_cec.c **** 
 336:./.driver/STM32F10x_StdPeriph_Driver/src/stm32f10x_cec.c **** /**
 337:./.driver/STM32F10x_StdPeriph_Driver/src/stm32f10x_cec.c ****   * @brief  Clears the CEC's pending flags.
 338:./.driver/STM32F10x_StdPeriph_Driver/src/stm32f10x_cec.c ****   * @param  CEC_FLAG: specifies the flag to clear. 
 339:./.driver/STM32F10x_StdPeriph_Driver/src/stm32f10x_cec.c ****   *   This parameter can be any combination of the following values:
 340:./.driver/STM32F10x_StdPeriph_Driver/src/stm32f10x_cec.c ****   *     @arg CEC_FLAG_TERR: Tx Error
 341:./.driver/STM32F10x_StdPeriph_Driver/src/stm32f10x_cec.c ****   *     @arg CEC_FLAG_TBTRF: Tx Byte Transfer Request or Block Transfer Finished
 342:./.driver/STM32F10x_StdPeriph_Driver/src/stm32f10x_cec.c ****   *     @arg CEC_FLAG_RSOM: Rx Start Of Message
 343:./.driver/STM32F10x_StdPeriph_Driver/src/stm32f10x_cec.c ****   *     @arg CEC_FLAG_REOM: Rx End Of Message
 344:./.driver/STM32F10x_StdPeriph_Driver/src/stm32f10x_cec.c ****   *     @arg CEC_FLAG_RERR: Rx Error
 345:./.driver/STM32F10x_StdPeriph_Driver/src/stm32f10x_cec.c ****   *     @arg CEC_FLAG_RBTF: Rx Byte/Block Transfer Finished
 346:./.driver/STM32F10x_StdPeriph_Driver/src/stm32f10x_cec.c ****   * @retval None
 347:./.driver/STM32F10x_StdPeriph_Driver/src/stm32f10x_cec.c ****   */
 348:./.driver/STM32F10x_StdPeriph_Driver/src/stm32f10x_cec.c **** void CEC_ClearFlag(uint32_t CEC_FLAG)
 349:./.driver/STM32F10x_StdPeriph_Driver/src/stm32f10x_cec.c **** { 
 664              		.loc 1 349 1
 665              		.cfi_startproc
 666              		@ args = 0, pretend = 0, frame = 16
 667              		@ frame_needed = 1, uses_anonymous_args = 0
 668              		@ link register save eliminated.
 669 0000 80B4     		push	{r7}
 670              	.LCFI58:
 671              		.cfi_def_cfa_offset 4
 672              		.cfi_offset 7, -4
 673 0002 85B0     		sub	sp, sp, #20
 674              	.LCFI59:
 675              		.cfi_def_cfa_offset 24
 676 0004 00AF     		add	r7, sp, #0
 677              	.LCFI60:
 678              		.cfi_def_cfa_register 7
 679 0006 7860     		str	r0, [r7, #4]
 350:./.driver/STM32F10x_StdPeriph_Driver/src/stm32f10x_cec.c ****   uint32_t tmp = 0x0;
 680              		.loc 1 350 12
 681 0008 0023     		movs	r3, #0
 682 000a FB60     		str	r3, [r7, #12]
 351:./.driver/STM32F10x_StdPeriph_Driver/src/stm32f10x_cec.c ****   
 352:./.driver/STM32F10x_StdPeriph_Driver/src/stm32f10x_cec.c ****   /* Check the parameters */
 353:./.driver/STM32F10x_StdPeriph_Driver/src/stm32f10x_cec.c ****   assert_param(IS_CEC_CLEAR_FLAG(CEC_FLAG));
 354:./.driver/STM32F10x_StdPeriph_Driver/src/stm32f10x_cec.c **** 
 355:./.driver/STM32F10x_StdPeriph_Driver/src/stm32f10x_cec.c ****   tmp = CEC->CSR & 0x2;
 683              		.loc 1 355 12
 684 000c 0A4B     		ldr	r3, .L42
 685 000e 1B69     		ldr	r3, [r3, #16]
 686              		.loc 1 355 7
 687 0010 03F00203 		and	r3, r3, #2
 688 0014 FB60     		str	r3, [r7, #12]
 356:./.driver/STM32F10x_StdPeriph_Driver/src/stm32f10x_cec.c ****        
 357:./.driver/STM32F10x_StdPeriph_Driver/src/stm32f10x_cec.c ****   /* Clear the selected CEC flags */
 358:./.driver/STM32F10x_StdPeriph_Driver/src/stm32f10x_cec.c ****   CEC->CSR &= (uint32_t)(((~(uint32_t)CEC_FLAG) & 0xFFFFFFFC) | tmp);
 689              		.loc 1 358 12
 690 0016 084B     		ldr	r3, .L42
 691 0018 1A69     		ldr	r2, [r3, #16]
ARM GAS  C:\Users\SAMEER~1.ALM\AppData\Local\Temp\ccztRb6a.s 			page 19


 692              		.loc 1 358 28
 693 001a 7B68     		ldr	r3, [r7, #4]
 694 001c DB43     		mvns	r3, r3
 695              		.loc 1 358 49
 696 001e 23F00301 		bic	r1, r3, #3
 697              		.loc 1 358 15
 698 0022 FB68     		ldr	r3, [r7, #12]
 699 0024 0B43     		orrs	r3, r3, r1
 700              		.loc 1 358 12
 701 0026 0449     		ldr	r1, .L42
 702 0028 1340     		ands	r3, r3, r2
 703 002a 0B61     		str	r3, [r1, #16]
 359:./.driver/STM32F10x_StdPeriph_Driver/src/stm32f10x_cec.c **** }
 704              		.loc 1 359 1
 705 002c 00BF     		nop
 706 002e 1437     		adds	r7, r7, #20
 707              	.LCFI61:
 708              		.cfi_def_cfa_offset 4
 709 0030 BD46     		mov	sp, r7
 710              	.LCFI62:
 711              		.cfi_def_cfa_register 13
 712              		@ sp needed
 713 0032 80BC     		pop	{r7}
 714              	.LCFI63:
 715              		.cfi_restore 7
 716              		.cfi_def_cfa_offset 0
 717 0034 7047     		bx	lr
 718              	.L43:
 719 0036 00BF     		.align	2
 720              	.L42:
 721 0038 00780040 		.word	1073772544
 722              		.cfi_endproc
 723              	.LFE40:
 725              		.section	.text.CEC_GetITStatus,"ax",%progbits
 726              		.align	1
 727              		.global	CEC_GetITStatus
 728              		.syntax unified
 729              		.thumb
 730              		.thumb_func
 732              	CEC_GetITStatus:
 733              	.LFB41:
 360:./.driver/STM32F10x_StdPeriph_Driver/src/stm32f10x_cec.c **** 
 361:./.driver/STM32F10x_StdPeriph_Driver/src/stm32f10x_cec.c **** /**
 362:./.driver/STM32F10x_StdPeriph_Driver/src/stm32f10x_cec.c ****   * @brief  Checks whether the specified CEC interrupt has occurred or not.
 363:./.driver/STM32F10x_StdPeriph_Driver/src/stm32f10x_cec.c ****   * @param  CEC_IT: specifies the CEC interrupt source to check. 
 364:./.driver/STM32F10x_StdPeriph_Driver/src/stm32f10x_cec.c ****   *   This parameter can be one of the following values:
 365:./.driver/STM32F10x_StdPeriph_Driver/src/stm32f10x_cec.c ****   *     @arg CEC_IT_TERR: Tx Error
 366:./.driver/STM32F10x_StdPeriph_Driver/src/stm32f10x_cec.c ****   *     @arg CEC_IT_TBTF: Tx Block Transfer Finished
 367:./.driver/STM32F10x_StdPeriph_Driver/src/stm32f10x_cec.c ****   *     @arg CEC_IT_RERR: Rx Error
 368:./.driver/STM32F10x_StdPeriph_Driver/src/stm32f10x_cec.c ****   *     @arg CEC_IT_RBTF: Rx Block Transfer Finished
 369:./.driver/STM32F10x_StdPeriph_Driver/src/stm32f10x_cec.c ****   * @retval The new state of CEC_IT (SET or RESET).
 370:./.driver/STM32F10x_StdPeriph_Driver/src/stm32f10x_cec.c ****   */
 371:./.driver/STM32F10x_StdPeriph_Driver/src/stm32f10x_cec.c **** ITStatus CEC_GetITStatus(uint8_t CEC_IT)
 372:./.driver/STM32F10x_StdPeriph_Driver/src/stm32f10x_cec.c **** {
 734              		.loc 1 372 1
 735              		.cfi_startproc
 736              		@ args = 0, pretend = 0, frame = 16
ARM GAS  C:\Users\SAMEER~1.ALM\AppData\Local\Temp\ccztRb6a.s 			page 20


 737              		@ frame_needed = 1, uses_anonymous_args = 0
 738              		@ link register save eliminated.
 739 0000 80B4     		push	{r7}
 740              	.LCFI64:
 741              		.cfi_def_cfa_offset 4
 742              		.cfi_offset 7, -4
 743 0002 85B0     		sub	sp, sp, #20
 744              	.LCFI65:
 745              		.cfi_def_cfa_offset 24
 746 0004 00AF     		add	r7, sp, #0
 747              	.LCFI66:
 748              		.cfi_def_cfa_register 7
 749 0006 0346     		mov	r3, r0
 750 0008 FB71     		strb	r3, [r7, #7]
 373:./.driver/STM32F10x_StdPeriph_Driver/src/stm32f10x_cec.c ****   ITStatus bitstatus = RESET;
 751              		.loc 1 373 12
 752 000a 0023     		movs	r3, #0
 753 000c FB73     		strb	r3, [r7, #15]
 374:./.driver/STM32F10x_StdPeriph_Driver/src/stm32f10x_cec.c ****   uint32_t enablestatus = 0;
 754              		.loc 1 374 12
 755 000e 0023     		movs	r3, #0
 756 0010 BB60     		str	r3, [r7, #8]
 375:./.driver/STM32F10x_StdPeriph_Driver/src/stm32f10x_cec.c ****   
 376:./.driver/STM32F10x_StdPeriph_Driver/src/stm32f10x_cec.c ****   /* Check the parameters */
 377:./.driver/STM32F10x_StdPeriph_Driver/src/stm32f10x_cec.c ****    assert_param(IS_CEC_GET_IT(CEC_IT));
 378:./.driver/STM32F10x_StdPeriph_Driver/src/stm32f10x_cec.c ****    
 379:./.driver/STM32F10x_StdPeriph_Driver/src/stm32f10x_cec.c ****   /* Get the CEC IT enable bit status */
 380:./.driver/STM32F10x_StdPeriph_Driver/src/stm32f10x_cec.c ****   enablestatus = (CEC->CFGR & (uint8_t)CEC_CFGR_IE) ;
 757              		.loc 1 380 22
 758 0012 0C4B     		ldr	r3, .L48
 759 0014 1B68     		ldr	r3, [r3]
 760              		.loc 1 380 16
 761 0016 03F00203 		and	r3, r3, #2
 762 001a BB60     		str	r3, [r7, #8]
 381:./.driver/STM32F10x_StdPeriph_Driver/src/stm32f10x_cec.c ****   
 382:./.driver/STM32F10x_StdPeriph_Driver/src/stm32f10x_cec.c ****   /* Check the status of the specified CEC interrupt */
 383:./.driver/STM32F10x_StdPeriph_Driver/src/stm32f10x_cec.c ****   if (((CEC->CSR & CEC_IT) != (uint32_t)RESET) && enablestatus)
 763              		.loc 1 383 12
 764 001c 094B     		ldr	r3, .L48
 765 001e 1A69     		ldr	r2, [r3, #16]
 766              		.loc 1 383 18
 767 0020 FB79     		ldrb	r3, [r7, #7]	@ zero_extendqisi2
 768 0022 1340     		ands	r3, r3, r2
 769              		.loc 1 383 6
 770 0024 002B     		cmp	r3, #0
 771 0026 05D0     		beq	.L45
 772              		.loc 1 383 48 discriminator 1
 773 0028 BB68     		ldr	r3, [r7, #8]
 774 002a 002B     		cmp	r3, #0
 775 002c 02D0     		beq	.L45
 384:./.driver/STM32F10x_StdPeriph_Driver/src/stm32f10x_cec.c ****   {
 385:./.driver/STM32F10x_StdPeriph_Driver/src/stm32f10x_cec.c ****     /* CEC_IT is set */
 386:./.driver/STM32F10x_StdPeriph_Driver/src/stm32f10x_cec.c ****     bitstatus = SET;
 776              		.loc 1 386 15
 777 002e 0123     		movs	r3, #1
 778 0030 FB73     		strb	r3, [r7, #15]
 779 0032 01E0     		b	.L46
ARM GAS  C:\Users\SAMEER~1.ALM\AppData\Local\Temp\ccztRb6a.s 			page 21


 780              	.L45:
 387:./.driver/STM32F10x_StdPeriph_Driver/src/stm32f10x_cec.c ****   }
 388:./.driver/STM32F10x_StdPeriph_Driver/src/stm32f10x_cec.c ****   else
 389:./.driver/STM32F10x_StdPeriph_Driver/src/stm32f10x_cec.c ****   {
 390:./.driver/STM32F10x_StdPeriph_Driver/src/stm32f10x_cec.c ****     /* CEC_IT is reset */
 391:./.driver/STM32F10x_StdPeriph_Driver/src/stm32f10x_cec.c ****     bitstatus = RESET;
 781              		.loc 1 391 15
 782 0034 0023     		movs	r3, #0
 783 0036 FB73     		strb	r3, [r7, #15]
 784              	.L46:
 392:./.driver/STM32F10x_StdPeriph_Driver/src/stm32f10x_cec.c ****   }
 393:./.driver/STM32F10x_StdPeriph_Driver/src/stm32f10x_cec.c ****   /* Return the CEC_IT status */
 394:./.driver/STM32F10x_StdPeriph_Driver/src/stm32f10x_cec.c ****   return  bitstatus;
 785              		.loc 1 394 11
 786 0038 FB7B     		ldrb	r3, [r7, #15]	@ zero_extendqisi2
 395:./.driver/STM32F10x_StdPeriph_Driver/src/stm32f10x_cec.c **** }
 787              		.loc 1 395 1
 788 003a 1846     		mov	r0, r3
 789 003c 1437     		adds	r7, r7, #20
 790              	.LCFI67:
 791              		.cfi_def_cfa_offset 4
 792 003e BD46     		mov	sp, r7
 793              	.LCFI68:
 794              		.cfi_def_cfa_register 13
 795              		@ sp needed
 796 0040 80BC     		pop	{r7}
 797              	.LCFI69:
 798              		.cfi_restore 7
 799              		.cfi_def_cfa_offset 0
 800 0042 7047     		bx	lr
 801              	.L49:
 802              		.align	2
 803              	.L48:
 804 0044 00780040 		.word	1073772544
 805              		.cfi_endproc
 806              	.LFE41:
 808              		.section	.text.CEC_ClearITPendingBit,"ax",%progbits
 809              		.align	1
 810              		.global	CEC_ClearITPendingBit
 811              		.syntax unified
 812              		.thumb
 813              		.thumb_func
 815              	CEC_ClearITPendingBit:
 816              	.LFB42:
 396:./.driver/STM32F10x_StdPeriph_Driver/src/stm32f10x_cec.c **** 
 397:./.driver/STM32F10x_StdPeriph_Driver/src/stm32f10x_cec.c **** /**
 398:./.driver/STM32F10x_StdPeriph_Driver/src/stm32f10x_cec.c ****   * @brief  Clears the CEC's interrupt pending bits.
 399:./.driver/STM32F10x_StdPeriph_Driver/src/stm32f10x_cec.c ****   * @param  CEC_IT: specifies the CEC interrupt pending bit to clear.
 400:./.driver/STM32F10x_StdPeriph_Driver/src/stm32f10x_cec.c ****   *   This parameter can be any combination of the following values:
 401:./.driver/STM32F10x_StdPeriph_Driver/src/stm32f10x_cec.c ****   *     @arg CEC_IT_TERR: Tx Error
 402:./.driver/STM32F10x_StdPeriph_Driver/src/stm32f10x_cec.c ****   *     @arg CEC_IT_TBTF: Tx Block Transfer Finished
 403:./.driver/STM32F10x_StdPeriph_Driver/src/stm32f10x_cec.c ****   *     @arg CEC_IT_RERR: Rx Error
 404:./.driver/STM32F10x_StdPeriph_Driver/src/stm32f10x_cec.c ****   *     @arg CEC_IT_RBTF: Rx Block Transfer Finished
 405:./.driver/STM32F10x_StdPeriph_Driver/src/stm32f10x_cec.c ****   * @retval None
 406:./.driver/STM32F10x_StdPeriph_Driver/src/stm32f10x_cec.c ****   */
 407:./.driver/STM32F10x_StdPeriph_Driver/src/stm32f10x_cec.c **** void CEC_ClearITPendingBit(uint16_t CEC_IT)
 408:./.driver/STM32F10x_StdPeriph_Driver/src/stm32f10x_cec.c **** {
ARM GAS  C:\Users\SAMEER~1.ALM\AppData\Local\Temp\ccztRb6a.s 			page 22


 817              		.loc 1 408 1
 818              		.cfi_startproc
 819              		@ args = 0, pretend = 0, frame = 16
 820              		@ frame_needed = 1, uses_anonymous_args = 0
 821              		@ link register save eliminated.
 822 0000 80B4     		push	{r7}
 823              	.LCFI70:
 824              		.cfi_def_cfa_offset 4
 825              		.cfi_offset 7, -4
 826 0002 85B0     		sub	sp, sp, #20
 827              	.LCFI71:
 828              		.cfi_def_cfa_offset 24
 829 0004 00AF     		add	r7, sp, #0
 830              	.LCFI72:
 831              		.cfi_def_cfa_register 7
 832 0006 0346     		mov	r3, r0
 833 0008 FB80     		strh	r3, [r7, #6]	@ movhi
 409:./.driver/STM32F10x_StdPeriph_Driver/src/stm32f10x_cec.c ****   uint32_t tmp = 0x0;
 834              		.loc 1 409 12
 835 000a 0023     		movs	r3, #0
 836 000c FB60     		str	r3, [r7, #12]
 410:./.driver/STM32F10x_StdPeriph_Driver/src/stm32f10x_cec.c ****   
 411:./.driver/STM32F10x_StdPeriph_Driver/src/stm32f10x_cec.c ****   /* Check the parameters */
 412:./.driver/STM32F10x_StdPeriph_Driver/src/stm32f10x_cec.c ****   assert_param(IS_CEC_GET_IT(CEC_IT));
 413:./.driver/STM32F10x_StdPeriph_Driver/src/stm32f10x_cec.c ****   
 414:./.driver/STM32F10x_StdPeriph_Driver/src/stm32f10x_cec.c ****   tmp = CEC->CSR & 0x2;
 837              		.loc 1 414 12
 838 000e 0A4B     		ldr	r3, .L51
 839 0010 1B69     		ldr	r3, [r3, #16]
 840              		.loc 1 414 7
 841 0012 03F00203 		and	r3, r3, #2
 842 0016 FB60     		str	r3, [r7, #12]
 415:./.driver/STM32F10x_StdPeriph_Driver/src/stm32f10x_cec.c ****   
 416:./.driver/STM32F10x_StdPeriph_Driver/src/stm32f10x_cec.c ****   /* Clear the selected CEC interrupt pending bits */
 417:./.driver/STM32F10x_StdPeriph_Driver/src/stm32f10x_cec.c ****   CEC->CSR &= (uint32_t)(((~(uint32_t)CEC_IT) & 0xFFFFFFFC) | tmp);
 843              		.loc 1 417 12
 844 0018 074B     		ldr	r3, .L51
 845 001a 1A69     		ldr	r2, [r3, #16]
 846              		.loc 1 417 29
 847 001c FB88     		ldrh	r3, [r7, #6]
 848              		.loc 1 417 28
 849 001e DB43     		mvns	r3, r3
 850              		.loc 1 417 47
 851 0020 23F00301 		bic	r1, r3, #3
 852              		.loc 1 417 15
 853 0024 FB68     		ldr	r3, [r7, #12]
 854 0026 0B43     		orrs	r3, r3, r1
 855              		.loc 1 417 12
 856 0028 0349     		ldr	r1, .L51
 857 002a 1340     		ands	r3, r3, r2
 858 002c 0B61     		str	r3, [r1, #16]
 418:./.driver/STM32F10x_StdPeriph_Driver/src/stm32f10x_cec.c **** }
 859              		.loc 1 418 1
 860 002e 00BF     		nop
 861 0030 1437     		adds	r7, r7, #20
 862              	.LCFI73:
 863              		.cfi_def_cfa_offset 4
ARM GAS  C:\Users\SAMEER~1.ALM\AppData\Local\Temp\ccztRb6a.s 			page 23


 864 0032 BD46     		mov	sp, r7
 865              	.LCFI74:
 866              		.cfi_def_cfa_register 13
 867              		@ sp needed
 868 0034 80BC     		pop	{r7}
 869              	.LCFI75:
 870              		.cfi_restore 7
 871              		.cfi_def_cfa_offset 0
 872 0036 7047     		bx	lr
 873              	.L52:
 874              		.align	2
 875              	.L51:
 876 0038 00780040 		.word	1073772544
 877              		.cfi_endproc
 878              	.LFE42:
 880              		.text
 881              	.Letext0:
 882              		.file 2 "c:\\arm-tool\\gcc-arm-none-eabi-10.3-2021.10\\arm-none-eabi\\include\\machine\\_default_t
 883              		.file 3 "c:\\arm-tool\\gcc-arm-none-eabi-10.3-2021.10\\arm-none-eabi\\include\\sys\\_stdint.h"
 884              		.file 4 "./.driver/CMSIS/Device/STM32F10x/stm32f10x.h"
 885              		.file 5 "./.driver/STM32F10x_StdPeriph_Driver/inc/stm32f10x_cec.h"
ARM GAS  C:\Users\SAMEER~1.ALM\AppData\Local\Temp\ccztRb6a.s 			page 24


DEFINED SYMBOLS
                            *ABS*:00000000 stm32f10x_cec.c
C:\Users\SAMEER~1.ALM\AppData\Local\Temp\ccztRb6a.s:18     .text.CEC_DeInit:00000000 $t
C:\Users\SAMEER~1.ALM\AppData\Local\Temp\ccztRb6a.s:24     .text.CEC_DeInit:00000000 CEC_DeInit
C:\Users\SAMEER~1.ALM\AppData\Local\Temp\ccztRb6a.s:54     .text.CEC_Init:00000000 $t
C:\Users\SAMEER~1.ALM\AppData\Local\Temp\ccztRb6a.s:60     .text.CEC_Init:00000000 CEC_Init
C:\Users\SAMEER~1.ALM\AppData\Local\Temp\ccztRb6a.s:125    .text.CEC_Init:0000003c $d
C:\Users\SAMEER~1.ALM\AppData\Local\Temp\ccztRb6a.s:130    .text.CEC_Cmd:00000000 $t
C:\Users\SAMEER~1.ALM\AppData\Local\Temp\ccztRb6a.s:136    .text.CEC_Cmd:00000000 CEC_Cmd
C:\Users\SAMEER~1.ALM\AppData\Local\Temp\ccztRb6a.s:194    .text.CEC_Cmd:00000030 $d
C:\Users\SAMEER~1.ALM\AppData\Local\Temp\ccztRb6a.s:200    .text.CEC_ITConfig:00000000 $t
C:\Users\SAMEER~1.ALM\AppData\Local\Temp\ccztRb6a.s:206    .text.CEC_ITConfig:00000000 CEC_ITConfig
C:\Users\SAMEER~1.ALM\AppData\Local\Temp\ccztRb6a.s:248    .text.CEC_ITConfig:0000001c $d
C:\Users\SAMEER~1.ALM\AppData\Local\Temp\ccztRb6a.s:253    .text.CEC_OwnAddressConfig:00000000 $t
C:\Users\SAMEER~1.ALM\AppData\Local\Temp\ccztRb6a.s:259    .text.CEC_OwnAddressConfig:00000000 CEC_OwnAddressConfig
C:\Users\SAMEER~1.ALM\AppData\Local\Temp\ccztRb6a.s:300    .text.CEC_OwnAddressConfig:0000001c $d
C:\Users\SAMEER~1.ALM\AppData\Local\Temp\ccztRb6a.s:305    .text.CEC_SetPrescaler:00000000 $t
C:\Users\SAMEER~1.ALM\AppData\Local\Temp\ccztRb6a.s:311    .text.CEC_SetPrescaler:00000000 CEC_SetPrescaler
C:\Users\SAMEER~1.ALM\AppData\Local\Temp\ccztRb6a.s:352    .text.CEC_SetPrescaler:0000001c $d
C:\Users\SAMEER~1.ALM\AppData\Local\Temp\ccztRb6a.s:357    .text.CEC_SendDataByte:00000000 $t
C:\Users\SAMEER~1.ALM\AppData\Local\Temp\ccztRb6a.s:363    .text.CEC_SendDataByte:00000000 CEC_SendDataByte
C:\Users\SAMEER~1.ALM\AppData\Local\Temp\ccztRb6a.s:404    .text.CEC_SendDataByte:0000001c $d
C:\Users\SAMEER~1.ALM\AppData\Local\Temp\ccztRb6a.s:409    .text.CEC_ReceiveDataByte:00000000 $t
C:\Users\SAMEER~1.ALM\AppData\Local\Temp\ccztRb6a.s:415    .text.CEC_ReceiveDataByte:00000000 CEC_ReceiveDataByte
C:\Users\SAMEER~1.ALM\AppData\Local\Temp\ccztRb6a.s:448    .text.CEC_ReceiveDataByte:00000014 $d
C:\Users\SAMEER~1.ALM\AppData\Local\Temp\ccztRb6a.s:453    .text.CEC_StartOfMessage:00000000 $t
C:\Users\SAMEER~1.ALM\AppData\Local\Temp\ccztRb6a.s:459    .text.CEC_StartOfMessage:00000000 CEC_StartOfMessage
C:\Users\SAMEER~1.ALM\AppData\Local\Temp\ccztRb6a.s:492    .text.CEC_StartOfMessage:00000014 $d
C:\Users\SAMEER~1.ALM\AppData\Local\Temp\ccztRb6a.s:497    .text.CEC_EndOfMessageCmd:00000000 $t
C:\Users\SAMEER~1.ALM\AppData\Local\Temp\ccztRb6a.s:503    .text.CEC_EndOfMessageCmd:00000000 CEC_EndOfMessageCmd
C:\Users\SAMEER~1.ALM\AppData\Local\Temp\ccztRb6a.s:545    .text.CEC_EndOfMessageCmd:0000001c $d
C:\Users\SAMEER~1.ALM\AppData\Local\Temp\ccztRb6a.s:550    .text.CEC_GetFlagStatus:00000000 $t
C:\Users\SAMEER~1.ALM\AppData\Local\Temp\ccztRb6a.s:556    .text.CEC_GetFlagStatus:00000000 CEC_GetFlagStatus
C:\Users\SAMEER~1.ALM\AppData\Local\Temp\ccztRb6a.s:651    .text.CEC_GetFlagStatus:00000064 $d
C:\Users\SAMEER~1.ALM\AppData\Local\Temp\ccztRb6a.s:656    .text.CEC_ClearFlag:00000000 $t
C:\Users\SAMEER~1.ALM\AppData\Local\Temp\ccztRb6a.s:662    .text.CEC_ClearFlag:00000000 CEC_ClearFlag
C:\Users\SAMEER~1.ALM\AppData\Local\Temp\ccztRb6a.s:721    .text.CEC_ClearFlag:00000038 $d
C:\Users\SAMEER~1.ALM\AppData\Local\Temp\ccztRb6a.s:726    .text.CEC_GetITStatus:00000000 $t
C:\Users\SAMEER~1.ALM\AppData\Local\Temp\ccztRb6a.s:732    .text.CEC_GetITStatus:00000000 CEC_GetITStatus
C:\Users\SAMEER~1.ALM\AppData\Local\Temp\ccztRb6a.s:804    .text.CEC_GetITStatus:00000044 $d
C:\Users\SAMEER~1.ALM\AppData\Local\Temp\ccztRb6a.s:809    .text.CEC_ClearITPendingBit:00000000 $t
C:\Users\SAMEER~1.ALM\AppData\Local\Temp\ccztRb6a.s:815    .text.CEC_ClearITPendingBit:00000000 CEC_ClearITPendingBit
C:\Users\SAMEER~1.ALM\AppData\Local\Temp\ccztRb6a.s:876    .text.CEC_ClearITPendingBit:00000038 $d
                           .group:00000000 wm4.0.f4779009c199947b70d43074c2c41c8e
                           .group:00000000 wm4.stm32f10x.h.50.d4f13d34ecdc4ac490487d4d35cb5131
                           .group:00000000 wm4.core_cm3.h.25.d35e9a9b04ec4aaebae9bf79fff061f9
                           .group:00000000 wm4._newlib_version.h.4.bfdf54b0af045d4a71376ae00f63a22c
                           .group:00000000 wm4.features.h.33.318b64d71e0957639cfb30f1db1f7ec8
                           .group:00000000 wm4._default_types.h.15.247e5cd201eca3442cbf5404108c4935
                           .group:00000000 wm4._intsup.h.10.48bafbb683905c4daa4565a85aeeb264
                           .group:00000000 wm4._stdint.h.10.c24fa3af3bc1706662bb5593a907e841
                           .group:00000000 wm4.stdint.h.23.d53047a68f4a85177f80b422d52785ed
                           .group:00000000 wm4.core_cm3.h.113.b286929a54d33b4c8909a7132437b244
                           .group:00000000 wm4.stm32f10x.h.525.b40cb5ee4fd40825ea8ccc10ea6f4722
                           .group:00000000 wm4.stm32f10x_adc.h.82.085dab8bb2bdf6609e97ee2fc7a88347
                           .group:00000000 wm4.stm32f10x_bkp.h.24.9f1bb2b1135ba72667dd3fcde11cf4b7
                           .group:00000000 wm4.stm32f10x_can.h.24.b871c380ea975c71825bf46cccde3c7a
ARM GAS  C:\Users\SAMEER~1.ALM\AppData\Local\Temp\ccztRb6a.s 			page 25


                           .group:00000000 wm4.stm32f10x_dac.h.24.39482d0fe30ddea181f0c79f49fb629e
                           .group:00000000 wm4.stm32f10x_dbgmcu.h.24.f73145056e79bc5a93dd6677b2b33d54
                           .group:00000000 wm4.stm32f10x_dma.h.24.a48d4478db5b2956954d84bc5fd35ae1
                           .group:00000000 wm4.stm32f10x_exti.h.24.377f48157d7e463bb3841cf6c97a1c93
                           .group:00000000 wm4.stm32f10x_flash.h.24.877157533caf7ce4331c44a3d0ea5612
                           .group:00000000 wm4.stm32f10x_fsmc.h.24.0518485f192fab09dd5cfc912ded3186
                           .group:00000000 wm4.stm32f10x_gpio.h.24.b627ee324fedf5e3b8730fa015ea30de
                           .group:00000000 wm4.stm32f10x_i2c.h.24.8bc26b82f9e7563ca7234eabea47534c
                           .group:00000000 wm4.stm32f10x_iwdg.h.24.129c4cff233d2076aefd5fc4fbf5956b
                           .group:00000000 wm4.stm32f10x_pwr.h.24.98a178bf0c8fa18634174f1c1123c7bc
                           .group:00000000 wm4.stm32f10x_rcc.h.24.43948985157a0da383ddce718b66f782
                           .group:00000000 wm4.stm32f10x_rtc.h.24.496e77df0282a7f4dc79c6de18da3ecc
                           .group:00000000 wm4.stm32f10x_sdio.h.24.646055cc54873a75158b5d1015b409e6
                           .group:00000000 wm4.stm32f10x_spi.h.24.e7b2623920274a1745e534a7a7156e76
                           .group:00000000 wm4.stm32f10x_tim.h.24.24ac72f04686046a18ee9117ff7bba1f
                           .group:00000000 wm4.stm32f10x_usart.h.24.cf5f8d8e971fad2927ee799886f23b78
                           .group:00000000 wm4.stm32f10x_wwdg.h.24.7f7037b09db3a78d5a9de97b2cba748a
                           .group:00000000 wm4.misc.h.24.c54738789d48fd25c957e9d7c7349497
                           .group:00000000 wm4.stm32f10x.h.8349.9a0c7ea810a74ad6d06203f1a551aebb
                           .group:00000000 wm4.stm32f10x_cec.h.68.6bb17679e05a956a436798ca6db51a70

UNDEFINED SYMBOLS
RCC_APB1PeriphResetCmd
