ARM GAS  C:\Users\SAMEER~1.ALM\AppData\Local\Temp\cchzlc0z.s 			page 1


   1              		.cpu cortex-m3
   2              		.arch armv7-m
   3              		.fpu softvfp
   4              		.eabi_attribute 20, 1
   5              		.eabi_attribute 21, 1
   6              		.eabi_attribute 23, 3
   7              		.eabi_attribute 24, 1
   8              		.eabi_attribute 25, 1
   9              		.eabi_attribute 26, 1
  10              		.eabi_attribute 30, 6
  11              		.eabi_attribute 34, 1
  12              		.eabi_attribute 18, 4
  13              		.file	"stm32f10x_bkp.c"
  14              		.text
  15              	.Ltext0:
  16              		.cfi_sections	.debug_frame
  17              		.section	.text.BKP_DeInit,"ax",%progbits
  18              		.align	1
  19              		.global	BKP_DeInit
  20              		.syntax unified
  21              		.thumb
  22              		.thumb_func
  24              	BKP_DeInit:
  25              	.LFB29:
  26              		.file 1 "./.driver/STM32F10x_StdPeriph_Driver/src/stm32f10x_bkp.c"
   1:./.driver/STM32F10x_StdPeriph_Driver/src/stm32f10x_bkp.c **** /**
   2:./.driver/STM32F10x_StdPeriph_Driver/src/stm32f10x_bkp.c ****   ******************************************************************************
   3:./.driver/STM32F10x_StdPeriph_Driver/src/stm32f10x_bkp.c ****   * @file    stm32f10x_bkp.c
   4:./.driver/STM32F10x_StdPeriph_Driver/src/stm32f10x_bkp.c ****   * @author  MCD Application Team
   5:./.driver/STM32F10x_StdPeriph_Driver/src/stm32f10x_bkp.c ****   * @version V3.6.2
   6:./.driver/STM32F10x_StdPeriph_Driver/src/stm32f10x_bkp.c ****   * @date    17-September-2021
   7:./.driver/STM32F10x_StdPeriph_Driver/src/stm32f10x_bkp.c ****   * @brief   This file provides all the BKP firmware functions.
   8:./.driver/STM32F10x_StdPeriph_Driver/src/stm32f10x_bkp.c ****   ******************************************************************************
   9:./.driver/STM32F10x_StdPeriph_Driver/src/stm32f10x_bkp.c ****   * @attention
  10:./.driver/STM32F10x_StdPeriph_Driver/src/stm32f10x_bkp.c ****   *
  11:./.driver/STM32F10x_StdPeriph_Driver/src/stm32f10x_bkp.c ****   * Copyright (c) 2012 STMicroelectronics.
  12:./.driver/STM32F10x_StdPeriph_Driver/src/stm32f10x_bkp.c ****   * All rights reserved.
  13:./.driver/STM32F10x_StdPeriph_Driver/src/stm32f10x_bkp.c ****   *
  14:./.driver/STM32F10x_StdPeriph_Driver/src/stm32f10x_bkp.c ****   * This software is licensed under terms that can be found in the LICENSE file
  15:./.driver/STM32F10x_StdPeriph_Driver/src/stm32f10x_bkp.c ****   * in the root directory of this software component.
  16:./.driver/STM32F10x_StdPeriph_Driver/src/stm32f10x_bkp.c ****   * If no LICENSE file comes with this software, it is provided AS-IS.
  17:./.driver/STM32F10x_StdPeriph_Driver/src/stm32f10x_bkp.c ****   *
  18:./.driver/STM32F10x_StdPeriph_Driver/src/stm32f10x_bkp.c ****   ******************************************************************************
  19:./.driver/STM32F10x_StdPeriph_Driver/src/stm32f10x_bkp.c ****   */
  20:./.driver/STM32F10x_StdPeriph_Driver/src/stm32f10x_bkp.c **** 
  21:./.driver/STM32F10x_StdPeriph_Driver/src/stm32f10x_bkp.c **** /* Includes ------------------------------------------------------------------*/
  22:./.driver/STM32F10x_StdPeriph_Driver/src/stm32f10x_bkp.c **** #include "stm32f10x_bkp.h"
  23:./.driver/STM32F10x_StdPeriph_Driver/src/stm32f10x_bkp.c **** #include "stm32f10x_rcc.h"
  24:./.driver/STM32F10x_StdPeriph_Driver/src/stm32f10x_bkp.c **** 
  25:./.driver/STM32F10x_StdPeriph_Driver/src/stm32f10x_bkp.c **** /** @addtogroup STM32F10x_StdPeriph_Driver
  26:./.driver/STM32F10x_StdPeriph_Driver/src/stm32f10x_bkp.c ****   * @{
  27:./.driver/STM32F10x_StdPeriph_Driver/src/stm32f10x_bkp.c ****   */
  28:./.driver/STM32F10x_StdPeriph_Driver/src/stm32f10x_bkp.c **** 
  29:./.driver/STM32F10x_StdPeriph_Driver/src/stm32f10x_bkp.c **** /** @defgroup BKP 
  30:./.driver/STM32F10x_StdPeriph_Driver/src/stm32f10x_bkp.c ****   * @brief BKP driver modules
  31:./.driver/STM32F10x_StdPeriph_Driver/src/stm32f10x_bkp.c ****   * @{
  32:./.driver/STM32F10x_StdPeriph_Driver/src/stm32f10x_bkp.c ****   */
ARM GAS  C:\Users\SAMEER~1.ALM\AppData\Local\Temp\cchzlc0z.s 			page 2


  33:./.driver/STM32F10x_StdPeriph_Driver/src/stm32f10x_bkp.c **** 
  34:./.driver/STM32F10x_StdPeriph_Driver/src/stm32f10x_bkp.c **** /** @defgroup BKP_Private_TypesDefinitions
  35:./.driver/STM32F10x_StdPeriph_Driver/src/stm32f10x_bkp.c ****   * @{
  36:./.driver/STM32F10x_StdPeriph_Driver/src/stm32f10x_bkp.c ****   */
  37:./.driver/STM32F10x_StdPeriph_Driver/src/stm32f10x_bkp.c **** 
  38:./.driver/STM32F10x_StdPeriph_Driver/src/stm32f10x_bkp.c **** /**
  39:./.driver/STM32F10x_StdPeriph_Driver/src/stm32f10x_bkp.c ****   * @}
  40:./.driver/STM32F10x_StdPeriph_Driver/src/stm32f10x_bkp.c ****   */
  41:./.driver/STM32F10x_StdPeriph_Driver/src/stm32f10x_bkp.c **** 
  42:./.driver/STM32F10x_StdPeriph_Driver/src/stm32f10x_bkp.c **** /** @defgroup BKP_Private_Defines
  43:./.driver/STM32F10x_StdPeriph_Driver/src/stm32f10x_bkp.c ****   * @{
  44:./.driver/STM32F10x_StdPeriph_Driver/src/stm32f10x_bkp.c ****   */
  45:./.driver/STM32F10x_StdPeriph_Driver/src/stm32f10x_bkp.c **** 
  46:./.driver/STM32F10x_StdPeriph_Driver/src/stm32f10x_bkp.c **** /* ------------ BKP registers bit address in the alias region --------------- */
  47:./.driver/STM32F10x_StdPeriph_Driver/src/stm32f10x_bkp.c **** #define BKP_OFFSET        (BKP_BASE - PERIPH_BASE)
  48:./.driver/STM32F10x_StdPeriph_Driver/src/stm32f10x_bkp.c **** 
  49:./.driver/STM32F10x_StdPeriph_Driver/src/stm32f10x_bkp.c **** /* --- CR Register ----*/
  50:./.driver/STM32F10x_StdPeriph_Driver/src/stm32f10x_bkp.c **** 
  51:./.driver/STM32F10x_StdPeriph_Driver/src/stm32f10x_bkp.c **** /* Alias word address of TPAL bit */
  52:./.driver/STM32F10x_StdPeriph_Driver/src/stm32f10x_bkp.c **** #define CR_OFFSET         (BKP_OFFSET + 0x30)
  53:./.driver/STM32F10x_StdPeriph_Driver/src/stm32f10x_bkp.c **** #define TPAL_BitNumber    0x01
  54:./.driver/STM32F10x_StdPeriph_Driver/src/stm32f10x_bkp.c **** #define CR_TPAL_BB        (PERIPH_BB_BASE + (CR_OFFSET * 32) + (TPAL_BitNumber * 4))
  55:./.driver/STM32F10x_StdPeriph_Driver/src/stm32f10x_bkp.c **** 
  56:./.driver/STM32F10x_StdPeriph_Driver/src/stm32f10x_bkp.c **** /* Alias word address of TPE bit */
  57:./.driver/STM32F10x_StdPeriph_Driver/src/stm32f10x_bkp.c **** #define TPE_BitNumber     0x00
  58:./.driver/STM32F10x_StdPeriph_Driver/src/stm32f10x_bkp.c **** #define CR_TPE_BB         (PERIPH_BB_BASE + (CR_OFFSET * 32) + (TPE_BitNumber * 4))
  59:./.driver/STM32F10x_StdPeriph_Driver/src/stm32f10x_bkp.c **** 
  60:./.driver/STM32F10x_StdPeriph_Driver/src/stm32f10x_bkp.c **** /* --- CSR Register ---*/
  61:./.driver/STM32F10x_StdPeriph_Driver/src/stm32f10x_bkp.c **** 
  62:./.driver/STM32F10x_StdPeriph_Driver/src/stm32f10x_bkp.c **** /* Alias word address of TPIE bit */
  63:./.driver/STM32F10x_StdPeriph_Driver/src/stm32f10x_bkp.c **** #define CSR_OFFSET        (BKP_OFFSET + 0x34)
  64:./.driver/STM32F10x_StdPeriph_Driver/src/stm32f10x_bkp.c **** #define TPIE_BitNumber    0x02
  65:./.driver/STM32F10x_StdPeriph_Driver/src/stm32f10x_bkp.c **** #define CSR_TPIE_BB       (PERIPH_BB_BASE + (CSR_OFFSET * 32) + (TPIE_BitNumber * 4))
  66:./.driver/STM32F10x_StdPeriph_Driver/src/stm32f10x_bkp.c **** 
  67:./.driver/STM32F10x_StdPeriph_Driver/src/stm32f10x_bkp.c **** /* Alias word address of TIF bit */
  68:./.driver/STM32F10x_StdPeriph_Driver/src/stm32f10x_bkp.c **** #define TIF_BitNumber     0x09
  69:./.driver/STM32F10x_StdPeriph_Driver/src/stm32f10x_bkp.c **** #define CSR_TIF_BB        (PERIPH_BB_BASE + (CSR_OFFSET * 32) + (TIF_BitNumber * 4))
  70:./.driver/STM32F10x_StdPeriph_Driver/src/stm32f10x_bkp.c **** 
  71:./.driver/STM32F10x_StdPeriph_Driver/src/stm32f10x_bkp.c **** /* Alias word address of TEF bit */
  72:./.driver/STM32F10x_StdPeriph_Driver/src/stm32f10x_bkp.c **** #define TEF_BitNumber     0x08
  73:./.driver/STM32F10x_StdPeriph_Driver/src/stm32f10x_bkp.c **** #define CSR_TEF_BB        (PERIPH_BB_BASE + (CSR_OFFSET * 32) + (TEF_BitNumber * 4))
  74:./.driver/STM32F10x_StdPeriph_Driver/src/stm32f10x_bkp.c **** 
  75:./.driver/STM32F10x_StdPeriph_Driver/src/stm32f10x_bkp.c **** /* ---------------------- BKP registers bit mask ------------------------ */
  76:./.driver/STM32F10x_StdPeriph_Driver/src/stm32f10x_bkp.c **** 
  77:./.driver/STM32F10x_StdPeriph_Driver/src/stm32f10x_bkp.c **** /* RTCCR register bit mask */
  78:./.driver/STM32F10x_StdPeriph_Driver/src/stm32f10x_bkp.c **** #define RTCCR_CAL_MASK    ((uint16_t)0xFF80)
  79:./.driver/STM32F10x_StdPeriph_Driver/src/stm32f10x_bkp.c **** #define RTCCR_MASK        ((uint16_t)0xFC7F)
  80:./.driver/STM32F10x_StdPeriph_Driver/src/stm32f10x_bkp.c **** 
  81:./.driver/STM32F10x_StdPeriph_Driver/src/stm32f10x_bkp.c **** /**
  82:./.driver/STM32F10x_StdPeriph_Driver/src/stm32f10x_bkp.c ****   * @}
  83:./.driver/STM32F10x_StdPeriph_Driver/src/stm32f10x_bkp.c ****   */ 
  84:./.driver/STM32F10x_StdPeriph_Driver/src/stm32f10x_bkp.c **** 
  85:./.driver/STM32F10x_StdPeriph_Driver/src/stm32f10x_bkp.c **** 
  86:./.driver/STM32F10x_StdPeriph_Driver/src/stm32f10x_bkp.c **** /** @defgroup BKP_Private_Macros
  87:./.driver/STM32F10x_StdPeriph_Driver/src/stm32f10x_bkp.c ****   * @{
  88:./.driver/STM32F10x_StdPeriph_Driver/src/stm32f10x_bkp.c ****   */
  89:./.driver/STM32F10x_StdPeriph_Driver/src/stm32f10x_bkp.c **** 
ARM GAS  C:\Users\SAMEER~1.ALM\AppData\Local\Temp\cchzlc0z.s 			page 3


  90:./.driver/STM32F10x_StdPeriph_Driver/src/stm32f10x_bkp.c **** /**
  91:./.driver/STM32F10x_StdPeriph_Driver/src/stm32f10x_bkp.c ****   * @}
  92:./.driver/STM32F10x_StdPeriph_Driver/src/stm32f10x_bkp.c ****   */
  93:./.driver/STM32F10x_StdPeriph_Driver/src/stm32f10x_bkp.c **** 
  94:./.driver/STM32F10x_StdPeriph_Driver/src/stm32f10x_bkp.c **** /** @defgroup BKP_Private_Variables
  95:./.driver/STM32F10x_StdPeriph_Driver/src/stm32f10x_bkp.c ****   * @{
  96:./.driver/STM32F10x_StdPeriph_Driver/src/stm32f10x_bkp.c ****   */
  97:./.driver/STM32F10x_StdPeriph_Driver/src/stm32f10x_bkp.c **** 
  98:./.driver/STM32F10x_StdPeriph_Driver/src/stm32f10x_bkp.c **** /**
  99:./.driver/STM32F10x_StdPeriph_Driver/src/stm32f10x_bkp.c ****   * @}
 100:./.driver/STM32F10x_StdPeriph_Driver/src/stm32f10x_bkp.c ****   */
 101:./.driver/STM32F10x_StdPeriph_Driver/src/stm32f10x_bkp.c **** 
 102:./.driver/STM32F10x_StdPeriph_Driver/src/stm32f10x_bkp.c **** /** @defgroup BKP_Private_FunctionPrototypes
 103:./.driver/STM32F10x_StdPeriph_Driver/src/stm32f10x_bkp.c ****   * @{
 104:./.driver/STM32F10x_StdPeriph_Driver/src/stm32f10x_bkp.c ****   */
 105:./.driver/STM32F10x_StdPeriph_Driver/src/stm32f10x_bkp.c **** 
 106:./.driver/STM32F10x_StdPeriph_Driver/src/stm32f10x_bkp.c **** /**
 107:./.driver/STM32F10x_StdPeriph_Driver/src/stm32f10x_bkp.c ****   * @}
 108:./.driver/STM32F10x_StdPeriph_Driver/src/stm32f10x_bkp.c ****   */
 109:./.driver/STM32F10x_StdPeriph_Driver/src/stm32f10x_bkp.c **** 
 110:./.driver/STM32F10x_StdPeriph_Driver/src/stm32f10x_bkp.c **** /** @defgroup BKP_Private_Functions
 111:./.driver/STM32F10x_StdPeriph_Driver/src/stm32f10x_bkp.c ****   * @{
 112:./.driver/STM32F10x_StdPeriph_Driver/src/stm32f10x_bkp.c ****   */
 113:./.driver/STM32F10x_StdPeriph_Driver/src/stm32f10x_bkp.c **** 
 114:./.driver/STM32F10x_StdPeriph_Driver/src/stm32f10x_bkp.c **** /**
 115:./.driver/STM32F10x_StdPeriph_Driver/src/stm32f10x_bkp.c ****   * @brief  Deinitializes the BKP peripheral registers to their default reset values.
 116:./.driver/STM32F10x_StdPeriph_Driver/src/stm32f10x_bkp.c ****   * @param  None
 117:./.driver/STM32F10x_StdPeriph_Driver/src/stm32f10x_bkp.c ****   * @retval None
 118:./.driver/STM32F10x_StdPeriph_Driver/src/stm32f10x_bkp.c ****   */
 119:./.driver/STM32F10x_StdPeriph_Driver/src/stm32f10x_bkp.c **** void BKP_DeInit(void)
 120:./.driver/STM32F10x_StdPeriph_Driver/src/stm32f10x_bkp.c **** {
  27              		.loc 1 120 1
  28              		.cfi_startproc
  29              		@ args = 0, pretend = 0, frame = 0
  30              		@ frame_needed = 1, uses_anonymous_args = 0
  31 0000 80B5     		push	{r7, lr}
  32              	.LCFI0:
  33              		.cfi_def_cfa_offset 8
  34              		.cfi_offset 7, -8
  35              		.cfi_offset 14, -4
  36 0002 00AF     		add	r7, sp, #0
  37              	.LCFI1:
  38              		.cfi_def_cfa_register 7
 121:./.driver/STM32F10x_StdPeriph_Driver/src/stm32f10x_bkp.c ****   RCC_BackupResetCmd(ENABLE);
  39              		.loc 1 121 3
  40 0004 0120     		movs	r0, #1
  41 0006 FFF7FEFF 		bl	RCC_BackupResetCmd
 122:./.driver/STM32F10x_StdPeriph_Driver/src/stm32f10x_bkp.c ****   RCC_BackupResetCmd(DISABLE);
  42              		.loc 1 122 3
  43 000a 0020     		movs	r0, #0
  44 000c FFF7FEFF 		bl	RCC_BackupResetCmd
 123:./.driver/STM32F10x_StdPeriph_Driver/src/stm32f10x_bkp.c **** }
  45              		.loc 1 123 1
  46 0010 00BF     		nop
  47 0012 80BD     		pop	{r7, pc}
  48              		.cfi_endproc
  49              	.LFE29:
ARM GAS  C:\Users\SAMEER~1.ALM\AppData\Local\Temp\cchzlc0z.s 			page 4


  51              		.section	.text.BKP_TamperPinLevelConfig,"ax",%progbits
  52              		.align	1
  53              		.global	BKP_TamperPinLevelConfig
  54              		.syntax unified
  55              		.thumb
  56              		.thumb_func
  58              	BKP_TamperPinLevelConfig:
  59              	.LFB30:
 124:./.driver/STM32F10x_StdPeriph_Driver/src/stm32f10x_bkp.c **** 
 125:./.driver/STM32F10x_StdPeriph_Driver/src/stm32f10x_bkp.c **** /**
 126:./.driver/STM32F10x_StdPeriph_Driver/src/stm32f10x_bkp.c ****   * @brief  Configures the Tamper Pin active level.
 127:./.driver/STM32F10x_StdPeriph_Driver/src/stm32f10x_bkp.c ****   * @param  BKP_TamperPinLevel: specifies the Tamper Pin active level.
 128:./.driver/STM32F10x_StdPeriph_Driver/src/stm32f10x_bkp.c ****   *   This parameter can be one of the following values:
 129:./.driver/STM32F10x_StdPeriph_Driver/src/stm32f10x_bkp.c ****   *     @arg BKP_TamperPinLevel_High: Tamper pin active on high level
 130:./.driver/STM32F10x_StdPeriph_Driver/src/stm32f10x_bkp.c ****   *     @arg BKP_TamperPinLevel_Low: Tamper pin active on low level
 131:./.driver/STM32F10x_StdPeriph_Driver/src/stm32f10x_bkp.c ****   * @retval None
 132:./.driver/STM32F10x_StdPeriph_Driver/src/stm32f10x_bkp.c ****   */
 133:./.driver/STM32F10x_StdPeriph_Driver/src/stm32f10x_bkp.c **** void BKP_TamperPinLevelConfig(uint16_t BKP_TamperPinLevel)
 134:./.driver/STM32F10x_StdPeriph_Driver/src/stm32f10x_bkp.c **** {
  60              		.loc 1 134 1
  61              		.cfi_startproc
  62              		@ args = 0, pretend = 0, frame = 8
  63              		@ frame_needed = 1, uses_anonymous_args = 0
  64              		@ link register save eliminated.
  65 0000 80B4     		push	{r7}
  66              	.LCFI2:
  67              		.cfi_def_cfa_offset 4
  68              		.cfi_offset 7, -4
  69 0002 83B0     		sub	sp, sp, #12
  70              	.LCFI3:
  71              		.cfi_def_cfa_offset 16
  72 0004 00AF     		add	r7, sp, #0
  73              	.LCFI4:
  74              		.cfi_def_cfa_register 7
  75 0006 0346     		mov	r3, r0
  76 0008 FB80     		strh	r3, [r7, #6]	@ movhi
 135:./.driver/STM32F10x_StdPeriph_Driver/src/stm32f10x_bkp.c ****   /* Check the parameters */
 136:./.driver/STM32F10x_StdPeriph_Driver/src/stm32f10x_bkp.c ****   assert_param(IS_BKP_TAMPER_PIN_LEVEL(BKP_TamperPinLevel));
 137:./.driver/STM32F10x_StdPeriph_Driver/src/stm32f10x_bkp.c ****   *(__IO uint32_t *) CR_TPAL_BB = BKP_TamperPinLevel;
  77              		.loc 1 137 3
  78 000a 044A     		ldr	r2, .L3
  79              		.loc 1 137 33
  80 000c FB88     		ldrh	r3, [r7, #6]
  81 000e 1360     		str	r3, [r2]
 138:./.driver/STM32F10x_StdPeriph_Driver/src/stm32f10x_bkp.c **** }
  82              		.loc 1 138 1
  83 0010 00BF     		nop
  84 0012 0C37     		adds	r7, r7, #12
  85              	.LCFI5:
  86              		.cfi_def_cfa_offset 4
  87 0014 BD46     		mov	sp, r7
  88              	.LCFI6:
  89              		.cfi_def_cfa_register 13
  90              		@ sp needed
  91 0016 80BC     		pop	{r7}
  92              	.LCFI7:
  93              		.cfi_restore 7
ARM GAS  C:\Users\SAMEER~1.ALM\AppData\Local\Temp\cchzlc0z.s 			page 5


  94              		.cfi_def_cfa_offset 0
  95 0018 7047     		bx	lr
  96              	.L4:
  97 001a 00BF     		.align	2
  98              	.L3:
  99 001c 04860D42 		.word	1108182532
 100              		.cfi_endproc
 101              	.LFE30:
 103              		.section	.text.BKP_TamperPinCmd,"ax",%progbits
 104              		.align	1
 105              		.global	BKP_TamperPinCmd
 106              		.syntax unified
 107              		.thumb
 108              		.thumb_func
 110              	BKP_TamperPinCmd:
 111              	.LFB31:
 139:./.driver/STM32F10x_StdPeriph_Driver/src/stm32f10x_bkp.c **** 
 140:./.driver/STM32F10x_StdPeriph_Driver/src/stm32f10x_bkp.c **** /**
 141:./.driver/STM32F10x_StdPeriph_Driver/src/stm32f10x_bkp.c ****   * @brief  Enables or disables the Tamper Pin activation.
 142:./.driver/STM32F10x_StdPeriph_Driver/src/stm32f10x_bkp.c ****   * @param  NewState: new state of the Tamper Pin activation.
 143:./.driver/STM32F10x_StdPeriph_Driver/src/stm32f10x_bkp.c ****   *   This parameter can be: ENABLE or DISABLE.
 144:./.driver/STM32F10x_StdPeriph_Driver/src/stm32f10x_bkp.c ****   * @retval None
 145:./.driver/STM32F10x_StdPeriph_Driver/src/stm32f10x_bkp.c ****   */
 146:./.driver/STM32F10x_StdPeriph_Driver/src/stm32f10x_bkp.c **** void BKP_TamperPinCmd(FunctionalState NewState)
 147:./.driver/STM32F10x_StdPeriph_Driver/src/stm32f10x_bkp.c **** {
 112              		.loc 1 147 1
 113              		.cfi_startproc
 114              		@ args = 0, pretend = 0, frame = 8
 115              		@ frame_needed = 1, uses_anonymous_args = 0
 116              		@ link register save eliminated.
 117 0000 80B4     		push	{r7}
 118              	.LCFI8:
 119              		.cfi_def_cfa_offset 4
 120              		.cfi_offset 7, -4
 121 0002 83B0     		sub	sp, sp, #12
 122              	.LCFI9:
 123              		.cfi_def_cfa_offset 16
 124 0004 00AF     		add	r7, sp, #0
 125              	.LCFI10:
 126              		.cfi_def_cfa_register 7
 127 0006 0346     		mov	r3, r0
 128 0008 FB71     		strb	r3, [r7, #7]
 148:./.driver/STM32F10x_StdPeriph_Driver/src/stm32f10x_bkp.c ****   /* Check the parameters */
 149:./.driver/STM32F10x_StdPeriph_Driver/src/stm32f10x_bkp.c ****   assert_param(IS_FUNCTIONAL_STATE(NewState));
 150:./.driver/STM32F10x_StdPeriph_Driver/src/stm32f10x_bkp.c ****   *(__IO uint32_t *) CR_TPE_BB = (uint32_t)NewState;
 129              		.loc 1 150 3
 130 000a 044A     		ldr	r2, .L6
 131              		.loc 1 150 34
 132 000c FB79     		ldrb	r3, [r7, #7]	@ zero_extendqisi2
 133              		.loc 1 150 32
 134 000e 1360     		str	r3, [r2]
 151:./.driver/STM32F10x_StdPeriph_Driver/src/stm32f10x_bkp.c **** }
 135              		.loc 1 151 1
 136 0010 00BF     		nop
 137 0012 0C37     		adds	r7, r7, #12
 138              	.LCFI11:
 139              		.cfi_def_cfa_offset 4
ARM GAS  C:\Users\SAMEER~1.ALM\AppData\Local\Temp\cchzlc0z.s 			page 6


 140 0014 BD46     		mov	sp, r7
 141              	.LCFI12:
 142              		.cfi_def_cfa_register 13
 143              		@ sp needed
 144 0016 80BC     		pop	{r7}
 145              	.LCFI13:
 146              		.cfi_restore 7
 147              		.cfi_def_cfa_offset 0
 148 0018 7047     		bx	lr
 149              	.L7:
 150 001a 00BF     		.align	2
 151              	.L6:
 152 001c 00860D42 		.word	1108182528
 153              		.cfi_endproc
 154              	.LFE31:
 156              		.section	.text.BKP_ITConfig,"ax",%progbits
 157              		.align	1
 158              		.global	BKP_ITConfig
 159              		.syntax unified
 160              		.thumb
 161              		.thumb_func
 163              	BKP_ITConfig:
 164              	.LFB32:
 152:./.driver/STM32F10x_StdPeriph_Driver/src/stm32f10x_bkp.c **** 
 153:./.driver/STM32F10x_StdPeriph_Driver/src/stm32f10x_bkp.c **** /**
 154:./.driver/STM32F10x_StdPeriph_Driver/src/stm32f10x_bkp.c ****   * @brief  Enables or disables the Tamper Pin Interrupt.
 155:./.driver/STM32F10x_StdPeriph_Driver/src/stm32f10x_bkp.c ****   * @param  NewState: new state of the Tamper Pin Interrupt.
 156:./.driver/STM32F10x_StdPeriph_Driver/src/stm32f10x_bkp.c ****   *   This parameter can be: ENABLE or DISABLE.
 157:./.driver/STM32F10x_StdPeriph_Driver/src/stm32f10x_bkp.c ****   * @retval None
 158:./.driver/STM32F10x_StdPeriph_Driver/src/stm32f10x_bkp.c ****   */
 159:./.driver/STM32F10x_StdPeriph_Driver/src/stm32f10x_bkp.c **** void BKP_ITConfig(FunctionalState NewState)
 160:./.driver/STM32F10x_StdPeriph_Driver/src/stm32f10x_bkp.c **** {
 165              		.loc 1 160 1
 166              		.cfi_startproc
 167              		@ args = 0, pretend = 0, frame = 8
 168              		@ frame_needed = 1, uses_anonymous_args = 0
 169              		@ link register save eliminated.
 170 0000 80B4     		push	{r7}
 171              	.LCFI14:
 172              		.cfi_def_cfa_offset 4
 173              		.cfi_offset 7, -4
 174 0002 83B0     		sub	sp, sp, #12
 175              	.LCFI15:
 176              		.cfi_def_cfa_offset 16
 177 0004 00AF     		add	r7, sp, #0
 178              	.LCFI16:
 179              		.cfi_def_cfa_register 7
 180 0006 0346     		mov	r3, r0
 181 0008 FB71     		strb	r3, [r7, #7]
 161:./.driver/STM32F10x_StdPeriph_Driver/src/stm32f10x_bkp.c ****   /* Check the parameters */
 162:./.driver/STM32F10x_StdPeriph_Driver/src/stm32f10x_bkp.c ****   assert_param(IS_FUNCTIONAL_STATE(NewState));
 163:./.driver/STM32F10x_StdPeriph_Driver/src/stm32f10x_bkp.c ****   *(__IO uint32_t *) CSR_TPIE_BB = (uint32_t)NewState;
 182              		.loc 1 163 3
 183 000a 044A     		ldr	r2, .L9
 184              		.loc 1 163 36
 185 000c FB79     		ldrb	r3, [r7, #7]	@ zero_extendqisi2
 186              		.loc 1 163 34
ARM GAS  C:\Users\SAMEER~1.ALM\AppData\Local\Temp\cchzlc0z.s 			page 7


 187 000e 1360     		str	r3, [r2]
 164:./.driver/STM32F10x_StdPeriph_Driver/src/stm32f10x_bkp.c **** }
 188              		.loc 1 164 1
 189 0010 00BF     		nop
 190 0012 0C37     		adds	r7, r7, #12
 191              	.LCFI17:
 192              		.cfi_def_cfa_offset 4
 193 0014 BD46     		mov	sp, r7
 194              	.LCFI18:
 195              		.cfi_def_cfa_register 13
 196              		@ sp needed
 197 0016 80BC     		pop	{r7}
 198              	.LCFI19:
 199              		.cfi_restore 7
 200              		.cfi_def_cfa_offset 0
 201 0018 7047     		bx	lr
 202              	.L10:
 203 001a 00BF     		.align	2
 204              	.L9:
 205 001c 88860D42 		.word	1108182664
 206              		.cfi_endproc
 207              	.LFE32:
 209              		.section	.text.BKP_RTCOutputConfig,"ax",%progbits
 210              		.align	1
 211              		.global	BKP_RTCOutputConfig
 212              		.syntax unified
 213              		.thumb
 214              		.thumb_func
 216              	BKP_RTCOutputConfig:
 217              	.LFB33:
 165:./.driver/STM32F10x_StdPeriph_Driver/src/stm32f10x_bkp.c **** 
 166:./.driver/STM32F10x_StdPeriph_Driver/src/stm32f10x_bkp.c **** /**
 167:./.driver/STM32F10x_StdPeriph_Driver/src/stm32f10x_bkp.c ****   * @brief  Select the RTC output source to output on the Tamper pin.
 168:./.driver/STM32F10x_StdPeriph_Driver/src/stm32f10x_bkp.c ****   * @param  BKP_RTCOutputSource: specifies the RTC output source.
 169:./.driver/STM32F10x_StdPeriph_Driver/src/stm32f10x_bkp.c ****   *   This parameter can be one of the following values:
 170:./.driver/STM32F10x_StdPeriph_Driver/src/stm32f10x_bkp.c ****   *     @arg BKP_RTCOutputSource_None: no RTC output on the Tamper pin.
 171:./.driver/STM32F10x_StdPeriph_Driver/src/stm32f10x_bkp.c ****   *     @arg BKP_RTCOutputSource_CalibClock: output the RTC clock with frequency
 172:./.driver/STM32F10x_StdPeriph_Driver/src/stm32f10x_bkp.c ****   *                                          divided by 64 on the Tamper pin.
 173:./.driver/STM32F10x_StdPeriph_Driver/src/stm32f10x_bkp.c ****   *     @arg BKP_RTCOutputSource_Alarm: output the RTC Alarm pulse signal on
 174:./.driver/STM32F10x_StdPeriph_Driver/src/stm32f10x_bkp.c ****   *                                     the Tamper pin.
 175:./.driver/STM32F10x_StdPeriph_Driver/src/stm32f10x_bkp.c ****   *     @arg BKP_RTCOutputSource_Second: output the RTC Second pulse signal on
 176:./.driver/STM32F10x_StdPeriph_Driver/src/stm32f10x_bkp.c ****   *                                      the Tamper pin.  
 177:./.driver/STM32F10x_StdPeriph_Driver/src/stm32f10x_bkp.c ****   * @retval None
 178:./.driver/STM32F10x_StdPeriph_Driver/src/stm32f10x_bkp.c ****   */
 179:./.driver/STM32F10x_StdPeriph_Driver/src/stm32f10x_bkp.c **** void BKP_RTCOutputConfig(uint16_t BKP_RTCOutputSource)
 180:./.driver/STM32F10x_StdPeriph_Driver/src/stm32f10x_bkp.c **** {
 218              		.loc 1 180 1
 219              		.cfi_startproc
 220              		@ args = 0, pretend = 0, frame = 16
 221              		@ frame_needed = 1, uses_anonymous_args = 0
 222              		@ link register save eliminated.
 223 0000 80B4     		push	{r7}
 224              	.LCFI20:
 225              		.cfi_def_cfa_offset 4
 226              		.cfi_offset 7, -4
 227 0002 85B0     		sub	sp, sp, #20
 228              	.LCFI21:
ARM GAS  C:\Users\SAMEER~1.ALM\AppData\Local\Temp\cchzlc0z.s 			page 8


 229              		.cfi_def_cfa_offset 24
 230 0004 00AF     		add	r7, sp, #0
 231              	.LCFI22:
 232              		.cfi_def_cfa_register 7
 233 0006 0346     		mov	r3, r0
 234 0008 FB80     		strh	r3, [r7, #6]	@ movhi
 181:./.driver/STM32F10x_StdPeriph_Driver/src/stm32f10x_bkp.c ****   uint16_t tmpreg = 0;
 235              		.loc 1 181 12
 236 000a 0023     		movs	r3, #0
 237 000c FB81     		strh	r3, [r7, #14]	@ movhi
 182:./.driver/STM32F10x_StdPeriph_Driver/src/stm32f10x_bkp.c ****   /* Check the parameters */
 183:./.driver/STM32F10x_StdPeriph_Driver/src/stm32f10x_bkp.c ****   assert_param(IS_BKP_RTC_OUTPUT_SOURCE(BKP_RTCOutputSource));
 184:./.driver/STM32F10x_StdPeriph_Driver/src/stm32f10x_bkp.c ****   tmpreg = BKP->RTCCR;
 238              		.loc 1 184 15
 239 000e 094B     		ldr	r3, .L12
 240              		.loc 1 184 10
 241 0010 9B8D     		ldrh	r3, [r3, #44]	@ movhi
 242 0012 FB81     		strh	r3, [r7, #14]	@ movhi
 185:./.driver/STM32F10x_StdPeriph_Driver/src/stm32f10x_bkp.c ****   /* Clear CCO, ASOE and ASOS bits */
 186:./.driver/STM32F10x_StdPeriph_Driver/src/stm32f10x_bkp.c ****   tmpreg &= RTCCR_MASK;
 243              		.loc 1 186 10
 244 0014 FB89     		ldrh	r3, [r7, #14]	@ movhi
 245 0016 23F46073 		bic	r3, r3, #896
 246 001a FB81     		strh	r3, [r7, #14]	@ movhi
 187:./.driver/STM32F10x_StdPeriph_Driver/src/stm32f10x_bkp.c ****   
 188:./.driver/STM32F10x_StdPeriph_Driver/src/stm32f10x_bkp.c ****   /* Set CCO, ASOE and ASOS bits according to BKP_RTCOutputSource value */
 189:./.driver/STM32F10x_StdPeriph_Driver/src/stm32f10x_bkp.c ****   tmpreg |= BKP_RTCOutputSource;
 247              		.loc 1 189 10
 248 001c FA89     		ldrh	r2, [r7, #14]	@ movhi
 249 001e FB88     		ldrh	r3, [r7, #6]	@ movhi
 250 0020 1343     		orrs	r3, r3, r2
 251 0022 FB81     		strh	r3, [r7, #14]	@ movhi
 190:./.driver/STM32F10x_StdPeriph_Driver/src/stm32f10x_bkp.c ****   /* Store the new value */
 191:./.driver/STM32F10x_StdPeriph_Driver/src/stm32f10x_bkp.c ****   BKP->RTCCR = tmpreg;
 252              		.loc 1 191 6
 253 0024 034A     		ldr	r2, .L12
 254              		.loc 1 191 14
 255 0026 FB89     		ldrh	r3, [r7, #14]	@ movhi
 256 0028 9385     		strh	r3, [r2, #44]	@ movhi
 192:./.driver/STM32F10x_StdPeriph_Driver/src/stm32f10x_bkp.c **** }
 257              		.loc 1 192 1
 258 002a 00BF     		nop
 259 002c 1437     		adds	r7, r7, #20
 260              	.LCFI23:
 261              		.cfi_def_cfa_offset 4
 262 002e BD46     		mov	sp, r7
 263              	.LCFI24:
 264              		.cfi_def_cfa_register 13
 265              		@ sp needed
 266 0030 80BC     		pop	{r7}
 267              	.LCFI25:
 268              		.cfi_restore 7
 269              		.cfi_def_cfa_offset 0
 270 0032 7047     		bx	lr
 271              	.L13:
 272              		.align	2
 273              	.L12:
ARM GAS  C:\Users\SAMEER~1.ALM\AppData\Local\Temp\cchzlc0z.s 			page 9


 274 0034 006C0040 		.word	1073769472
 275              		.cfi_endproc
 276              	.LFE33:
 278              		.section	.text.BKP_SetRTCCalibrationValue,"ax",%progbits
 279              		.align	1
 280              		.global	BKP_SetRTCCalibrationValue
 281              		.syntax unified
 282              		.thumb
 283              		.thumb_func
 285              	BKP_SetRTCCalibrationValue:
 286              	.LFB34:
 193:./.driver/STM32F10x_StdPeriph_Driver/src/stm32f10x_bkp.c **** 
 194:./.driver/STM32F10x_StdPeriph_Driver/src/stm32f10x_bkp.c **** /**
 195:./.driver/STM32F10x_StdPeriph_Driver/src/stm32f10x_bkp.c ****   * @brief  Sets RTC Clock Calibration value.
 196:./.driver/STM32F10x_StdPeriph_Driver/src/stm32f10x_bkp.c ****   * @param  CalibrationValue: specifies the RTC Clock Calibration value.
 197:./.driver/STM32F10x_StdPeriph_Driver/src/stm32f10x_bkp.c ****   *   This parameter must be a number between 0 and 0x7F.
 198:./.driver/STM32F10x_StdPeriph_Driver/src/stm32f10x_bkp.c ****   * @retval None
 199:./.driver/STM32F10x_StdPeriph_Driver/src/stm32f10x_bkp.c ****   */
 200:./.driver/STM32F10x_StdPeriph_Driver/src/stm32f10x_bkp.c **** void BKP_SetRTCCalibrationValue(uint8_t CalibrationValue)
 201:./.driver/STM32F10x_StdPeriph_Driver/src/stm32f10x_bkp.c **** {
 287              		.loc 1 201 1
 288              		.cfi_startproc
 289              		@ args = 0, pretend = 0, frame = 16
 290              		@ frame_needed = 1, uses_anonymous_args = 0
 291              		@ link register save eliminated.
 292 0000 80B4     		push	{r7}
 293              	.LCFI26:
 294              		.cfi_def_cfa_offset 4
 295              		.cfi_offset 7, -4
 296 0002 85B0     		sub	sp, sp, #20
 297              	.LCFI27:
 298              		.cfi_def_cfa_offset 24
 299 0004 00AF     		add	r7, sp, #0
 300              	.LCFI28:
 301              		.cfi_def_cfa_register 7
 302 0006 0346     		mov	r3, r0
 303 0008 FB71     		strb	r3, [r7, #7]
 202:./.driver/STM32F10x_StdPeriph_Driver/src/stm32f10x_bkp.c ****   uint16_t tmpreg = 0;
 304              		.loc 1 202 12
 305 000a 0023     		movs	r3, #0
 306 000c FB81     		strh	r3, [r7, #14]	@ movhi
 203:./.driver/STM32F10x_StdPeriph_Driver/src/stm32f10x_bkp.c ****   /* Check the parameters */
 204:./.driver/STM32F10x_StdPeriph_Driver/src/stm32f10x_bkp.c ****   assert_param(IS_BKP_CALIBRATION_VALUE(CalibrationValue));
 205:./.driver/STM32F10x_StdPeriph_Driver/src/stm32f10x_bkp.c ****   tmpreg = BKP->RTCCR;
 307              		.loc 1 205 15
 308 000e 0A4B     		ldr	r3, .L15
 309              		.loc 1 205 10
 310 0010 9B8D     		ldrh	r3, [r3, #44]	@ movhi
 311 0012 FB81     		strh	r3, [r7, #14]	@ movhi
 206:./.driver/STM32F10x_StdPeriph_Driver/src/stm32f10x_bkp.c ****   /* Clear CAL[6:0] bits */
 207:./.driver/STM32F10x_StdPeriph_Driver/src/stm32f10x_bkp.c ****   tmpreg &= RTCCR_CAL_MASK;
 312              		.loc 1 207 10
 313 0014 FB89     		ldrh	r3, [r7, #14]	@ movhi
 314 0016 23F07F03 		bic	r3, r3, #127
 315 001a FB81     		strh	r3, [r7, #14]	@ movhi
 208:./.driver/STM32F10x_StdPeriph_Driver/src/stm32f10x_bkp.c ****   /* Set CAL[6:0] bits according to CalibrationValue value */
 209:./.driver/STM32F10x_StdPeriph_Driver/src/stm32f10x_bkp.c ****   tmpreg |= CalibrationValue;
ARM GAS  C:\Users\SAMEER~1.ALM\AppData\Local\Temp\cchzlc0z.s 			page 10


 316              		.loc 1 209 10
 317 001c FB79     		ldrb	r3, [r7, #7]	@ zero_extendqisi2
 318 001e 9AB2     		uxth	r2, r3
 319 0020 FB89     		ldrh	r3, [r7, #14]	@ movhi
 320 0022 1343     		orrs	r3, r3, r2
 321 0024 FB81     		strh	r3, [r7, #14]	@ movhi
 210:./.driver/STM32F10x_StdPeriph_Driver/src/stm32f10x_bkp.c ****   /* Store the new value */
 211:./.driver/STM32F10x_StdPeriph_Driver/src/stm32f10x_bkp.c ****   BKP->RTCCR = tmpreg;
 322              		.loc 1 211 6
 323 0026 044A     		ldr	r2, .L15
 324              		.loc 1 211 14
 325 0028 FB89     		ldrh	r3, [r7, #14]	@ movhi
 326 002a 9385     		strh	r3, [r2, #44]	@ movhi
 212:./.driver/STM32F10x_StdPeriph_Driver/src/stm32f10x_bkp.c **** }
 327              		.loc 1 212 1
 328 002c 00BF     		nop
 329 002e 1437     		adds	r7, r7, #20
 330              	.LCFI29:
 331              		.cfi_def_cfa_offset 4
 332 0030 BD46     		mov	sp, r7
 333              	.LCFI30:
 334              		.cfi_def_cfa_register 13
 335              		@ sp needed
 336 0032 80BC     		pop	{r7}
 337              	.LCFI31:
 338              		.cfi_restore 7
 339              		.cfi_def_cfa_offset 0
 340 0034 7047     		bx	lr
 341              	.L16:
 342 0036 00BF     		.align	2
 343              	.L15:
 344 0038 006C0040 		.word	1073769472
 345              		.cfi_endproc
 346              	.LFE34:
 348              		.section	.text.BKP_WriteBackupRegister,"ax",%progbits
 349              		.align	1
 350              		.global	BKP_WriteBackupRegister
 351              		.syntax unified
 352              		.thumb
 353              		.thumb_func
 355              	BKP_WriteBackupRegister:
 356              	.LFB35:
 213:./.driver/STM32F10x_StdPeriph_Driver/src/stm32f10x_bkp.c **** 
 214:./.driver/STM32F10x_StdPeriph_Driver/src/stm32f10x_bkp.c **** /**
 215:./.driver/STM32F10x_StdPeriph_Driver/src/stm32f10x_bkp.c ****   * @brief  Writes user data to the specified Data Backup Register.
 216:./.driver/STM32F10x_StdPeriph_Driver/src/stm32f10x_bkp.c ****   * @param  BKP_DR: specifies the Data Backup Register.
 217:./.driver/STM32F10x_StdPeriph_Driver/src/stm32f10x_bkp.c ****   *   This parameter can be BKP_DRx where x:[1, 42]
 218:./.driver/STM32F10x_StdPeriph_Driver/src/stm32f10x_bkp.c ****   * @param  Data: data to write
 219:./.driver/STM32F10x_StdPeriph_Driver/src/stm32f10x_bkp.c ****   * @retval None
 220:./.driver/STM32F10x_StdPeriph_Driver/src/stm32f10x_bkp.c ****   */
 221:./.driver/STM32F10x_StdPeriph_Driver/src/stm32f10x_bkp.c **** void BKP_WriteBackupRegister(uint16_t BKP_DR, uint16_t Data)
 222:./.driver/STM32F10x_StdPeriph_Driver/src/stm32f10x_bkp.c **** {
 357              		.loc 1 222 1
 358              		.cfi_startproc
 359              		@ args = 0, pretend = 0, frame = 16
 360              		@ frame_needed = 1, uses_anonymous_args = 0
 361              		@ link register save eliminated.
ARM GAS  C:\Users\SAMEER~1.ALM\AppData\Local\Temp\cchzlc0z.s 			page 11


 362 0000 80B4     		push	{r7}
 363              	.LCFI32:
 364              		.cfi_def_cfa_offset 4
 365              		.cfi_offset 7, -4
 366 0002 85B0     		sub	sp, sp, #20
 367              	.LCFI33:
 368              		.cfi_def_cfa_offset 24
 369 0004 00AF     		add	r7, sp, #0
 370              	.LCFI34:
 371              		.cfi_def_cfa_register 7
 372 0006 0346     		mov	r3, r0
 373 0008 0A46     		mov	r2, r1
 374 000a FB80     		strh	r3, [r7, #6]	@ movhi
 375 000c 1346     		mov	r3, r2	@ movhi
 376 000e BB80     		strh	r3, [r7, #4]	@ movhi
 223:./.driver/STM32F10x_StdPeriph_Driver/src/stm32f10x_bkp.c ****   __IO uint32_t tmp = 0;
 377              		.loc 1 223 17
 378 0010 0023     		movs	r3, #0
 379 0012 FB60     		str	r3, [r7, #12]
 224:./.driver/STM32F10x_StdPeriph_Driver/src/stm32f10x_bkp.c **** 
 225:./.driver/STM32F10x_StdPeriph_Driver/src/stm32f10x_bkp.c ****   /* Check the parameters */
 226:./.driver/STM32F10x_StdPeriph_Driver/src/stm32f10x_bkp.c ****   assert_param(IS_BKP_DR(BKP_DR));
 227:./.driver/STM32F10x_StdPeriph_Driver/src/stm32f10x_bkp.c **** 
 228:./.driver/STM32F10x_StdPeriph_Driver/src/stm32f10x_bkp.c ****   tmp = (uint32_t)BKP_BASE; 
 380              		.loc 1 228 7
 381 0014 074B     		ldr	r3, .L18
 382 0016 FB60     		str	r3, [r7, #12]
 229:./.driver/STM32F10x_StdPeriph_Driver/src/stm32f10x_bkp.c ****   tmp += BKP_DR;
 383              		.loc 1 229 7
 384 0018 FA88     		ldrh	r2, [r7, #6]
 385 001a FB68     		ldr	r3, [r7, #12]
 386 001c 1344     		add	r3, r3, r2
 387 001e FB60     		str	r3, [r7, #12]
 230:./.driver/STM32F10x_StdPeriph_Driver/src/stm32f10x_bkp.c **** 
 231:./.driver/STM32F10x_StdPeriph_Driver/src/stm32f10x_bkp.c ****   *(__IO uint32_t *) tmp = Data;
 388              		.loc 1 231 4
 389 0020 FB68     		ldr	r3, [r7, #12]
 390 0022 1A46     		mov	r2, r3
 391              		.loc 1 231 26
 392 0024 BB88     		ldrh	r3, [r7, #4]
 393 0026 1360     		str	r3, [r2]
 232:./.driver/STM32F10x_StdPeriph_Driver/src/stm32f10x_bkp.c **** }
 394              		.loc 1 232 1
 395 0028 00BF     		nop
 396 002a 1437     		adds	r7, r7, #20
 397              	.LCFI35:
 398              		.cfi_def_cfa_offset 4
 399 002c BD46     		mov	sp, r7
 400              	.LCFI36:
 401              		.cfi_def_cfa_register 13
 402              		@ sp needed
 403 002e 80BC     		pop	{r7}
 404              	.LCFI37:
 405              		.cfi_restore 7
 406              		.cfi_def_cfa_offset 0
 407 0030 7047     		bx	lr
 408              	.L19:
ARM GAS  C:\Users\SAMEER~1.ALM\AppData\Local\Temp\cchzlc0z.s 			page 12


 409 0032 00BF     		.align	2
 410              	.L18:
 411 0034 006C0040 		.word	1073769472
 412              		.cfi_endproc
 413              	.LFE35:
 415              		.section	.text.BKP_ReadBackupRegister,"ax",%progbits
 416              		.align	1
 417              		.global	BKP_ReadBackupRegister
 418              		.syntax unified
 419              		.thumb
 420              		.thumb_func
 422              	BKP_ReadBackupRegister:
 423              	.LFB36:
 233:./.driver/STM32F10x_StdPeriph_Driver/src/stm32f10x_bkp.c **** 
 234:./.driver/STM32F10x_StdPeriph_Driver/src/stm32f10x_bkp.c **** /**
 235:./.driver/STM32F10x_StdPeriph_Driver/src/stm32f10x_bkp.c ****   * @brief  Reads data from the specified Data Backup Register.
 236:./.driver/STM32F10x_StdPeriph_Driver/src/stm32f10x_bkp.c ****   * @param  BKP_DR: specifies the Data Backup Register.
 237:./.driver/STM32F10x_StdPeriph_Driver/src/stm32f10x_bkp.c ****   *   This parameter can be BKP_DRx where x:[1, 42]
 238:./.driver/STM32F10x_StdPeriph_Driver/src/stm32f10x_bkp.c ****   * @retval The content of the specified Data Backup Register
 239:./.driver/STM32F10x_StdPeriph_Driver/src/stm32f10x_bkp.c ****   */
 240:./.driver/STM32F10x_StdPeriph_Driver/src/stm32f10x_bkp.c **** uint16_t BKP_ReadBackupRegister(uint16_t BKP_DR)
 241:./.driver/STM32F10x_StdPeriph_Driver/src/stm32f10x_bkp.c **** {
 424              		.loc 1 241 1
 425              		.cfi_startproc
 426              		@ args = 0, pretend = 0, frame = 16
 427              		@ frame_needed = 1, uses_anonymous_args = 0
 428              		@ link register save eliminated.
 429 0000 80B4     		push	{r7}
 430              	.LCFI38:
 431              		.cfi_def_cfa_offset 4
 432              		.cfi_offset 7, -4
 433 0002 85B0     		sub	sp, sp, #20
 434              	.LCFI39:
 435              		.cfi_def_cfa_offset 24
 436 0004 00AF     		add	r7, sp, #0
 437              	.LCFI40:
 438              		.cfi_def_cfa_register 7
 439 0006 0346     		mov	r3, r0
 440 0008 FB80     		strh	r3, [r7, #6]	@ movhi
 242:./.driver/STM32F10x_StdPeriph_Driver/src/stm32f10x_bkp.c ****   __IO uint32_t tmp = 0;
 441              		.loc 1 242 17
 442 000a 0023     		movs	r3, #0
 443 000c FB60     		str	r3, [r7, #12]
 243:./.driver/STM32F10x_StdPeriph_Driver/src/stm32f10x_bkp.c **** 
 244:./.driver/STM32F10x_StdPeriph_Driver/src/stm32f10x_bkp.c ****   /* Check the parameters */
 245:./.driver/STM32F10x_StdPeriph_Driver/src/stm32f10x_bkp.c ****   assert_param(IS_BKP_DR(BKP_DR));
 246:./.driver/STM32F10x_StdPeriph_Driver/src/stm32f10x_bkp.c **** 
 247:./.driver/STM32F10x_StdPeriph_Driver/src/stm32f10x_bkp.c ****   tmp = (uint32_t)BKP_BASE; 
 444              		.loc 1 247 7
 445 000e 074B     		ldr	r3, .L22
 446 0010 FB60     		str	r3, [r7, #12]
 248:./.driver/STM32F10x_StdPeriph_Driver/src/stm32f10x_bkp.c ****   tmp += BKP_DR;
 447              		.loc 1 248 7
 448 0012 FA88     		ldrh	r2, [r7, #6]
 449 0014 FB68     		ldr	r3, [r7, #12]
 450 0016 1344     		add	r3, r3, r2
 451 0018 FB60     		str	r3, [r7, #12]
ARM GAS  C:\Users\SAMEER~1.ALM\AppData\Local\Temp\cchzlc0z.s 			page 13


 249:./.driver/STM32F10x_StdPeriph_Driver/src/stm32f10x_bkp.c **** 
 250:./.driver/STM32F10x_StdPeriph_Driver/src/stm32f10x_bkp.c ****   return (*(__IO uint16_t *) tmp);
 452              		.loc 1 250 12
 453 001a FB68     		ldr	r3, [r7, #12]
 454              		.loc 1 250 11
 455 001c 1B88     		ldrh	r3, [r3]	@ movhi
 456 001e 9BB2     		uxth	r3, r3
 251:./.driver/STM32F10x_StdPeriph_Driver/src/stm32f10x_bkp.c **** }
 457              		.loc 1 251 1
 458 0020 1846     		mov	r0, r3
 459 0022 1437     		adds	r7, r7, #20
 460              	.LCFI41:
 461              		.cfi_def_cfa_offset 4
 462 0024 BD46     		mov	sp, r7
 463              	.LCFI42:
 464              		.cfi_def_cfa_register 13
 465              		@ sp needed
 466 0026 80BC     		pop	{r7}
 467              	.LCFI43:
 468              		.cfi_restore 7
 469              		.cfi_def_cfa_offset 0
 470 0028 7047     		bx	lr
 471              	.L23:
 472 002a 00BF     		.align	2
 473              	.L22:
 474 002c 006C0040 		.word	1073769472
 475              		.cfi_endproc
 476              	.LFE36:
 478              		.section	.text.BKP_GetFlagStatus,"ax",%progbits
 479              		.align	1
 480              		.global	BKP_GetFlagStatus
 481              		.syntax unified
 482              		.thumb
 483              		.thumb_func
 485              	BKP_GetFlagStatus:
 486              	.LFB37:
 252:./.driver/STM32F10x_StdPeriph_Driver/src/stm32f10x_bkp.c **** 
 253:./.driver/STM32F10x_StdPeriph_Driver/src/stm32f10x_bkp.c **** /**
 254:./.driver/STM32F10x_StdPeriph_Driver/src/stm32f10x_bkp.c ****   * @brief  Checks whether the Tamper Pin Event flag is set or not.
 255:./.driver/STM32F10x_StdPeriph_Driver/src/stm32f10x_bkp.c ****   * @param  None
 256:./.driver/STM32F10x_StdPeriph_Driver/src/stm32f10x_bkp.c ****   * @retval The new state of the Tamper Pin Event flag (SET or RESET).
 257:./.driver/STM32F10x_StdPeriph_Driver/src/stm32f10x_bkp.c ****   */
 258:./.driver/STM32F10x_StdPeriph_Driver/src/stm32f10x_bkp.c **** FlagStatus BKP_GetFlagStatus(void)
 259:./.driver/STM32F10x_StdPeriph_Driver/src/stm32f10x_bkp.c **** {
 487              		.loc 1 259 1
 488              		.cfi_startproc
 489              		@ args = 0, pretend = 0, frame = 0
 490              		@ frame_needed = 1, uses_anonymous_args = 0
 491              		@ link register save eliminated.
 492 0000 80B4     		push	{r7}
 493              	.LCFI44:
 494              		.cfi_def_cfa_offset 4
 495              		.cfi_offset 7, -4
 496 0002 00AF     		add	r7, sp, #0
 497              	.LCFI45:
 498              		.cfi_def_cfa_register 7
 260:./.driver/STM32F10x_StdPeriph_Driver/src/stm32f10x_bkp.c ****   return (FlagStatus)(*(__IO uint32_t *) CSR_TEF_BB);
ARM GAS  C:\Users\SAMEER~1.ALM\AppData\Local\Temp\cchzlc0z.s 			page 14


 499              		.loc 1 260 23
 500 0004 034B     		ldr	r3, .L26
 501 0006 1B68     		ldr	r3, [r3]
 502              		.loc 1 260 10
 503 0008 DBB2     		uxtb	r3, r3
 261:./.driver/STM32F10x_StdPeriph_Driver/src/stm32f10x_bkp.c **** }
 504              		.loc 1 261 1
 505 000a 1846     		mov	r0, r3
 506 000c BD46     		mov	sp, r7
 507              	.LCFI46:
 508              		.cfi_def_cfa_register 13
 509              		@ sp needed
 510 000e 80BC     		pop	{r7}
 511              	.LCFI47:
 512              		.cfi_restore 7
 513              		.cfi_def_cfa_offset 0
 514 0010 7047     		bx	lr
 515              	.L27:
 516 0012 00BF     		.align	2
 517              	.L26:
 518 0014 A0860D42 		.word	1108182688
 519              		.cfi_endproc
 520              	.LFE37:
 522              		.section	.text.BKP_ClearFlag,"ax",%progbits
 523              		.align	1
 524              		.global	BKP_ClearFlag
 525              		.syntax unified
 526              		.thumb
 527              		.thumb_func
 529              	BKP_ClearFlag:
 530              	.LFB38:
 262:./.driver/STM32F10x_StdPeriph_Driver/src/stm32f10x_bkp.c **** 
 263:./.driver/STM32F10x_StdPeriph_Driver/src/stm32f10x_bkp.c **** /**
 264:./.driver/STM32F10x_StdPeriph_Driver/src/stm32f10x_bkp.c ****   * @brief  Clears Tamper Pin Event pending flag.
 265:./.driver/STM32F10x_StdPeriph_Driver/src/stm32f10x_bkp.c ****   * @param  None
 266:./.driver/STM32F10x_StdPeriph_Driver/src/stm32f10x_bkp.c ****   * @retval None
 267:./.driver/STM32F10x_StdPeriph_Driver/src/stm32f10x_bkp.c ****   */
 268:./.driver/STM32F10x_StdPeriph_Driver/src/stm32f10x_bkp.c **** void BKP_ClearFlag(void)
 269:./.driver/STM32F10x_StdPeriph_Driver/src/stm32f10x_bkp.c **** {
 531              		.loc 1 269 1
 532              		.cfi_startproc
 533              		@ args = 0, pretend = 0, frame = 0
 534              		@ frame_needed = 1, uses_anonymous_args = 0
 535              		@ link register save eliminated.
 536 0000 80B4     		push	{r7}
 537              	.LCFI48:
 538              		.cfi_def_cfa_offset 4
 539              		.cfi_offset 7, -4
 540 0002 00AF     		add	r7, sp, #0
 541              	.LCFI49:
 542              		.cfi_def_cfa_register 7
 270:./.driver/STM32F10x_StdPeriph_Driver/src/stm32f10x_bkp.c ****   /* Set CTE bit to clear Tamper Pin Event flag */
 271:./.driver/STM32F10x_StdPeriph_Driver/src/stm32f10x_bkp.c ****   BKP->CSR |= BKP_CSR_CTE;
 543              		.loc 1 271 12
 544 0004 054B     		ldr	r3, .L29
 545 0006 9B8E     		ldrh	r3, [r3, #52]	@ movhi
 546 0008 9BB2     		uxth	r3, r3
ARM GAS  C:\Users\SAMEER~1.ALM\AppData\Local\Temp\cchzlc0z.s 			page 15


 547 000a 044A     		ldr	r2, .L29
 548 000c 43F00103 		orr	r3, r3, #1
 549 0010 9BB2     		uxth	r3, r3
 550 0012 9386     		strh	r3, [r2, #52]	@ movhi
 272:./.driver/STM32F10x_StdPeriph_Driver/src/stm32f10x_bkp.c **** }
 551              		.loc 1 272 1
 552 0014 00BF     		nop
 553 0016 BD46     		mov	sp, r7
 554              	.LCFI50:
 555              		.cfi_def_cfa_register 13
 556              		@ sp needed
 557 0018 80BC     		pop	{r7}
 558              	.LCFI51:
 559              		.cfi_restore 7
 560              		.cfi_def_cfa_offset 0
 561 001a 7047     		bx	lr
 562              	.L30:
 563              		.align	2
 564              	.L29:
 565 001c 006C0040 		.word	1073769472
 566              		.cfi_endproc
 567              	.LFE38:
 569              		.section	.text.BKP_GetITStatus,"ax",%progbits
 570              		.align	1
 571              		.global	BKP_GetITStatus
 572              		.syntax unified
 573              		.thumb
 574              		.thumb_func
 576              	BKP_GetITStatus:
 577              	.LFB39:
 273:./.driver/STM32F10x_StdPeriph_Driver/src/stm32f10x_bkp.c **** 
 274:./.driver/STM32F10x_StdPeriph_Driver/src/stm32f10x_bkp.c **** /**
 275:./.driver/STM32F10x_StdPeriph_Driver/src/stm32f10x_bkp.c ****   * @brief  Checks whether the Tamper Pin Interrupt has occurred or not.
 276:./.driver/STM32F10x_StdPeriph_Driver/src/stm32f10x_bkp.c ****   * @param  None
 277:./.driver/STM32F10x_StdPeriph_Driver/src/stm32f10x_bkp.c ****   * @retval The new state of the Tamper Pin Interrupt (SET or RESET).
 278:./.driver/STM32F10x_StdPeriph_Driver/src/stm32f10x_bkp.c ****   */
 279:./.driver/STM32F10x_StdPeriph_Driver/src/stm32f10x_bkp.c **** ITStatus BKP_GetITStatus(void)
 280:./.driver/STM32F10x_StdPeriph_Driver/src/stm32f10x_bkp.c **** {
 578              		.loc 1 280 1
 579              		.cfi_startproc
 580              		@ args = 0, pretend = 0, frame = 0
 581              		@ frame_needed = 1, uses_anonymous_args = 0
 582              		@ link register save eliminated.
 583 0000 80B4     		push	{r7}
 584              	.LCFI52:
 585              		.cfi_def_cfa_offset 4
 586              		.cfi_offset 7, -4
 587 0002 00AF     		add	r7, sp, #0
 588              	.LCFI53:
 589              		.cfi_def_cfa_register 7
 281:./.driver/STM32F10x_StdPeriph_Driver/src/stm32f10x_bkp.c ****   return (ITStatus)(*(__IO uint32_t *) CSR_TIF_BB);
 590              		.loc 1 281 21
 591 0004 034B     		ldr	r3, .L33
 592 0006 1B68     		ldr	r3, [r3]
 593              		.loc 1 281 10
 594 0008 DBB2     		uxtb	r3, r3
 282:./.driver/STM32F10x_StdPeriph_Driver/src/stm32f10x_bkp.c **** }
ARM GAS  C:\Users\SAMEER~1.ALM\AppData\Local\Temp\cchzlc0z.s 			page 16


 595              		.loc 1 282 1
 596 000a 1846     		mov	r0, r3
 597 000c BD46     		mov	sp, r7
 598              	.LCFI54:
 599              		.cfi_def_cfa_register 13
 600              		@ sp needed
 601 000e 80BC     		pop	{r7}
 602              	.LCFI55:
 603              		.cfi_restore 7
 604              		.cfi_def_cfa_offset 0
 605 0010 7047     		bx	lr
 606              	.L34:
 607 0012 00BF     		.align	2
 608              	.L33:
 609 0014 A4860D42 		.word	1108182692
 610              		.cfi_endproc
 611              	.LFE39:
 613              		.section	.text.BKP_ClearITPendingBit,"ax",%progbits
 614              		.align	1
 615              		.global	BKP_ClearITPendingBit
 616              		.syntax unified
 617              		.thumb
 618              		.thumb_func
 620              	BKP_ClearITPendingBit:
 621              	.LFB40:
 283:./.driver/STM32F10x_StdPeriph_Driver/src/stm32f10x_bkp.c **** 
 284:./.driver/STM32F10x_StdPeriph_Driver/src/stm32f10x_bkp.c **** /**
 285:./.driver/STM32F10x_StdPeriph_Driver/src/stm32f10x_bkp.c ****   * @brief  Clears Tamper Pin Interrupt pending bit.
 286:./.driver/STM32F10x_StdPeriph_Driver/src/stm32f10x_bkp.c ****   * @param  None
 287:./.driver/STM32F10x_StdPeriph_Driver/src/stm32f10x_bkp.c ****   * @retval None
 288:./.driver/STM32F10x_StdPeriph_Driver/src/stm32f10x_bkp.c ****   */
 289:./.driver/STM32F10x_StdPeriph_Driver/src/stm32f10x_bkp.c **** void BKP_ClearITPendingBit(void)
 290:./.driver/STM32F10x_StdPeriph_Driver/src/stm32f10x_bkp.c **** {
 622              		.loc 1 290 1
 623              		.cfi_startproc
 624              		@ args = 0, pretend = 0, frame = 0
 625              		@ frame_needed = 1, uses_anonymous_args = 0
 626              		@ link register save eliminated.
 627 0000 80B4     		push	{r7}
 628              	.LCFI56:
 629              		.cfi_def_cfa_offset 4
 630              		.cfi_offset 7, -4
 631 0002 00AF     		add	r7, sp, #0
 632              	.LCFI57:
 633              		.cfi_def_cfa_register 7
 291:./.driver/STM32F10x_StdPeriph_Driver/src/stm32f10x_bkp.c ****   /* Set CTI bit to clear Tamper Pin Interrupt pending bit */
 292:./.driver/STM32F10x_StdPeriph_Driver/src/stm32f10x_bkp.c ****   BKP->CSR |= BKP_CSR_CTI;
 634              		.loc 1 292 12
 635 0004 054B     		ldr	r3, .L36
 636 0006 9B8E     		ldrh	r3, [r3, #52]	@ movhi
 637 0008 9BB2     		uxth	r3, r3
 638 000a 044A     		ldr	r2, .L36
 639 000c 43F00203 		orr	r3, r3, #2
 640 0010 9BB2     		uxth	r3, r3
 641 0012 9386     		strh	r3, [r2, #52]	@ movhi
 293:./.driver/STM32F10x_StdPeriph_Driver/src/stm32f10x_bkp.c **** }
 642              		.loc 1 293 1
ARM GAS  C:\Users\SAMEER~1.ALM\AppData\Local\Temp\cchzlc0z.s 			page 17


 643 0014 00BF     		nop
 644 0016 BD46     		mov	sp, r7
 645              	.LCFI58:
 646              		.cfi_def_cfa_register 13
 647              		@ sp needed
 648 0018 80BC     		pop	{r7}
 649              	.LCFI59:
 650              		.cfi_restore 7
 651              		.cfi_def_cfa_offset 0
 652 001a 7047     		bx	lr
 653              	.L37:
 654              		.align	2
 655              	.L36:
 656 001c 006C0040 		.word	1073769472
 657              		.cfi_endproc
 658              	.LFE40:
 660              		.text
 661              	.Letext0:
 662              		.file 2 "c:\\arm-tool\\gcc-arm-none-eabi-10.3-2021.10\\arm-none-eabi\\include\\machine\\_default_t
 663              		.file 3 "c:\\arm-tool\\gcc-arm-none-eabi-10.3-2021.10\\arm-none-eabi\\include\\sys\\_stdint.h"
 664              		.file 4 "./.driver/CMSIS/Device/STM32F10x/stm32f10x.h"
ARM GAS  C:\Users\SAMEER~1.ALM\AppData\Local\Temp\cchzlc0z.s 			page 18


DEFINED SYMBOLS
                            *ABS*:00000000 stm32f10x_bkp.c
C:\Users\SAMEER~1.ALM\AppData\Local\Temp\cchzlc0z.s:18     .text.BKP_DeInit:00000000 $t
C:\Users\SAMEER~1.ALM\AppData\Local\Temp\cchzlc0z.s:24     .text.BKP_DeInit:00000000 BKP_DeInit
C:\Users\SAMEER~1.ALM\AppData\Local\Temp\cchzlc0z.s:52     .text.BKP_TamperPinLevelConfig:00000000 $t
C:\Users\SAMEER~1.ALM\AppData\Local\Temp\cchzlc0z.s:58     .text.BKP_TamperPinLevelConfig:00000000 BKP_TamperPinLevelConfig
C:\Users\SAMEER~1.ALM\AppData\Local\Temp\cchzlc0z.s:99     .text.BKP_TamperPinLevelConfig:0000001c $d
C:\Users\SAMEER~1.ALM\AppData\Local\Temp\cchzlc0z.s:104    .text.BKP_TamperPinCmd:00000000 $t
C:\Users\SAMEER~1.ALM\AppData\Local\Temp\cchzlc0z.s:110    .text.BKP_TamperPinCmd:00000000 BKP_TamperPinCmd
C:\Users\SAMEER~1.ALM\AppData\Local\Temp\cchzlc0z.s:152    .text.BKP_TamperPinCmd:0000001c $d
C:\Users\SAMEER~1.ALM\AppData\Local\Temp\cchzlc0z.s:157    .text.BKP_ITConfig:00000000 $t
C:\Users\SAMEER~1.ALM\AppData\Local\Temp\cchzlc0z.s:163    .text.BKP_ITConfig:00000000 BKP_ITConfig
C:\Users\SAMEER~1.ALM\AppData\Local\Temp\cchzlc0z.s:205    .text.BKP_ITConfig:0000001c $d
C:\Users\SAMEER~1.ALM\AppData\Local\Temp\cchzlc0z.s:210    .text.BKP_RTCOutputConfig:00000000 $t
C:\Users\SAMEER~1.ALM\AppData\Local\Temp\cchzlc0z.s:216    .text.BKP_RTCOutputConfig:00000000 BKP_RTCOutputConfig
C:\Users\SAMEER~1.ALM\AppData\Local\Temp\cchzlc0z.s:274    .text.BKP_RTCOutputConfig:00000034 $d
C:\Users\SAMEER~1.ALM\AppData\Local\Temp\cchzlc0z.s:279    .text.BKP_SetRTCCalibrationValue:00000000 $t
C:\Users\SAMEER~1.ALM\AppData\Local\Temp\cchzlc0z.s:285    .text.BKP_SetRTCCalibrationValue:00000000 BKP_SetRTCCalibrationValue
C:\Users\SAMEER~1.ALM\AppData\Local\Temp\cchzlc0z.s:344    .text.BKP_SetRTCCalibrationValue:00000038 $d
C:\Users\SAMEER~1.ALM\AppData\Local\Temp\cchzlc0z.s:349    .text.BKP_WriteBackupRegister:00000000 $t
C:\Users\SAMEER~1.ALM\AppData\Local\Temp\cchzlc0z.s:355    .text.BKP_WriteBackupRegister:00000000 BKP_WriteBackupRegister
C:\Users\SAMEER~1.ALM\AppData\Local\Temp\cchzlc0z.s:411    .text.BKP_WriteBackupRegister:00000034 $d
C:\Users\SAMEER~1.ALM\AppData\Local\Temp\cchzlc0z.s:416    .text.BKP_ReadBackupRegister:00000000 $t
C:\Users\SAMEER~1.ALM\AppData\Local\Temp\cchzlc0z.s:422    .text.BKP_ReadBackupRegister:00000000 BKP_ReadBackupRegister
C:\Users\SAMEER~1.ALM\AppData\Local\Temp\cchzlc0z.s:474    .text.BKP_ReadBackupRegister:0000002c $d
C:\Users\SAMEER~1.ALM\AppData\Local\Temp\cchzlc0z.s:479    .text.BKP_GetFlagStatus:00000000 $t
C:\Users\SAMEER~1.ALM\AppData\Local\Temp\cchzlc0z.s:485    .text.BKP_GetFlagStatus:00000000 BKP_GetFlagStatus
C:\Users\SAMEER~1.ALM\AppData\Local\Temp\cchzlc0z.s:518    .text.BKP_GetFlagStatus:00000014 $d
C:\Users\SAMEER~1.ALM\AppData\Local\Temp\cchzlc0z.s:523    .text.BKP_ClearFlag:00000000 $t
C:\Users\SAMEER~1.ALM\AppData\Local\Temp\cchzlc0z.s:529    .text.BKP_ClearFlag:00000000 BKP_ClearFlag
C:\Users\SAMEER~1.ALM\AppData\Local\Temp\cchzlc0z.s:565    .text.BKP_ClearFlag:0000001c $d
C:\Users\SAMEER~1.ALM\AppData\Local\Temp\cchzlc0z.s:570    .text.BKP_GetITStatus:00000000 $t
C:\Users\SAMEER~1.ALM\AppData\Local\Temp\cchzlc0z.s:576    .text.BKP_GetITStatus:00000000 BKP_GetITStatus
C:\Users\SAMEER~1.ALM\AppData\Local\Temp\cchzlc0z.s:609    .text.BKP_GetITStatus:00000014 $d
C:\Users\SAMEER~1.ALM\AppData\Local\Temp\cchzlc0z.s:614    .text.BKP_ClearITPendingBit:00000000 $t
C:\Users\SAMEER~1.ALM\AppData\Local\Temp\cchzlc0z.s:620    .text.BKP_ClearITPendingBit:00000000 BKP_ClearITPendingBit
C:\Users\SAMEER~1.ALM\AppData\Local\Temp\cchzlc0z.s:656    .text.BKP_ClearITPendingBit:0000001c $d
                           .group:00000000 wm4.0.f4779009c199947b70d43074c2c41c8e
                           .group:00000000 wm4.stm32f10x.h.50.d4f13d34ecdc4ac490487d4d35cb5131
                           .group:00000000 wm4.core_cm3.h.25.d35e9a9b04ec4aaebae9bf79fff061f9
                           .group:00000000 wm4._newlib_version.h.4.bfdf54b0af045d4a71376ae00f63a22c
                           .group:00000000 wm4.features.h.33.318b64d71e0957639cfb30f1db1f7ec8
                           .group:00000000 wm4._default_types.h.15.247e5cd201eca3442cbf5404108c4935
                           .group:00000000 wm4._intsup.h.10.48bafbb683905c4daa4565a85aeeb264
                           .group:00000000 wm4._stdint.h.10.c24fa3af3bc1706662bb5593a907e841
                           .group:00000000 wm4.stdint.h.23.d53047a68f4a85177f80b422d52785ed
                           .group:00000000 wm4.core_cm3.h.113.b286929a54d33b4c8909a7132437b244
                           .group:00000000 wm4.stm32f10x.h.525.b40cb5ee4fd40825ea8ccc10ea6f4722
                           .group:00000000 wm4.stm32f10x_adc.h.82.085dab8bb2bdf6609e97ee2fc7a88347
                           .group:00000000 wm4.stm32f10x_can.h.24.b871c380ea975c71825bf46cccde3c7a
                           .group:00000000 wm4.stm32f10x_cec.h.24.a1ee61cba6b8120b5bab40528e933770
                           .group:00000000 wm4.stm32f10x_dac.h.24.39482d0fe30ddea181f0c79f49fb629e
                           .group:00000000 wm4.stm32f10x_dbgmcu.h.24.f73145056e79bc5a93dd6677b2b33d54
                           .group:00000000 wm4.stm32f10x_dma.h.24.a48d4478db5b2956954d84bc5fd35ae1
                           .group:00000000 wm4.stm32f10x_exti.h.24.377f48157d7e463bb3841cf6c97a1c93
                           .group:00000000 wm4.stm32f10x_flash.h.24.877157533caf7ce4331c44a3d0ea5612
                           .group:00000000 wm4.stm32f10x_fsmc.h.24.0518485f192fab09dd5cfc912ded3186
ARM GAS  C:\Users\SAMEER~1.ALM\AppData\Local\Temp\cchzlc0z.s 			page 19


                           .group:00000000 wm4.stm32f10x_gpio.h.24.b627ee324fedf5e3b8730fa015ea30de
                           .group:00000000 wm4.stm32f10x_i2c.h.24.8bc26b82f9e7563ca7234eabea47534c
                           .group:00000000 wm4.stm32f10x_iwdg.h.24.129c4cff233d2076aefd5fc4fbf5956b
                           .group:00000000 wm4.stm32f10x_pwr.h.24.98a178bf0c8fa18634174f1c1123c7bc
                           .group:00000000 wm4.stm32f10x_rcc.h.24.43948985157a0da383ddce718b66f782
                           .group:00000000 wm4.stm32f10x_rtc.h.24.496e77df0282a7f4dc79c6de18da3ecc
                           .group:00000000 wm4.stm32f10x_sdio.h.24.646055cc54873a75158b5d1015b409e6
                           .group:00000000 wm4.stm32f10x_spi.h.24.e7b2623920274a1745e534a7a7156e76
                           .group:00000000 wm4.stm32f10x_tim.h.24.24ac72f04686046a18ee9117ff7bba1f
                           .group:00000000 wm4.stm32f10x_usart.h.24.cf5f8d8e971fad2927ee799886f23b78
                           .group:00000000 wm4.stm32f10x_wwdg.h.24.7f7037b09db3a78d5a9de97b2cba748a
                           .group:00000000 wm4.misc.h.24.c54738789d48fd25c957e9d7c7349497
                           .group:00000000 wm4.stm32f10x.h.8349.9a0c7ea810a74ad6d06203f1a551aebb
                           .group:00000000 wm4.stm32f10x_bkp.h.57.a9fbc638ff8a5b7cacfea9d87eda74b8

UNDEFINED SYMBOLS
RCC_BackupResetCmd
