ARM GAS  C:\Users\SAMEER~1.ALM\AppData\Local\Temp\ccWGNqF5.s 			page 1


   1              		.cpu cortex-m3
   2              		.arch armv7-m
   3              		.fpu softvfp
   4              		.eabi_attribute 20, 1
   5              		.eabi_attribute 21, 1
   6              		.eabi_attribute 23, 3
   7              		.eabi_attribute 24, 1
   8              		.eabi_attribute 25, 1
   9              		.eabi_attribute 26, 1
  10              		.eabi_attribute 30, 6
  11              		.eabi_attribute 34, 1
  12              		.eabi_attribute 18, 4
  13              		.file	"system-task.c"
  14              		.text
  15              	.Ltext0:
  16              		.cfi_sections	.debug_frame
  17              		.global	keypad_state
  18              		.section	.bss.keypad_state,"aw",%nobits
  21              	keypad_state:
  22 0000 00       		.space	1
  23              		.global	keypad_ticks
  24              		.section	.bss.keypad_ticks,"aw",%nobits
  25              		.align	2
  28              	keypad_ticks:
  29 0000 00000000 		.space	4
  30              		.global	keypad_debounce_cnt
  31              		.section	.bss.keypad_debounce_cnt,"aw",%nobits
  32              		.align	2
  35              	keypad_debounce_cnt:
  36 0000 00000000 		.space	4
  37              		.global	lcd_state
  38              		.section	.bss.lcd_state,"aw",%nobits
  41              	lcd_state:
  42 0000 00       		.space	1
  43              		.global	lcd_ticks
  44              		.section	.bss.lcd_ticks,"aw",%nobits
  45              		.align	2
  48              	lcd_ticks:
  49 0000 00000000 		.space	4
  50              		.global	pilot_state
  51              		.section	.bss.pilot_state,"aw",%nobits
  54              	pilot_state:
  55 0000 00       		.space	1
  56              		.global	pilot_ticks
  57              		.section	.bss.pilot_ticks,"aw",%nobits
  58              		.align	2
  61              	pilot_ticks:
  62 0000 00000000 		.space	4
  63              		.global	rtc_state
  64              		.section	.bss.rtc_state,"aw",%nobits
  67              	rtc_state:
  68 0000 00       		.space	1
  69              		.global	rtc_ticks
  70              		.section	.bss.rtc_ticks,"aw",%nobits
  71              		.align	2
  74              	rtc_ticks:
  75 0000 00000000 		.space	4
ARM GAS  C:\Users\SAMEER~1.ALM\AppData\Local\Temp\ccWGNqF5.s 			page 2


  76              		.global	mpu_state
  77              		.section	.bss.mpu_state,"aw",%nobits
  80              	mpu_state:
  81 0000 00       		.space	1
  82              		.global	mpu_ticks
  83              		.section	.bss.mpu_ticks,"aw",%nobits
  84              		.align	2
  87              	mpu_ticks:
  88 0000 00000000 		.space	4
  89              		.section	.text.adc_task,"ax",%progbits
  90              		.align	1
  91              		.global	adc_task
  92              		.syntax unified
  93              		.thumb
  94              		.thumb_func
  96              	adc_task:
  97              	.LFB33:
  98              		.file 1 "./system/system-task.c"
   1:./system/system-task.c **** /**
   2:./system/system-task.c ****  * @brief system-task.c
   3:./system/system-task.c ****  *
   4:./system/system-task.c ****  * @param student: Sameer Almaldein
   5:./system/system-task.c ****  * @param ID: 679699
   6:./system/system-task.c ****  * @param University TU-Chemnitz
   7:./system/system-task.c ****  * @param Master : ASE(Automotive Software Engineering )
   8:./system/system-task.c ****  */ 
   9:./system/system-task.c **** 
  10:./system/system-task.c **** //********************************************************************************************
  11:./system/system-task.c **** //
  12:./system/system-task.c **** //  header  files
  13:./system/system-task.c **** //
  14:./system/system-task.c **** //********************************************************************************************
  15:./system/system-task.c **** #include "init.h"
  16:./system/system-task.c **** //********************************************************************************************
  17:./system/system-task.c **** //
  18:./system/system-task.c **** //  static Methods
  19:./system/system-task.c **** //
  20:./system/system-task.c **** //********************************************************************************************
  21:./system/system-task.c **** 
  22:./system/system-task.c **** //********************************************************************************************
  23:./system/system-task.c **** //
  24:./system/system-task.c **** //  global variables
  25:./system/system-task.c **** //
  26:./system/system-task.c **** //********************************************************************************************
  27:./system/system-task.c **** uint8_t keypad_state=0;
  28:./system/system-task.c **** uint32_t keypad_ticks=0;
  29:./system/system-task.c **** uint32_t keypad_debounce_cnt=0;
  30:./system/system-task.c ****  
  31:./system/system-task.c **** uint8_t lcd_state=0;
  32:./system/system-task.c **** uint32_t lcd_ticks=0;
  33:./system/system-task.c **** 
  34:./system/system-task.c **** uint8_t pilot_state=0;
  35:./system/system-task.c **** uint32_t pilot_ticks=0;
  36:./system/system-task.c ****   
  37:./system/system-task.c **** uint8_t rtc_state=0;
  38:./system/system-task.c **** uint32_t rtc_ticks=0;
  39:./system/system-task.c **** 
ARM GAS  C:\Users\SAMEER~1.ALM\AppData\Local\Temp\ccWGNqF5.s 			page 3


  40:./system/system-task.c **** uint8_t mpu_state=0;
  41:./system/system-task.c **** uint32_t mpu_ticks=0;
  42:./system/system-task.c **** 
  43:./system/system-task.c **** //********************************************************************************************
  44:./system/system-task.c **** //
  45:./system/system-task.c **** //  static Methods prototype
  46:./system/system-task.c **** //
  47:./system/system-task.c **** //********************************************************************************************
  48:./system/system-task.c **** //********************************************************************************************
  49:./system/system-task.c **** //
  50:./system/system-task.c **** //  extern Methods definition
  51:./system/system-task.c **** //
  52:./system/system-task.c **** //********************************************************************************************
  53:./system/system-task.c **** void adc_task(void)
  54:./system/system-task.c **** {
  99              		.loc 1 54 1
 100              		.cfi_startproc
 101              		@ args = 0, pretend = 0, frame = 0
 102              		@ frame_needed = 1, uses_anonymous_args = 0
 103              		@ link register save eliminated.
 104 0000 80B4     		push	{r7}
 105              	.LCFI0:
 106              		.cfi_def_cfa_offset 4
 107              		.cfi_offset 7, -4
 108 0002 00AF     		add	r7, sp, #0
 109              	.LCFI1:
 110              		.cfi_def_cfa_register 7
  55:./system/system-task.c **** 
  56:./system/system-task.c **** }
 111              		.loc 1 56 1
 112 0004 00BF     		nop
 113 0006 BD46     		mov	sp, r7
 114              	.LCFI2:
 115              		.cfi_def_cfa_register 13
 116              		@ sp needed
 117 0008 80BC     		pop	{r7}
 118              	.LCFI3:
 119              		.cfi_restore 7
 120              		.cfi_def_cfa_offset 0
 121 000a 7047     		bx	lr
 122              		.cfi_endproc
 123              	.LFE33:
 125              		.section	.rodata
 126              		.align	2
 127              	.LC0:
 128 0000 0A72785F 		.ascii	"\012rx_buf-len:\000"
 128      6275662D 
 128      6C656E3A 
 128      00
 129 000d 000000   		.align	2
 130              	.LC1:
 131 0010 72785F62 		.ascii	"rx_buf:\000"
 131      75663A00 
 132              		.section	.text.uart_task,"ax",%progbits
 133              		.align	1
 134              		.global	uart_task
 135              		.syntax unified
ARM GAS  C:\Users\SAMEER~1.ALM\AppData\Local\Temp\ccWGNqF5.s 			page 4


 136              		.thumb
 137              		.thumb_func
 139              	uart_task:
 140              	.LFB34:
  57:./system/system-task.c **** //----------------------------------------------------------
  58:./system/system-task.c **** /**
  59:./system/system-task.c ****  * @brief a generic task to handle uart task 
  60:./system/system-task.c ****  * 
  61:./system/system-task.c ****  * @details this a uart task in which the system handle all send and receive
  62:./system/system-task.c ****  * 			data on this module it sleeps most of the time when a data is available 
  63:./system/system-task.c ****  * 			it simply wakes up and handles the received message (i.e a message command)
  64:./system/system-task.c ****  * 			it may send a response on the uart, perfom some reactions like changing the speed delay
  65:./system/system-task.c ****  * 			or just pass the message to raspnet stack
  66:./system/system-task.c ****  */
  67:./system/system-task.c **** void uart_task(void)
  68:./system/system-task.c **** {
 141              		.loc 1 68 1
 142              		.cfi_startproc
 143              		@ args = 0, pretend = 0, frame = 16
 144              		@ frame_needed = 1, uses_anonymous_args = 0
 145 0000 80B5     		push	{r7, lr}
 146              	.LCFI4:
 147              		.cfi_def_cfa_offset 8
 148              		.cfi_offset 7, -8
 149              		.cfi_offset 14, -4
 150 0002 84B0     		sub	sp, sp, #16
 151              	.LCFI5:
 152              		.cfi_def_cfa_offset 24
 153 0004 00AF     		add	r7, sp, #0
 154              	.LCFI6:
 155              		.cfi_def_cfa_register 7
  69:./system/system-task.c **** 	char buf[16]="";
 156              		.loc 1 69 7
 157 0006 0023     		movs	r3, #0
 158 0008 3B60     		str	r3, [r7]
 159 000a 3B1D     		adds	r3, r7, #4
 160 000c 0022     		movs	r2, #0
 161 000e 1A60     		str	r2, [r3]
 162 0010 5A60     		str	r2, [r3, #4]
 163 0012 9A60     		str	r2, [r3, #8]
  70:./system/system-task.c **** 	switch(uart_state)
 164              		.loc 1 70 2
 165 0014 1D4B     		ldr	r3, .L9
 166 0016 1B78     		ldrb	r3, [r3]
 167 0018 DBB2     		uxtb	r3, r3
 168 001a 002B     		cmp	r3, #0
 169 001c 02D0     		beq	.L3
 170 001e 012B     		cmp	r3, #1
 171 0020 09D0     		beq	.L4
  71:./system/system-task.c **** 	{
  72:./system/system-task.c **** 		case UART_WAIT:
  73:./system/system-task.c **** 			//my_gnc.usb_ticks++;
  74:./system/system-task.c **** 			//if(uart_ticks> UART_WAIT_TIMEOUT)// || uart_data_is_available())
  75:./system/system-task.c **** 			if(uart_data_is_available())
  76:./system/system-task.c **** 				uart_state=UART_READ;
  77:./system/system-task.c **** 		 break;
  78:./system/system-task.c **** 		case UART_READ:
ARM GAS  C:\Users\SAMEER~1.ALM\AppData\Local\Temp\ccWGNqF5.s 			page 5


  79:./system/system-task.c **** 			 uart_print(USART1,"\nrx_buf-len:");			 
  80:./system/system-task.c **** 			 utoa(rx_buffer_length,buf,10);
  81:./system/system-task.c **** 			 uart_println(USART1,buf);			 
  82:./system/system-task.c **** 			 uart_print(USART1,"rx_buf:");			 
  83:./system/system-task.c **** 			 uart_println(USART1,(char*) rx_buffer);
  84:./system/system-task.c **** 
  85:./system/system-task.c **** 			 uart_handle_frame(USART1);
  86:./system/system-task.c **** 			 uart_reset_buffer();
  87:./system/system-task.c **** 			uart_ticks=0;
  88:./system/system-task.c **** 			uart_state=UART_WAIT;
  89:./system/system-task.c **** 		break;
  90:./system/system-task.c **** 	}
  91:./system/system-task.c **** }
 172              		.loc 1 91 1
 173 0022 2FE0     		b	.L8
 174              	.L3:
  75:./system/system-task.c **** 				uart_state=UART_READ;
 175              		.loc 1 75 7
 176 0024 FFF7FEFF 		bl	uart_data_is_available
 177 0028 0346     		mov	r3, r0
  75:./system/system-task.c **** 				uart_state=UART_READ;
 178              		.loc 1 75 6
 179 002a 002B     		cmp	r3, #0
 180 002c 29D0     		beq	.L7
  76:./system/system-task.c **** 		 break;
 181              		.loc 1 76 15
 182 002e 174B     		ldr	r3, .L9
 183 0030 0122     		movs	r2, #1
 184 0032 1A70     		strb	r2, [r3]
  77:./system/system-task.c **** 		case UART_READ:
 185              		.loc 1 77 4
 186 0034 25E0     		b	.L7
 187              	.L4:
  79:./system/system-task.c **** 			 utoa(rx_buffer_length,buf,10);
 188              		.loc 1 79 5
 189 0036 1649     		ldr	r1, .L9+4
 190 0038 1648     		ldr	r0, .L9+8
 191 003a FFF7FEFF 		bl	uart_print
  80:./system/system-task.c **** 			 uart_println(USART1,buf);			 
 192              		.loc 1 80 5
 193 003e 164B     		ldr	r3, .L9+12
 194 0040 1B78     		ldrb	r3, [r3]
 195 0042 DBB2     		uxtb	r3, r3
 196 0044 1846     		mov	r0, r3
 197 0046 3B46     		mov	r3, r7
 198 0048 0A22     		movs	r2, #10
 199 004a 1946     		mov	r1, r3
 200 004c FFF7FEFF 		bl	utoa
  81:./system/system-task.c **** 			 uart_print(USART1,"rx_buf:");			 
 201              		.loc 1 81 5
 202 0050 3B46     		mov	r3, r7
 203 0052 1946     		mov	r1, r3
 204 0054 0F48     		ldr	r0, .L9+8
 205 0056 FFF7FEFF 		bl	uart_println
  82:./system/system-task.c **** 			 uart_println(USART1,(char*) rx_buffer);
 206              		.loc 1 82 5
 207 005a 1049     		ldr	r1, .L9+16
ARM GAS  C:\Users\SAMEER~1.ALM\AppData\Local\Temp\ccWGNqF5.s 			page 6


 208 005c 0D48     		ldr	r0, .L9+8
 209 005e FFF7FEFF 		bl	uart_print
  83:./system/system-task.c **** 
 210              		.loc 1 83 5
 211 0062 0F49     		ldr	r1, .L9+20
 212 0064 0B48     		ldr	r0, .L9+8
 213 0066 FFF7FEFF 		bl	uart_println
  85:./system/system-task.c **** 			 uart_reset_buffer();
 214              		.loc 1 85 5
 215 006a 0A48     		ldr	r0, .L9+8
 216 006c FFF7FEFF 		bl	uart_handle_frame
  86:./system/system-task.c **** 			uart_ticks=0;
 217              		.loc 1 86 5
 218 0070 FFF7FEFF 		bl	uart_reset_buffer
  87:./system/system-task.c **** 			uart_state=UART_WAIT;
 219              		.loc 1 87 14
 220 0074 0B4B     		ldr	r3, .L9+24
 221 0076 0022     		movs	r2, #0
 222 0078 1A60     		str	r2, [r3]
  88:./system/system-task.c **** 		break;
 223              		.loc 1 88 14
 224 007a 044B     		ldr	r3, .L9
 225 007c 0022     		movs	r2, #0
 226 007e 1A70     		strb	r2, [r3]
  89:./system/system-task.c **** 	}
 227              		.loc 1 89 3
 228 0080 00E0     		b	.L5
 229              	.L7:
  77:./system/system-task.c **** 		case UART_READ:
 230              		.loc 1 77 4
 231 0082 00BF     		nop
 232              	.L5:
 233              	.L8:
 234              		.loc 1 91 1
 235 0084 00BF     		nop
 236 0086 1037     		adds	r7, r7, #16
 237              	.LCFI7:
 238              		.cfi_def_cfa_offset 8
 239 0088 BD46     		mov	sp, r7
 240              	.LCFI8:
 241              		.cfi_def_cfa_register 13
 242              		@ sp needed
 243 008a 80BD     		pop	{r7, pc}
 244              	.L10:
 245              		.align	2
 246              	.L9:
 247 008c 00000000 		.word	uart_state
 248 0090 00000000 		.word	.LC0
 249 0094 00380140 		.word	1073821696
 250 0098 00000000 		.word	rx_buffer_length
 251 009c 10000000 		.word	.LC1
 252 00a0 00000000 		.word	rx_buffer
 253 00a4 00000000 		.word	uart_ticks
 254              		.cfi_endproc
 255              	.LFE34:
 257              		.section	.text.mpu6050_task,"ax",%progbits
 258              		.align	1
ARM GAS  C:\Users\SAMEER~1.ALM\AppData\Local\Temp\ccWGNqF5.s 			page 7


 259              		.global	mpu6050_task
 260              		.syntax unified
 261              		.thumb
 262              		.thumb_func
 264              	mpu6050_task:
 265              	.LFB35:
  92:./system/system-task.c **** //-------------------------------------------------------------------------------------------------
  93:./system/system-task.c **** void mpu6050_task(void)
  94:./system/system-task.c **** {
 266              		.loc 1 94 1
 267              		.cfi_startproc
 268              		@ args = 0, pretend = 0, frame = 0
 269              		@ frame_needed = 1, uses_anonymous_args = 0
 270 0000 80B5     		push	{r7, lr}
 271              	.LCFI9:
 272              		.cfi_def_cfa_offset 8
 273              		.cfi_offset 7, -8
 274              		.cfi_offset 14, -4
 275 0002 00AF     		add	r7, sp, #0
 276              	.LCFI10:
 277              		.cfi_def_cfa_register 7
  95:./system/system-task.c **** 
  96:./system/system-task.c **** 	switch(mpu_state)
 278              		.loc 1 96 2
 279 0004 1B4B     		ldr	r3, .L23
 280 0006 1B78     		ldrb	r3, [r3]	@ zero_extendqisi2
 281 0008 042B     		cmp	r3, #4
 282 000a 31D8     		bhi	.L22
 283 000c 01A2     		adr	r2, .L14
 284 000e 52F823F0 		ldr	pc, [r2, r3, lsl #2]
 285 0012 00BF     		.p2align 2
 286              	.L14:
 287 0014 29000000 		.word	.L18+1
 288 0018 2F000000 		.word	.L17+1
 289 001c 67000000 		.word	.L16+1
 290 0020 39000000 		.word	.L15+1
 291 0024 5D000000 		.word	.L13+1
 292              		.p2align 1
 293              	.L18:
  97:./system/system-task.c **** 	{
  98:./system/system-task.c **** 		case MPU_WAIT:	mpu_wait_handle();	break;
 294              		.loc 1 98 18
 295 0028 FFF7FEFF 		bl	mpu_wait_handle
 296              		.loc 1 98 3
 297 002c 20E0     		b	.L12
 298              	.L17:
  99:./system/system-task.c **** 		case MPU_INIT:	mpu_init_handle(USART1,(MPU6050_t *)&myMPU6050); break;
 299              		.loc 1 99 18
 300 002e 1249     		ldr	r1, .L23+4
 301 0030 1248     		ldr	r0, .L23+8
 302 0032 FFF7FEFF 		bl	mpu_init_handle
 303              		.loc 1 99 3
 304 0036 1BE0     		b	.L12
 305              	.L15:
 100:./system/system-task.c **** 		case MPU_READ:
 101:./system/system-task.c **** 		  			switch(mpu_settings.acq_mode){
 306              		.loc 1 101 27
ARM GAS  C:\Users\SAMEER~1.ALM\AppData\Local\Temp\ccWGNqF5.s 			page 8


 307 0038 114B     		ldr	r3, .L23+12
 308 003a 5B79     		ldrb	r3, [r3, #5]	@ zero_extendqisi2
 309 003c 002B     		cmp	r3, #0
 310 003e 02D0     		beq	.L19
 311 0040 012B     		cmp	r3, #1
 312 0042 05D0     		beq	.L20
 102:./system/system-task.c **** 			 			case MPU_ACQ_MODE_SAMPLE: mpu_acq_handle(USART1,(MPU6050_t *)&myMPU6050); break; 			//! coll
 103:./system/system-task.c **** 						case MPU_ACQ_MODE_NORM: 	mpu_read_handle(USART1,(MPU6050_t *)&myMPU6050);  break; 		//! norma
 104:./system/system-task.c **** 					//case MPU_ACQ_MODE_AI: 		mpu6050_AI_read_task(USART1,(MPU6050_t *)&myMPU6050); break;// to be
 105:./system/system-task.c **** 					}
 106:./system/system-task.c **** 			break;
 313              		.loc 1 106 4
 314 0044 14E0     		b	.L12
 315              	.L19:
 102:./system/system-task.c **** 			 			case MPU_ACQ_MODE_SAMPLE: mpu_acq_handle(USART1,(MPU6050_t *)&myMPU6050); break; 			//! coll
 316              		.loc 1 102 34
 317 0046 0C49     		ldr	r1, .L23+4
 318 0048 0C48     		ldr	r0, .L23+8
 319 004a FFF7FEFF 		bl	mpu_acq_handle
 102:./system/system-task.c **** 			 			case MPU_ACQ_MODE_SAMPLE: mpu_acq_handle(USART1,(MPU6050_t *)&myMPU6050); break; 			//! coll
 320              		.loc 1 102 8
 321 004e 04E0     		b	.L21
 322              	.L20:
 103:./system/system-task.c **** 					//case MPU_ACQ_MODE_AI: 		mpu6050_AI_read_task(USART1,(MPU6050_t *)&myMPU6050); break;// to be
 323              		.loc 1 103 32
 324 0050 0949     		ldr	r1, .L23+4
 325 0052 0A48     		ldr	r0, .L23+8
 326 0054 FFF7FEFF 		bl	mpu_read_handle
 103:./system/system-task.c **** 					//case MPU_ACQ_MODE_AI: 		mpu6050_AI_read_task(USART1,(MPU6050_t *)&myMPU6050); break;// to be
 327              		.loc 1 103 7
 328 0058 00BF     		nop
 329              	.L21:
 330              		.loc 1 106 4
 331 005a 09E0     		b	.L12
 332              	.L13:
 107:./system/system-task.c **** 		case MPU_PROC :mpu_proc_handle(USART1,(MPU6050_t *)&myMPU6050);   break;
 333              		.loc 1 107 18
 334 005c 0649     		ldr	r1, .L23+4
 335 005e 0748     		ldr	r0, .L23+8
 336 0060 FFF7FEFF 		bl	mpu_proc_handle
 337              		.loc 1 107 3
 338 0064 04E0     		b	.L12
 339              	.L16:
 108:./system/system-task.c **** 		case MPU_ERROR: mpu_error_handle(USART1,(MPU6050_t *)&myMPU6050); break;
 340              		.loc 1 108 19
 341 0066 0449     		ldr	r1, .L23+4
 342 0068 0448     		ldr	r0, .L23+8
 343 006a FFF7FEFF 		bl	mpu_error_handle
 344              		.loc 1 108 3
 345 006e 00BF     		nop
 346              	.L12:
 347              	.L22:
 109:./system/system-task.c ****                      			
 110:./system/system-task.c **** 	}
 111:./system/system-task.c **** }
 348              		.loc 1 111 1
 349 0070 00BF     		nop
ARM GAS  C:\Users\SAMEER~1.ALM\AppData\Local\Temp\ccWGNqF5.s 			page 9


 350 0072 80BD     		pop	{r7, pc}
 351              	.L24:
 352              		.align	2
 353              	.L23:
 354 0074 00000000 		.word	mpu_state
 355 0078 00000000 		.word	myMPU6050
 356 007c 00380140 		.word	1073821696
 357 0080 00000000 		.word	mpu_settings
 358              		.cfi_endproc
 359              	.LFE35:
 361              		.section	.text.keypad_task,"ax",%progbits
 362              		.align	1
 363              		.global	keypad_task
 364              		.syntax unified
 365              		.thumb
 366              		.thumb_func
 368              	keypad_task:
 369              	.LFB36:
 112:./system/system-task.c **** //----------------------------------------------------------
 113:./system/system-task.c **** void keypad_task()
 114:./system/system-task.c **** {
 370              		.loc 1 114 1
 371              		.cfi_startproc
 372              		@ args = 0, pretend = 0, frame = 0
 373              		@ frame_needed = 1, uses_anonymous_args = 0
 374 0000 80B5     		push	{r7, lr}
 375              	.LCFI11:
 376              		.cfi_def_cfa_offset 8
 377              		.cfi_offset 7, -8
 378              		.cfi_offset 14, -4
 379 0002 00AF     		add	r7, sp, #0
 380              	.LCFI12:
 381              		.cfi_def_cfa_register 7
 115:./system/system-task.c ****  //uint8_t scan_val=0;
 116:./system/system-task.c ****    switch(keypad_state)
 382              		.loc 1 116 4
 383 0004 1E4B     		ldr	r3, .L37
 384 0006 1B78     		ldrb	r3, [r3]	@ zero_extendqisi2
 385 0008 042B     		cmp	r3, #4
 386 000a 36D8     		bhi	.L34
 387 000c 01A2     		adr	r2, .L28
 388 000e 52F823F0 		ldr	pc, [r2, r3, lsl #2]
 389 0012 00BF     		.p2align 2
 390              	.L28:
 391 0014 29000000 		.word	.L31+1
 392 0018 7B000000 		.word	.L34+1
 393 001c 3D000000 		.word	.L30+1
 394 0020 57000000 		.word	.L29+1
 395 0024 63000000 		.word	.L27+1
 396              		.p2align 1
 397              	.L31:
 117:./system/system-task.c ****    {
 118:./system/system-task.c **** 
 119:./system/system-task.c **** 		case KEYPAD_WAIT:
 120:./system/system-task.c **** 				if(keypad_ticks>=KEYPAD_WAIT_TIMEOUT)
 398              		.loc 1 120 20
 399 0028 164B     		ldr	r3, .L37+4
ARM GAS  C:\Users\SAMEER~1.ALM\AppData\Local\Temp\ccWGNqF5.s 			page 10


 400 002a 1B68     		ldr	r3, [r3]
 401              		.loc 1 120 7
 402 002c 47F22F52 		movw	r2, #29999
 403 0030 9342     		cmp	r3, r2
 404 0032 1FD9     		bls	.L35
 121:./system/system-task.c **** 					keypad_state=KEYPAD_DEBOUNCE;
 405              		.loc 1 121 18
 406 0034 124B     		ldr	r3, .L37
 407 0036 0222     		movs	r2, #2
 408 0038 1A70     		strb	r2, [r3]
 122:./system/system-task.c **** 				break;
 409              		.loc 1 122 5
 410 003a 1BE0     		b	.L35
 411              	.L30:
 123:./system/system-task.c **** 		case KEYPAD_DEBOUNCE:
 124:./system/system-task.c **** 				if(keypad_debounce_cnt>=KEYPAD_DEBOUNCE_TIMEOUT)
 412              		.loc 1 124 27
 413 003c 124B     		ldr	r3, .L37+8
 414 003e 1B68     		ldr	r3, [r3]
 415              		.loc 1 124 7
 416 0040 40F6AB52 		movw	r2, #3499
 417 0044 9342     		cmp	r3, r2
 418 0046 17D9     		bls	.L36
 125:./system/system-task.c **** 				{
 126:./system/system-task.c **** 					keypad_debounce_cnt=0;
 419              		.loc 1 126 25
 420 0048 0F4B     		ldr	r3, .L37+8
 421 004a 0022     		movs	r2, #0
 422 004c 1A60     		str	r2, [r3]
 127:./system/system-task.c **** 					keypad_state=KEYPAD_SCAN;
 423              		.loc 1 127 18
 424 004e 0C4B     		ldr	r3, .L37
 425 0050 0322     		movs	r2, #3
 426 0052 1A70     		strb	r2, [r3]
 128:./system/system-task.c **** 				}
 129:./system/system-task.c **** 		        break;
 427              		.loc 1 129 11
 428 0054 10E0     		b	.L36
 429              	.L29:
 130:./system/system-task.c **** 		case KEYPAD_SCAN:
 131:./system/system-task.c **** 				// read the keys pin status
 132:./system/system-task.c **** 			    keypad_scan(); 
 430              		.loc 1 132 8
 431 0056 FFF7FEFF 		bl	keypad_scan
 133:./system/system-task.c **** 			    //scan_val=keypad_scan(); 
 134:./system/system-task.c ****                 //lcd_print_uint8_xy(12,0,scan_val,10);
 135:./system/system-task.c **** 				keypad_state=KEYPAD_PROCESS;
 432              		.loc 1 135 17
 433 005a 094B     		ldr	r3, .L37
 434 005c 0422     		movs	r2, #4
 435 005e 1A70     		strb	r2, [r3]
 136:./system/system-task.c **** 				break;
 436              		.loc 1 136 5
 437 0060 0BE0     		b	.L26
 438              	.L27:
 137:./system/system-task.c **** 
 138:./system/system-task.c **** 		case KEYPAD_PROCESS:
ARM GAS  C:\Users\SAMEER~1.ALM\AppData\Local\Temp\ccWGNqF5.s 			page 11


 139:./system/system-task.c **** 			    keypad_process();
 439              		.loc 1 139 8
 440 0062 FFF7FEFF 		bl	keypad_process
 140:./system/system-task.c **** 				keypad_ticks=0;
 441              		.loc 1 140 17
 442 0066 074B     		ldr	r3, .L37+4
 443 0068 0022     		movs	r2, #0
 444 006a 1A60     		str	r2, [r3]
 141:./system/system-task.c **** 				keypad_state=KEYPAD_WAIT;
 445              		.loc 1 141 17
 446 006c 044B     		ldr	r3, .L37
 447 006e 0022     		movs	r2, #0
 448 0070 1A70     		strb	r2, [r3]
 142:./system/system-task.c **** 				break;
 449              		.loc 1 142 5
 450 0072 02E0     		b	.L26
 451              	.L35:
 122:./system/system-task.c **** 		case KEYPAD_DEBOUNCE:
 452              		.loc 1 122 5
 453 0074 00BF     		nop
 454 0076 00E0     		b	.L34
 455              	.L36:
 129:./system/system-task.c **** 		case KEYPAD_SCAN:
 456              		.loc 1 129 11
 457 0078 00BF     		nop
 458              	.L26:
 459              	.L34:
 143:./system/system-task.c **** 	}
 144:./system/system-task.c **** }
 460              		.loc 1 144 1
 461 007a 00BF     		nop
 462 007c 80BD     		pop	{r7, pc}
 463              	.L38:
 464 007e 00BF     		.align	2
 465              	.L37:
 466 0080 00000000 		.word	keypad_state
 467 0084 00000000 		.word	keypad_ticks
 468 0088 00000000 		.word	keypad_debounce_cnt
 469              		.cfi_endproc
 470              	.LFE36:
 472              		.section	.rodata
 473              		.align	2
 474              	.LC2:
 475 0018 55415620 		.ascii	"UAV IMU stm32 \000"
 475      494D5520 
 475      73746D33 
 475      322000
 476 0027 00       		.align	2
 477              	.LC3:
 478 0028 56494220 		.ascii	"VIB \000"
 478      00
 479 002d 000000   		.align	2
 480              	.LC4:
 481 0030 20202020 		.ascii	"       \000"
 481      20202000 
 482              		.section	.text.lcd_task,"ax",%progbits
 483              		.align	1
ARM GAS  C:\Users\SAMEER~1.ALM\AppData\Local\Temp\ccWGNqF5.s 			page 12


 484              		.global	lcd_task
 485              		.syntax unified
 486              		.thumb
 487              		.thumb_func
 489              	lcd_task:
 490              	.LFB37:
 145:./system/system-task.c **** //-------------------------------------------------------------------------------------------------
 146:./system/system-task.c **** void lcd_task(void)
 147:./system/system-task.c **** {
 491              		.loc 1 147 1
 492              		.cfi_startproc
 493              		@ args = 0, pretend = 0, frame = 0
 494              		@ frame_needed = 1, uses_anonymous_args = 0
 495 0000 80B5     		push	{r7, lr}
 496              	.LCFI13:
 497              		.cfi_def_cfa_offset 8
 498              		.cfi_offset 7, -8
 499              		.cfi_offset 14, -4
 500 0002 00AF     		add	r7, sp, #0
 501              	.LCFI14:
 502              		.cfi_def_cfa_register 7
 148:./system/system-task.c ****   if(lcd_update)
 503              		.loc 1 148 6
 504 0004 0D4B     		ldr	r3, .L42
 505 0006 1B78     		ldrb	r3, [r3]	@ zero_extendqisi2
 506              		.loc 1 148 5
 507 0008 002B     		cmp	r3, #0
 508 000a 15D0     		beq	.L41
 149:./system/system-task.c ****   {
 150:./system/system-task.c ****     lcd_update=0;
 509              		.loc 1 150 15
 510 000c 0B4B     		ldr	r3, .L42
 511 000e 0022     		movs	r2, #0
 512 0010 1A70     		strb	r2, [r3]
 151:./system/system-task.c ****     //lcd_clear();
 152:./system/system-task.c ****     lcd_print_xy(0,0,"UAV IMU stm32 ");
 513              		.loc 1 152 5
 514 0012 0B4A     		ldr	r2, .L42+4
 515 0014 0021     		movs	r1, #0
 516 0016 0020     		movs	r0, #0
 517 0018 FFF7FEFF 		bl	lcd_print_xy
 153:./system/system-task.c ****     lcd_print_xy(0,1,"VIB ");
 518              		.loc 1 153 5
 519 001c 094A     		ldr	r2, .L42+8
 520 001e 0121     		movs	r1, #1
 521 0020 0020     		movs	r0, #0
 522 0022 FFF7FEFF 		bl	lcd_print_xy
 154:./system/system-task.c ****     lcd_print_uint8(relays.val,10);
 523              		.loc 1 154 5
 524 0026 084B     		ldr	r3, .L42+12
 525 0028 1B78     		ldrb	r3, [r3]	@ zero_extendqisi2
 526 002a 0A21     		movs	r1, #10
 527 002c 1846     		mov	r0, r3
 528 002e FFF7FEFF 		bl	lcd_print_uint8
 155:./system/system-task.c **** 	  lcd_print("       ");	
 529              		.loc 1 155 4
 530 0032 0648     		ldr	r0, .L42+16
ARM GAS  C:\Users\SAMEER~1.ALM\AppData\Local\Temp\ccWGNqF5.s 			page 13


 531 0034 FFF7FEFF 		bl	lcd_print
 532              	.L41:
 156:./system/system-task.c ****   }
 157:./system/system-task.c **** }
 533              		.loc 1 157 1
 534 0038 00BF     		nop
 535 003a 80BD     		pop	{r7, pc}
 536              	.L43:
 537              		.align	2
 538              	.L42:
 539 003c 00000000 		.word	lcd_update
 540 0040 18000000 		.word	.LC2
 541 0044 28000000 		.word	.LC3
 542 0048 00000000 		.word	relays
 543 004c 30000000 		.word	.LC4
 544              		.cfi_endproc
 545              	.LFE37:
 547              		.section	.text.X_input_task,"ax",%progbits
 548              		.align	1
 549              		.global	X_input_task
 550              		.syntax unified
 551              		.thumb
 552              		.thumb_func
 554              	X_input_task:
 555              	.LFB38:
 158:./system/system-task.c **** //----------------------------------------------------------
 159:./system/system-task.c **** void X_input_task(void)
 160:./system/system-task.c **** {
 556              		.loc 1 160 1
 557              		.cfi_startproc
 558              		@ args = 0, pretend = 0, frame = 0
 559              		@ frame_needed = 1, uses_anonymous_args = 0
 560              		@ link register save eliminated.
 561 0000 80B4     		push	{r7}
 562              	.LCFI15:
 563              		.cfi_def_cfa_offset 4
 564              		.cfi_offset 7, -4
 565 0002 00AF     		add	r7, sp, #0
 566              	.LCFI16:
 567              		.cfi_def_cfa_register 7
 161:./system/system-task.c **** 
 162:./system/system-task.c **** }
 568              		.loc 1 162 1
 569 0004 00BF     		nop
 570 0006 BD46     		mov	sp, r7
 571              	.LCFI17:
 572              		.cfi_def_cfa_register 13
 573              		@ sp needed
 574 0008 80BC     		pop	{r7}
 575              	.LCFI18:
 576              		.cfi_restore 7
 577              		.cfi_def_cfa_offset 0
 578 000a 7047     		bx	lr
 579              		.cfi_endproc
 580              	.LFE38:
 582              		.section	.text.X_output_task,"ax",%progbits
 583              		.align	1
ARM GAS  C:\Users\SAMEER~1.ALM\AppData\Local\Temp\ccWGNqF5.s 			page 14


 584              		.global	X_output_task
 585              		.syntax unified
 586              		.thumb
 587              		.thumb_func
 589              	X_output_task:
 590              	.LFB39:
 163:./system/system-task.c **** //----------------------------------------------------------
 164:./system/system-task.c **** void X_output_task(void)
 165:./system/system-task.c **** {
 591              		.loc 1 165 1
 592              		.cfi_startproc
 593              		@ args = 0, pretend = 0, frame = 0
 594              		@ frame_needed = 1, uses_anonymous_args = 0
 595              		@ link register save eliminated.
 596 0000 80B4     		push	{r7}
 597              	.LCFI19:
 598              		.cfi_def_cfa_offset 4
 599              		.cfi_offset 7, -4
 600 0002 00AF     		add	r7, sp, #0
 601              	.LCFI20:
 602              		.cfi_def_cfa_register 7
 166:./system/system-task.c **** 
 167:./system/system-task.c **** }
 603              		.loc 1 167 1
 604 0004 00BF     		nop
 605 0006 BD46     		mov	sp, r7
 606              	.LCFI21:
 607              		.cfi_def_cfa_register 13
 608              		@ sp needed
 609 0008 80BC     		pop	{r7}
 610              	.LCFI22:
 611              		.cfi_restore 7
 612              		.cfi_def_cfa_offset 0
 613 000a 7047     		bx	lr
 614              		.cfi_endproc
 615              	.LFE39:
 617              		.section	.text.rtc_task,"ax",%progbits
 618              		.align	1
 619              		.global	rtc_task
 620              		.syntax unified
 621              		.thumb
 622              		.thumb_func
 624              	rtc_task:
 625              	.LFB40:
 168:./system/system-task.c **** //----------------------------------------------------------
 169:./system/system-task.c **** void rtc_task()
 170:./system/system-task.c **** {
 626              		.loc 1 170 1
 627              		.cfi_startproc
 628              		@ args = 0, pretend = 0, frame = 0
 629              		@ frame_needed = 1, uses_anonymous_args = 0
 630 0000 B0B5     		push	{r4, r5, r7, lr}
 631              	.LCFI23:
 632              		.cfi_def_cfa_offset 16
 633              		.cfi_offset 4, -16
 634              		.cfi_offset 5, -12
 635              		.cfi_offset 7, -8
ARM GAS  C:\Users\SAMEER~1.ALM\AppData\Local\Temp\ccWGNqF5.s 			page 15


 636              		.cfi_offset 14, -4
 637 0002 00AF     		add	r7, sp, #0
 638              	.LCFI24:
 639              		.cfi_def_cfa_register 7
 171:./system/system-task.c **** 
 172:./system/system-task.c **** 	switch(rtc_state)
 640              		.loc 1 172 2
 641 0004 164B     		ldr	r3, .L53
 642 0006 1B78     		ldrb	r3, [r3]	@ zero_extendqisi2
 643 0008 002B     		cmp	r3, #0
 644 000a 02D0     		beq	.L47
 645 000c 012B     		cmp	r3, #1
 646 000e 0CD0     		beq	.L48
 173:./system/system-task.c **** 	{
 174:./system/system-task.c **** 		case RTC_WAIT:
 175:./system/system-task.c **** 
 176:./system/system-task.c **** 			if(rtc_ticks> RTC_WAIT_TIMEOUT)
 177:./system/system-task.c **** 			{
 178:./system/system-task.c **** 			 rtc_state=RTC_RUN;
 179:./system/system-task.c **** 			 rtc_ticks=0;
 180:./system/system-task.c **** 			}
 181:./system/system-task.c **** 		break;
 182:./system/system-task.c **** 		case RTC_RUN:
 183:./system/system-task.c **** 					system_rtc();
 184:./system/system-task.c ****           gpio_toggle(blink_led);
 185:./system/system-task.c **** 				systemticks++;
 186:./system/system-task.c **** 			rtc_ticks=0;
 187:./system/system-task.c **** 			rtc_state=RTC_WAIT;
 188:./system/system-task.c **** 		break;
 189:./system/system-task.c **** 
 190:./system/system-task.c **** 	}
 191:./system/system-task.c **** 
 192:./system/system-task.c **** }
 647              		.loc 1 192 1
 648 0010 23E0     		b	.L52
 649              	.L47:
 176:./system/system-task.c **** 			{
 650              		.loc 1 176 16
 651 0012 144B     		ldr	r3, .L53+4
 652 0014 1B68     		ldr	r3, [r3]
 176:./system/system-task.c **** 			{
 653              		.loc 1 176 6
 654 0016 144A     		ldr	r2, .L53+8
 655 0018 9342     		cmp	r3, r2
 656 001a 1DD9     		bls	.L51
 178:./system/system-task.c **** 			 rtc_ticks=0;
 657              		.loc 1 178 14
 658 001c 104B     		ldr	r3, .L53
 659 001e 0122     		movs	r2, #1
 660 0020 1A70     		strb	r2, [r3]
 179:./system/system-task.c **** 			}
 661              		.loc 1 179 14
 662 0022 104B     		ldr	r3, .L53+4
 663 0024 0022     		movs	r2, #0
 664 0026 1A60     		str	r2, [r3]
 181:./system/system-task.c **** 		case RTC_RUN:
 665              		.loc 1 181 3
ARM GAS  C:\Users\SAMEER~1.ALM\AppData\Local\Temp\ccWGNqF5.s 			page 16


 666 0028 16E0     		b	.L51
 667              	.L48:
 183:./system/system-task.c ****           gpio_toggle(blink_led);
 668              		.loc 1 183 6
 669 002a FFF7FEFF 		bl	system_rtc
 184:./system/system-task.c **** 				systemticks++;
 670              		.loc 1 184 11
 671 002e 0F4B     		ldr	r3, .L53+12
 672 0030 93E80300 		ldm	r3, {r0, r1}
 673 0034 FFF7FEFF 		bl	gpio_toggle
 185:./system/system-task.c **** 			rtc_ticks=0;
 674              		.loc 1 185 16
 675 0038 0D4B     		ldr	r3, .L53+16
 676 003a D3E90023 		ldrd	r2, [r3]
 677 003e 541C     		adds	r4, r2, #1
 678 0040 43F10005 		adc	r5, r3, #0
 679 0044 0A4B     		ldr	r3, .L53+16
 680 0046 C3E90045 		strd	r4, [r3]
 186:./system/system-task.c **** 			rtc_state=RTC_WAIT;
 681              		.loc 1 186 13
 682 004a 064B     		ldr	r3, .L53+4
 683 004c 0022     		movs	r2, #0
 684 004e 1A60     		str	r2, [r3]
 187:./system/system-task.c **** 		break;
 685              		.loc 1 187 13
 686 0050 034B     		ldr	r3, .L53
 687 0052 0022     		movs	r2, #0
 688 0054 1A70     		strb	r2, [r3]
 188:./system/system-task.c **** 
 689              		.loc 1 188 3
 690 0056 00E0     		b	.L49
 691              	.L51:
 181:./system/system-task.c **** 		case RTC_RUN:
 692              		.loc 1 181 3
 693 0058 00BF     		nop
 694              	.L49:
 695              	.L52:
 696              		.loc 1 192 1
 697 005a 00BF     		nop
 698 005c B0BD     		pop	{r4, r5, r7, pc}
 699              	.L54:
 700 005e 00BF     		.align	2
 701              	.L53:
 702 0060 00000000 		.word	rtc_state
 703 0064 00000000 		.word	rtc_ticks
 704 0068 A0860100 		.word	100000
 705 006c 00000000 		.word	blink_led
 706 0070 00000000 		.word	systemticks
 707              		.cfi_endproc
 708              	.LFE40:
 710              		.text
 711              	.Letext0:
 712              		.file 2 "c:\\arm-tool\\gcc-arm-none-eabi-10.3-2021.10\\arm-none-eabi\\include\\machine\\_default_t
 713              		.file 3 "c:\\arm-tool\\gcc-arm-none-eabi-10.3-2021.10\\arm-none-eabi\\include\\sys\\_stdint.h"
 714              		.file 4 "./.driver/CMSIS/Device/STM32F10x/stm32f10x.h"
 715              		.file 5 "./basic/gpio.h"
 716              		.file 6 "./mpu6050/mpu6050.h"
ARM GAS  C:\Users\SAMEER~1.ALM\AppData\Local\Temp\ccWGNqF5.s 			page 17


 717              		.file 7 "./uart/uart.h"
 718              		.file 8 "./system/system-task.h"
 719              		.file 9 "./system/system.h"
 720              		.file 10 "./init/init.h"
ARM GAS  C:\Users\SAMEER~1.ALM\AppData\Local\Temp\ccWGNqF5.s 			page 18


DEFINED SYMBOLS
                            *ABS*:00000000 system-task.c
C:\Users\SAMEER~1.ALM\AppData\Local\Temp\ccWGNqF5.s:21     .bss.keypad_state:00000000 keypad_state
C:\Users\SAMEER~1.ALM\AppData\Local\Temp\ccWGNqF5.s:22     .bss.keypad_state:00000000 $d
C:\Users\SAMEER~1.ALM\AppData\Local\Temp\ccWGNqF5.s:28     .bss.keypad_ticks:00000000 keypad_ticks
C:\Users\SAMEER~1.ALM\AppData\Local\Temp\ccWGNqF5.s:25     .bss.keypad_ticks:00000000 $d
C:\Users\SAMEER~1.ALM\AppData\Local\Temp\ccWGNqF5.s:35     .bss.keypad_debounce_cnt:00000000 keypad_debounce_cnt
C:\Users\SAMEER~1.ALM\AppData\Local\Temp\ccWGNqF5.s:32     .bss.keypad_debounce_cnt:00000000 $d
C:\Users\SAMEER~1.ALM\AppData\Local\Temp\ccWGNqF5.s:41     .bss.lcd_state:00000000 lcd_state
C:\Users\SAMEER~1.ALM\AppData\Local\Temp\ccWGNqF5.s:42     .bss.lcd_state:00000000 $d
C:\Users\SAMEER~1.ALM\AppData\Local\Temp\ccWGNqF5.s:48     .bss.lcd_ticks:00000000 lcd_ticks
C:\Users\SAMEER~1.ALM\AppData\Local\Temp\ccWGNqF5.s:45     .bss.lcd_ticks:00000000 $d
C:\Users\SAMEER~1.ALM\AppData\Local\Temp\ccWGNqF5.s:54     .bss.pilot_state:00000000 pilot_state
C:\Users\SAMEER~1.ALM\AppData\Local\Temp\ccWGNqF5.s:55     .bss.pilot_state:00000000 $d
C:\Users\SAMEER~1.ALM\AppData\Local\Temp\ccWGNqF5.s:61     .bss.pilot_ticks:00000000 pilot_ticks
C:\Users\SAMEER~1.ALM\AppData\Local\Temp\ccWGNqF5.s:58     .bss.pilot_ticks:00000000 $d
C:\Users\SAMEER~1.ALM\AppData\Local\Temp\ccWGNqF5.s:67     .bss.rtc_state:00000000 rtc_state
C:\Users\SAMEER~1.ALM\AppData\Local\Temp\ccWGNqF5.s:68     .bss.rtc_state:00000000 $d
C:\Users\SAMEER~1.ALM\AppData\Local\Temp\ccWGNqF5.s:74     .bss.rtc_ticks:00000000 rtc_ticks
C:\Users\SAMEER~1.ALM\AppData\Local\Temp\ccWGNqF5.s:71     .bss.rtc_ticks:00000000 $d
C:\Users\SAMEER~1.ALM\AppData\Local\Temp\ccWGNqF5.s:80     .bss.mpu_state:00000000 mpu_state
C:\Users\SAMEER~1.ALM\AppData\Local\Temp\ccWGNqF5.s:81     .bss.mpu_state:00000000 $d
C:\Users\SAMEER~1.ALM\AppData\Local\Temp\ccWGNqF5.s:87     .bss.mpu_ticks:00000000 mpu_ticks
C:\Users\SAMEER~1.ALM\AppData\Local\Temp\ccWGNqF5.s:84     .bss.mpu_ticks:00000000 $d
C:\Users\SAMEER~1.ALM\AppData\Local\Temp\ccWGNqF5.s:90     .text.adc_task:00000000 $t
C:\Users\SAMEER~1.ALM\AppData\Local\Temp\ccWGNqF5.s:96     .text.adc_task:00000000 adc_task
C:\Users\SAMEER~1.ALM\AppData\Local\Temp\ccWGNqF5.s:126    .rodata:00000000 $d
C:\Users\SAMEER~1.ALM\AppData\Local\Temp\ccWGNqF5.s:133    .text.uart_task:00000000 $t
C:\Users\SAMEER~1.ALM\AppData\Local\Temp\ccWGNqF5.s:139    .text.uart_task:00000000 uart_task
C:\Users\SAMEER~1.ALM\AppData\Local\Temp\ccWGNqF5.s:247    .text.uart_task:0000008c $d
C:\Users\SAMEER~1.ALM\AppData\Local\Temp\ccWGNqF5.s:258    .text.mpu6050_task:00000000 $t
C:\Users\SAMEER~1.ALM\AppData\Local\Temp\ccWGNqF5.s:264    .text.mpu6050_task:00000000 mpu6050_task
C:\Users\SAMEER~1.ALM\AppData\Local\Temp\ccWGNqF5.s:287    .text.mpu6050_task:00000014 $d
C:\Users\SAMEER~1.ALM\AppData\Local\Temp\ccWGNqF5.s:292    .text.mpu6050_task:00000028 $t
C:\Users\SAMEER~1.ALM\AppData\Local\Temp\ccWGNqF5.s:354    .text.mpu6050_task:00000074 $d
C:\Users\SAMEER~1.ALM\AppData\Local\Temp\ccWGNqF5.s:362    .text.keypad_task:00000000 $t
C:\Users\SAMEER~1.ALM\AppData\Local\Temp\ccWGNqF5.s:368    .text.keypad_task:00000000 keypad_task
C:\Users\SAMEER~1.ALM\AppData\Local\Temp\ccWGNqF5.s:391    .text.keypad_task:00000014 $d
C:\Users\SAMEER~1.ALM\AppData\Local\Temp\ccWGNqF5.s:396    .text.keypad_task:00000028 $t
C:\Users\SAMEER~1.ALM\AppData\Local\Temp\ccWGNqF5.s:466    .text.keypad_task:00000080 $d
C:\Users\SAMEER~1.ALM\AppData\Local\Temp\ccWGNqF5.s:483    .text.lcd_task:00000000 $t
C:\Users\SAMEER~1.ALM\AppData\Local\Temp\ccWGNqF5.s:489    .text.lcd_task:00000000 lcd_task
C:\Users\SAMEER~1.ALM\AppData\Local\Temp\ccWGNqF5.s:539    .text.lcd_task:0000003c $d
C:\Users\SAMEER~1.ALM\AppData\Local\Temp\ccWGNqF5.s:548    .text.X_input_task:00000000 $t
C:\Users\SAMEER~1.ALM\AppData\Local\Temp\ccWGNqF5.s:554    .text.X_input_task:00000000 X_input_task
C:\Users\SAMEER~1.ALM\AppData\Local\Temp\ccWGNqF5.s:583    .text.X_output_task:00000000 $t
C:\Users\SAMEER~1.ALM\AppData\Local\Temp\ccWGNqF5.s:589    .text.X_output_task:00000000 X_output_task
C:\Users\SAMEER~1.ALM\AppData\Local\Temp\ccWGNqF5.s:618    .text.rtc_task:00000000 $t
C:\Users\SAMEER~1.ALM\AppData\Local\Temp\ccWGNqF5.s:624    .text.rtc_task:00000000 rtc_task
C:\Users\SAMEER~1.ALM\AppData\Local\Temp\ccWGNqF5.s:702    .text.rtc_task:00000060 $d
                           .group:00000000 wm4.0.f4779009c199947b70d43074c2c41c8e
                           .group:00000000 wm4.stm32f10x.h.50.d4f13d34ecdc4ac490487d4d35cb5131
                           .group:00000000 wm4.core_cm3.h.25.d35e9a9b04ec4aaebae9bf79fff061f9
                           .group:00000000 wm4._newlib_version.h.4.bfdf54b0af045d4a71376ae00f63a22c
                           .group:00000000 wm4.features.h.33.318b64d71e0957639cfb30f1db1f7ec8
                           .group:00000000 wm4._default_types.h.15.247e5cd201eca3442cbf5404108c4935
                           .group:00000000 wm4._intsup.h.10.48bafbb683905c4daa4565a85aeeb264
ARM GAS  C:\Users\SAMEER~1.ALM\AppData\Local\Temp\ccWGNqF5.s 			page 19


                           .group:00000000 wm4._stdint.h.10.c24fa3af3bc1706662bb5593a907e841
                           .group:00000000 wm4.stdint.h.23.d53047a68f4a85177f80b422d52785ed
                           .group:00000000 wm4.core_cm3.h.113.b286929a54d33b4c8909a7132437b244
                           .group:00000000 wm4.stm32f10x.h.525.b40cb5ee4fd40825ea8ccc10ea6f4722
                           .group:00000000 wm4.stm32f10x_adc.h.82.085dab8bb2bdf6609e97ee2fc7a88347
                           .group:00000000 wm4.stm32f10x_bkp.h.24.9f1bb2b1135ba72667dd3fcde11cf4b7
                           .group:00000000 wm4.stm32f10x_can.h.24.b871c380ea975c71825bf46cccde3c7a
                           .group:00000000 wm4.stm32f10x_cec.h.24.a1ee61cba6b8120b5bab40528e933770
                           .group:00000000 wm4.stm32f10x_dac.h.24.39482d0fe30ddea181f0c79f49fb629e
                           .group:00000000 wm4.stm32f10x_dbgmcu.h.24.f73145056e79bc5a93dd6677b2b33d54
                           .group:00000000 wm4.stm32f10x_dma.h.24.a48d4478db5b2956954d84bc5fd35ae1
                           .group:00000000 wm4.stm32f10x_exti.h.24.377f48157d7e463bb3841cf6c97a1c93
                           .group:00000000 wm4.stm32f10x_flash.h.24.877157533caf7ce4331c44a3d0ea5612
                           .group:00000000 wm4.stm32f10x_fsmc.h.24.0518485f192fab09dd5cfc912ded3186
                           .group:00000000 wm4.stm32f10x_gpio.h.24.b627ee324fedf5e3b8730fa015ea30de
                           .group:00000000 wm4.stm32f10x_i2c.h.24.8bc26b82f9e7563ca7234eabea47534c
                           .group:00000000 wm4.stm32f10x_iwdg.h.24.129c4cff233d2076aefd5fc4fbf5956b
                           .group:00000000 wm4.stm32f10x_pwr.h.24.98a178bf0c8fa18634174f1c1123c7bc
                           .group:00000000 wm4.stm32f10x_rcc.h.24.43948985157a0da383ddce718b66f782
                           .group:00000000 wm4.stm32f10x_rtc.h.24.496e77df0282a7f4dc79c6de18da3ecc
                           .group:00000000 wm4.stm32f10x_sdio.h.24.646055cc54873a75158b5d1015b409e6
                           .group:00000000 wm4.stm32f10x_spi.h.24.e7b2623920274a1745e534a7a7156e76
                           .group:00000000 wm4.stm32f10x_tim.h.24.24ac72f04686046a18ee9117ff7bba1f
                           .group:00000000 wm4.stm32f10x_usart.h.24.cf5f8d8e971fad2927ee799886f23b78
                           .group:00000000 wm4.stm32f10x_wwdg.h.24.7f7037b09db3a78d5a9de97b2cba748a
                           .group:00000000 wm4.misc.h.24.c54738789d48fd25c957e9d7c7349497
                           .group:00000000 wm4.stm32f10x.h.8349.9a0c7ea810a74ad6d06203f1a551aebb
                           .group:00000000 wm4.ieeefp.h.77.25247dc27dbe3b23bfe98c2dc18f6ac5
                           .group:00000000 wm4.newlib.h.8.4679f89e52c9f69cd44f3a27cd28c759
                           .group:00000000 wm4.config.h.224.79362c3cdb280fe0b8d95bd0bc4d5c54
                           .group:00000000 wm4._ansi.h.31.de524f58584151836e90d8620a16f8e8
                           .group:00000000 wm4.stdlib.h.13.4ed386f5c1a80d71e72172885d946ef2
                           .group:00000000 wm4.stddef.h.181.13772e73e5434e8cc4fafaaddad2b5da
                           .group:00000000 wm4.stddef.h.39.cf3ebec0bc8c9e3d2f276a64e0fe5e7a
                           .group:00000000 wm4._types.h.20.dd0d04dca3800a0d2a6129b87f3adbb2
                           .group:00000000 wm4.stddef.h.155.3588ebfdd1e8c7ede80509bb9c3b8009
                           .group:00000000 wm4._types.h.127.34941de1b2539d59d5cac00e0dd27a45
                           .group:00000000 wm4.reent.h.17.e292bf8b0bec6c96e131a54347145a30
                           .group:00000000 wm4.lock.h.2.1461d1fff82dffe8bfddc23307f6484f
                           .group:00000000 wm4.reent.h.77.32fd7d280fc2a40b0797abce5beaf6e3
                           .group:00000000 wm4.assert.h.11.db24e541f16414db224bf986d21017e2
                           .group:00000000 wm4.reent.h.504.40d20ade344680fbcb6a0178bf7ae09e
                           .group:00000000 wm4.cdefs.h.49.39045112216f6a021dbdffe3bf5accce
                           .group:00000000 wm4.alloca.h.8.dfc0c703c47ec3e69746825b17d9e66d
                           .group:00000000 wm4.stdlib.h.56.f4862cfbf4363a1db01842d5bdf72c18
                           .group:00000000 wm4.stdio.h.27.3fc80220048df77954e38daec3bb9670
                           .group:00000000 wm4.stddef.h.155.ba788add86a0e365f264484f110c3c29
                           .group:00000000 wm4.stdarg.h.34.3a23a216c0c293b3d2ea2e89281481e6
                           .group:00000000 wm4.types.h.40.8b6acba56cefbb11746718204edc8f5e
                           .group:00000000 wm4._endian.h.31.65a10590763c3dde1ac4a7f66d7d4891
                           .group:00000000 wm4.endian.h.9.49f3a4695c1b61e8a0808de3c4a106cb
                           .group:00000000 wm4._timeval.h.32.bec3221fa7a9bb0bdde696c9c57e47d2
                           .group:00000000 wm4.timespec.h.41.d855182eb0e690443ab8651bcedca6e1
                           .group:00000000 wm4.select.h.19.40cd3f2bfc456b193b790c2754690ebf
                           .group:00000000 wm4.types.h.51.5571ec98f267d17d3c670b7a3ba33afa
                           .group:00000000 wm4.sched.h.22.c60982713a5c428609783c78f9c78d95
                           .group:00000000 wm4._pthreadtypes.h.36.fcee9961c35163dde6267ef772ad1972
ARM GAS  C:\Users\SAMEER~1.ALM\AppData\Local\Temp\ccWGNqF5.s 			page 20


                           .group:00000000 wm4.stdio.h.2.4aa87247282eca6c8f36f9de33d8df1a
                           .group:00000000 wm4.stdio.h.81.60a2ded7dae310b81f9d6907fe5e3dbf
                           .group:00000000 wm4.stdarg.h.31.3fa7b8f6daaa31edd1696c08c77f2a73
                           .group:00000000 wm4.stdalign.h.27.0aad28df4d66a8553430227d1bac48aa
                           .group:00000000 wm4.ctype.h.34.80f174baaec468e2eb1c07380b0b3287
                           .group:00000000 wm4.inttypes.h.14.b28deb26920e51e0da310220ef0f9003
                           .group:00000000 wm4.inttypes.h.28.c3e61b48c6ae3a7cb62609add2dd53d1
                           .group:00000000 wm4.math.h.13.4f4c30988c5d76b6bf30dd7e2791b7c6
                           .group:00000000 wm4.syslimits.h.34.de5cbd310098bc5895998b6bde577ed2
                           .group:00000000 wm4.limits.h.9.70fb0ada6f71b16202a66baaa6d8ea70
                           .group:00000000 wm4.limits.h.60.56a1ae353e2028a24298ec6463b8b593
                           .group:00000000 wm4.string.h.8.c4b8571ce60dff2817f43fec8b86aecd
                           .group:00000000 wm4.basic.h.43.2d669d0e281f2a7583ad0da99046413d
                           .group:00000000 wm4.phy.h.43.a806668fd6b193a83e00fcf9e3814821
                           .group:00000000 wm4.structs.h.12.142e94c12fffe9b2bba6755d00a8ad91
                           .group:00000000 wm4.time.h.12.ca6eecf26198e1bc6166f71fd8292735
                           .group:00000000 wm4.initmacro.h.4.2927af5a543f65dade9f92f80a04dc35
                           .group:00000000 wm4.i2ccom.h.10.147b279fb90e839345ab35ddb589e0ce
                           .group:00000000 wm4.i2cstd.h.10.d432c3988f9748933a79fb991e070438
                           .group:00000000 wm4.i2c.h.24.666d2983f106290f51d8fe2e4e0034bc
                           .group:00000000 wm4.mpu6050.h.10.38cdb8b04d26be567bd69a6269d225c3
                           .group:00000000 wm4.uart.h.10.038a6d9ab9b8d6aefd66f3a92e73c3f1
                           .group:00000000 wm4.lcd.h.11.3a2e2f95e46d234fe99d1d3e8f20de18
                           .group:00000000 wm4.systemtask.h.12.4111f050c12db00791331b8757fbd5d2

UNDEFINED SYMBOLS
uart_data_is_available
uart_print
utoa
uart_println
uart_handle_frame
uart_reset_buffer
uart_state
rx_buffer_length
rx_buffer
uart_ticks
mpu_wait_handle
mpu_init_handle
mpu_acq_handle
mpu_read_handle
mpu_proc_handle
mpu_error_handle
myMPU6050
mpu_settings
keypad_scan
keypad_process
lcd_print_xy
lcd_print_uint8
lcd_print
lcd_update
relays
system_rtc
gpio_toggle
blink_led
systemticks
