ARM GAS  C:\Users\SAMEER~1.ALM\AppData\Local\Temp\ccGwPwja.s 			page 1


   1              		.cpu cortex-m3
   2              		.arch armv7-m
   3              		.fpu softvfp
   4              		.eabi_attribute 20, 1
   5              		.eabi_attribute 21, 1
   6              		.eabi_attribute 23, 3
   7              		.eabi_attribute 24, 1
   8              		.eabi_attribute 25, 1
   9              		.eabi_attribute 26, 1
  10              		.eabi_attribute 30, 6
  11              		.eabi_attribute 34, 1
  12              		.eabi_attribute 18, 4
  13              		.file	"TIM.c"
  14              		.text
  15              	.Ltext0:
  16              		.cfi_sections	.debug_frame
  17              		.section	.text.TIM2_init,"ax",%progbits
  18              		.align	1
  19              		.global	TIM2_init
  20              		.syntax unified
  21              		.thumb
  22              		.thumb_func
  24              	TIM2_init:
  25              	.LFB33:
  26              		.file 1 "./TIM/TIM.c"
   1:./TIM/TIM.c   **** /**
   2:./TIM/TIM.c   ****  * @brief TIM.h
   3:./TIM/TIM.c   ****  *
   4:./TIM/TIM.c   ****  * @param student: Sameer Almaldein
   5:./TIM/TIM.c   ****  * @param ID: 679699
   6:./TIM/TIM.c   ****  * @param University TU-Chemnitz
   7:./TIM/TIM.c   ****  * @param Master : ASE(Automotive Software Engineering )
   8:./TIM/TIM.c   ****  */ 
   9:./TIM/TIM.c   **** 
  10:./TIM/TIM.c   **** //********************************************************************************************
  11:./TIM/TIM.c   **** //
  12:./TIM/TIM.c   **** // including header  files
  13:./TIM/TIM.c   **** //
  14:./TIM/TIM.c   **** //********************************************************************************************
  15:./TIM/TIM.c   ****  #include "init.h"
  16:./TIM/TIM.c   **** //********************************************************************************************
  17:./TIM/TIM.c   **** //
  18:./TIM/TIM.c   **** // Global variables 
  19:./TIM/TIM.c   **** //
  20:./TIM/TIM.c   **** //********************************************************************************************
  21:./TIM/TIM.c   **** 
  22:./TIM/TIM.c   **** //********************************************************************************************
  23:./TIM/TIM.c   **** //
  24:./TIM/TIM.c   **** // Method definitions
  25:./TIM/TIM.c   **** //
  26:./TIM/TIM.c   **** //********************************************************************************************
  27:./TIM/TIM.c   **** 
  28:./TIM/TIM.c   **** /**
  29:./TIM/TIM.c   ****    * @brief To Configure any Pripheral Module you have to follow the following:
  30:./TIM/TIM.c   ****    * 1. Enable the Clock of peripheral Module (RCC_APBXPeriphClockCmd or RCC_AHBPeriphClockCmd)
  31:./TIM/TIM.c   ****    * 2. Configure the pins required by the Module (AFIO_OUT or INPUT, ANALOG ...) & remap incase of
  32:./TIM/TIM.c   ****    * 3. Configure the peripheral hardware interrupt @ level of  NVIC  link to IRQ and set priority
ARM GAS  C:\Users\SAMEER~1.ALM\AppData\Local\Temp\ccGwPwja.s 			page 2


  33:./TIM/TIM.c   ****    * 4. Configure the peripheral hardware 
  34:./TIM/TIM.c   ****    * 5. Configure the peripheral interrupt @ level of the peripheral or DMA
  35:./TIM/TIM.c   ****    * 6. Enable the peripheral Module 
  36:./TIM/TIM.c   ****    * 7. Implement the the IRQ_handler a function 
  37:./TIM/TIM.c   ****    * 
  38:./TIM/TIM.c   ****    */
  39:./TIM/TIM.c   **** 
  40:./TIM/TIM.c   **** 
  41:./TIM/TIM.c   **** //********************************************************************************************
  42:./TIM/TIM.c   **** //
  43:./TIM/TIM.c   **** //  definition of Timer & interrupts
  44:./TIM/TIM.c   **** //
  45:./TIM/TIM.c   **** //********************************************************************************************
  46:./TIM/TIM.c   **** void TIM2_init(void)
  47:./TIM/TIM.c   **** {
  27              		.loc 1 47 1
  28              		.cfi_startproc
  29              		@ args = 0, pretend = 0, frame = 16
  30              		@ frame_needed = 1, uses_anonymous_args = 0
  31 0000 80B5     		push	{r7, lr}
  32              	.LCFI0:
  33              		.cfi_def_cfa_offset 8
  34              		.cfi_offset 7, -8
  35              		.cfi_offset 14, -4
  36 0002 84B0     		sub	sp, sp, #16
  37              	.LCFI1:
  38              		.cfi_def_cfa_offset 24
  39 0004 00AF     		add	r7, sp, #0
  40              	.LCFI2:
  41              		.cfi_def_cfa_register 7
  48:./TIM/TIM.c   ****   //1. Enable the Clock of peripheral TIM2 Module using RCC_APB1PeriphClockCmd
  49:./TIM/TIM.c   ****     RCC_APB1PeriphClockCmd(RCC_APB1Periph_TIM2,ENABLE);
  42              		.loc 1 49 5
  43 0006 0121     		movs	r1, #1
  44 0008 0120     		movs	r0, #1
  45 000a FFF7FEFF 		bl	RCC_APB1PeriphClockCmd
  50:./TIM/TIM.c   ****     //RCC->APB1ENR|=RCC_APB1ENR_TIM2EN;
  51:./TIM/TIM.c   ****    
  52:./TIM/TIM.c   ****   /* 2. Configure the pins required by the Module (AFIO_OUT or INPUT, ANALOG...) & remap incase of 
  53:./TIM/TIM.c   ****    // no need to implement an pin Configuration Just event update @ overflow 
  54:./TIM/TIM.c   **** 
  55:./TIM/TIM.c   ****   /* 3. Configure the peripheral hardware interrupt @ level of  NVIC  link to IRQ and set priority 
  56:./TIM/TIM.c   ****      NVIC_InitTypeDef NVIC_InitStruct;
  57:./TIM/TIM.c   ****      NVIC_InitStruct.NVIC_IRQChannel=TIM2_IRQn;
  46              		.loc 1 57 37
  47 000e 1C23     		movs	r3, #28
  48 0010 3B73     		strb	r3, [r7, #12]
  58:./TIM/TIM.c   ****      NVIC_InitStruct.NVIC_IRQChannelPreemptionPriority=0;
  49              		.loc 1 58 55
  50 0012 0023     		movs	r3, #0
  51 0014 7B73     		strb	r3, [r7, #13]
  59:./TIM/TIM.c   ****      NVIC_InitStruct.NVIC_IRQChannelSubPriority=10;
  52              		.loc 1 59 48
  53 0016 0A23     		movs	r3, #10
  54 0018 BB73     		strb	r3, [r7, #14]
  60:./TIM/TIM.c   ****      NVIC_InitStruct.NVIC_IRQChannelCmd=ENABLE;
  55              		.loc 1 60 40
ARM GAS  C:\Users\SAMEER~1.ALM\AppData\Local\Temp\ccGwPwja.s 			page 3


  56 001a 0123     		movs	r3, #1
  57 001c FB73     		strb	r3, [r7, #15]
  61:./TIM/TIM.c   ****      NVIC_Init((NVIC_InitTypeDef*) &NVIC_InitStruct);
  58              		.loc 1 61 6
  59 001e 07F10C03 		add	r3, r7, #12
  60 0022 1846     		mov	r0, r3
  61 0024 FFF7FEFF 		bl	NVIC_Init
  62:./TIM/TIM.c   ****      
  63:./TIM/TIM.c   **** 
  64:./TIM/TIM.c   ****   /* 4. Configure the peripheral hardware  of the TIM2 */
  65:./TIM/TIM.c   ****     
  66:./TIM/TIM.c   ****   TIM_TimeBaseInitTypeDef  TIM_TimeBaseInitStruct;
  67:./TIM/TIM.c   ****   TIM_TimeBaseInitStruct.TIM_Prescaler=SystemCoreClock/100000 -1;
  62              		.loc 1 67 55
  63 0028 124B     		ldr	r3, .L2
  64 002a 1B68     		ldr	r3, [r3]
  65 002c 5B09     		lsrs	r3, r3, #5
  66 002e 124A     		ldr	r2, .L2+4
  67 0030 A2FB0323 		umull	r2, r3, r2, r3
  68 0034 DB09     		lsrs	r3, r3, #7
  69              		.loc 1 67 63
  70 0036 9BB2     		uxth	r3, r3
  71 0038 013B     		subs	r3, r3, #1
  72 003a 9BB2     		uxth	r3, r3
  73              		.loc 1 67 39
  74 003c 3B80     		strh	r3, [r7]	@ movhi
  68:./TIM/TIM.c   ****   TIM_TimeBaseInitStruct.TIM_Period=50000;
  75              		.loc 1 68 36
  76 003e 4CF25033 		movw	r3, #50000
  77 0042 BB80     		strh	r3, [r7, #4]	@ movhi
  69:./TIM/TIM.c   ****   TIM_TimeBaseInitStruct.TIM_CounterMode=TIM_CounterMode_Up;
  78              		.loc 1 69 41
  79 0044 0023     		movs	r3, #0
  80 0046 7B80     		strh	r3, [r7, #2]	@ movhi
  70:./TIM/TIM.c   ****   TIM_TimeBaseInit(TIM2, (TIM_TimeBaseInitTypeDef*) &TIM_TimeBaseInitStruct);
  81              		.loc 1 70 3
  82 0048 3B46     		mov	r3, r7
  83 004a 1946     		mov	r1, r3
  84 004c 4FF08040 		mov	r0, #1073741824
  85 0050 FFF7FEFF 		bl	TIM_TimeBaseInit
  71:./TIM/TIM.c   **** 
  72:./TIM/TIM.c   **** /* 5. Configure the peripheral interrupt @ level of the peripheral or DMA */
  73:./TIM/TIM.c   ****   TIM_ITConfig(TIM2,TIM_IT_Update,ENABLE);
  86              		.loc 1 73 3
  87 0054 0122     		movs	r2, #1
  88 0056 0121     		movs	r1, #1
  89 0058 4FF08040 		mov	r0, #1073741824
  90 005c FFF7FEFF 		bl	TIM_ITConfig
  74:./TIM/TIM.c   **** 
  75:./TIM/TIM.c   **** /* 6. Enable the peripheral Module */
  76:./TIM/TIM.c   ****   TIM_Cmd(TIM2,ENABLE);
  91              		.loc 1 76 3
  92 0060 0121     		movs	r1, #1
  93 0062 4FF08040 		mov	r0, #1073741824
  94 0066 FFF7FEFF 		bl	TIM_Cmd
  77:./TIM/TIM.c   ****    
  78:./TIM/TIM.c   **** }
ARM GAS  C:\Users\SAMEER~1.ALM\AppData\Local\Temp\ccGwPwja.s 			page 4


  95              		.loc 1 78 1
  96 006a 00BF     		nop
  97 006c 1037     		adds	r7, r7, #16
  98              	.LCFI3:
  99              		.cfi_def_cfa_offset 8
 100 006e BD46     		mov	sp, r7
 101              	.LCFI4:
 102              		.cfi_def_cfa_register 13
 103              		@ sp needed
 104 0070 80BD     		pop	{r7, pc}
 105              	.L3:
 106 0072 00BF     		.align	2
 107              	.L2:
 108 0074 00000000 		.word	SystemCoreClock
 109 0078 C55A7C0A 		.word	175921861
 110              		.cfi_endproc
 111              	.LFE33:
 113              		.section	.text.TIM3_init,"ax",%progbits
 114              		.align	1
 115              		.global	TIM3_init
 116              		.syntax unified
 117              		.thumb
 118              		.thumb_func
 120              	TIM3_init:
 121              	.LFB34:
  79:./TIM/TIM.c   **** //--------------------------------------------------------------------------------------------
  80:./TIM/TIM.c   **** void TIM3_init(void)
  81:./TIM/TIM.c   **** {
 122              		.loc 1 81 1
 123              		.cfi_startproc
 124              		@ args = 0, pretend = 0, frame = 16
 125              		@ frame_needed = 1, uses_anonymous_args = 0
 126 0000 80B5     		push	{r7, lr}
 127              	.LCFI5:
 128              		.cfi_def_cfa_offset 8
 129              		.cfi_offset 7, -8
 130              		.cfi_offset 14, -4
 131 0002 84B0     		sub	sp, sp, #16
 132              	.LCFI6:
 133              		.cfi_def_cfa_offset 24
 134 0004 00AF     		add	r7, sp, #0
 135              	.LCFI7:
 136              		.cfi_def_cfa_register 7
  82:./TIM/TIM.c   ****   // Enable the Clock of peripheral TIM2 Module using RCC_APB1PeriphClockCmd
  83:./TIM/TIM.c   ****       RCC->APB1ENR |=RCC_APB1Periph_TIM3;  //RCC_APB1PeriphClockCmd(RCC_APB1Periph_TIM2,ENABLE);
 137              		.loc 1 83 20
 138 0006 1D4B     		ldr	r3, .L5
 139 0008 DB69     		ldr	r3, [r3, #28]
 140 000a 1C4A     		ldr	r2, .L5
 141 000c 43F00203 		orr	r3, r3, #2
 142 0010 D361     		str	r3, [r2, #28]
  84:./TIM/TIM.c   **** 
  85:./TIM/TIM.c   ****   /* 3. Configure the peripheral hardware interrupt @ level of  NVIC  link to IRQ and set priority 
  86:./TIM/TIM.c   ****      NVIC_InitTypeDef NVIC_InitStruct;
  87:./TIM/TIM.c   ****      NVIC_InitStruct.NVIC_IRQChannel=TIM3_IRQn;
 143              		.loc 1 87 37
 144 0012 1D23     		movs	r3, #29
ARM GAS  C:\Users\SAMEER~1.ALM\AppData\Local\Temp\ccGwPwja.s 			page 5


 145 0014 3B73     		strb	r3, [r7, #12]
  88:./TIM/TIM.c   ****      NVIC_InitStruct.NVIC_IRQChannelPreemptionPriority=0;
 146              		.loc 1 88 55
 147 0016 0023     		movs	r3, #0
 148 0018 7B73     		strb	r3, [r7, #13]
  89:./TIM/TIM.c   ****      NVIC_InitStruct.NVIC_IRQChannelSubPriority=11;
 149              		.loc 1 89 48
 150 001a 0B23     		movs	r3, #11
 151 001c BB73     		strb	r3, [r7, #14]
  90:./TIM/TIM.c   ****      NVIC_InitStruct.NVIC_IRQChannelCmd=ENABLE;
 152              		.loc 1 90 40
 153 001e 0123     		movs	r3, #1
 154 0020 FB73     		strb	r3, [r7, #15]
  91:./TIM/TIM.c   ****      NVIC_Init((NVIC_InitTypeDef*) &NVIC_InitStruct);
 155              		.loc 1 91 6
 156 0022 07F10C03 		add	r3, r7, #12
 157 0026 1846     		mov	r0, r3
 158 0028 FFF7FEFF 		bl	NVIC_Init
  92:./TIM/TIM.c   **** 
  93:./TIM/TIM.c   **** /* 4. Configure the peripheral hardware  of the TIM6 */
  94:./TIM/TIM.c   ****     
  95:./TIM/TIM.c   ****   TIM_TimeBaseInitTypeDef  TIM_TimeBaseInitStruct;
  96:./TIM/TIM.c   ****   TIM_TimeBaseInitStruct.TIM_Prescaler=SystemCoreClock/10000 -1;
 159              		.loc 1 96 55
 160 002c 144B     		ldr	r3, .L5+4
 161 002e 1B68     		ldr	r3, [r3]
 162 0030 144A     		ldr	r2, .L5+8
 163 0032 A2FB0323 		umull	r2, r3, r2, r3
 164 0036 5B0B     		lsrs	r3, r3, #13
 165              		.loc 1 96 62
 166 0038 9BB2     		uxth	r3, r3
 167 003a 013B     		subs	r3, r3, #1
 168 003c 9BB2     		uxth	r3, r3
 169              		.loc 1 96 39
 170 003e 3B80     		strh	r3, [r7]	@ movhi
  97:./TIM/TIM.c   ****   TIM_TimeBaseInitStruct.TIM_Period=10000;
 171              		.loc 1 97 36
 172 0040 42F21073 		movw	r3, #10000
 173 0044 BB80     		strh	r3, [r7, #4]	@ movhi
  98:./TIM/TIM.c   ****   TIM_TimeBaseInitStruct.TIM_CounterMode=TIM_CounterMode_Up;
 174              		.loc 1 98 41
 175 0046 0023     		movs	r3, #0
 176 0048 7B80     		strh	r3, [r7, #2]	@ movhi
  99:./TIM/TIM.c   ****   TIM_TimeBaseInit(TIM3, (TIM_TimeBaseInitTypeDef*) &TIM_TimeBaseInitStruct);
 177              		.loc 1 99 3
 178 004a 3B46     		mov	r3, r7
 179 004c 1946     		mov	r1, r3
 180 004e 0E48     		ldr	r0, .L5+12
 181 0050 FFF7FEFF 		bl	TIM_TimeBaseInit
 100:./TIM/TIM.c   **** 
 101:./TIM/TIM.c   **** /* 5. Configure the peripheral interrupt @ level of the peripheral or DMA */
 102:./TIM/TIM.c   ****     TIM3->DIER |= TIM_IT_Update;//TIM_ITConfig(TIM2,TIM_IT_Update,ENABLE);
 182              		.loc 1 102 16
 183 0054 0C4B     		ldr	r3, .L5+12
 184 0056 9B89     		ldrh	r3, [r3, #12]	@ movhi
 185 0058 9BB2     		uxth	r3, r3
 186 005a 0B4A     		ldr	r2, .L5+12
ARM GAS  C:\Users\SAMEER~1.ALM\AppData\Local\Temp\ccGwPwja.s 			page 6


 187 005c 43F00103 		orr	r3, r3, #1
 188 0060 9BB2     		uxth	r3, r3
 189 0062 9381     		strh	r3, [r2, #12]	@ movhi
 103:./TIM/TIM.c   **** 
 104:./TIM/TIM.c   **** /* 6. Enable the peripheral Module */
 105:./TIM/TIM.c   ****     TIM3->CR1 |= TIM_CR1_CEN;//TIM_Cmd(TIM3,ENABLE);
 190              		.loc 1 105 15
 191 0064 084B     		ldr	r3, .L5+12
 192 0066 1B88     		ldrh	r3, [r3]	@ movhi
 193 0068 9BB2     		uxth	r3, r3
 194 006a 074A     		ldr	r2, .L5+12
 195 006c 43F00103 		orr	r3, r3, #1
 196 0070 9BB2     		uxth	r3, r3
 197 0072 1380     		strh	r3, [r2]	@ movhi
 106:./TIM/TIM.c   ****   
 107:./TIM/TIM.c   **** 
 108:./TIM/TIM.c   **** }
 198              		.loc 1 108 1
 199 0074 00BF     		nop
 200 0076 1037     		adds	r7, r7, #16
 201              	.LCFI8:
 202              		.cfi_def_cfa_offset 8
 203 0078 BD46     		mov	sp, r7
 204              	.LCFI9:
 205              		.cfi_def_cfa_register 13
 206              		@ sp needed
 207 007a 80BD     		pop	{r7, pc}
 208              	.L6:
 209              		.align	2
 210              	.L5:
 211 007c 00100240 		.word	1073876992
 212 0080 00000000 		.word	SystemCoreClock
 213 0084 5917B7D1 		.word	-776530087
 214 0088 00040040 		.word	1073742848
 215              		.cfi_endproc
 216              	.LFE34:
 218              		.section	.text.TIM4_init,"ax",%progbits
 219              		.align	1
 220              		.global	TIM4_init
 221              		.syntax unified
 222              		.thumb
 223              		.thumb_func
 225              	TIM4_init:
 226              	.LFB35:
 109:./TIM/TIM.c   **** //--------------------------------------------------------------------------------------------
 110:./TIM/TIM.c   **** void TIM4_init(void)
 111:./TIM/TIM.c   **** {
 227              		.loc 1 111 1
 228              		.cfi_startproc
 229              		@ args = 0, pretend = 0, frame = 0
 230              		@ frame_needed = 1, uses_anonymous_args = 0
 231              		@ link register save eliminated.
 232 0000 80B4     		push	{r7}
 233              	.LCFI10:
 234              		.cfi_def_cfa_offset 4
 235              		.cfi_offset 7, -4
 236 0002 00AF     		add	r7, sp, #0
ARM GAS  C:\Users\SAMEER~1.ALM\AppData\Local\Temp\ccGwPwja.s 			page 7


 237              	.LCFI11:
 238              		.cfi_def_cfa_register 7
 112:./TIM/TIM.c   **** 
 113:./TIM/TIM.c   **** }
 239              		.loc 1 113 1
 240 0004 00BF     		nop
 241 0006 BD46     		mov	sp, r7
 242              	.LCFI12:
 243              		.cfi_def_cfa_register 13
 244              		@ sp needed
 245 0008 80BC     		pop	{r7}
 246              	.LCFI13:
 247              		.cfi_restore 7
 248              		.cfi_def_cfa_offset 0
 249 000a 7047     		bx	lr
 250              		.cfi_endproc
 251              	.LFE35:
 253              		.section	.text.TIM2_IRQHandler,"ax",%progbits
 254              		.align	1
 255              		.global	TIM2_IRQHandler
 256              		.syntax unified
 257              		.thumb
 258              		.thumb_func
 260              	TIM2_IRQHandler:
 261              	.LFB36:
 114:./TIM/TIM.c   **** //--------------------------------------------------------------------------------------------
 115:./TIM/TIM.c   **** 
 116:./TIM/TIM.c   **** //********************************************************************************************
 117:./TIM/TIM.c   **** //
 118:./TIM/TIM.c   **** // Interrupt Handler Method definitions
 119:./TIM/TIM.c   **** //
 120:./TIM/TIM.c   **** //********************************************************************************************
 121:./TIM/TIM.c   **** void TIM2_IRQHandler(void)
 122:./TIM/TIM.c   **** {
 262              		.loc 1 122 1
 263              		.cfi_startproc
 264              		@ args = 0, pretend = 0, frame = 0
 265              		@ frame_needed = 1, uses_anonymous_args = 0
 266 0000 80B5     		push	{r7, lr}
 267              	.LCFI14:
 268              		.cfi_def_cfa_offset 8
 269              		.cfi_offset 7, -8
 270              		.cfi_offset 14, -4
 271 0002 00AF     		add	r7, sp, #0
 272              	.LCFI15:
 273              		.cfi_def_cfa_register 7
 123:./TIM/TIM.c   ****     // clear the Interrupt 
 124:./TIM/TIM.c   ****    TIM_ClearITPendingBit(TIM2,TIM_IT_Update);
 274              		.loc 1 124 4
 275 0004 0121     		movs	r1, #1
 276 0006 4FF08040 		mov	r0, #1073741824
 277 000a FFF7FEFF 		bl	TIM_ClearITPendingBit
 125:./TIM/TIM.c   **** 
 126:./TIM/TIM.c   ****     //pilots.pilot_0=~pilots.pilot_0;
 127:./TIM/TIM.c   ****     //pilot_write(pilots.val);  
 128:./TIM/TIM.c   **** }
 278              		.loc 1 128 1
ARM GAS  C:\Users\SAMEER~1.ALM\AppData\Local\Temp\ccGwPwja.s 			page 8


 279 000e 00BF     		nop
 280 0010 80BD     		pop	{r7, pc}
 281              		.cfi_endproc
 282              	.LFE36:
 284              		.section	.text.TIM3_IRQHandler,"ax",%progbits
 285              		.align	1
 286              		.global	TIM3_IRQHandler
 287              		.syntax unified
 288              		.thumb
 289              		.thumb_func
 291              	TIM3_IRQHandler:
 292              	.LFB37:
 129:./TIM/TIM.c   **** //--------------------------------------------------------------------------------------------
 130:./TIM/TIM.c   **** void TIM3_IRQHandler(void)
 131:./TIM/TIM.c   **** {
 293              		.loc 1 131 1
 294              		.cfi_startproc
 295              		@ args = 0, pretend = 0, frame = 8
 296              		@ frame_needed = 1, uses_anonymous_args = 0
 297 0000 80B5     		push	{r7, lr}
 298              	.LCFI16:
 299              		.cfi_def_cfa_offset 8
 300              		.cfi_offset 7, -8
 301              		.cfi_offset 14, -4
 302 0002 82B0     		sub	sp, sp, #8
 303              	.LCFI17:
 304              		.cfi_def_cfa_offset 16
 305 0004 00AF     		add	r7, sp, #0
 306              	.LCFI18:
 307              		.cfi_def_cfa_register 7
 132:./TIM/TIM.c   ****   uint16_t t=0;
 308              		.loc 1 132 12
 309 0006 0023     		movs	r3, #0
 310 0008 FB80     		strh	r3, [r7, #6]	@ movhi
 133:./TIM/TIM.c   ****     // clear the Interrupt 
 134:./TIM/TIM.c   ****    TIM_ClearITPendingBit(TIM3,TIM_IT_Update);
 311              		.loc 1 134 4
 312 000a 0121     		movs	r1, #1
 313 000c 0D48     		ldr	r0, .L12
 314 000e FFF7FEFF 		bl	TIM_ClearITPendingBit
 135:./TIM/TIM.c   **** 
 136:./TIM/TIM.c   ****     relays.val=(relays.val<0x3f)?relays.val+1:0;
 315              		.loc 1 136 23
 316 0012 0D4B     		ldr	r3, .L12+4
 317 0014 1B78     		ldrb	r3, [r3]	@ zero_extendqisi2
 318              		.loc 1 136 15
 319 0016 3E2B     		cmp	r3, #62
 320 0018 04D8     		bhi	.L10
 321              		.loc 1 136 40 discriminator 1
 322 001a 0B4B     		ldr	r3, .L12+4
 323 001c 1B78     		ldrb	r3, [r3]	@ zero_extendqisi2
 324              		.loc 1 136 15 discriminator 1
 325 001e 0133     		adds	r3, r3, #1
 326 0020 DBB2     		uxtb	r3, r3
 327 0022 00E0     		b	.L11
 328              	.L10:
 329              		.loc 1 136 15 is_stmt 0 discriminator 2
ARM GAS  C:\Users\SAMEER~1.ALM\AppData\Local\Temp\ccGwPwja.s 			page 9


 330 0024 0023     		movs	r3, #0
 331              	.L11:
 332              		.loc 1 136 15 discriminator 4
 333 0026 084A     		ldr	r2, .L12+4
 334 0028 1370     		strb	r3, [r2]
 137:./TIM/TIM.c   ****     rly_write(relays.val); 
 335              		.loc 1 137 5 is_stmt 1 discriminator 4
 336 002a 074B     		ldr	r3, .L12+4
 337 002c 1B78     		ldrb	r3, [r3]	@ zero_extendqisi2
 338 002e 1846     		mov	r0, r3
 339 0030 FFF7FEFF 		bl	rly_write
 138:./TIM/TIM.c   ****     lcd_update=1;
 340              		.loc 1 138 15 discriminator 4
 341 0034 054B     		ldr	r3, .L12+8
 342 0036 0122     		movs	r2, #1
 343 0038 1A70     		strb	r2, [r3]
 139:./TIM/TIM.c   **** }
 344              		.loc 1 139 1 discriminator 4
 345 003a 00BF     		nop
 346 003c 0837     		adds	r7, r7, #8
 347              	.LCFI19:
 348              		.cfi_def_cfa_offset 8
 349 003e BD46     		mov	sp, r7
 350              	.LCFI20:
 351              		.cfi_def_cfa_register 13
 352              		@ sp needed
 353 0040 80BD     		pop	{r7, pc}
 354              	.L13:
 355 0042 00BF     		.align	2
 356              	.L12:
 357 0044 00040040 		.word	1073742848
 358 0048 00000000 		.word	relays
 359 004c 00000000 		.word	lcd_update
 360              		.cfi_endproc
 361              	.LFE37:
 363              		.text
 364              	.Letext0:
 365              		.file 2 "c:\\arm-tool\\gcc-arm-none-eabi-10.3-2021.10\\arm-none-eabi\\include\\machine\\_default_t
 366              		.file 3 "c:\\arm-tool\\gcc-arm-none-eabi-10.3-2021.10\\arm-none-eabi\\include\\sys\\_stdint.h"
 367              		.file 4 "./.driver/CMSIS/Device/STM32F10x/stm32f10x.h"
 368              		.file 5 "./.driver/STM32F10x_StdPeriph_Driver/inc/stm32f10x_tim.h"
 369              		.file 6 "./.driver/STM32F10x_StdPeriph_Driver/inc/misc.h"
 370              		.file 7 "./system/system.h"
 371              		.file 8 "./.driver/CMSIS/Device/STM32F10x/system_stm32f10x.h"
 372              		.file 9 "./init/init.h"
ARM GAS  C:\Users\SAMEER~1.ALM\AppData\Local\Temp\ccGwPwja.s 			page 10


DEFINED SYMBOLS
                            *ABS*:00000000 TIM.c
C:\Users\SAMEER~1.ALM\AppData\Local\Temp\ccGwPwja.s:18     .text.TIM2_init:00000000 $t
C:\Users\SAMEER~1.ALM\AppData\Local\Temp\ccGwPwja.s:24     .text.TIM2_init:00000000 TIM2_init
C:\Users\SAMEER~1.ALM\AppData\Local\Temp\ccGwPwja.s:108    .text.TIM2_init:00000074 $d
C:\Users\SAMEER~1.ALM\AppData\Local\Temp\ccGwPwja.s:114    .text.TIM3_init:00000000 $t
C:\Users\SAMEER~1.ALM\AppData\Local\Temp\ccGwPwja.s:120    .text.TIM3_init:00000000 TIM3_init
C:\Users\SAMEER~1.ALM\AppData\Local\Temp\ccGwPwja.s:211    .text.TIM3_init:0000007c $d
C:\Users\SAMEER~1.ALM\AppData\Local\Temp\ccGwPwja.s:219    .text.TIM4_init:00000000 $t
C:\Users\SAMEER~1.ALM\AppData\Local\Temp\ccGwPwja.s:225    .text.TIM4_init:00000000 TIM4_init
C:\Users\SAMEER~1.ALM\AppData\Local\Temp\ccGwPwja.s:254    .text.TIM2_IRQHandler:00000000 $t
C:\Users\SAMEER~1.ALM\AppData\Local\Temp\ccGwPwja.s:260    .text.TIM2_IRQHandler:00000000 TIM2_IRQHandler
C:\Users\SAMEER~1.ALM\AppData\Local\Temp\ccGwPwja.s:285    .text.TIM3_IRQHandler:00000000 $t
C:\Users\SAMEER~1.ALM\AppData\Local\Temp\ccGwPwja.s:291    .text.TIM3_IRQHandler:00000000 TIM3_IRQHandler
C:\Users\SAMEER~1.ALM\AppData\Local\Temp\ccGwPwja.s:357    .text.TIM3_IRQHandler:00000044 $d
                           .group:00000000 wm4.0.f4779009c199947b70d43074c2c41c8e
                           .group:00000000 wm4.stm32f10x.h.50.d4f13d34ecdc4ac490487d4d35cb5131
                           .group:00000000 wm4.core_cm3.h.25.d35e9a9b04ec4aaebae9bf79fff061f9
                           .group:00000000 wm4._newlib_version.h.4.bfdf54b0af045d4a71376ae00f63a22c
                           .group:00000000 wm4.features.h.33.318b64d71e0957639cfb30f1db1f7ec8
                           .group:00000000 wm4._default_types.h.15.247e5cd201eca3442cbf5404108c4935
                           .group:00000000 wm4._intsup.h.10.48bafbb683905c4daa4565a85aeeb264
                           .group:00000000 wm4._stdint.h.10.c24fa3af3bc1706662bb5593a907e841
                           .group:00000000 wm4.stdint.h.23.d53047a68f4a85177f80b422d52785ed
                           .group:00000000 wm4.core_cm3.h.113.b286929a54d33b4c8909a7132437b244
                           .group:00000000 wm4.stm32f10x.h.525.b40cb5ee4fd40825ea8ccc10ea6f4722
                           .group:00000000 wm4.stm32f10x_adc.h.82.085dab8bb2bdf6609e97ee2fc7a88347
                           .group:00000000 wm4.stm32f10x_bkp.h.24.9f1bb2b1135ba72667dd3fcde11cf4b7
                           .group:00000000 wm4.stm32f10x_can.h.24.b871c380ea975c71825bf46cccde3c7a
                           .group:00000000 wm4.stm32f10x_cec.h.24.a1ee61cba6b8120b5bab40528e933770
                           .group:00000000 wm4.stm32f10x_dac.h.24.39482d0fe30ddea181f0c79f49fb629e
                           .group:00000000 wm4.stm32f10x_dbgmcu.h.24.f73145056e79bc5a93dd6677b2b33d54
                           .group:00000000 wm4.stm32f10x_dma.h.24.a48d4478db5b2956954d84bc5fd35ae1
                           .group:00000000 wm4.stm32f10x_exti.h.24.377f48157d7e463bb3841cf6c97a1c93
                           .group:00000000 wm4.stm32f10x_flash.h.24.877157533caf7ce4331c44a3d0ea5612
                           .group:00000000 wm4.stm32f10x_fsmc.h.24.0518485f192fab09dd5cfc912ded3186
                           .group:00000000 wm4.stm32f10x_gpio.h.24.b627ee324fedf5e3b8730fa015ea30de
                           .group:00000000 wm4.stm32f10x_i2c.h.24.8bc26b82f9e7563ca7234eabea47534c
                           .group:00000000 wm4.stm32f10x_iwdg.h.24.129c4cff233d2076aefd5fc4fbf5956b
                           .group:00000000 wm4.stm32f10x_pwr.h.24.98a178bf0c8fa18634174f1c1123c7bc
                           .group:00000000 wm4.stm32f10x_rcc.h.24.43948985157a0da383ddce718b66f782
                           .group:00000000 wm4.stm32f10x_rtc.h.24.496e77df0282a7f4dc79c6de18da3ecc
                           .group:00000000 wm4.stm32f10x_sdio.h.24.646055cc54873a75158b5d1015b409e6
                           .group:00000000 wm4.stm32f10x_spi.h.24.e7b2623920274a1745e534a7a7156e76
                           .group:00000000 wm4.stm32f10x_tim.h.24.24ac72f04686046a18ee9117ff7bba1f
                           .group:00000000 wm4.stm32f10x_usart.h.24.cf5f8d8e971fad2927ee799886f23b78
                           .group:00000000 wm4.stm32f10x_wwdg.h.24.7f7037b09db3a78d5a9de97b2cba748a
                           .group:00000000 wm4.misc.h.24.c54738789d48fd25c957e9d7c7349497
                           .group:00000000 wm4.stm32f10x.h.8349.9a0c7ea810a74ad6d06203f1a551aebb
                           .group:00000000 wm4.ieeefp.h.77.25247dc27dbe3b23bfe98c2dc18f6ac5
                           .group:00000000 wm4.newlib.h.8.4679f89e52c9f69cd44f3a27cd28c759
                           .group:00000000 wm4.config.h.224.79362c3cdb280fe0b8d95bd0bc4d5c54
                           .group:00000000 wm4._ansi.h.31.de524f58584151836e90d8620a16f8e8
                           .group:00000000 wm4.stdlib.h.13.4ed386f5c1a80d71e72172885d946ef2
                           .group:00000000 wm4.stddef.h.181.13772e73e5434e8cc4fafaaddad2b5da
                           .group:00000000 wm4.stddef.h.39.cf3ebec0bc8c9e3d2f276a64e0fe5e7a
                           .group:00000000 wm4._types.h.20.dd0d04dca3800a0d2a6129b87f3adbb2
ARM GAS  C:\Users\SAMEER~1.ALM\AppData\Local\Temp\ccGwPwja.s 			page 11


                           .group:00000000 wm4.stddef.h.155.3588ebfdd1e8c7ede80509bb9c3b8009
                           .group:00000000 wm4._types.h.127.34941de1b2539d59d5cac00e0dd27a45
                           .group:00000000 wm4.reent.h.17.e292bf8b0bec6c96e131a54347145a30
                           .group:00000000 wm4.lock.h.2.1461d1fff82dffe8bfddc23307f6484f
                           .group:00000000 wm4.reent.h.77.32fd7d280fc2a40b0797abce5beaf6e3
                           .group:00000000 wm4.assert.h.11.db24e541f16414db224bf986d21017e2
                           .group:00000000 wm4.reent.h.504.40d20ade344680fbcb6a0178bf7ae09e
                           .group:00000000 wm4.cdefs.h.49.39045112216f6a021dbdffe3bf5accce
                           .group:00000000 wm4.alloca.h.8.dfc0c703c47ec3e69746825b17d9e66d
                           .group:00000000 wm4.stdlib.h.56.f4862cfbf4363a1db01842d5bdf72c18
                           .group:00000000 wm4.stdio.h.27.3fc80220048df77954e38daec3bb9670
                           .group:00000000 wm4.stddef.h.155.ba788add86a0e365f264484f110c3c29
                           .group:00000000 wm4.stdarg.h.34.3a23a216c0c293b3d2ea2e89281481e6
                           .group:00000000 wm4.types.h.40.8b6acba56cefbb11746718204edc8f5e
                           .group:00000000 wm4._endian.h.31.65a10590763c3dde1ac4a7f66d7d4891
                           .group:00000000 wm4.endian.h.9.49f3a4695c1b61e8a0808de3c4a106cb
                           .group:00000000 wm4._timeval.h.32.bec3221fa7a9bb0bdde696c9c57e47d2
                           .group:00000000 wm4.timespec.h.41.d855182eb0e690443ab8651bcedca6e1
                           .group:00000000 wm4.select.h.19.40cd3f2bfc456b193b790c2754690ebf
                           .group:00000000 wm4.types.h.51.5571ec98f267d17d3c670b7a3ba33afa
                           .group:00000000 wm4.sched.h.22.c60982713a5c428609783c78f9c78d95
                           .group:00000000 wm4._pthreadtypes.h.36.fcee9961c35163dde6267ef772ad1972
                           .group:00000000 wm4.stdio.h.2.4aa87247282eca6c8f36f9de33d8df1a
                           .group:00000000 wm4.stdio.h.81.60a2ded7dae310b81f9d6907fe5e3dbf
                           .group:00000000 wm4.stdarg.h.31.3fa7b8f6daaa31edd1696c08c77f2a73
                           .group:00000000 wm4.ctype.h.34.80f174baaec468e2eb1c07380b0b3287
                           .group:00000000 wm4.inttypes.h.14.b28deb26920e51e0da310220ef0f9003
                           .group:00000000 wm4.inttypes.h.28.c3e61b48c6ae3a7cb62609add2dd53d1
                           .group:00000000 wm4.stdalign.h.27.0aad28df4d66a8553430227d1bac48aa
                           .group:00000000 wm4.syslimits.h.34.de5cbd310098bc5895998b6bde577ed2
                           .group:00000000 wm4.limits.h.9.70fb0ada6f71b16202a66baaa6d8ea70
                           .group:00000000 wm4.limits.h.60.56a1ae353e2028a24298ec6463b8b593
                           .group:00000000 wm4.math.h.13.4f4c30988c5d76b6bf30dd7e2791b7c6
                           .group:00000000 wm4.string.h.8.c4b8571ce60dff2817f43fec8b86aecd
                           .group:00000000 wm4.basic.h.41.94a451f5fb0fa08d75d6da09336bd2f4
                           .group:00000000 wm4.structs.h.12.142e94c12fffe9b2bba6755d00a8ad91
                           .group:00000000 wm4.time.h.12.ca6eecf26198e1bc6166f71fd8292735
                           .group:00000000 wm4.initmacro.h.4.2927af5a543f65dade9f92f80a04dc35
                           .group:00000000 wm4.uart.h.10.7fda6319aa568019dcdbb67d33f81700
                           .group:00000000 wm4.i2ccom.h.10.147b279fb90e839345ab35ddb589e0ce
                           .group:00000000 wm4.i2cstd.h.10.97f20a95300a6b7d08ecafad2c6b5572
                           .group:00000000 wm4.i2c.h.24.666d2983f106290f51d8fe2e4e0034bc
                           .group:00000000 wm4.mpu6050.h.10.2241e5539305f80e00470fd45fbe7041
                           .group:00000000 wm4.lcd.h.11.3a2e2f95e46d234fe99d1d3e8f20de18
                           .group:00000000 wm4.systemtask.h.12.0c4e135a1a57011ea295f9384c4769e6

UNDEFINED SYMBOLS
RCC_APB1PeriphClockCmd
NVIC_Init
TIM_TimeBaseInit
TIM_ITConfig
TIM_Cmd
SystemCoreClock
TIM_ClearITPendingBit
rly_write
relays
lcd_update
ARM GAS  C:\Users\SAMEER~1.ALM\AppData\Local\Temp\ccGwPwja.s 			page 12


