ARM GAS  C:\Users\SAMEER~1.ALM\AppData\Local\Temp\cch5cPEw.s 			page 1


   1              		.cpu cortex-m3
   2              		.arch armv7-m
   3              		.fpu softvfp
   4              		.eabi_attribute 20, 1
   5              		.eabi_attribute 21, 1
   6              		.eabi_attribute 23, 3
   7              		.eabi_attribute 24, 1
   8              		.eabi_attribute 25, 1
   9              		.eabi_attribute 26, 1
  10              		.eabi_attribute 30, 6
  11              		.eabi_attribute 34, 1
  12              		.eabi_attribute 18, 4
  13              		.file	"uart-cmd.c"
  14              		.text
  15              	.Ltext0:
  16              		.cfi_sections	.debug_frame
  17              	.Letext0:
ARM GAS  C:\Users\SAMEER~1.ALM\AppData\Local\Temp\cch5cPEw.s 			page 2


DEFINED SYMBOLS
                            *ABS*:00000000 uart-cmd.c
                           .group:00000000 wm4.0.f4779009c199947b70d43074c2c41c8e

NO UNDEFINED SYMBOLS
